rna-NM_001378568.1	0.4931714719271624	0.0	0.6916299559471366	0.4861111111111111	Liftoff_truncated	frameshift;start_lost;stop_codon_gain	NC_051336.1:471754-474445
rna-NM_172486.2	0.9133858267716536	0.9023622047244094	0.8294257560312606	0.9070866141732284	LiftOn_chaining_algorithm	frameshift	NC_051336.1:61136692-61155126
rna-XM_030249619.2	0.9133858267716536	0.9023622047244094	0.8264931598264932	0.9070866141732284	LiftOn_chaining_algorithm	frameshift	NC_051336.1:61136643-61155126
rna-XM_017321893.1	0.3061224489795918	0.0	0.656301824212272	0.3001245330012453	Liftoff_truncated	frameshift;start_lost;stop_codon_gain	NC_051336.1:66544706-66556896
rna-NM_172895.3	0.7748344370860927	0.7735099337748345	0.8685651697699891	0.7735099337748345	LiftOn_chaining_algorithm	frameshift	NC_051336.1:69077210-69093877
rna-NM_134210.1	0.8436482084690554	0.0	0.9011943539630836	0.8403908794788274	Liftoff_truncated	start_lost	NC_051336.1:72400497-72401417
rna-XM_006539489.4	0.775	0.7613636363636364	0.8060409385921118	0.7693181818181818	LiftOn_chaining_algorithm	frameshift;start_lost	NC_051336.1:86117453-86132347
rna-XM_006539490.1	0.775	0.7613636363636364	0.8112809699525567	0.7693181818181818	LiftOn_chaining_algorithm	frameshift;start_lost	NC_051336.1:86117453-86132387
rna-XM_006539491.3	0.775	0.7613636363636364	0.8113358169238957	0.7693181818181818	LiftOn_chaining_algorithm	frameshift	NC_051336.1:86117453-86132369
rna-NM_183167.4	0.0024570024570024	0.0	0.0127627627627627	0.0	Liftoff_truncated	frameshift;stop_missing	NC_051336.1:93019406-93019439
rna-NM_181470.4	0.328740157480315	0.9044585987261148	0.8994946659180236	0.5520169851380042	LiftOn_chaining_algorithm	frameshift;stop_codon_gain	NC_051336.1:7565707-7578487
rna-NM_008481.2	0.0	0.938441808271882	0.9105875090029838	0.9297851875601154	LiftOn_chaining_algorithm	frameshift;start_lost;stop_codon_gain	NC_051336.1:17826716-18320641
rna-XM_011243134.1	0.0	0.9390439525184472	0.9034398285189345	0.930381777350016	LiftOn_chaining_algorithm	frameshift;start_lost;stop_codon_gain	NC_051336.1:17826716-18320641
rna-XM_011243135.1	0.0	0.938362760834671	0.9027678480236953	0.9296950240770464	LiftOn_chaining_algorithm	frameshift;start_lost;stop_codon_gain	NC_051336.1:17826716-18320641
rna-XM_017313815.1	0.0	0.9389656280115644	0.9033214103219211	0.9302923225184708	LiftOn_chaining_algorithm	frameshift;start_lost;stop_codon_gain	NC_051336.1:17826716-18320641
rna-NM_001358812.2	0.6623711340206185	0.9536082474226804	0.75025942580422	0.9484536082474226	LiftOn_chaining_algorithm	frameshift;start_lost	NC_051336.1:21628235-21670702
rna-XM_036155870.1	0.0029027576197387	0.9247491638795988	0.8253094910591472	0.9214046822742477	LiftOn_chaining_algorithm	frameshift;start_lost	NC_051336.1:22804786-22839421
rna-XM_017317612.3	0.0014430014430014	0.9697986577181208	0.6863659927423535	0.9630872483221476	LiftOn_chaining_algorithm	frameshift;start_lost	NC_051336.1:46447020-46509045
rna-NM_175173.3	0.005688282138794	0.8745198463508322	0.8917655519597267	0.8693982074263764	LiftOn_chaining_algorithm	frameshift;start_lost;stop_missing	NC_051336.1:55817503-55943118
rna-XM_006524925.5	0.0052246603970741	0.8650234741784038	0.8548714479025711	0.8615023474178404	LiftOn_chaining_algorithm	frameshift;start_lost;stop_missing	NC_051336.1:55842423-55943118
rna-XM_006524926.5	0.0052246603970741	0.8650234741784038	0.8107761385503528	0.8615023474178404	LiftOn_chaining_algorithm	frameshift;start_lost;stop_missing	NC_051336.1:55842423-55943118
rna-XM_006524928.3	0.0053821313240043	0.887409200968523	0.8578663065496286	0.8813559322033898	LiftOn_chaining_algorithm	frameshift;start_lost	NC_051336.1:55832162-55943118
rna-XM_006524936.3	0.0099009900990099	0.8616780045351474	0.8000458610410456	0.854875283446712	LiftOn_chaining_algorithm	frameshift;start_lost;stop_missing	NC_051336.1:55921858-55943118
rna-XM_011246611.3	0.0052742616033755	0.8698224852071006	0.8467769152885589	0.8650887573964497	LiftOn_chaining_algorithm	frameshift;start_lost;stop_missing	NC_051336.1:55849845-55943118
rna-XM_011246612.4	0.0053821313240043	0.887409200968523	0.8558616271620756	0.8813559322033898	LiftOn_chaining_algorithm	frameshift;start_lost	NC_051336.1:55817401-55943118
rna-XM_011246616.3	0.0071633237822349	0.8523809523809524	0.8331015299026425	0.846031746031746	LiftOn_chaining_algorithm	frameshift;start_lost;stop_codon_gain	NC_051336.1:55893959-55943118
rna-XM_011246617.4	0.0071633237822349	0.8523809523809524	0.8146591970121382	0.846031746031746	LiftOn_chaining_algorithm	frameshift;start_lost;stop_codon_gain	NC_051336.1:55910587-55943118
rna-XM_017317639.1	0.0052246603970741	0.8650234741784038	0.9080171796707228	0.8615023474178404	LiftOn_chaining_algorithm	frameshift;start_lost;stop_missing	NC_051336.1:55842422-55943235
rna-XM_017317640.3	0.0056433408577878	0.8604060913705583	0.8487698986975398	0.8565989847715736	LiftOn_chaining_algorithm	frameshift;start_lost;stop_missing	NC_051336.1:55842423-55943118
rna-XM_017317641.3	0.0084602368866328	0.8645038167938931	0.8267460747157552	0.8587786259541985	LiftOn_chaining_algorithm	frameshift;start_lost;stop_missing	NC_051336.1:55918087-55943118
rna-XM_017317642.3	0.0090252707581227	0.8709016393442623	0.8197101449275362	0.8627049180327869	LiftOn_chaining_algorithm	frameshift;start_lost;stop_missing	NC_051336.1:55918600-55943118
rna-XM_036153298.1	0.0009505703422053	0.8836944127708096	0.1685665125282288	0.879133409350057	LiftOn_chaining_algorithm	frameshift;start_lost;stop_codon_gain	NC_051336.1:66874216-66906998
rna-XM_036153611.1	0.1	0.1411042944785276	0.7656765676567657	0.1390728476821192	LiftOn_chaining_algorithm	frameshift;stop_codon_gain	NC_051336.1:67506593-67510375
rna-XM_011250620.4	0.0	0.8876404494382022	0.8501742160278746	0.6760299625468165	LiftOn_chaining_algorithm	frameshift;start_lost;stop_codon_gain	NC_051336.1:67601808-67609652
rna-XM_011250477.3	0.1161290322580645	0.1208053691275167	0.7422018348623853	0.1161290322580645	LiftOn_chaining_algorithm	frameshift;stop_codon_gain	NC_051336.1:69308736-69314939
rna-XM_011250478.3	0.1132686084142394	0.1178451178451178	0.7414903403863845	0.1132686084142394	LiftOn_chaining_algorithm	frameshift;stop_codon_gain	NC_051336.1:69308736-69314939
rna-XM_006540315.4	0.0107361963190184	0.9332129963898916	0.8331868775629759	0.927797833935018	LiftOn_chaining_algorithm	frameshift;stop_codon_gain	NC_051336.1:73405612-73422034
rna-XM_011250682.2	0.0049342105263157	0.9330922242314648	0.7876378558604771	0.929475587703436	LiftOn_chaining_algorithm	frameshift;start_lost	NC_051336.1:73405612-73420423
rna-NM_001100184.1	0.0017921146953405	0.878968253968254	0.8972332015810277	0.875	LiftOn_chaining_algorithm	frameshift;start_lost	NC_051336.1:82447899-82451459
rna-NM_001046637.1	0.9583333333333334	0.9618055555555556	0.9072948328267476	0.9583333333333334	LiftOn_chaining_algorithm	frameshift	NC_051336.1:82481770-82490101
rna-NM_001285825.1	0.9583333333333334	0.9618055555555556	0.8890459363957597	0.9583333333333334	LiftOn_chaining_algorithm	frameshift	NC_051336.1:82481770-82490642
rna-NM_015782.3	0.9583333333333334	0.9618055555555556	0.889280677009873	0.9583333333333334	LiftOn_chaining_algorithm	frameshift	NC_051336.1:82481770-82490642
rna-ND2	0.0720461095100864	0.0720461095100864	0.7633587786259542	0.0635838150289017	LiftOn_chaining_algorithm	frameshift;stop_codon_gain	NC_001665.2:3904-4944
rna-ND5	0.0740131578947368	0.0740131578947368	0.7784431137724551	0.0707236842105263	LiftOn_chaining_algorithm	frameshift;stop_codon_gain	NC_001665.2:11736-13556
rna-XM_006512691.5	0.8922841864018335	0.8922841864018335	0.6501889168765743	0.8831168831168831	LiftOn_chaining_algorithm	frameshift	NC_051336.1:13011340-13188416
rna-XM_030245006.2	0.8922841864018335	0.8922841864018335	0.8783275680553466	0.8831168831168831	LiftOn_chaining_algorithm	frameshift	NC_051336.1:12955839-13188416
rna-XM_030245007.2	0.8922841864018335	0.8922841864018335	0.8747716092761771	0.8831168831168831	LiftOn_chaining_algorithm	frameshift;start_lost	NC_051336.1:12955269-13188416
rna-XM_030245008.2	0.8922841864018335	0.8922841864018335	0.875951293759513	0.8831168831168831	LiftOn_chaining_algorithm	frameshift;start_lost	NC_051336.1:13124241-13188416
rna-XM_030245009.2	0.8922841864018335	0.8922841864018335	0.8766159149669636	0.8831168831168831	LiftOn_chaining_algorithm	frameshift	NC_051336.1:13123415-13188416
rna-NM_001035231.4	0.9415073115860516	0.9415073115860516	0.8694539249146758	0.9403824521934758	LiftOn_chaining_algorithm	frameshift;start_lost	NC_051336.1:35075417-35082805
rna-XM_006523326.3	0.9588477366255144	0.9588477366255144	0.852921195652174	0.9567901234567902	LiftOn_chaining_algorithm	frameshift	NC_051336.1:47842760-47861681
rna-NM_013843.3	0.8728943338437979	0.8728943338437979	0.7013960703205792	0.8652373660030628	LiftOn_chaining_algorithm	frameshift;start_lost;stop_missing	NC_051336.1:61284036-61314379
rna-XM_036160610.1	0.8728943338437979	0.8728943338437979	0.7424892703862661	0.8652373660030628	LiftOn_chaining_algorithm	frameshift;stop_missing	NC_051336.1:61283965-61320686
rna-XM_030249782.2	0.8642384105960265	0.8642384105960265	0.5454184847282825	0.859271523178808	LiftOn_chaining_algorithm	frameshift;start_lost;stop_missing	NC_051336.1:62632209-62635262
rna-NM_009577.3	0.9418103448275862	0.9418103448275862	0.8669487541137753	0.9331896551724138	LiftOn_chaining_algorithm	frameshift;start_lost	NC_051336.1:64916828-64925884
rna-NM_145843.1	0.8403908794788274	0.8403908794788274	0.9055374592833876	0.8371335504885994	LiftOn_chaining_algorithm	start_lost;inframe_deletion	NC_051336.1:71610108-71611025
rna-NM_001167535.1	0.8664495114006515	0.8664495114006515	0.913232104121475	0.8631921824104235	LiftOn_chaining_algorithm	frameshift;start_lost	NC_051336.1:72290717-72291637
rna-NM_001033820.3	0.8751793400286944	0.8751793400286944	0.8943157894736842	0.8708751793400287	LiftOn_chaining_algorithm	frameshift;start_lost	NC_051336.1:72546445-72553801
rna-NM_001360576.1	0.8391356542617047	0.8391356542617047	0.8323064559335654	0.8355342136854742	LiftOn_chaining_algorithm	frameshift	NC_051336.1:73445610-73461196
rna-NM_022981.5	0.8391356542617047	0.8391356542617047	0.8324115044247787	0.8355342136854742	LiftOn_chaining_algorithm	frameshift	NC_051336.1:73445610-73461196
rna-XM_036153328.1	0.8377028714107366	0.8377028714107366	0.5765933123749643	0.8339575530586767	LiftOn_chaining_algorithm	frameshift;start_lost	NC_051336.1:73444330-73461196
rna-XM_011250594.2	0.8384401114206128	0.8384401114206128	0.799910071942446	0.83008356545961	LiftOn_chaining_algorithm	frameshift;start_lost	NC_051336.1:76931225-76933198
rna-XM_036153163.1	0.8337950138504155	0.8337950138504155	0.7031620553359684	0.8254847645429363	LiftOn_chaining_algorithm	frameshift;start_lost	NC_051336.1:76931225-76933198
rna-NM_007676.4	0.8217054263565892	0.8217054263565892	0.7671173135630179	0.8191214470284238	LiftOn_chaining_algorithm	frameshift;start_lost	NC_051336.1:77778346-77789422
rna-XM_030242607.1	0.8217054263565892	0.8217054263565892	0.7583834909716252	0.8191214470284238	LiftOn_chaining_algorithm	frameshift;start_lost	NC_051336.1:77778346-77789428
rna-NM_001403685.1	0.9766536964980544	0.9747081712062255	0.9141274238227148	0.9688715953307392	LiftOn_chaining_algorithm	frameshift;start_lost	NC_051336.1:79045876-79055440
rna-XM_030243015.2	0.9332129963898916	0.9332129963898916	0.3385135752811043	0.759927797833935	LiftOn_chaining_algorithm	frameshift;start_lost;stop_codon_gain	NC_051336.1:85158148-85183498
rna-XM_036153463.1	0.9332129963898916	0.9332129963898916	0.4796781232951446	0.759927797833935	LiftOn_chaining_algorithm	frameshift;start_lost;stop_codon_gain	NC_051336.1:85158148-85183498
