-------------- SCENARIOS ------------
LiftOn best						1498
Liftoff best					3
miniprot best					26
LiftOn worse than Liftoff only	2
LiftOn worse than miniprot only	26
LiftOn worst					21
LiftOn equal to Liftoff only	652
LiftOn equal to miniprot only	402
All equal						3271
Total counts					5869

----------------- ALL ---------------
lifton=liftoff=miniprot	3271
lifton>liftoff=miniprot	564
lifton>liftoff>miniprot	607
lifton>miniprot>liftoff	327
lifton=liftoff>miniprot	649
lifton=miniprot>liftoff	402
liftoff>lifton>miniprot	2
miniprot>lifton>liftoff	23
liftoff>lifton=miniprot	0
miniprot>lifton=liftoff	3
liftoff=miniprot>lifton	20
liftoff>miniprot>lifton	1
miniprot>liftoff>lifton	0
all						5869

----------------- RAW ---------------
lifton_score>liftoff_score	1923
lifton_score=liftoff_score	3923
lifton_score>miniprot_score	2149
lifton_score=miniprot_score	3673
liftoff_score>lifton_score	23
liftoff_score=lifton_score	3923
liftoff_score>miniprot_score	1259
liftoff_score=miniprot_score	3855
miniprot_score>lifton_score	47
miniprot_score=lifton_score	3673
miniprot_score>liftoff_score	755
miniprot_score=liftoff_score	3855
