rna-NM_178545.4	0.9809523809523808	0.9904761904761904	0.8529680365296803	0.9952380952380953	LiftOn_chaining_algorithm	frameshift	chr1:1352013-1353692
rna-NM_001291380.1	0.2147368421052631	0.2147368421052631	0.9930651872399444	0.6989473684210527	LiftOn_chaining_algorithm	stop_codon_gain	chr1:12544302-12549523
rna-NM_001006605.5	0.9347319347319348	0.9347319347319348	0.9972430090586846	0.9370629370629372	LiftOn_chaining_algorithm	frameshift;stop_codon_gain	chr1:92687309-92806635
rna-NM_001351365.2	0.7662459093034129	0.8393175451998981	0.966183574879227	0.8579604578563996	LiftOn_chaining_algorithm	frameshift;stop_codon_gain	chr1:145181583-145262502
rna-NM_178352.3	0.991304347826087	0.991304347826087	0.9935064935064936	1.0	LiftOn_chaining_algorithm	frameshift;stop_missing	chr1:151933270-151934730
rna-NM_001010979.3	0.392156862745098	0.392156862745098	0.997037037037037	0.5098039215686274	LiftOn_chaining_algorithm	frameshift;stop_codon_gain	chr1:153336317-153343543
rna-NM_020407.5	0.9215686274509804	0.9215686274509804	0.9972098214285714	0.9302832244008714	LiftOn_chaining_algorithm	frameshift;stop_codon_gain	chr1:155507822-155523825
rna-NM_001004310.3	0.967816091954023	0.9655963302752294	0.9954268292682928	0.9701149425287356	LiftOn_chaining_algorithm	frameshift;stop_codon_gain	chr1:158939372-158953270
rna-NM_001460.5	0.878731343283582	0.878731343283582	0.983707111366686	0.8805970149253731	LiftOn_chaining_algorithm	frameshift;stop_codon_gain	chr1:170541681-170568989
rna-NM_001001963.1	0.9073482428115016	0.0	0.9904153354632588	0.9105431309904152	Liftoff_truncated	stop_codon_gain	chr1:247374888-247375826
rna-NM_001004696.2	0.3431085043988269	0.3431085043988269	0.9803108808290156	0.5607476635514018	LiftOn_chaining_algorithm	frameshift;stop_codon_gain	chr1:247788117-247789081
rna-NM_001001827.2	0.6090909090909091	0.0	0.8901987201077805	0.6234567901234568	Liftoff_truncated	frameshift;stop_codon_gain	chr1:248074945-248083605
rna-NM_001395015.1	0.8939828080229226	0.8939828080229226	0.9985498239071888	0.9025974025974026	LiftOn_chaining_algorithm	frameshift;stop_codon_gain	chr10:32474832-32911592
rna-NM_001363514.2	0.2331460674157303	0.2331460674157303	0.9977272727272728	0.6567164179104478	LiftOn_chaining_algorithm	frameshift;stop_codon_gain	chr10:75967934-75973009
rna-NM_001099338.2	0.0845213849287169	0.0845213849287169	0.9975691279246428	0.9055745164960182	LiftOn_chaining_algorithm	frameshift;stop_codon_gain	chr10:88109085-88118613
rna-NM_001005277.1	0.3709198813056379	0.0	0.9914802981895634	0.5527156549520766	Liftoff_truncated	frameshift;stop_codon_gain	chr11:113128-114065
rna-NM_001005161.3	0.1458333333333333	0.1458333333333333	0.9982222222222222	0.8095238095238095	LiftOn_chaining_algorithm	frameshift;stop_codon_gain	chr11:4432365-4433487
rna-NM_001004757.2	0.7232704402515723	0.7232704402515723	0.989071038251366	0.7264150943396226	LiftOn_chaining_algorithm	frameshift;stop_codon_gain	chr11:5481372-5482467
rna-NM_001004754.3	0.7554179566563467	0.7554179566563467	0.9898020395920816	0.7891373801916933	LiftOn_chaining_algorithm	frameshift;stop_codon_gain	chr11:5508562-5515782
rna-NM_139178.4	0.2404181184668989	0.2404181184668989	0.997411003236246	0.4878048780487805	LiftOn_chaining_algorithm	frameshift;stop_codon_gain	chr11:44036210-44075625
rna-NM_001004727.1	0.0855263157894736	0.0855263157894736	0.9989035087719298	0.8651315789473685	LiftOn_chaining_algorithm	stop_codon_gain	chr11:48414594-48415505
rna-NM_001004726.1	0.8790849673202614	0.8790849673202614	0.9923747276688452	0.8823529411764706	LiftOn_chaining_algorithm	inframe_deletion;stop_codon_gain	chr11:48433351-48434265
rna-NM_001004700.3	0.5016077170418006	0.5016077170418006	0.399124726477024	0.5048231511254019	LiftOn_chaining_algorithm	frameshift;stop_codon_gain	chr11:55540617-55545902
rna-NM_001348230.2	0.4345403899721448	0.4345403899721448	0.997979797979798	0.5545454545454546	LiftOn_chaining_algorithm	frameshift;stop_codon_gain	chr11:56350611-56351598
rna-NM_032597.5	0.0735873850197109	0.0735873850197109	0.9972508591065292	0.8308823529411765	LiftOn_chaining_algorithm	frameshift;stop_codon_gain	chr11:60347724-60368988
rna-NM_017716.3	0.2611940298507462	0.2602230483271375	0.9974293059125964	0.7350746268656716	LiftOn_chaining_algorithm	stop_codon_gain	chr11:60443950-60458574
rna-NM_001136506.2	0.9023508137432188	0.9023508137432188	0.9966714217784118	0.9041591320072332	LiftOn_chaining_algorithm	frameshift;stop_codon_gain	chr11:63069241-63133470
rna-NM_001039752.4	0.1752767527675277	0.1752767527675277	0.9973484848484848	0.7121771217712177	LiftOn_chaining_algorithm	frameshift;stop_codon_gain	chr11:63279174-63301052
rna-NM_000804.4	0.3970037453183521	0.3970037453183521	0.9976442873969376	0.6260162601626016	LiftOn_chaining_algorithm	frameshift;stop_codon_gain	chr11:72062611-72066776
rna-NM_001191016.3	0.3625730994152046	0.3567251461988304	0.9946428571428572	0.5760233918128655	LiftOn_chaining_algorithm	frameshift;stop_codon_gain	chr11:104887413-104902580
rna-NM_001355213.3	0.7955271565495208	0.7929936305732485	0.9969161760583124	0.7987220447284346	LiftOn_chaining_algorithm	inframe_insertion;stop_codon_gain	chr11:124211893-124217332
rna-NM_176887.2	0.8	0.8	0.9978494623655914	0.8032258064516129	LiftOn_chaining_algorithm	stop_codon_gain	chr12:10936559-10937488
rna-NM_002281.4	0.5513833992094862	0.5513833992094862	0.9963711767755312	0.5533596837944664	LiftOn_chaining_algorithm	stop_codon_gain	chr12:52249832-52255457
rna-NM_001005490.2	0.1916932907348242	0.1916932907348242	0.998849492730886	0.7348242811501597	LiftOn_chaining_algorithm	frameshift;stop_codon_gain	chr12:55211169-55223187
rna-NM_182614.4	0.5029239766081871	0.9969418960244648	0.959981093429967	1.0	LiftOn_chaining_algorithm	frameshift;stop_codon_gain	chr13:112968205-113025166
rna-NM_001348271.2	0.5527950310559007	0.5527950310559007	0.9968186638388123	0.5700636942675159	LiftOn_chaining_algorithm	frameshift;stop_codon_gain	chr14:14201612-14202554
rna-NM_001386033.1	0.6730769230769231	0.6730769230769231	0.9981875849569553	0.6826923076923077	LiftOn_chaining_algorithm	frameshift;stop_codon_gain	chr14:14385654-14395830
rna-NM_001348273.1	0.7142857142857143	0.7142857142857143	0.9983050847457628	0.7174603174603175	LiftOn_chaining_algorithm	frameshift;stop_codon_gain	chr14:14423610-14425378
rna-NM_001317107.2	0.6160990712074303	0.6160990712074303	0.9971052631578948	0.6392405063291139	LiftOn_chaining_algorithm	frameshift;stop_codon_gain	chr14:15865551-15871484
rna-NM_198083.4	0.6738197424892703	0.6680851063829787	0.9912767644726408	0.6781115879828327	LiftOn_chaining_algorithm	frameshift;stop_codon_gain	chr14:18194593-18210072
rna-NM_138476.4	0.9265536723163842	0.9265536723163842	0.9986168741355465	0.9322033898305084	LiftOn_chaining_algorithm	frameshift;stop_codon_gain	chr14:18412319-18414442
rna-NM_001197184.3	0.4161676646706587	0.4161676646706587	0.996779388083736	0.4221556886227545	LiftOn_chaining_algorithm	frameshift;stop_codon_gain	chr14:25680128-25685294
rna-NM_002083.4	0.2094240837696335	0.2094240837696335	0.997835497835498	0.3036649214659686	LiftOn_chaining_algorithm	frameshift;stop_codon_gain	chr14:59144027-59147614
rna-NM_001304388.2	0.6936299292214358	0.8010989010989011	0.9555494202098288	0.8032967032967033	LiftOn_chaining_algorithm	frameshift;stop_missing	chr15:21171538-21180518
rna-NM_004751.3	0.1594533029612756	0.1594533029612756	0.9967624443545124	0.6902050113895216	LiftOn_chaining_algorithm	frameshift;stop_codon_gain	chr15:57413480-57424422
rna-NM_001167902.2	0.7832167832167832	0.7832167832167832	0.9912339851652056	0.8041958041958042	LiftOn_chaining_algorithm	frameshift;stop_missing	chr15:96732626-96772141
rna-NM_001005504.1	0.3709198813056379	0.0	0.9946751863684772	0.5623003194888179	Liftoff_truncated	frameshift;stop_codon_gain	chr15:99642467-99643404
rna-NM_024164.6	0.5185185185185185	0.5185185185185185	0.9957191780821918	0.5833333333333334	LiftOn_chaining_algorithm	frameshift;stop_codon_gain	chr16:1243646-1245495
rna-NM_001396485.1	0.3	0.3	0.9958123953098827	0.6457286432160804	LiftOn_chaining_algorithm	frameshift;stop_codon_gain	chr16:11963421-11978131
rna-NM_003553.3	0.1555555555555555	0.1550632911392405	0.9984709480122324	0.8158730158730159	LiftOn_chaining_algorithm	frameshift;stop_codon_gain	chr17:3286044-3287350
rna-NM_003554.2	0.7538461538461538	0.7538461538461538	0.9866255144032922	0.7654320987654321	LiftOn_chaining_algorithm	frameshift;stop_codon_gain	chr17:3321795-3322756
rna-NM_002561.4	0.2562929061784897	0.2562929061784897	0.9990295972828724	0.7919621749408984	LiftOn_chaining_algorithm	frameshift;stop_codon_gain	chr17:3562283-3584749
rna-NM_001291463.2	0.5706618962432916	0.0	0.9962335216572504	0.5981818181818181	Liftoff_truncated	frameshift;stop_codon_gain	chr17:37201561-37212491
rna-NM_019016.3	0.4065934065934066	0.4065934065934066	0.9973460721868364	0.5038022813688213	LiftOn_chaining_algorithm	frameshift;stop_codon_gain	chr17:41562356-41568083
rna-NM_031960.3	0.0	0.1428571428571428	0.9606694560669456	0.1559139784946236	LiftOn_chaining_algorithm	frameshift;stop_codon_gain	chr17:41961756-41962948
rna-NM_152347.5	0.2535344015080113	0.4425051334702258	0.9994945665908516	0.4804928131416838	LiftOn_chaining_algorithm	stop_codon_gain	chr17:48186334-48303979
rna-NM_001001418.6	0.5088652482269503	0.0	0.9502093997208004	0.5236363636363637	Liftoff_truncated	frameshift;stop_codon_gain	chr17:60876852-60887809
rna-NM_199290.4	0.8981481481481481	0.8981481481481481	0.9937578027465668	0.9027777777777778	LiftOn_chaining_algorithm	frameshift;stop_codon_gain	chr17:62459278-62460076
rna-NM_001370475.1	0.2239185750636132	0.2239185750636132	0.9976971790443292	0.7099236641221374	LiftOn_chaining_algorithm	frameshift;stop_codon_gain	chr18:63908033-63928969
rna-NM_021217.3	0.0698080279232111	0.1758241758241758	0.9965686274509804	0.6703296703296703	LiftOn_chaining_algorithm	stop_codon_gain	chr19:2906814-2918459
rna-NM_033204.4	0.7964601769911505	0.7942477876106194	0.9991386735572784	0.8260869565217391	LiftOn_chaining_algorithm	frameshift;stop_codon_gain	chr19:19806350-19821015
rna-NM_052852.4	0.4504310344827586	0.4504310344827586	0.9989735694123684	0.4525862068965517	LiftOn_chaining_algorithm	frameshift;stop_codon_gain	chr19:20304714-20337989
rna-NM_001076675.3	0.8865784499054821	0.9262759924385632	0.9637800460981232	0.9319470699432892	LiftOn_chaining_algorithm	frameshift;stop_missing	chr19:20757899-20799374
rna-NM_138286.3	0.2883787661406026	0.2869440459110473	0.9961538461538462	0.3157894736842105	LiftOn_chaining_algorithm	frameshift;stop_codon_gain	chr19:23879155-23899306
rna-NM_001276254.2	0.2698412698412698	0.2698412698412698	0.9969493593654668	0.2944444444444444	LiftOn_chaining_algorithm	frameshift;stop_codon_gain	chr19:42050583-42053125
rna-NM_002783.3	0.2309523809523809	0.2309523809523809	0.9995162070633768	0.569047619047619	LiftOn_chaining_algorithm	stop_codon_gain	chr19:45743086-45756176
rna-NM_001207005.2	0.9836065573770492	0.9836065573770492	0.9981864345302864	0.992548435171386	LiftOn_chaining_algorithm	frameshift;stop_missing	chr19:47082752-47098164
rna-NM_001388485.1	0.6529774127310062	0.6516084873374401	0.9996113486202876	0.6632443531827515	LiftOn_chaining_algorithm	frameshift;stop_missing	chr19:51479429-51505995
rna-NM_053003.4	0.103397341211226	0.103397341211226	0.9955985915492958	0.8909395973154363	LiftOn_chaining_algorithm	frameshift;stop_codon_gain	chr19:54579849-54590427
rna-NM_020535.3-5	0.6325459317585301	0.0	0.8994378513429107	0.6436170212765957	Liftoff_truncated	frameshift;stop_codon_gain	chr19:57831412-57845747
rna-NM_015868.3	0.956140350877193	0.956140350877193	0.9748901443816698	0.9619883040935672	LiftOn_chaining_algorithm	frameshift;stop_missing	chr19:57847620-57862148
rna-NM_176811.2	0.996186844613918	0.996186844613918	0.9954303122619954	0.9971401334604384	LiftOn_chaining_algorithm	frameshift;stop_missing	chr19:59047150-59087952
rna-NM_020903.3	0.9880823401950164	0.9880823401950164	0.999203187250996	0.9891657638136512	LiftOn_chaining_algorithm	frameshift;stop_codon_gain	chr19:60216647-60228591
rna-NM_033253.4	0.2087114337568058	0.2087114337568058	0.9977611940298508	0.7313974591651543	LiftOn_chaining_algorithm	frameshift;stop_codon_gain	chr2:18594985-18621687
rna-NM_001320878.2	0.7305194805194806	0.7305194805194806	0.9791164658634538	0.740983606557377	LiftOn_chaining_algorithm	frameshift;stop_codon_gain	chr2:108700880-108721773
rna-NM_024583.5	0.9811764705882352	0.9811764705882352	0.9934512115258676	0.9882352941176472	LiftOn_chaining_algorithm	frameshift;stop_missing	chr2:174884418-174918222
rna-NM_001286811.2	0.2490566037735849	0.2490566037735849	0.995575221238938	0.2970711297071129	LiftOn_chaining_algorithm	frameshift;stop_codon_gain	chr2:219980876-219983032
rna-NM_030931.4	0.5089285714285714	0.5089285714285714	0.9839080459770116	0.5357142857142857	LiftOn_chaining_algorithm	frameshift;stop_codon_gain	chr20:185041-188196
rna-NM_181612.3	0.9661016949152542	0.9661016949152542	0.993939393939394	0.9830508474576272	LiftOn_chaining_algorithm	frameshift;stop_missing	chr21:28907495-28907823
rna-NM_001037814.1	0.2817391304347826	0.2817391304347826	0.9973394146712276	0.5791304347826087	LiftOn_chaining_algorithm	frameshift;stop_codon_gain	chr22:17638610-17684901
rna-NM_001242313.1	0.6467236467236467	0.0	0.9703043801039348	0.6628242074927954	Liftoff_truncated	frameshift;stop_codon_gain	chr22:21110537-21113315
rna-NM_001084393.2	0.0592592592592592	0.0	0.8017676767676768	0.1925925925925926	Liftoff_truncated	frameshift;start_lost;stop_codon_gain	chr22:24378703-24379973
rna-NM_000581.4	0.230392156862745	0.230392156862745	0.9922222222222222	0.7156862745098039	LiftOn_chaining_algorithm	frameshift;stop_codon_gain	chr3:49386555-49387726
rna-NM_001368165.1	0.9768707482993196	0.9768707482993196	0.9974045235446792	0.9782312925170068	LiftOn_chaining_algorithm	frameshift;stop_codon_gain	chr3:88414407-88543775
rna-NM_032579.3	0.1065573770491803	0.1065573770491803	0.9859154929577464	0.7321428571428571	LiftOn_chaining_algorithm	frameshift;stop_codon_gain	chr3:111476011-111477791
rna-NM_001199215.3	0.6988416988416989	0.6988416988416989	0.9981308411214952	0.7370517928286853	LiftOn_chaining_algorithm	frameshift;stop_codon_gain	chr3:115536646-115567808
rna-NM_001136152.1	0.7072072072072072	0.7072072072072072	0.9958720330237358	0.7314814814814815	LiftOn_chaining_algorithm	frameshift;stop_codon_gain	chr3:132825683-132842233
rna-NM_001278298.2	0.9877815960290188	0.9892925430210324	0.9956579826319304	0.9896749521988528	LiftOn_chaining_algorithm	frameshift;stop_codon_gain	chr3:133089679-133228818
rna-NM_001039127.6	0.006	0.0	0.9380482456140352	0.1252609603340292	Liftoff_truncated	frameshift;stop_codon_gain	chr4:123941-157507
rna-NM_001256894.2	0.9458483754512635	0.9458483754512635	0.9945848375451264	0.947653429602888	LiftOn_chaining_algorithm	stop_codon_gain	chr4:9293478-9295139
rna-NM_183375.5	0.1185983827493261	0.1189189189189189	0.9943462897526502	0.3586626139817629	LiftOn_chaining_algorithm	frameshift;stop_codon_gain	chr4:154601056-154615763
rna-NM_052909.5	0.9883292383292384	0.9969287469287468	0.9912663755458516	0.9975429975429976	LiftOn_chaining_algorithm	frameshift	chr5:104255-181320
rna-NM_001276713.2	0.9054820415879016	0.9054820415879016	0.9972836631742336	0.9073724007561436	LiftOn_chaining_algorithm	frameshift;stop_codon_gain	chr5:76092523-76152917
rna-NM_001040458.3	0.6299694189602446	0.6299694189602446	0.99607600165221	0.6571125265392781	LiftOn_chaining_algorithm	frameshift;stop_codon_gain	chr5:97275315-97308744
rna-NM_018913.3	0.7769477054429029	0.7769477054429029	0.999375390381012	0.7780149413020278	LiftOn_chaining_algorithm	frameshift;stop_codon_gain	chr5:141938829-142038959
rna-NM_001001325.2	0.3775510204081632	0.3877551020408163	0.5721311475409836	0.4081632653061224	LiftOn_chaining_algorithm	frameshift;stop_codon_gain	chr5:148704264-148706701
rna-NM_030953.4	0.631578947368421	0.631578947368421	0.9982832618025752	0.6685823754789272	LiftOn_chaining_algorithm	frameshift;stop_codon_gain	chr5:150529664-150537200
rna-NM_001105564.2	0.0883027522935779	0.0857461024498886	0.9949545913218972	0.8910550458715596	LiftOn_chaining_algorithm	frameshift;stop_codon_gain	chr6:31010125-31025486
rna-NM_001033080.1	0.4744318181818182	0.4744318181818182	0.9990530303030304	0.4772727272727273	LiftOn_chaining_algorithm	stop_codon_gain	chr6:133812108-133819243
rna-NM_021635.3	0.8823529411764706	0.8823529411764706	0.99561578318055	0.8897058823529411	LiftOn_chaining_algorithm	frameshift;stop_missing	chr6:139404452-139406958
rna-NM_001005221.2	0.3709198813056379	0.0	0.9904153354632588	0.549520766773163	Liftoff_truncated	frameshift;stop_codon_gain	chr6:172013163-172014100
rna-NM_001363506.2	0.0769230769230769	0.0	0.970414201183432	0.3409090909090909	Liftoff_truncated	frameshift;stop_codon_gain	chr7:44142846-44148608
rna-NM_015852.5	0.8822314049586777	0.8822314049586777	0.9963684384285244	0.8842975206611571	LiftOn_chaining_algorithm	frameshift;stop_codon_gain	chr7:66177975-66197217
rna-NM_001145440.3	0.4720670391061452	0.4706703910614525	0.9987171263630532	0.5067264573991032	LiftOn_chaining_algorithm	frameshift;stop_codon_gain	chr7:73793064-74052329
rna-NM_012230.5	0.9840425531914894	0.9840425531914894	0.9921824104234528	0.9893617021276596	LiftOn_chaining_algorithm	frameshift;stop_missing	chr7:77889199-77906201
rna-NM_000777.5	0.0552584670231729	0.0552584670231729	0.9976784677887406	0.9443339960238568	LiftOn_chaining_algorithm	frameshift;stop_codon_gain	chr7:100887521-100919516
rna-NM_003386.3	0.6701497735980495	0.6701497735980495	0.9945977011494253	0.6853892641308212	LiftOn_chaining_algorithm	frameshift;stop_codon_gain	chr7:101973655-102037894
rna-NM_001358418.3	0.5333333333333333	0.0	0.9619238476953909	0.535483870967742	Liftoff_truncated	frameshift;stop_codon_gain	chr8:12157376-12163753
rna-NM_207414.3	0.6974981046247157	0.6974981046247157	0.9985611510791368	0.6982562547384382	LiftOn_chaining_algorithm	stop_codon_gain	chr8:142561183-142635781
rna-NM_201453.4	0.7247474747474747	0.0	0.9970344009489917	0.7272727272727273	Liftoff_truncated	frameshift;stop_codon_gain	chr9:80061576-80119701
rna-NM_199135.4	0.2559808612440191	0.0	0.9977477477477478	0.7129186602870813	Liftoff_truncated	frameshift;stop_codon_gain	chr9:80476554-80478771
rna-NM_001004450.3	0.0383561643835616	0.0383561643835616	0.9948506694129764	0.9559748427672956	LiftOn_chaining_algorithm	frameshift;stop_codon_gain	chr9:134825455-134854952
rna-NM_001807.6	0.8850726552179656	0.8850726552179656	0.985312631137222	0.889920424403183	LiftOn_chaining_algorithm	frameshift;stop_codon_gain	chr9:145276137-145285985
rna-NM_001370158.1	0.8215384615384616	0.8215384615384616	0.992437463641652	0.8246153846153846	LiftOn_chaining_algorithm	stop_codon_gain	chrX:35393886-35399316
rna-NM_001405026.1	0.4598930481283422	0.0	0.9982935153583616	0.5268389662027833	Liftoff_truncated	frameshift;stop_codon_gain	chrX:100904811-100916320
rna-NM_001012989.3	0.5714285714285714	0.5714285714285714	0.998320738874895	0.577922077922078	LiftOn_chaining_algorithm	frameshift;stop_codon_gain	chrX:142189090-142190279
rna-NM_001368165.1_1	0.0	0.9768707482993196	0.8160919540229885	0.9782312925170068	miniprot_truncated	frameshift;stop_codon_gain	chr3:88541539-88543743
rna-NM_145261.4_1	0.0	0.7008547008547008	0.2450564971751412	0.7094017094017094	miniprot_truncated	frameshift;stop_codon_gain	chr14:39482056-39482406
rna-NM_001256854.1_2	0.0	0.8813559322033898	0.997489014438167	0.8832391713747646	miniprot_truncated	stop_codon_gain	chr4:9151054-9152646
rna-NM_001358689.2_3	0.0	0.289738430583501	0.8535805626598465	0.6719101123595506	miniprot_truncated	frameshift;stop_codon_gain	chr18:201175-203343
rna-NM_001355479.1_1	0.0	0.417391304347826	0.6976264189886481	0.6504424778761062	miniprot_truncated	frameshift;stop_codon_gain	chr22:19147247-19148642
rna-NM_001355479.1_2	0.0	0.417391304347826	0.6976264189886481	0.6504424778761062	miniprot_truncated	frameshift;stop_codon_gain	chr22:19026116-19027511
