rna-NM_001005484.2	0.0	0.981651376146789	0.3722794959908362	0.981651376146789	miniprot_truncated	frameshift;start_lost	chr15:99691439-99692419	0.981651376146789
rna-NM_001005484.2_1	0.0	0.981651376146789	0.3722794959908362	0.981651376146789	miniprot_truncated	frameshift;start_lost	chr11:59468-60448	0.981651376146789
rna-NM_001349614.1	0.0	1.0	0.3708574434508153	1.0	miniprot_identical	synonymous	chr1:7263508-7297568	1.0
rna-NM_139208.3	0.0	0.967741935483871	0.7418032786885246	0.967741935483871	miniprot_truncated	frameshift;start_lost;stop_missing	chr1:10586971-10588686	0.967741935483871
rna-XM_017001153.1	0.0	1.0	0.4754420432220039	1.0	miniprot_identical	synonymous	chr1:12210161-12210889	1.0
rna-XM_047415868.1	0.0	0.9789674952198852	0.2304635761589404	0.9789674952198852	miniprot_truncated	frameshift;stop_missing	chr1:14507923-14557098	0.9789674952198852
rna-NM_001136216.2	0.0	1.0	0.3842662632375189	1.0	miniprot_identical	synonymous	chr1:14659172-14663827	1.0
rna-XM_047436909.1	0.0	1.0	0.5049603174603174	1.0	miniprot_identical	synonymous	chr1:16449562-16450071	1.0
rna-NM_030812.3	0.0	1.0	0.5977198697068404	1.0	miniprot_identical	synonymous	chr1:17638396-17641906	1.0
rna-NM_173641.3	0.0	1.0	0.4385185185185185	1.0	miniprot_identical	synonymous	chr1:37625898-37629595	1.0
rna-XM_047427057.1	0.0	1.0	0.8770114942528736	1.0	miniprot_identical	synonymous	chr1:40105337-40109914	1.0
rna-XM_011540700.2	0.0	0.9971671388101984	0.2763845350052246	0.9971671388101984	miniprot_truncated	frameshift	chr1:44000335-44001708	0.9971671388101984
rna-XM_047419380.1	0.0	0.9626168224299064	0.4478260869565217	0.9626168224299064	miniprot_truncated	frameshift;start_lost	chr1:44595064-44596346	0.9626168224299064
rna-NM_203464.3	0.0	0.9910714285714286	0.096877269426289	0.9910714285714286	miniprot_truncated	frameshift	chr12:31492306-31492977	0.9910714285714286
rna-XM_047422401.1	0.0	1.0	0.4072908471020194	1.0	miniprot_identical	synonymous	chr1:66209992-66250110	1.0
rna-XM_047432040.1	0.0	0.998678996036988	0.3229477877365201	0.998678996036988	miniprot_truncated	frameshift	chr1:89555944-89558214	0.998678996036988
rna-NM_001134479.2	0.0	1.0	0.6522399392558846	1.0	miniprot_identical	synonymous	chr1:89776287-89778863	1.0
rna-XM_047420086.1	0.0	1.0	0.5570776255707762	1.0	miniprot_identical	synonymous	chr1:92089136-92090576	1.0
rna-NM_002232.5	0.0	1.0	0.6973365617433414	1.0	miniprot_identical	synonymous	chr1:110687825-110689552	1.0
rna-NM_001040623.3	0.0	0.9873417721518988	0.708803611738149	0.9873417721518988	miniprot_truncated	frameshift	chr1:111332373-111335155	0.9873417721518988
rna-XM_011541427.4	0.0	1.0	0.1067821067821067	1.0	miniprot_identical	synonymous	chr1:111996531-111997640	1.0
rna-NM_001277991.1	0.0	1.0	0.7704918032786885	1.0	miniprot_identical	synonymous	chr1:115045385-115045669	1.0
rna-NM_001037501.5	0.0	0.9946977730646872	0.3888659225575306	0.9946977730646872	miniprot_truncated	inframe_deletion	chr1:120456175-120479520	0.9946977730646872
rna-XM_047438039.1	0.0	0.9963503649635036	0.1210106382978723	0.9963503649635036	miniprot_truncated	frameshift	chr1:143260550-143261371	0.9963503649635036
id-LOC107985528	0.0	1.0	0.615257048092869	1.0	miniprot_identical	synonymous	chr2:90926013-90926508	1.0
id-LOC107985528_1	0.0	1.0	0.6169154228855721	1.0	miniprot_identical	synonymous	chr1:143157446-143157941	1.0
id-LOC107985528_2	0.0	1.0	0.6169154228855721	1.0	miniprot_identical	synonymous	chr1:142318143-142318638	1.0
id-LOC107985528_3	0.0	0.9919354838709676	0.6135986733001658	0.9919354838709676	miniprot_truncated	inframe_deletion	chr2:89926523-89927018	0.9919354838709676
id-LOC107985528_4	0.0	0.9919354838709676	0.6135986733001658	0.9919354838709676	miniprot_truncated	inframe_deletion	chr2:89774349-89774844	0.9919354838709676
id-LOC107985528_5	0.0	0.9919354838709676	0.6135986733001658	0.9919354838709676	miniprot_truncated	inframe_deletion	chr2:91673428-91673923	0.9919354838709676
rna-NM_001330684.2	0.0	0.9967320261437908	0.1306518328341178	0.9967320261437908	miniprot_truncated	frameshift	chr1:143117788-143140349	0.9967320261437908
rna-XM_017003041.2	0.0	1.0	0.6935724962630793	1.0	miniprot_identical	synonymous	chr1:142883525-142886441	1.0
rna-NM_001355407.2	0.0	1.0	0.1499176276771004	1.0	miniprot_identical	synonymous	chr1:145415761-145416306	1.0
rna-NM_001195261.2	0.0	0.9887005649717514	0.5311244979919679	0.9887005649717514	miniprot_truncated	frameshift	chr1:145855641-145898449	0.9887005649717514
rna-NM_001161334.2	0.0	0.9333333333333332	0.3795180722891566	0.9333333333333332	miniprot_truncated	frameshift;stop_missing	chr1:148936081-148936458	0.9333333333333332
rna-NM_001123375.3	0.0	0.9635036496350364	0.690677966101695	0.9635036496350364	miniprot_truncated	frameshift	chr2:175208606-175209016	0.9635036496350364
rna-NM_003548.2	0.0	1.0	0.7878787878787878	1.0	miniprot_identical	synonymous	chr1:148984966-148985277	1.0
rna-NM_003528.3	0.0	0.9921259842519684	0.1536388140161725	0.9921259842519684	miniprot_truncated	inframe_deletion	chr6:25991672-25992052	0.9921259842519684
rna-NM_003528.3_1	0.0	0.984251968503937	0.1576819407008086	0.984251968503937	miniprot_truncated	frameshift	chr6:27015234-27015614	0.984251968503937
rna-NM_030663.3	0.0	1.0	0.4552529182879377	1.0	miniprot_identical	synonymous	chr1:152021070-152021420	1.0
rna-NM_001382248.1	0.0	0.9726027397260274	0.3128654970760234	0.9726027397260274	miniprot_truncated	frameshift	chr1:152277308-152286928	0.9726027397260274
rna-NM_001030.6	0.0	0.976470588235294	0.7090395480225988	0.976470588235294	miniprot_truncated	frameshift	chr1:37420998-37421252	0.976470588235294
rna-XM_011509161.1	0.0	0.9900497512437813	0.3669108669108669	0.9900497512437813	miniprot_truncated	frameshift;start_lost	chr1:153681085-153684684	0.9900497512437813
rna-NM_001407002.1	0.0	1.0	0.5232295895354082	1.0	miniprot_identical	synonymous	chr1:155272896-155276212	1.0
rna-XM_017002020.2	0.0	1.0	0.6078431372549019	1.0	miniprot_identical	synonymous	chr1:155759890-155761783	1.0
rna-NM_001764.3	0.0	1.0	0.7198275862068966	1.0	miniprot_identical	synonymous	chr1:157465329-157468516	1.0
rna-NM_001363557.2	0.0	0.9935483870967742	0.5370370370370371	0.9935483870967742	miniprot_truncated	frameshift	chr1:158576833-158577762	0.9935483870967742
rna-NM_000570.5	0.0	0.9871794871794872	0.3254079254079254	0.9871794871794872	miniprot_truncated	frameshift	chr1:160887072-160893651	0.9871794871794872
rna-NM_001126060.2	0.0	1.0	0.1057884231536926	1.0	miniprot_identical	synonymous	chr1:161709328-161711445	1.0
rna-NM_001366451.1	0.0	1.0	0.1061544816191656	1.0	miniprot_identical	synonymous	chr1:174311920-174343759	1.0
rna-NM_001329713.2	0.0	1.0	0.1693548387096774	1.0	miniprot_identical	synonymous	chr1:179168853-179169944	1.0
rna-XM_017001183.2	0.0	1.0	0.4403892944038929	1.0	miniprot_identical	synonymous	chr1:195574284-195688300	1.0
rna-NM_001349859.1	0.0	0.9892086330935252	0.2795156407669021	0.9892086330935252	miniprot_truncated	frameshift	chr3:152733554-152734387	0.9892086330935252
rna-NM_001365065.1	0.0	1.0	0.2632113821138211	1.0	miniprot_identical	synonymous	chr1:202427876-202428652	1.0
rna-NM_001297613.2	0.0	0.9808510638297872	0.4898828541001065	0.9808510638297872	miniprot_truncated	frameshift;start_lost	chr1:204533266-204536441	0.9808510638297872
rna-XM_011509450.3	0.0	1.0	0.4342379958246347	1.0	miniprot_identical	synonymous	chr1:206100952-206104546	1.0
rna-XM_047421211.1	0.0	1.0	0.2154115586690017	1.0	miniprot_identical	synonymous	chr1:211864031-211864490	1.0
rna-NM_001350630.2	0.0	0.999219968798752	0.7696314102564102	0.999219968798752	miniprot_truncated	inframe_deletion	chr1:222225811-222239842	0.999219968798752
rna-NM_001388404.1	0.0	0.9968992248062016	0.6177223288547665	0.9968992248062016	miniprot_truncated	inframe_deletion;stop_missing	chr1:225923714-225925645	0.9968992248062016
rna-NM_021205.6	0.0	1.0	0.1959152798789712	1.0	miniprot_identical	synonymous	chr1:228113650-228121651	1.0
rna-NM_001328607.3	0.0	1.0	0.1974110032362459	1.0	miniprot_identical	synonymous	chr1:232680833-232681833	1.0
rna-NM_001347716.2	0.0	1.0	0.1884566326530612	1.0	miniprot_identical	synonymous	chr1:239320606-239322378	1.0
rna-NM_001304535.3	0.0	1.0	0.4657738095238095	1.0	miniprot_identical	synonymous	chr1:247525499-247526437	1.0
rna-NM_002149.4	0.0	1.0	0.3327615780445969	1.0	miniprot_identical	synonymous	chr2:10449357-10456422	1.0
rna-NM_001282428.2	0.0	1.0	0.6138160632542655	1.0	miniprot_identical	synonymous	chr2:17962761-17964236	1.0
rna-XM_017003594.2	0.0	1.0	0.2888086642599278	1.0	miniprot_identical	synonymous	chr2:24095511-24097877	1.0
rna-NM_001410716.1	0.0	1.0	0.4336043360433604	1.0	miniprot_identical	synonymous	chr2:27063902-27068031	1.0
rna-NM_145330.3	0.0	0.8181818181818182	0.3781094527363184	0.8181818181818182	miniprot_truncated	frameshift;start_lost	chr2:27822551-27822709	0.8181818181818182
rna-NM_014011.5	0.0	1.0	0.3362573099415205	1.0	miniprot_identical	synonymous	chr2:46763363-46764973	1.0
rna-NM_001330079.2	0.0	0.9640287769784172	0.1607704402515723	0.9640287769784172	miniprot_truncated	frameshift;stop_missing	chr2:50918799-51024431	0.9640287769784172
rna-XM_047446574.1	0.0	0.9821428571428572	0.4296875	0.9821428571428572	miniprot_truncated	frameshift;stop_missing	chr2:60445102-60445557	0.9821428571428572
rna-NM_006577.6	0.0	1.0	0.4321389793702497	1.0	miniprot_identical	synonymous	chr2:62228447-62229640	1.0
rna-NM_198276.3	0.0	1.0	0.359903381642512	1.0	miniprot_identical	synonymous	chr2:62507531-62512452	1.0
rna-NM_001134745.3	0.0	0.8730964467005076	0.4859287054409005	0.8730964467005076	miniprot_truncated	frameshift;start_lost;stop_missing	chr2:77523326-77524879	0.8730964467005076
rna-XM_011532557.3	0.0	1.0	0.5745164960182025	1.0	miniprot_identical	synonymous	chr2:80545168-80648108	1.0
id-IGKJ1	0.0	1.0	0.9743589743589745	1.0	miniprot_identical	synonymous	chr2:88870890-88870931	1.0
rna-XM_047446873.1	0.0	0.9932885906040269	0.3975044563279857	0.9932885906040269	miniprot_truncated	inframe_deletion	chr2:94713880-94715007	0.9932885906040269
rna-XM_017005469.3	0.0	1.0	0.343205574912892	1.0	miniprot_identical	synonymous	chr2:95109940-95111098	1.0
rna-NM_001353337.2	0.0	1.0	0.4233983286908078	1.0	miniprot_identical	synonymous	chr2:98043154-98047901	1.0
rna-NM_001371499.1	0.0	0.9576271186440678	0.3552769070010449	0.9576271186440678	miniprot_truncated	frameshift;stop_missing	chr2:110360373-110365058	0.9576271186440678
rna-NM_032260.3	0.0	0.9988950276243094	0.8203266787658802	0.9988950276243094	miniprot_truncated	frameshift	chr2:110255554-110294665	0.9988950276243094
rna-NM_001395416.1	0.0	1.0	0.5075201119272473	1.0	miniprot_identical	synonymous	chr2:131473222-131480482	1.0
rna-NM_001317003.2	0.0	0.9891304347826086	0.4329411764705882	0.9891304347826086	miniprot_truncated	frameshift;start_lost	chr2:149655626-149665091	0.9891304347826086
rna-XM_011512080.3	0.0	0.9989327641408752	0.920104780615586	0.9989327641408752	miniprot_truncated	frameshift	chr2:169410745-169494197	0.9989327641408752
rna-NM_001305145.1	0.0	1.0	0.1399046104928457	1.0	miniprot_identical	synonymous	chr2:192668271-192683215	1.0
rna-XM_024452865.2	0.0	0.7777777777777778	0.2397260273972602	0.7777777777777778	miniprot_truncated	frameshift;stop_missing	chr2:200329697-200332583	0.7777777777777778
rna-NM_001330131.2	0.0	0.956043956043956	0.1210428305400372	0.956043956043956	miniprot_truncated	frameshift;stop_missing	chr2:208095871-208098442	0.956043956043956
rna-NM_000438.6	0.0	1.0	0.4304723885562209	1.0	miniprot_identical	synonymous	chr2:222779231-222783741	1.0
rna-NM_024785.3	0.0	1.0	0.3023255813953488	1.0	miniprot_identical	synonymous	chr2:224883565-224884914	1.0
rna-NM_005544.3	0.0	1.0	0.381537201924061	1.0	miniprot_identical	synonymous	chr2:227277868-227281596	1.0
rna-XM_047446832.1	0.0	0.9960474308300395	0.2910906298003072	0.9960474308300395	miniprot_truncated	inframe_deletion	chr2:231195654-231196412	0.9960474308300395
rna-XM_011512031.4	0.0	1.0	0.5565175565175565	1.0	miniprot_identical	synonymous	chr2:233876340-233957978	1.0
rna-NM_001382303.1	0.0	0.98989898989899	0.4365781710914454	0.98989898989899	miniprot_truncated	frameshift	chr2:234049537-234054087	0.98989898989899
rna-XM_005246098.4	0.0	1.0	0.484	1.0	miniprot_identical	synonymous	chr2:237070992-237072080	1.0
rna-XM_011511087.2	0.0	0.9926062846580408	0.4659776055124892	0.9926062846580408	miniprot_truncated	frameshift;start_lost	chr2:238619861-238621483	0.9926062846580408
rna-NM_001322020.2	0.0	1.0	0.2005899705014749	1.0	miniprot_identical	synonymous	chr2:240454209-240518027	1.0
rna-XM_017006360.2	0.0	0.9784172661870504	0.2287802136031478	0.9784172661870504	miniprot_truncated	inframe_deletion;stop_missing	chr3:9544197-9544604	0.9784172661870504
rna-NM_001098213.2	0.0	1.0	0.3102352193261284	1.0	miniprot_identical	synonymous	chr3:11253965-11255428	1.0
rna-NM_001253379.2	0.0	0.9951219512195122	0.2229508196721311	0.9951219512195122	miniprot_truncated	frameshift	chr6:12382515-12383129	0.9951219512195122
rna-NM_052953.4	0.0	1.0	0.4506065857885615	1.0	miniprot_identical	synonymous	chr3:26712280-26713059	1.0
rna-XM_017005779.2	0.0	0.9618320610687024	0.2550200803212851	0.9618320610687024	miniprot_truncated	frameshift;start_lost	chr3:32354472-32367091	0.9618320610687024
rna-NM_001296.5	0.0	1.0	0.3861584754262788	1.0	miniprot_identical	synonymous	chr3:42880076-42881230	1.0
rna-XM_006712960.4	0.0	1.0	0.5845648604269293	1.0	miniprot_identical	synonymous	chr3:46281021-46282088	1.0
rna-NM_001329417.2	0.0	0.9365079365079364	0.3387387387387387	0.9365079365079364	miniprot_truncated	frameshift;stop_missing	chr1:27490730-27490921	0.9365079365079364
rna-XM_047448069.1	0.0	1.0	0.4925558312655086	1.0	miniprot_identical	synonymous	chr3:49283533-49285363	1.0
rna-NM_001318027.2	0.0	1.0	0.1568253968253968	1.0	miniprot_identical	synonymous	chr3:73105202-73107220	1.0
rna-NM_001128929.3	0.0	0.8946236559139785	0.44674767691208	0.8946236559139785	miniprot_truncated	frameshift;start_lost;stop_missing	chr3:77532257-77699747	0.8946236559139785
rna-NM_001375967.1	0.0	0.9183098591549296	0.1048231511254019	0.9183098591549296	miniprot_truncated	frameshift;start_lost	chr3:85955067-86138624	0.9183098591549296
rna-NM_001322208.2	0.0	1.0	0.2840557275541795	1.0	miniprot_identical	synonymous	chr3:88066592-88067692	1.0
rna-NM_001850.5	0.0	1.0	0.4007530930607854	1.0	miniprot_identical	synonymous	chr3:102495744-102501197	1.0
rna-XM_047447401.1	0.0	1.0	0.6945500633713562	1.0	miniprot_identical	synonymous	chr3:123067820-123068797	1.0
rna-NM_001319086.1	0.0	0.9936708860759492	0.4424071462153267	0.9936708860759492	miniprot_truncated	frameshift;stop_missing	chr3:130822278-130853939	0.9936708860759492
rna-NM_000174.5	0.0	1.0	0.6075085324232082	1.0	miniprot_identical	synonymous	chr3:131806608-131807141	1.0
rna-NM_001080412.3	0.0	0.9983277591973244	0.4261437908496732	0.9983277591973244	miniprot_truncated	frameshift	chr3:144190031-144193618	0.9983277591973244
rna-NM_000685.5	0.0	1.0	0.4645161290322581	1.0	miniprot_identical	synonymous	chr3:151492066-151493145	1.0
rna-NM_001387834.1	0.0	1.0	0.1249102656137832	1.0	miniprot_identical	synonymous	chr3:155213261-155227228	1.0
rna-NM_001414413.1	0.0	0.7078313253012049	0.415929203539823	0.7078313253012049	miniprot_truncated	start_lost;inframe_deletion	chr3:162640768-162671380	0.7078313253012049
rna-NM_014373.3	0.0	1.0	0.518348623853211	1.0	miniprot_identical	synonymous	chr3:172868639-172869655	1.0
rna-NM_001365923.2	0.0	0.7215639810426541	0.1096309630963096	0.7215639810426541	miniprot_truncated	frameshift;start_lost	chr3:177062266-177068255	0.7215639810426541
rna-NM_173217.2	0.0	0.9829545454545454	0.1314589665653495	0.9829545454545454	miniprot_truncated	start_lost;inframe_deletion	chr3:189890601-189893558	0.9829545454545454
rna-NM_001286053.2	0.0	1.0	0.5277463193657984	1.0	miniprot_identical	synonymous	chr4:85483-86880	1.0
rna-XM_047416543.1	0.0	1.0	0.4809160305343511	1.0	miniprot_identical	synonymous	chr4:2007524-2008279	1.0
rna-NM_001358418.3	0.0	0.9440860215053763	0.5403128760529483	0.9440860215053763	miniprot_truncated	inframe_deletion	chr8:7010562-7013572	0.9440860215053763
rna-NM_001358418.3_1	0.0	0.9419354838709676	0.5399117529081428	0.9419354838709676	miniprot_truncated	inframe_deletion	chr8:11716078-11719088	0.9419354838709676
rna-NM_001358418.3_2	0.0	0.9376344086021504	0.5399117529081428	0.9376344086021504	miniprot_truncated	inframe_deletion	chr8:7016372-7019382	0.9376344086021504
rna-NM_001256854.1	0.0	0.9943502824858758	0.9943502824858758	0.9943502824858758	miniprot_truncated	nonsynonymous	chr4:9136804-9138396	0.9943502824858758
rna-XM_047449609.1	0.0	0.9901639344262296	0.1927939317319848	0.9901639344262296	miniprot_truncated	frameshift;start_lost	chr4:15034185-15048161	0.9901639344262296
rna-XM_011513772.2	0.0	0.98989898989899	0.2014925373134328	0.98989898989899	miniprot_truncated	frameshift;start_lost	chr4:15417645-15424715	0.98989898989899
rna-XM_047450112.1	0.0	0.9969604863221884	0.4072697232548534	0.9969604863221884	miniprot_truncated	frameshift	chr4:15669136-15671112	0.9969604863221884
rna-NM_203283.5	0.0	1.0	0.2445728291316526	1.0	miniprot_identical	synonymous	chr4:26391171-26415986	1.0
rna-XM_047449898.1	0.0	1.0	0.2615535889872173	1.0	miniprot_identical	synonymous	chr4:38084922-38106410	1.0
rna-NM_000661.5	0.0	1.0	0.7961432506887053	1.0	miniprot_identical	synonymous	chr15:80236431-80237009	1.0
rna-NM_001312647.2	0.0	1.0	0.0580224985198342	1.0	miniprot_identical	synonymous	chr4:39744480-39748071	1.0
rna-NM_001278368.2	0.0	1.0	0.1381294964028777	1.0	miniprot_identical	synonymous	chr4:40213464-40214039	1.0
rna-NM_198353.3	0.0	0.6772151898734177	0.3710982658959537	0.6772151898734177	miniprot_truncated	frameshift;stop_missing	chr4:44415285-44416247	0.6772151898734177
rna-XM_017007985.2	0.0	1.0	0.5657894736842105	1.0	miniprot_identical	synonymous	chr4:47370775-47393377	1.0
rna-XM_006714045.3	0.0	0.9946428571428572	0.5220714397129933	0.9946428571428572	miniprot_truncated	frameshift;start_lost	chr4:59801163-59815773	0.9946428571428572
rna-XM_047416555.1	0.0	0.992874109263658	0.0563758389261744	0.992874109263658	miniprot_truncated	inframe_deletion	chr4:64637027-64639254	0.992874109263658
rna-XM_047449545.1	0.0	1.0	0.5365344467640919	1.0	miniprot_identical	synonymous	chr4:75489021-75489791	1.0
rna-NM_006419.3	0.0	1.0	0.2743142144638404	1.0	miniprot_identical	synonymous	chr4:80946704-80951877	1.0
rna-XM_017008779.2	0.0	1.0	0.2896725440806045	1.0	miniprot_identical	synonymous	chr4:82660973-82661662	1.0
rna-NM_001297758.2	0.0	0.9936908517350158	0.3959115561118064	0.9936908517350158	miniprot_truncated	frameshift	chr4:86783248-86785760	0.9936908517350158
rna-NM_001346093.2	0.0	0.9892086330935252	0.4247104247104247	0.9892086330935252	miniprot_truncated	frameshift;start_lost	chr4:89301519-89330203	0.9892086330935252
rna-NM_001184695.4	0.0	1.0	0.5933908045977011	1.0	miniprot_identical	synonymous	chr4:91171643-91172881	1.0
rna-NM_001968.5	0.0	0.9908256880733946	0.2678203543469303	0.9908256880733946	miniprot_truncated	inframe_deletion	chr17:50287279-50287932	0.9908256880733946
rna-NM_001267817.2	0.0	0.9166666666666666	0.2743055555555556	0.9166666666666666	miniprot_truncated	inframe_deletion	chr6:160087145-160087627	0.9166666666666666
rna-NM_001386166.1	0.0	1.0	0.7773393461104848	1.0	miniprot_identical	synonymous	chr4:116645309-116690193	1.0
rna-NM_001321592.2	0.0	0.9857142857142858	0.1435472739820565	0.9857142857142858	miniprot_truncated	frameshift	chr4:117063772-117069799	0.9857142857142858
rna-XM_011531680.3	0.0	1.0	0.6701225259189444	1.0	miniprot_identical	synonymous	chr4:126045993-126048125	1.0
rna-NM_001114734.2	0.0	1.0	0.2232250300842358	1.0	miniprot_identical	synonymous	chr4:137522372-137523484	1.0
rna-XM_047416067.1	0.0	0.927710843373494	0.047591743119266	0.927710843373494	miniprot_truncated	frameshift;start_lost	chr4:143699325-143700881	0.927710843373494
rna-XM_017008692.2	0.0	1.0	0.4574468085106383	1.0	miniprot_identical	synonymous	chr4:149827556-149845421	1.0
rna-NM_001267699.2	0.0	0.9322033898305084	0.1078238001314924	0.9322033898305084	miniprot_truncated	frameshift;stop_missing	chr15:57570044-57570208	0.9322033898305084
rna-XM_017008583.1	0.0	1.0	0.1917766185946609	1.0	miniprot_identical	synonymous	chr4:154969682-154985856	1.0
rna-NM_001375470.1	0.0	1.0	0.3514259429622815	1.0	miniprot_identical	synonymous	chr4:158545842-158546987	1.0
rna-XM_017008783.3	0.0	0.9543147208121828	0.5513196480938416	0.9543147208121828	miniprot_truncated	frameshift;stop_missing	chr4:172361499-172369515	0.9543147208121828
rna-NM_001130703.1	0.0	1.0	0.7587800369685767	1.0	miniprot_identical	synonymous	chr4:178313549-178316011	1.0
rna-XM_017008466.2	0.0	1.0	0.9776149776149776	1.0	miniprot_identical	synonymous	chr4:187345254-187355332	1.0
rna-NM_001293798.3	0.0	1.0	0.8088888888888889	1.0	miniprot_identical	synonymous	chr4:193525089-193526363	1.0
rna-NM_001293798.3_1	0.0	1.0	0.8088888888888889	1.0	miniprot_identical	synonymous	chr4:193498712-193499986	1.0
rna-NM_001293798.3_2	0.0	1.0	0.8088888888888889	1.0	miniprot_identical	synonymous	chr4:193449245-193450519	1.0
rna-NM_001293798.3_3	0.0	1.0	0.8095238095238095	1.0	miniprot_identical	synonymous	chr4:193436060-193437334	1.0
rna-NM_001293798.3_4	0.0	0.9952941176470588	0.8050793650793651	0.9952941176470588	miniprot_truncated	inframe_deletion	chr10:134654969-134656237	0.9952941176470588
rna-NM_001293798.3_5	0.0	0.9952941176470588	0.8050793650793651	0.9952941176470588	miniprot_truncated	inframe_deletion	chr10:134651659-134652927	0.9952941176470588
rna-NM_001293798.3_6	0.0	0.9952941176470588	0.8050793650793651	0.9952941176470588	miniprot_truncated	inframe_deletion	chr10:134707958-134709226	0.9952941176470588
rna-NM_001293798.3_7	0.0	0.9952941176470588	0.8050793650793651	0.9952941176470588	miniprot_truncated	inframe_deletion	chr10:134704648-134705916	0.9952941176470588
rna-NM_001293798.3_8	0.0	0.9952941176470588	0.8050793650793651	0.9952941176470588	miniprot_truncated	inframe_deletion	chr10:134701338-134702606	0.9952941176470588
rna-NM_001293798.3_9	0.0	0.9952941176470588	0.8050793650793651	0.9952941176470588	miniprot_truncated	inframe_deletion	chr10:134698028-134699296	0.9952941176470588
rna-NM_001293798.3_10	0.0	0.9952941176470588	0.8050793650793651	0.9952941176470588	miniprot_truncated	inframe_deletion	chr10:134694717-134695985	0.9952941176470588
rna-NM_001293798.3_11	0.0	0.9952941176470588	0.8050793650793651	0.9952941176470588	miniprot_truncated	inframe_deletion	chr10:134691406-134692674	0.9952941176470588
rna-NM_001293798.3_12	0.0	0.9952941176470588	0.8050793650793651	0.9952941176470588	miniprot_truncated	inframe_deletion	chr10:134678136-134679404	0.9952941176470588
rna-NM_001293798.3_13	0.0	0.9952941176470588	0.8050793650793651	0.9952941176470588	miniprot_truncated	inframe_deletion	chr10:134668209-134669477	0.9952941176470588
rna-NM_001293798.3_14	0.0	0.9952941176470588	0.8050793650793651	0.9952941176470588	miniprot_truncated	inframe_deletion	chr10:134664899-134666167	0.9952941176470588
rna-NM_001293798.3_15	0.0	0.9952941176470588	0.8050793650793651	0.9952941176470588	miniprot_truncated	inframe_deletion	chr10:134661589-134662857	0.9952941176470588
rna-NM_001293798.3_16	0.0	0.9952941176470588	0.8050793650793651	0.9952941176470588	miniprot_truncated	inframe_deletion	chr10:134658279-134659547	0.9952941176470588
rna-NM_001293798.3_17	0.0	0.9952941176470588	0.8050793650793651	0.9952941176470588	miniprot_truncated	inframe_deletion	chr10:134711268-134712536	0.9952941176470588
rna-NM_001293798.3_18	0.0	0.9952941176470588	0.8050793650793651	0.9952941176470588	miniprot_truncated	inframe_deletion	chr10:134648349-134649617	0.9952941176470588
rna-NM_001293798.3_19	0.0	0.9952941176470588	0.8050793650793651	0.9952941176470588	miniprot_truncated	inframe_deletion	chr10:134645039-134646307	0.9952941176470588
rna-NM_001293798.3_20	0.0	0.9952941176470588	0.8050793650793651	0.9952941176470588	miniprot_truncated	inframe_deletion	chr10:134641729-134642997	0.9952941176470588
rna-NM_001293798.3_21	0.0	0.9952941176470588	0.8050793650793651	0.9952941176470588	miniprot_truncated	inframe_deletion	chr10:134638419-134639687	0.9952941176470588
rna-NM_001293798.3_22	0.0	0.9952941176470588	0.8050793650793651	0.9952941176470588	miniprot_truncated	inframe_deletion	chr10:134635109-134636377	0.9952941176470588
rna-NM_001293798.3_23	0.0	0.9952941176470588	0.8050793650793651	0.9952941176470588	miniprot_truncated	inframe_deletion	chr10:134631799-134633067	0.9952941176470588
rna-NM_001293798.3_24	0.0	0.9952941176470588	0.8050793650793651	0.9952941176470588	miniprot_truncated	inframe_deletion	chr10:134628489-134629757	0.9952941176470588
rna-NM_001293798.3_25	0.0	0.9952941176470588	0.8050793650793651	0.9952941176470588	miniprot_truncated	inframe_deletion	chr10:134625179-134626447	0.9952941176470588
rna-NM_001293798.3_26	0.0	0.9952941176470588	0.8050793650793651	0.9952941176470588	miniprot_truncated	inframe_deletion	chr10:134621872-134623140	0.9952941176470588
rna-NM_001293798.3_27	0.0	0.9952941176470588	0.8050793650793651	0.9952941176470588	miniprot_truncated	inframe_deletion	chr10:134618565-134619833	0.9952941176470588
rna-NM_001363820.2_28	0.0	0.9875776397515528	0.62109375	0.9875776397515528	miniprot_truncated	inframe_deletion;stop_missing	chr4:193390407-193390883	0.9875776397515528
rna-NM_001363820.2_29	0.0	0.9875776397515528	0.62109375	0.9875776397515528	miniprot_truncated	inframe_deletion;stop_missing	chr4:193534978-193535454	0.9875776397515528
rna-NM_001363820.2_30	0.0	0.9875776397515528	0.62109375	0.9875776397515528	miniprot_truncated	inframe_deletion;stop_missing	chr4:193452541-193453017	0.9875776397515528
rna-NM_001363820.2_31	0.0	0.9875776397515528	0.6197916666666666	0.9875776397515528	miniprot_truncated	inframe_deletion;stop_missing	chr10:134724508-134724984	0.9875776397515528
rna-NM_001363820.2_32	0.0	0.9875776397515528	0.6197916666666666	0.9875776397515528	miniprot_truncated	inframe_deletion;stop_missing	chr10:134721198-134721674	0.9875776397515528
rna-XM_047417368.1	0.0	0.9978213507625272	0.0872321541777608	0.9978213507625272	miniprot_truncated	inframe_deletion	chr5:632731-651254	0.9978213507625272
rna-XM_047417230.1	0.0	0.9322709163346612	0.4489144316730523	0.9322709163346612	miniprot_truncated	frameshift;stop_missing	chr5:16117037-16118898	0.9322709163346612
rna-NM_001271606.2	0.0	1.0	0.4014084507042254	1.0	miniprot_identical	synonymous	chr5:17214598-17215281	1.0
rna-NM_001401700.1	0.0	0.9949748743718592	0.9949748743718592	0.9949748743718592	miniprot_truncated	nonsynonymous	chr5:17570708-17571304	0.9949748743718592
rna-NM_001401700.1_1	0.0	0.9949748743718592	0.9949748743718592	0.9949748743718592	miniprot_truncated	nonsynonymous	chr5:17574142-17574738	0.9949748743718592
rna-XM_017009906.1	0.0	1.0	0.5322697606961566	1.0	miniprot_identical	synonymous	chr5:33641796-33870344	1.0
rna-XM_047417454.1	0.0	1.0	0.4351851851851852	1.0	miniprot_identical	synonymous	chr5:62345481-62363426	1.0
rna-XM_005272050.5	0.0	0.9920948616600792	0.3756534727408513	0.9920948616600792	miniprot_truncated	frameshift;stop_missing	chr5:108850941-108884242	0.9920948616600792
rna-NM_001142474.2	0.0	0.6601941747572816	0.0778032036613272	0.6601941747572816	miniprot_truncated	frameshift;start_lost	chr5:158529425-158529628	0.6601941747572816
rna-NM_001017398.2	0.0	1.0	0.2831050228310502	1.0	miniprot_identical	synonymous	chr5:115690964-115693251	1.0
rna-NM_001077654.3	0.0	0.9947089947089948	0.0807347287483981	0.9947089947089948	miniprot_truncated	frameshift;start_lost	chr5:119913652-119914218	0.9947089947089948
rna-NM_207317.3	0.0	0.9972602739726028	0.5671332296526698	0.9972602739726028	miniprot_truncated	frameshift	chr5:122668847-122669941	0.9972602739726028
rna-XM_011543363.4	0.0	0.9059233449477352	0.5659834591873427	0.9059233449477352	miniprot_truncated	frameshift;start_lost	chr5:130703058-130704632	0.9059233449477352
rna-NM_001324007.1	0.0	1.0	0.382716049382716	1.0	miniprot_identical	synonymous	chr5:139443942-139460225	1.0
rna-NM_001317201.2	0.0	1.0	0.4323962516733601	1.0	miniprot_identical	synonymous	chr5:140205592-140207986	1.0
rna-XM_024446125.2	0.0	0.9960629921259844	0.4001051524710831	0.9960629921259844	miniprot_truncated	inframe_deletion	chr5:141168363-141170505	0.9960629921259844
rna-XM_047416832.1	0.0	0.9375	0.5844155844155844	0.9375	miniprot_truncated	frameshift;stop_missing	chr5:146352196-146369574	0.9375
rna-NM_032947.5	0.0	1.0	0.1203155818540434	1.0	miniprot_identical	synonymous	chr5:151331956-151332138	1.0
rna-NM_001034838.3	0.0	0.8761061946902655	0.3164556962025316	0.8761061946902655	miniprot_truncated	frameshift;start_lost	chr5:171257488-171274450	0.8761061946902655
rna-XM_011534624.2	0.0	0.9928057553956836	0.6359447004608295	0.9928057553956836	miniprot_truncated	frameshift;start_lost	chr5:172330538-172331396	0.9928057553956836
rna-NM_006650.4	0.0	1.0	0.0843222985633978	1.0	miniprot_identical	synonymous	chr5:176422436-176423741	1.0
rna-XM_047417108.1	0.0	0.990990990990991	0.1501582994120307	0.990990990990991	miniprot_truncated	inframe_deletion	chr5:176628636-176657756	0.990990990990991
rna-NM_030613.4	0.0	1.0	0.5746268656716418	1.0	miniprot_identical	synonymous	chr5:179484583-179485968	1.0
rna-NM_001346051.2	0.0	0.9926739926739928	0.2664700098328417	0.9926739926739928	miniprot_truncated	inframe_deletion;stop_missing	chr5:181819954-181820766	0.9926739926739928
rna-NM_001286555.3	0.0	1.0	0.200650406504065	1.0	miniprot_identical	synonymous	chr16:34968576-35025049	1.0
rna-XM_011514757.3_1	0.0	0.9863013698630136	0.1501718213058419	0.9863013698630136	miniprot_truncated	frameshift;start_lost	chr16:34968576-34971679	0.9863013698630136
rna-XM_011514757.3_2	0.0	0.9863013698630136	0.1505154639175257	0.9863013698630136	miniprot_truncated	frameshift;start_lost	chr6:200795-203906	0.9863013698630136
rna-XM_017010729.2	0.0	1.0	0.5938069216757741	1.0	miniprot_identical	synonymous	chr6:3719449-3720426	1.0
rna-NM_001368127.1	0.0	1.0	0.3276955602536998	1.0	miniprot_identical	synonymous	chr6:4804541-4823065	1.0
rna-NM_001416565.1	0.0	1.0	0.294960702727693	1.0	miniprot_identical	synonymous	chr6:12159013-12164453	1.0
rna-NM_001165034.2	0.0	1.0	0.2019543973941368	1.0	miniprot_identical	synonymous	chr6:13849570-13850313	1.0
rna-XM_047418747.1	0.0	1.0	0.2149475457538862	1.0	miniprot_identical	synonymous	chr6:15369313-15393419	1.0
rna-NM_001242797.2	0.0	0.9950372208436724	0.2469817884182525	0.9950372208436724	miniprot_truncated	frameshift	chr9:109370073-109371281	0.9950372208436724
rna-NM_001329616.2	0.0	1.0	0.6507760532150776	1.0	miniprot_identical	synonymous	chr6:28443290-28450766	1.0
rna-NM_001396058.1	0.0	0.9936708860759492	0.1881623675264947	0.9936708860759492	miniprot_truncated	frameshift;start_lost	chr6:29427909-29428850	0.9936708860759492
rna-NM_001319053.2	0.0	1.0	0.5276843757005156	1.0	miniprot_identical	synonymous	chr6:29478254-29502315	1.0
rna-NM_001369203.1	0.0	1.0	0.4060913705583756	1.0	miniprot_identical	synonymous	chr6:33150388-33150627	1.0
rna-NM_001171819.2	0.0	0.9925558312655088	0.3467465753424658	0.9925558312655088	miniprot_truncated	frameshift;start_lost	chr6:35243185-35249157	0.9925558312655088
rna-NM_001351503.2	0.0	1.0	0.1552878179384203	1.0	miniprot_identical	synonymous	chr6:39516274-39549836	1.0
rna-NM_001385254.1	0.0	1.0	0.1102661596958174	1.0	miniprot_identical	synonymous	chr6:64722816-64726115	1.0
rna-NM_001168411.2	0.0	1.0	0.202020202020202	1.0	miniprot_identical	synonymous	chr6:73568227-73578293	1.0
rna-NM_001402.6	0.0	0.9935205183585312	0.3931113008824367	0.9935205183585312	miniprot_truncated	inframe_deletion	chr7:22646498-22647886	0.9935205183585312
rna-XM_047419660.1	0.0	0.8236994219653179	0.1565495207667731	0.8236994219653179	miniprot_truncated	frameshift	chr6:78662254-78663135	0.8236994219653179
rna-NM_000865.3	0.0	1.0	0.6009852216748769	1.0	miniprot_identical	synonymous	chr6:88224047-88225144	1.0
rna-XM_047418408.1	0.0	0.9938271604938272	0.1887456037514654	0.9938271604938272	miniprot_truncated	frameshift;start_lost	chr6:90833920-90840374	0.9938271604938272
rna-NM_001288630.2	0.0	1.0	0.4423380726698262	1.0	miniprot_identical	synonymous	chr6:94622495-94631343	1.0
rna-NM_001286254.3	0.0	1.0	0.1784090909090909	1.0	miniprot_identical	synonymous	chr6:98300866-98312708	1.0
rna-NM_022091.5	0.0	1.0	0.0973066898349261	1.0	miniprot_identical	synonymous	chr6:102032996-102041885	1.0
rna-XM_011536064.4	0.0	0.998502994011976	0.4313092161929371	0.998502994011976	miniprot_truncated	frameshift	chr6:107275220-107283343	0.998502994011976
rna-NM_001287215.2	0.0	1.0	0.25	1.0	miniprot_identical	synonymous	chr6:112067470-112072220	1.0
rna-XM_011536223.4	0.0	0.9875776397515528	0.5629370629370629	0.9875776397515528	miniprot_truncated	frameshift;start_lost	chr6:113251616-113253038	0.9875776397515528
rna-NM_001322940.2	0.0	1.0	0.2071032385042047	1.0	miniprot_identical	synonymous	chr6:117610735-117621041	1.0
rna-NM_138459.5	0.0	0.9965986394557824	0.1832395247029393	0.9965986394557824	miniprot_truncated	frameshift	chrX:46922491-46923372	0.9965986394557824
rna-NM_001270393.2	0.0	1.0	0.1189759036144578	1.0	miniprot_identical	synonymous	chr6:123906098-123913476	1.0
rna-NM_001199622.2	0.0	1.0	0.1639344262295081	1.0	miniprot_identical	synonymous	chr6:127108047-127117460	1.0
rna-NM_001242851.1	0.0	0.9972222222222222	0.5179856115107914	0.9972222222222222	miniprot_truncated	frameshift;start_lost	chr6:128475572-128476651	0.9972222222222222
rna-XM_005266816.4	0.0	1.0	0.4699140401146132	1.0	miniprot_identical	synonymous	chr6:131635207-131636682	1.0
rna-NM_001016.4	0.0	0.962406015037594	0.7738095238095238	0.962406015037594	miniprot_truncated	frameshift	chr11:74675231-74675629	0.962406015037594
rna-NM_001394188.1	0.0	1.0	0.6207240948813982	1.0	miniprot_identical	synonymous	chr7:1857157-1859643	1.0
rna-NM_001395995.1	0.0	0.9130434782608696	0.0851351351351351	0.9130434782608696	miniprot_truncated	frameshift;stop_missing	chr7:6467962-6468150	0.9130434782608696
rna-NM_152745.3	0.0	0.9375	0.2350780532598714	0.9375	miniprot_truncated	frameshift;start_lost	chr7:8871850-8872617	0.9375
rna-NM_001370446.1	0.0	0.9778761061946902	0.4069981583793738	0.9778761061946902	miniprot_truncated	start_lost;inframe_deletion	chr7:23335984-23337271	0.9778761061946902
rna-NM_001039936.3	0.0	1.0	0.3766968325791855	1.0	miniprot_identical	synonymous	chr7:29617988-29650618	1.0
rna-NM_001329993.2	0.0	1.0	0.2388758782201405	1.0	miniprot_identical	synonymous	chr7:37880883-37881800	1.0
rna-NM_001300981.2	0.0	0.981132075471698	0.1303258145363408	0.981132075471698	miniprot_truncated	inframe_deletion	chr21:17217598-17217915	0.981132075471698
rna-NM_001287428.2	0.0	0.9482758620689656	0.3408163265306122	0.9482758620689656	miniprot_truncated	frameshift;start_lost	chr7:48269103-48270591	0.9482758620689656
rna-NM_001321247.2	0.0	1.0	0.1551912568306011	1.0	miniprot_identical	synonymous	chr1:144357730-144358349	1.0
rna-XM_047421138.1	0.0	0.994535519125683	0.3165509259259259	0.994535519125683	miniprot_truncated	frameshift	chr7:57059267-57059815	0.994535519125683
rna-XM_047421146.1	0.0	0.9831460674157304	0.6483516483516484	0.9831460674157304	miniprot_truncated	frameshift	chr7:64967523-64968056	0.9831460674157304
rna-XM_047421142.1	0.0	0.9831460674157304	0.4198412698412698	0.9831460674157304	miniprot_truncated	frameshift	chr7:64956683-64957216	0.9831460674157304
rna-XM_047421149.1	0.0	0.9879518072289156	0.9686274509803922	0.9879518072289156	miniprot_truncated	inframe_deletion	chr7:64957435-64957932	0.9879518072289156
rna-XM_047421149.1_1	0.0	0.9819277108433736	0.9666666666666668	0.9819277108433736	miniprot_truncated	inframe_deletion	chr7:64966548-64967045	0.9819277108433736
rna-NM_001367749.1	0.0	1.0	0.2737752161383285	1.0	miniprot_identical	synonymous	chr7:68017083-68028967	1.0
rna-XM_047420171.1	0.0	1.0	0.3811787072243346	1.0	miniprot_identical	synonymous	chr7:71988575-72014649	1.0
rna-NM_001412181.1	0.0	0.9923664122137404	0.2847297787450127	0.9923664122137404	miniprot_truncated	frameshift;start_lost	chr7:74031147-74051118	0.9923664122137404
rna-NM_001388460.1	0.0	0.98932384341637	0.2485925925925926	0.98932384341637	miniprot_truncated	frameshift	chr7:74444943-74466838	0.98932384341637
rna-XM_017011730.3	0.0	0.9855421686746988	0.663961038961039	0.9855421686746988	miniprot_truncated	inframe_deletion;stop_missing	chr7:77768966-77791948	0.9855421686746988
rna-NM_001393902.1	0.0	0.8636363636363636	0.1376811594202898	0.8636363636363636	miniprot_truncated	frameshift;stop_missing	chr7:97930440-97945406	0.8636363636363636
rna-NM_001393905.1_1	0.0	0.75	0.0626262626262626	0.75	miniprot_truncated	frameshift;stop_missing	chr7:97945314-97945406	0.75
rna-NM_001351002.2	0.0	1.0	0.5581787521079258	1.0	miniprot_identical	synonymous	chr7:100725404-100726396	1.0
rna-XM_047421160.1	0.0	0.9942196531791908	0.8341384863123994	0.9942196531791908	miniprot_truncated	inframe_deletion	chr7:103891326-103897331	0.9942196531791908
rna-NM_001161011.3	0.0	0.9964912280701754	0.3879781420765027	0.9964912280701754	miniprot_truncated	frameshift	chr3:97205260-97206114	0.9964912280701754
rna-NM_001244606.2	0.0	0.4545454545454545	0.1509433962264151	0.4545454545454545	miniprot_truncated	frameshift;stop_missing	chr7:112805547-112839757	0.4545454545454545
rna-XM_047420093.1	0.0	0.9979253112033196	0.3990066225165563	0.9979253112033196	miniprot_truncated	frameshift;start_lost	chr7:125185008-125193888	0.9979253112033196
rna-NM_001195243.2	0.0	0.9848484848484848	0.2043343653250774	0.9848484848484848	miniprot_truncated	start_lost;inframe_deletion	chr7:130825308-130825505	0.9848484848484848
rna-XM_017012595.2	0.0	1.0	0.0770925110132158	1.0	miniprot_identical	synonymous	chr7:136475622-136476777	1.0
rna-NM_001243754.2_1	0.0	1.0	0.2356979405034324	1.0	miniprot_identical	synonymous	chr7:136474461-136475629	1.0
rna-NM_001130929.2	0.0	0.9375	0.0564352415753146	0.9375	miniprot_truncated	frameshift	chr7:56829850-56829993	0.9375
rna-NM_001130929.2_1	0.0	0.9583333333333334	0.0572472594397076	0.9583333333333334	miniprot_truncated	frameshift	chr2:202720606-202720749	0.9583333333333334
rna-XM_011516141.3	0.0	0.9739130434782608	0.6699933466400533	0.9739130434782608	miniprot_truncated	frameshift;stop_missing	chr7:140792919-140796937	0.9739130434782608
rna-NM_001278297.2	0.0	1.0	0.1884262526464361	1.0	miniprot_identical	synonymous	chr7:144711980-144714440	1.0
rna-XM_011516046.2	0.0	0.972972972972973	0.6605504587155964	0.972972972972973	miniprot_truncated	frameshift;stop_missing	chr7:145803624-146016396	0.972972972972973
rna-XM_047420749.1	0.0	0.9545454545454546	0.7470355731225297	0.9545454545454546	miniprot_truncated	frameshift;stop_missing	chr7:151463007-151473553	0.9545454545454546
rna-NM_001363434.1	0.0	0.9961538461538462	0.3864878291107799	0.9961538461538462	miniprot_truncated	frameshift	chr7:151515114-151515893	0.9961538461538462
rna-XM_047422509.1	0.0	0.9962406015037594	0.3053639846743295	0.9962406015037594	miniprot_truncated	frameshift	chr8:9221200-9242809	0.9962406015037594
rna-XM_047422510.1_1	0.0	0.994413407821229	0.2144857943177271	0.994413407821229	miniprot_truncated	frameshift	chr8:9241171-9242809	0.994413407821229
rna-XM_011543821.3_1	0.0	1.0	0.062676822633297	1.0	miniprot_identical	synonymous	chr8:8537699-8543907	1.0
rna-NM_001413134.1	0.0	1.0	0.0642570281124498	1.0	miniprot_identical	synonymous	chr8:13481139-13542889	1.0
rna-NM_001160179.3	0.0	1.0	0.4356287425149701	1.0	miniprot_identical	synonymous	chr8:18489557-18490429	1.0
rna-XM_017012938.2	0.0	0.9965635738831616	0.5726495726495726	0.9965635738831616	miniprot_truncated	inframe_deletion	chr8:18667528-18668400	0.9965635738831616
rna-XM_017013103.2	0.0	1.0	0.4210090984284532	1.0	miniprot_identical	synonymous	chr8:23199940-23202697	1.0
rna-NM_013357.2	0.0	1.0	0.5321100917431193	1.0	miniprot_identical	synonymous	chr8:31312864-31313907	1.0
rna-NM_001322201.2	0.0	1.0	0.0996098829648894	1.0	miniprot_identical	synonymous	chr8:33035799-33045757	1.0
rna-NM_001352881.1	0.0	1.0	0.0843949044585987	1.0	miniprot_identical	synonymous	chr8:52785440-52785827	1.0
rna-NM_001286674.2	0.0	0.9281045751633988	0.276803118908382	0.9281045751633988	miniprot_truncated	frameshift;start_lost	chr8:54331470-54335854	0.9281045751633988
rna-NM_001377989.1	0.0	1.0	0.3321396598030439	1.0	miniprot_identical	synonymous	chr8:58567747-58568859	1.0
rna-XM_017013982.2	0.0	1.0	0.7423904974016332	1.0	miniprot_identical	synonymous	chr8:73365092-73367092	1.0
rna-NM_000971.4	0.0	0.9959839357429718	0.6042173560421735	0.9959839357429718	miniprot_truncated	inframe_deletion	chr1:96527008-96527754	0.9959839357429718
rna-XM_005251121.2	0.0	1.0	0.9721822541966428	1.0	miniprot_identical	synonymous	chr8:86606858-86608885	1.0
rna-XM_005251121.2_1	0.0	1.0	0.9721822541966428	1.0	miniprot_identical	synonymous	chr8:86871489-86873516	1.0
rna-XM_005251121.2_2	0.0	1.0	0.9721822541966428	1.0	miniprot_identical	synonymous	chr8:86253209-86255236	1.0
rna-XM_005251121.2_3	0.0	1.0	0.9717026378896882	1.0	miniprot_identical	synonymous	chr8:86737802-86739829	1.0
rna-XM_005251121.2_4	0.0	1.0	0.9721822541966428	1.0	miniprot_identical	synonymous	chr8:86704386-86706413	1.0
rna-XM_005251121.2_5	0.0	1.0	0.9717026378896882	1.0	miniprot_identical	synonymous	chr8:86155686-86157713	1.0
rna-XM_005251121.2_6	0.0	1.0	0.9721822541966428	1.0	miniprot_identical	synonymous	chr8:86314155-86316182	1.0
rna-XM_005251121.2_7	0.0	1.0	0.9721822541966428	1.0	miniprot_identical	synonymous	chr8:86350726-86352753	1.0
rna-XM_005251121.2_8	0.0	1.0	0.9721822541966428	1.0	miniprot_identical	synonymous	chr8:86932161-86934188	1.0
rna-XM_005251121.2_9	0.0	1.0	0.9717026378896882	1.0	miniprot_identical	synonymous	chr8:86543257-86545284	1.0
rna-XM_005251121.2_10	0.0	1.0	0.9721822541966428	1.0	miniprot_identical	synonymous	chr8:86643428-86645455	1.0
rna-XM_005251121.2_11	0.0	1.0	0.9721822541966428	1.0	miniprot_identical	synonymous	chr8:86680006-86682033	1.0
rna-XM_005251121.2_12	0.0	1.0	0.9717026378896882	1.0	miniprot_identical	synonymous	chr8:86241017-86243044	1.0
rna-XM_005251121.2_13	0.0	1.0	0.9717026378896882	1.0	miniprot_identical	synonymous	chr8:86774381-86776408	1.0
rna-XM_005251121.2_14	0.0	1.0	0.9721822541966428	1.0	miniprot_identical	synonymous	chr8:86119256-86121283	1.0
rna-XM_005251121.2_15	0.0	1.0	0.9721822541966428	1.0	miniprot_identical	synonymous	chr8:86289776-86291803	1.0
rna-XM_005251121.2_16	0.0	1.0	0.9721822541966428	1.0	miniprot_identical	synonymous	chr8:86301965-86303992	1.0
rna-XM_005251121.2_17	0.0	1.0	0.9721822541966428	1.0	miniprot_identical	synonymous	chr8:86473129-86475156	1.0
rna-XM_005251121.2_18	0.0	1.0	0.9721822541966428	1.0	miniprot_identical	synonymous	chr8:86326347-86328374	1.0
rna-XM_005251121.2_19	0.0	1.0	0.9721822541966428	1.0	miniprot_identical	synonymous	chr8:86338537-86340564	1.0
rna-XM_005251121.2_20	0.0	1.0	0.9721822541966428	1.0	miniprot_identical	synonymous	chr8:86823007-86825034	1.0
rna-XM_005251121.2_21	0.0	1.0	0.9721822541966428	1.0	miniprot_identical	synonymous	chr8:86448749-86450776	1.0
rna-XM_005251121.2_22	0.0	1.0	0.9721822541966428	1.0	miniprot_identical	synonymous	chr8:86631238-86633265	1.0
rna-XM_005251121.2_23	0.0	1.0	0.9717026378896882	1.0	miniprot_identical	synonymous	chr8:86762187-86764214	1.0
rna-XM_005251121.2_24	0.0	1.0	0.9721822541966428	1.0	miniprot_identical	synonymous	chr8:86786575-86788602	1.0
rna-XM_005251121.2_25	0.0	1.0	0.9717026378896882	1.0	miniprot_identical	synonymous	chr8:86555447-86557474	1.0
rna-XM_005251121.2_26	0.0	1.0	0.9721822541966428	1.0	miniprot_identical	synonymous	chr8:86655621-86657648	1.0
rna-XM_005251121.2_27	0.0	1.0	0.9721822541966428	1.0	miniprot_identical	synonymous	chr8:86594664-86596691	1.0
rna-XM_047422523.1	0.0	1.0	0.1244851258581235	1.0	miniprot_identical	synonymous	chr8:100066251-100067066	1.0
rna-NM_001282882.2	0.0	1.0	0.1574023115024766	1.0	miniprot_identical	synonymous	chr8:105351177-105379365	1.0
rna-NM_001198534.1	0.0	1.0	0.2791762013729977	1.0	miniprot_identical	synonymous	chr8:107854041-107878771	1.0
rna-NM_153015.3	0.0	1.0	0.1460620525059666	1.0	miniprot_identical	synonymous	chr8:109912699-109913616	1.0
rna-NM_001399796.1	0.0	1.0	0.2835820895522388	1.0	miniprot_identical	synonymous	chr9:167592-173298	1.0
rna-NM_001330740.2	0.0	1.0	0.615606936416185	1.0	miniprot_identical	synonymous	chr9:35576353-35582055	1.0
rna-NM_001134484.2	0.0	1.0	0.3217993079584775	1.0	miniprot_identical	synonymous	chr9:37615961-37616239	1.0
rna-XM_047424300.1	0.0	0.7695652173913043	0.4510190664036818	0.7695652173913043	miniprot_truncated	frameshift;stop_missing	chr9:80167538-80168225	0.7695652173913043
rna-NM_001286835.2	0.0	0.9943502824858758	0.1911976911976912	0.9943502824858758	miniprot_truncated	frameshift	chr9:77003558-77028652	0.9943502824858758
rna-NM_001286836.2_1	0.0	1.0	0.6229508196721312	1.0	miniprot_identical	synonymous	chr9:80416554-80422245	1.0
rna-NM_001286836.2_2	0.0	1.0	0.6229508196721312	1.0	miniprot_identical	synonymous	chr9:80113958-80119652	1.0
rna-NM_032250.5	0.0	0.9866504854368932	0.6315114190402874	0.9866504854368932	miniprot_truncated	frameshift	chr9:79642125-79684162	0.9866504854368932
rna-NM_001407181.1	0.0	1.0	0.1991643454038997	1.0	miniprot_identical	synonymous	chr9:88658945-88660231	1.0
rna-XM_005252271.5	0.0	0.9851485148514852	0.5784883720930233	0.9851485148514852	miniprot_truncated	frameshift;stop_missing	chr9:96105661-96106780	0.9851485148514852
rna-NM_001286969.1	0.0	0.576271186440678	0.0956360259981429	0.576271186440678	miniprot_truncated	frameshift	chr9:104777879-104779720	0.576271186440678
rna-NM_001301275.2	0.0	1.0	0.4518599562363238	1.0	miniprot_identical	synonymous	chr9:106468124-106469362	1.0
rna-NM_139286.4	0.0	1.0	0.2955326460481099	1.0	miniprot_identical	synonymous	chr7:130723080-130723337	1.0
rna-NM_001276260.2	0.0	1.0	0.5875706214689266	1.0	miniprot_identical	synonymous	chr9:125782051-125795554	1.0
rna-NM_001286698.2	0.0	1.0	0.5575942915392457	1.0	miniprot_identical	synonymous	chr9:139651052-139652146	1.0
rna-NM_001253882.2	0.0	1.0	0.5137254901960784	1.0	miniprot_identical	synonymous	chr9:144287741-144293887	1.0
rna-XM_047442797.1	0.0	1.0	0.3150816522574448	1.0	miniprot_identical	synonymous	chr13:12793998-12794327	1.0
rna-NM_053049.4	0.0	0.9938271604938272	0.3895582329317269	0.9938271604938272	miniprot_truncated	frameshift	chr10:5376992-5377477	0.9938271604938272
rna-XM_017016452.3	0.0	0.9985632183908046	0.3834987137081955	0.9985632183908046	miniprot_truncated	inframe_deletion	chr10:25597254-25623840	0.9985632183908046
rna-NM_001323638.2	0.0	1.0	0.4056350626118068	1.0	miniprot_identical	synonymous	chr10:31540603-31557014	1.0
rna-NM_001352465.2	0.0	1.0	0.1763636363636363	1.0	miniprot_identical	synonymous	chr10:35235505-35240399	1.0
rna-NM_001276343.3	0.0	0.985443959243086	0.8063116370808678	0.985443959243086	miniprot_truncated	inframe_deletion	chr10:47704601-47726016	0.985443959243086
rna-NM_001042512.3	0.0	0.9937694704049844	0.5079365079365079	0.9937694704049844	miniprot_truncated	frameshift	chr10:47765644-47783306	0.9937694704049844
rna-NM_001374781.1	0.0	1.0	0.14387031408308	1.0	miniprot_identical	synonymous	chr10:53117967-53140480	1.0
rna-NM_001278187.2	0.0	1.0	0.0983170947741364	1.0	miniprot_identical	synonymous	chr10:68939301-68941916	1.0
rna-NM_001134434.1	0.0	1.0	0.1822429906542056	1.0	miniprot_identical	synonymous	chr10:72957781-72959161	1.0
rna-NM_032772.6	0.0	1.0	0.6052385406922357	1.0	miniprot_identical	synonymous	chr10:76272799-76275469	1.0
rna-NM_001271522.2	0.0	1.0	0.1717479674796748	1.0	miniprot_identical	synonymous	chr10:78505100-78506355	1.0
rna-NM_001099692.2	0.0	0.9870967741935484	0.1184446149910463	0.9870967741935484	miniprot_truncated	inframe_deletion	chr10:81116318-81116782	0.9870967741935484
rna-NM_001010848.4	0.0	0.4992826398852223	0.2764227642276423	0.4992826398852223	miniprot_truncated	frameshift;start_lost	chr10:83824835-83858981	0.4992826398852223
rna-NM_001304718.2	0.0	0.9903381642512076	0.0712547792839763	0.9903381642512076	miniprot_truncated	frameshift	chr9:33693951-33694571	0.9903381642512076
rna-XM_011539924.4	0.0	0.5506329113924051	0.0409823244173314	0.5506329113924051	miniprot_truncated	frameshift;stop_missing	chr10:89456995-89467264	0.5506329113924051
rna-NM_001308396.2	0.0	1.0	0.6	1.0	miniprot_identical	synonymous	chr10:101869918-101870818	1.0
rna-XM_047425833.1	0.0	1.0	0.8455598455598455	1.0	miniprot_identical	synonymous	chr10:104234572-104238368	1.0
rna-XM_047426127.1	0.0	1.0	0.3537653239929947	1.0	miniprot_identical	synonymous	chr10:115715600-115716205	1.0
rna-NM_001243194.2	0.0	1.0	0.4976213130352045	1.0	miniprot_identical	synonymous	chr10:120717067-120725363	1.0
rna-NM_001318881.2	0.0	1.0	0.42	1.0	miniprot_identical	synonymous	chr10:133266879-133274381	1.0
rna-XM_011540273.1	0.0	1.0	0.3344709897610921	1.0	miniprot_identical	synonymous	chr10:134084101-134085276	1.0
rna-NM_001329545.2	0.0	1.0	0.3522727272727273	1.0	miniprot_identical	synonymous	chr11:534019-536396	1.0
rna-NM_001413999.1	0.0	0.9794871794871794	0.5421348314606742	0.9794871794871794	miniprot_truncated	inframe_deletion	chr11:4343785-4344369	0.9794871794871794
rna-NM_001384608.1	0.0	1.0	0.460431654676259	1.0	miniprot_identical	synonymous	chr11:5046697-5049181	1.0
rna-XM_047427784.1	0.0	0.98015873015873	0.3241710296684119	0.98015873015873	miniprot_truncated	frameshift;stop_missing	chr11:5736060-5738033	0.98015873015873
rna-XM_017017711.3	0.0	0.9875776397515528	0.6491228070175439	0.9875776397515528	miniprot_truncated	frameshift	chr11:5812585-5813550	0.9875776397515528
rna-NM_001005174.3	0.0	0.9937888198757764	0.7213483146067415	0.9937888198757764	miniprot_truncated	frameshift	chr11:5878135-5879100	0.9937888198757764
rna-NM_054031.4	0.0	1.0	0.5877352762598664	1.0	miniprot_identical	synonymous	chr11:18232702-18233670	1.0
rna-XM_047426934.1	0.0	1.0	0.3647586980920314	1.0	miniprot_identical	synonymous	chr11:18527972-18549233	1.0
rna-NM_001393578.1	0.0	1.0	0.669432918395574	1.0	miniprot_identical	synonymous	chr11:19053966-19054934	1.0
rna-NM_001377277.1	0.0	0.9980842911877394	0.4514640126929179	0.9980842911877394	miniprot_truncated	frameshift	chr11:36716481-36719612	0.9980842911877394
rna-XM_047426927.1	0.0	0.9931623931623932	0.7724656927844179	0.9931623931623932	miniprot_truncated	frameshift;start_lost	chr11:44203332-44215250	0.9931623931623932
rna-NM_001005212.4	0.0	1.0	0.3746987951807229	1.0	miniprot_identical	synonymous	chr11:58128866-58129798	1.0
rna-NM_001079807.4	0.0	0.9974293059125964	0.7218091697645601	0.9974293059125964	miniprot_truncated	frameshift	chr11:61211390-61220527	0.9974293059125964
rna-NM_001079807.4_1	0.0	0.9974293059125964	0.7218091697645601	0.9974293059125964	miniprot_truncated	frameshift	chr11:61192656-61201796	0.9974293059125964
rna-NM_001080501.3	0.0	1.0	0.4776470588235294	1.0	miniprot_identical	synonymous	chr11:62780015-62781386	1.0
rna-XM_006718522.3	0.0	0.9885714285714284	0.5679824561403509	0.9885714285714284	miniprot_truncated	frameshift;stop_missing	chr11:64141058-64155955	0.9885714285714284
rna-XM_047427980.1	0.0	0.9981447124304268	0.4093211752786221	0.9981447124304268	miniprot_truncated	inframe_insertion;inframe_deletion	chr11:65826325-65827962	0.9981447124304268
rna-NM_001286135.2	0.0	0.9583333333333334	0.3740053050397878	0.9583333333333334	miniprot_truncated	frameshift;stop_missing	chr11:66672905-66673327	0.9583333333333334
rna-NM_001277205.2	0.0	1.0	0.3949579831932773	1.0	miniprot_identical	synonymous	chr11:73225680-73226666	1.0
rna-XM_011544837.2	0.0	1.0	0.6333938294010889	1.0	miniprot_identical	synonymous	chr11:82868703-82870796	1.0
rna-XM_017017456.3	0.0	0.9101123595505618	0.0761548064918851	0.9101123595505618	miniprot_truncated	frameshift;stop_missing	chr11:88068645-88094364	0.9101123595505618
rna-XM_047426702.1	0.0	1.0	0.3745072273324573	1.0	miniprot_identical	synonymous	chr11:94095358-94097756	1.0
rna-NM_018039.3	0.0	1.0	0.532520325203252	1.0	miniprot_identical	synonymous	chr11:95004385-95005956	1.0
rna-XM_011542869.3	0.0	1.0	0.2581644144144144	1.0	miniprot_identical	synonymous	chr11:101129777-101138584	1.0
rna-XM_047427997.1	0.0	0.9818731117824774	0.7859143657462985	0.9818731117824774	miniprot_truncated	frameshift;stop_missing	chr19:30157186-30159168	0.9818731117824774
rna-NM_001271562.2	0.0	1.0	0.1878787878787878	1.0	miniprot_identical	synonymous	chr11:114410379-114410750	1.0
rna-NM_001258209.2	0.0	1.0	0.6199186991869918	1.0	miniprot_identical	synonymous	chr11:119108658-119113666	1.0
rna-NM_001243392.2	0.0	1.0	0.2627345844504021	1.0	miniprot_identical	synonymous	chr12:256590-256883	1.0
rna-XM_047428391.1	0.0	0.9948320413436692	0.5924219150025601	0.9948320413436692	miniprot_truncated	frameshift;stop_missing	chr12:1588467-1589624	0.9948320413436692
rna-XM_011520912.4	0.0	1.0	0.1183591123066577	1.0	miniprot_identical	synonymous	chr12:3285024-3289590	1.0
rna-XM_047428901.1	0.0	1.0	0.3927845528455284	1.0	miniprot_identical	synonymous	chr12:5501005-5501778	1.0
rna-XM_017019382.3	0.0	0.9790209790209792	0.3496332518337408	0.9790209790209792	miniprot_truncated	frameshift;start_lost	chr12:8149178-8151891	0.9790209790209792
rna-NM_001413738.1	0.0	0.9980099502487564	0.5749235474006116	0.9980099502487564	miniprot_truncated	inframe_insertion;inframe_deletion	chr12:55378270-55381335	0.9980099502487564
rna-NM_001291314.2	0.0	0.8829787234042553	0.4317789291882556	0.8829787234042553	miniprot_truncated	frameshift	chr12:10755335-10757254	0.8829787234042553
rna-NM_001367366.1	0.0	1.0	0.1352201257861635	1.0	miniprot_identical	synonymous	chr12:12977290-12977717	1.0
rna-XM_047428389.1	0.0	1.0	0.2807619047619047	1.0	miniprot_identical	synonymous	chr12:14700301-14701038	1.0
rna-NM_001190980.3	0.0	1.0	0.070828331332533	1.0	miniprot_identical	synonymous	chr12:42193743-42196127	1.0
rna-NM_001281429.2	0.0	1.0	0.7052117263843648	1.0	miniprot_identical	synonymous	chr12:47195840-47197138	1.0
rna-NM_001257133.2	0.0	1.0	0.3186813186813186	1.0	miniprot_identical	synonymous	chr12:50083134-50083307	1.0
rna-NM_018457.4	0.0	0.9932885906040269	0.4019873532068654	0.9932885906040269	miniprot_truncated	frameshift	chr19:42763445-42763891	0.9932885906040269
rna-NM_014620.6	0.0	1.0	0.3500660501981505	1.0	miniprot_identical	synonymous	chr12:54019488-54020770	1.0
rna-NM_001029.5	0.0	0.9913793103448276	0.3043859649122807	0.9913793103448276	miniprot_truncated	inframe_deletion	chr8:102021484-102021831	0.9913793103448276
rna-NM_001029.5_1	0.0	0.9827586206896552	0.3035087719298245	0.9827586206896552	miniprot_truncated	inframe_deletion	chrX:24013734-24014081	0.9827586206896552
rna-NM_001029.5_2	0.0	0.9827586206896552	0.3026315789473684	0.9827586206896552	miniprot_truncated	inframe_deletion	chr17:46470255-46470602	0.9827586206896552
rna-NM_001035267.2	0.0	1.0	0.1150442477876106	1.0	miniprot_identical	synonymous	chr20:21812279-21812356	1.0
rna-XM_017020226.3	0.0	1.0	0.0908438919435811	1.0	miniprot_identical	synonymous	chr12:59747876-59756256	1.0
rna-NM_001042555.3	0.0	1.0	0.2235397452788757	1.0	miniprot_identical	synonymous	chr12:69547939-69553863	1.0
rna-XM_017019379.2	0.0	0.9885057471264368	0.303886925795053	0.9885057471264368	miniprot_truncated	inframe_deletion;stop_missing	chr12:79668385-79668900	0.9885057471264368
rna-NM_001258338.2	0.0	0.890625	0.360759493670886	0.890625	miniprot_truncated	frameshift;stop_missing	chr12:94983443-94984386	0.890625
rna-XM_011537918.3	0.0	1.0	0.3396160558464223	1.0	miniprot_identical	synonymous	chr12:100678825-101011173	1.0
rna-XM_047428914.1	0.0	1.0	0.1455124800849707	1.0	miniprot_identical	synonymous	chr12:104718591-104719412	1.0
rna-XM_017019034.3	0.0	1.0	0.2019790454016298	1.0	miniprot_identical	synonymous	chr12:112853446-112873486	1.0
rna-NM_001085481.3	0.0	1.0	0.4615384615384615	1.0	miniprot_identical	synonymous	chr12:116557139-116557516	1.0
rna-NM_003806.4	0.0	1.0	0.0476683937823834	1.0	miniprot_identical	synonymous	chr12:116862100-116862375	1.0
rna-NM_001037494.2	0.0	1.0	0.3284671532846715	1.0	miniprot_identical	synonymous	chr12:120485594-120487382	1.0
rna-NM_001024808.3	0.0	1.0	0.1697555734622616	1.0	miniprot_identical	synonymous	chr12:122017898-122054960	1.0
rna-NM_001286219.2	0.0	1.0	0.1837115324836804	1.0	miniprot_identical	synonymous	chr12:125652539-125663134	1.0
rna-NM_001286794.2	0.0	1.0	0.2823789241205237	1.0	miniprot_identical	synonymous	chr13:23485780-23509867	1.0
rna-NM_183045.1	0.0	0.951048951048951	0.3358024691358025	0.951048951048951	miniprot_truncated	frameshift;stop_missing	chr13:25429252-25433427	0.951048951048951
rna-NM_000982.4	0.0	0.9937888198757764	0.8500881834215167	0.9937888198757764	miniprot_truncated	frameshift	chr10:121252769-121253254	0.9937888198757764
rna-NM_000982.4_1	0.0	0.9937888198757764	0.8465608465608465	0.9937888198757764	miniprot_truncated	frameshift	chr16:9189737-9190222	0.9937888198757764
rna-NM_001206559.2	0.0	0.9473684210526316	0.1282401091405184	0.9473684210526316	miniprot_truncated	frameshift;start_lost	chr13:26886779-26887063	0.9473684210526316
rna-NM_005780.3	0.0	0.6417910447761194	0.1809657759024847	0.6417910447761194	miniprot_truncated	frameshift;stop_missing	chr13:38819299-38819685	0.6417910447761194
rna-NM_024058.3	0.0	0.9883720930232558	0.2098765432098765	0.9883720930232558	miniprot_truncated	frameshift;stop_missing	chr13:43380367-43380621	0.9883720930232558
rna-NM_001243799.1	0.0	0.9737302977232924	0.4143070044709389	0.9737302977232924	miniprot_truncated	frameshift;stop_missing	chr13:43794194-43795861	0.9737302977232924
rna-NM_001407168.1	0.0	1.0	0.1097222222222222	1.0	miniprot_identical	synonymous	chr13:47697023-47700363	1.0
rna-NM_001308465.3	0.0	1.0	0.2127529123237277	1.0	miniprot_identical	synonymous	chr13:47927078-47928118	1.0
rna-NM_001039938.2	0.0	1.0	0.0225198990487284	1.0	miniprot_identical	synonymous	chr13:50665936-50667445	1.0
rna-NM_001011724.3	0.0	1.0	0.4185136897001303	1.0	miniprot_identical	synonymous	chr13:51857961-51858923	1.0
rna-NM_001318372.2	0.0	0.8478260869565217	0.4990167158308751	0.8478260869565217	miniprot_truncated	frameshift;stop_missing	chr13:66445444-66448491	0.8478260869565217
rna-XM_047430858.1	0.0	0.948051948051948	0.3818601964182553	0.948051948051948	miniprot_truncated	inframe_deletion	chr13:106143853-106144515	0.948051948051948
rna-NM_001080396.3	0.0	0.664488017429194	0.0990932642487046	0.664488017429194	miniprot_truncated	inframe_deletion;stop_missing	chr13:107091723-107092640	0.664488017429194
rna-NM_001126339.3	0.0	0.9956709956709956	0.3818984547461369	0.9956709956709956	miniprot_truncated	frameshift	chr14:17757317-17759399	0.9956709956709956
rna-NM_001330106.2	0.0	0.9892933618843684	0.3738191632928475	0.9892933618843684	miniprot_truncated	frameshift;stop_missing	chr14:36077394-36078779	0.9892933618843684
rna-NM_001267047.1	0.0	1.0	0.2200055417013023	1.0	miniprot_identical	synonymous	chr14:45927021-45934938	1.0
rna-XM_011536990.3	0.0	0.9906542056074766	0.1610126582278481	0.9906542056074766	miniprot_truncated	frameshift;start_lost	chr14:50494355-50503089	0.9906542056074766
rna-XM_017021103.3	0.0	1.0	0.7347756410256411	1.0	miniprot_identical	synonymous	chr14:58404799-58433241	1.0
rna-XM_011536911.3	0.0	1.0	0.5947546531302876	1.0	miniprot_identical	synonymous	chr14:68564664-68566772	1.0
rna-NM_001288959.2	0.0	0.975	0.4761904761904761	0.975	miniprot_truncated	frameshift;start_lost	chr14:88343097-88343835	0.975
rna-NM_001416133.1	0.0	1.0	0.0509885535900104	1.0	miniprot_identical	synonymous	chr14:90154326-90154472	1.0
id-IGHJ6	0.0	0.9545454545454546	0.9242424242424242	0.9545454545454546	miniprot_truncated	stop_missing	chr14:100134751-100134816	0.9545454545454546
rna-XM_017021894.2	0.0	1.0	0.8315151515151515	1.0	miniprot_identical	synonymous	chr15:20655324-20703890	1.0
rna-NM_001320917.2	0.0	1.0	0.2922149122807017	1.0	miniprot_identical	synonymous	chr15:31860908-31862506	1.0
rna-NM_001141972.2	0.0	1.0	0.1374172185430463	1.0	miniprot_identical	synonymous	chr15:33327451-33351494	1.0
rna-NM_001145643.2	0.0	0.9397590361445785	0.541095890410959	0.9397590361445785	miniprot_truncated	frameshift;start_lost	chr15:38162925-38163161	0.9397590361445785
rna-NM_173089.2	0.0	1.0	0.3651162790697674	1.0	miniprot_identical	synonymous	chr15:40215833-40217821	1.0
rna-NM_001145112.2	0.0	0.9889705882352942	0.8353973168214655	0.9889705882352942	miniprot_truncated	start_lost;inframe_deletion	chr15:42473925-42483666	0.9889705882352942
rna-NM_001198999.2	0.0	1.0	0.5024826216484608	1.0	miniprot_identical	synonymous	chr15:45567832-45579823	1.0
rna-NM_001370415.1	0.0	1.0	0.0903083700440528	1.0	miniprot_identical	synonymous	chr15:46009392-46009637	1.0
rna-NM_001406718.1	0.0	1.0	0.0911242603550295	1.0	miniprot_identical	synonymous	chr15:46451226-46452960	1.0
rna-NM_001324092.2	0.0	0.997229916897507	0.2433648223121907	0.997229916897507	miniprot_truncated	inframe_deletion	chr15:67083733-67091707	0.997229916897507
rna-NM_018652.5	0.0	0.9956772334293948	0.3861018208844295	0.9956772334293948	miniprot_truncated	frameshift	chr15:71936820-71948415	0.9956772334293948
rna-NM_018652.5_1	0.0	0.989913544668588	0.3848011891490152	0.989913544668588	miniprot_truncated	frameshift	chr15:71888269-71899859	0.989913544668588
rna-XM_047433430.1	0.0	0.9972602739726028	0.8666666666666667	0.9972602739726028	miniprot_truncated	inframe_deletion;stop_missing	chr15:71193223-71195495	0.9972602739726028
rna-NM_001301104.2	0.0	1.0	0.1156558533145275	1.0	miniprot_identical	synonymous	chr15:72918548-72919221	1.0
rna-NM_018670.4	0.0	1.0	0.7360730593607306	1.0	miniprot_identical	synonymous	chr15:87506021-87507108	1.0
rna-NM_005632.3	0.0	1.0	0.6666666666666666	1.0	miniprot_identical	synonymous	chr16:549916-556934	1.0
rna-XM_047434179.1	0.0	0.9968051118210862	0.403010752688172	0.9968051118210862	miniprot_truncated	inframe_deletion	chr16:3382985-3383923	0.9968051118210862
rna-NM_001286271.2	0.0	1.0	0.5574935400516796	1.0	miniprot_identical	synonymous	chr16:4536371-4539231	1.0
rna-NM_001253790.1	0.0	1.0	0.2441860465116279	1.0	miniprot_identical	synonymous	chr16:4825217-4825713	1.0
rna-NM_001415887.1	0.0	0.6358885017421603	0.2448160535117056	0.6358885017421603	miniprot_truncated	frameshift;start_lost;stop_missing	chr16:7549720-7740737	0.6358885017421603
rna-NM_001290098.1	0.0	0.9615384615384616	0.5365418894830659	0.9615384615384616	miniprot_truncated	inframe_deletion;stop_missing	chr16:8621732-8622359	0.9615384615384616
rna-NM_014015.4	0.0	1.0	0.1835564053537285	1.0	miniprot_identical	synonymous	chr16:10977695-10977982	1.0
rna-NM_001079528.4	0.0	1.0	0.4166666666666667	1.0	miniprot_identical	synonymous	chr16:16227077-16228943	1.0
rna-XM_005255308.2	0.0	0.996219281663516	0.6038812785388128	0.996219281663516	miniprot_truncated	frameshift;start_lost	chr16:27640991-27642577	0.996219281663516
rna-NM_001024401.3	0.0	1.0	0.2557160048134777	1.0	miniprot_identical	synonymous	chr16:28597922-28601455	1.0
rna-NM_001282524.2	0.0	0.9929577464788732	0.6671899529042387	0.9929577464788732	miniprot_truncated	frameshift	chr16:29033055-29053343	0.9929577464788732
rna-XM_047435035.1	0.0	1.0	0.8451977401129943	1.0	miniprot_identical	synonymous	chr16:28644791-28646607	1.0
rna-NM_001017390.3	0.0	1.0	0.6541297935103245	1.0	miniprot_identical	synonymous	chr16:30485283-30488473	1.0
rna-NM_001328422.2	0.0	1.0	0.1547911547911548	1.0	miniprot_identical	synonymous	chr16:59493147-59498556	1.0
rna-NM_001288992.3	0.0	1.0	0.49527665317139	1.0	miniprot_identical	synonymous	chr16:73621753-73623775	1.0
rna-XM_047434062.1	0.0	0.9843400447427292	0.5296694544006372	0.9843400447427292	miniprot_truncated	frameshift	chr16:80341359-80353624	0.9843400447427292
rna-XM_047434062.1_1	0.0	0.9843400447427292	0.5300677021107129	0.9843400447427292	miniprot_truncated	frameshift	chr16:80455692-80467945	0.9843400447427292
rna-NM_001322117.1	0.0	0.9920454545454546	0.2856522211360921	0.9920454545454546	miniprot_truncated	frameshift	chr16:80370980-80407379	0.9920454545454546
rna-NM_001322118.1_1	0.0	0.9910256410256412	0.2623227548953409	0.9910256410256412	miniprot_truncated	inframe_deletion	chr16:80256578-80286156	0.9910256410256412
rna-NM_001393497.1	0.0	1.0	0.4316831683168317	1.0	miniprot_identical	synonymous	chr16:76465771-76471373	1.0
rna-NM_001384360.1	0.0	0.9956331877729258	0.4638269100743746	0.9956331877729258	miniprot_truncated	frameshift	chr16:77892709-77893395	0.9956331877729258
rna-NM_001318473.2	0.0	1.0	0.3330188679245283	1.0	miniprot_identical	synonymous	chr16:81215977-81217035	1.0
rna-XM_024450279.2	0.0	1.0	0.0936813857038302	1.0	miniprot_identical	synonymous	chr16:85642246-85656239	1.0
rna-NM_001031804.3_1	0.0	1.0	0.1626086956521739	1.0	miniprot_identical	synonymous	chr16:85655118-85656239	1.0
rna-NM_004483.5	0.0	1.0	0.3333333333333333	1.0	miniprot_identical	synonymous	chr1:167407368-167407889	1.0
rna-NM_001243131.1	0.0	0.9757575757575756	0.1114934618031658	0.9757575757575756	miniprot_truncated	frameshift	chr17:17328454-17329089	0.9757575757575756
rna-XM_005256758.4	0.0	0.978328173374613	0.2633333333333333	0.978328173374613	miniprot_truncated	frameshift;start_lost	chr17:687211-712339	0.978328173374613
rna-NM_001322842.2	0.0	1.0	0.2964959568733153	1.0	miniprot_identical	synonymous	chr17:1119165-1120648	1.0
rna-NM_005206.5	0.0	0.9902439024390244	0.1654441727791361	0.9902439024390244	miniprot_truncated	frameshift;stop_missing	chr17:1325511-1344839	0.9902439024390244
rna-NM_001329904.2	0.0	1.0	0.5167037861915368	1.0	miniprot_identical	synonymous	chr17:1660693-1666146	1.0
rna-XM_005256570.4	0.0	0.9977777777777778	0.9322268326417704	0.9977777777777778	miniprot_truncated	frameshift	chr17:2167776-2190801	0.9977777777777778
rna-XM_011524114.4	0.0	0.9855769230769232	0.0598837209302325	0.9855769230769232	miniprot_truncated	frameshift;start_lost;stop_missing	chr17:14251204-14251821	0.9855769230769232
rna-XM_017025480.3_1	0.0	1.0	0.1448189762796504	1.0	miniprot_identical	synonymous	chr17:13505898-13508315	1.0
rna-NM_001348781.2	0.0	1.0	0.5540540540540541	1.0	miniprot_identical	synonymous	chr17:13932394-13933297	1.0
rna-XM_047435373.1	0.0	0.9652173913043478	0.3518225039619651	0.9652173913043478	miniprot_truncated	start_lost;inframe_deletion	chr17:15876855-15877520	0.9652173913043478
rna-XM_047437233.1	0.0	1.0	0.1877504293073841	1.0	miniprot_identical	synonymous	chr17:20945122-20947089	1.0
rna-NM_001303542.3	0.0	0.9850746268656716	0.1925088167335522	0.9850746268656716	miniprot_truncated	start_lost;inframe_deletion	chr17:32463422-32477494	0.9850746268656716
rna-XM_011524234.2	0.0	1.0	0.332220367278798	1.0	miniprot_identical	synonymous	chr17:38498956-38499552	1.0
rna-NM_174919.4	0.0	0.9962121212121212	0.5938438438438438	0.9962121212121212	miniprot_truncated	frameshift	chr17:46283200-46283991	0.9962121212121212
rna-NM_001288813.1	0.0	0.9775280898876404	0.1201657458563535	0.9775280898876404	miniprot_truncated	frameshift;stop_missing	chr17:47432325-47437890	0.9775280898876404
rna-XM_024450816.2	0.0	1.0	0.5762081784386617	1.0	miniprot_identical	synonymous	chr17:51634077-51634541	1.0
rna-XM_047436529.1	0.0	1.0	0.0764283011729095	1.0	miniprot_identical	synonymous	chr17:58879755-58881145	1.0
rna-XM_024450657.2	0.0	1.0	0.2258628221930974	1.0	miniprot_identical	synonymous	chr17:59833903-59849106	1.0
rna-NM_001270422.2	0.0	1.0	0.2994996426018584	1.0	miniprot_identical	synonymous	chr17:71010410-71011666	1.0
rna-NM_006937.4	0.0	0.9895833333333334	0.0899621212121212	0.9895833333333334	miniprot_truncated	frameshift	chrX:114127125-114127412	0.9895833333333334
rna-NM_001088.3	0.0	1.0	0.6419753086419753	1.0	miniprot_identical	synonymous	chr17:77365323-77366546	1.0
rna-NM_001113496.2	0.0	0.9970238095238096	0.3339966832504146	0.9970238095238096	miniprot_truncated	frameshift	chr17:78375878-78392688	0.9970238095238096
rna-NM_001271844.2	0.0	0.9949109414758268	0.1204413116763714	0.9949109414758268	miniprot_truncated	frameshift;start_lost	chr17:80838790-80848515	0.9949109414758268
rna-NM_000199.5	0.0	1.0	0.557280118255728	1.0	miniprot_identical	synonymous	chr17:81110877-81120734	1.0
rna-XM_024450705.2	0.0	0.9959839357429718	0.6352040816326531	0.9959839357429718	miniprot_truncated	frameshift;start_lost	chr17:83309917-83311516	0.9959839357429718
rna-XM_024451147.2	0.0	1.0	0.6266666666666667	1.0	miniprot_identical	synonymous	chr18:39192-40178	1.0
rna-XM_024451147.2_1	0.0	1.0	0.6266666666666667	1.0	miniprot_identical	synonymous	chr18:93208-94194	1.0
rna-XM_024451147.2_2	0.0	1.0	0.6266666666666667	1.0	miniprot_identical	synonymous	chr18:147254-148240	1.0
rna-NM_174886.3	0.0	1.0	0.2400379506641366	1.0	miniprot_identical	synonymous	chr18:3615863-3617405	1.0
rna-NM_001292039.2	0.0	1.0	0.3378136200716846	1.0	miniprot_identical	synonymous	chr18:50916908-50931597	1.0
rna-XM_017025917.3	0.0	0.9798994974874372	0.3444835680751174	0.9798994974874372	miniprot_truncated	inframe_deletion;stop_missing	chr18:63523140-63523727	0.9798994974874372
rna-NM_001354021.2	0.0	0.9873417721518988	0.1907090464547677	0.9873417721518988	miniprot_truncated	inframe_deletion;stop_missing	chr18:73080283-73088749	0.9873417721518988
rna-NM_005786.6	0.0	0.999031945788964	0.6258090614886731	0.999031945788964	miniprot_truncated	frameshift	chr18:75514926-75518024	0.999031945788964
rna-NM_001396408.1	0.0	0.9886363636363636	0.0714285714285714	0.9886363636363636	miniprot_truncated	frameshift;stop_missing	chr19:5554346-5554606	0.9886363636363636
rna-NM_001031.5	0.0	0.9857142857142858	0.1569069069069069	0.9857142857142858	miniprot_truncated	frameshift;start_lost	chr17:18519583-18519792	0.9857142857142858
rna-NM_001378599.1	0.0	0.993103448275862	0.1711019120835797	0.993103448275862	miniprot_truncated	frameshift	chr19:8671906-8672775	0.993103448275862
rna-NM_001393532.1	0.0	0.9948717948717948	0.6521252796420581	0.9948717948717948	miniprot_truncated	inframe_deletion	chr19:8953646-8954230	0.9948717948717948
rna-XM_047438597.1	0.0	1.0	0.4287833827893175	1.0	miniprot_identical	synonymous	chr19:9377399-9378265	1.0
rna-NM_001348724.2	0.0	1.0	0.446078431372549	1.0	miniprot_identical	synonymous	chr19:11995686-11996777	1.0
rna-XM_047439737.1	0.0	1.0	0.3908629441624365	1.0	miniprot_identical	synonymous	chr19:14691009-14692612	1.0
rna-NM_001400072.1	0.0	1.0	0.256198347107438	1.0	miniprot_identical	synonymous	chr19:17440783-17441269	1.0
rna-NM_000980.4	0.0	0.9717514124293786	0.8144654088050315	0.9717514124293786	miniprot_truncated	frameshift	chr2:47695713-47696243	0.9717514124293786
rna-XM_047439360.1	0.0	1.0	0.4491887275832621	1.0	miniprot_identical	synonymous	chr19:20255133-20256710	1.0
rna-XM_047439355.1	0.0	1.0	0.7382645803698435	1.0	miniprot_identical	synonymous	chr19:21087244-21088800	1.0
rna-NM_001316997.2	0.0	1.0	0.3711026615969581	1.0	miniprot_identical	synonymous	chr19:22226374-22227837	1.0
rna-XM_047438002.1	0.0	0.9947368421052633	0.5112309074573226	0.9947368421052633	miniprot_truncated	inframe_deletion	chr19:23280230-23281369	0.9947368421052633
rna-NM_001278663.2	0.0	1.0	0.4329819277108434	1.0	miniprot_identical	synonymous	chr19:24276445-24278169	1.0
rna-XM_047439607.1	0.0	0.992633517495396	0.7602256699576869	0.992633517495396	miniprot_truncated	frameshift;start_lost	chr19:37487837-37489453	0.992633517495396
rna-NM_001316903.2	0.0	1.0	0.4574780058651026	1.0	miniprot_identical	synonymous	chr19:38261294-38262066	1.0
rna-XM_011526510.3	0.0	1.0	0.5346020761245674	1.0	miniprot_identical	synonymous	chr19:39802179-39804032	1.0
rna-XM_047438695.1	0.0	1.0	0.3961105424769703	1.0	miniprot_identical	synonymous	chr19:40164128-40165288	1.0
rna-NM_001291485.2	0.0	0.9962406015037594	0.3354377104377104	0.9962406015037594	miniprot_truncated	inframe_deletion	chr19:44496707-44507459	0.9962406015037594
rna-NM_031451.5	0.0	0.9850746268656716	0.5057471264367817	0.9850746268656716	miniprot_truncated	start_lost;inframe_deletion	chr19:46236253-46238772	0.9850746268656716
rna-NM_001289172.2	0.0	1.0	0.7115384615384616	1.0	miniprot_identical	synonymous	chr19:47057583-47059691	1.0
rna-NM_001319055.2	0.0	0.9924242424242424	0.2287694974003466	0.9924242424242424	miniprot_truncated	frameshift	chr19:47915246-47915641	0.9924242424242424
rna-XM_047439252.1	0.0	1.0	0.3628318584070796	1.0	miniprot_identical	synonymous	chr19:52102811-52103179	1.0
rna-NM_012423.4	0.0	0.9950980392156864	0.5398936170212766	0.9950980392156864	miniprot_truncated	frameshift	chr10:97631522-97632133	0.9950980392156864
rna-NM_012423.4_1	0.0	0.9754901960784312	0.5310283687943262	0.9754901960784312	miniprot_truncated	frameshift	chr13:53656777-53657388	0.9754901960784312
rna-XM_047438194.1	0.0	0.9980842911877394	0.2392966360856269	0.9980842911877394	miniprot_truncated	frameshift	chr19:55595175-55596740	0.9980842911877394
rna-XM_017026192.2	0.0	0.9835766423357664	0.5593395252837977	0.9835766423357664	miniprot_truncated	frameshift;stop_missing	chr19:57724474-57728807	0.9835766423357664
rna-XM_017026867.2	0.0	1.0	0.5012658227848101	1.0	miniprot_identical	synonymous	chr19:58740487-58741080	1.0
rna-XM_047439045.1	0.0	0.9847715736040608	0.4	0.9847715736040608	miniprot_truncated	frameshift;start_lost	chr19:59258495-59259082	0.9847715736040608
rna-XM_047439806.1	0.0	0.9968051118210862	0.3541194255479969	0.9968051118210862	miniprot_truncated	inframe_deletion	chr19:59661484-59662422	0.9968051118210862
rna-XM_011526328.3	0.0	1.0	0.5584843492586491	1.0	miniprot_identical	synonymous	chr19:61308115-61309605	1.0
rna-XM_006723833.5	0.0	1.0	0.0379410757108598	1.0	miniprot_identical	synonymous	chr20:45916134-45921335	1.0
rna-NM_175913.4_1	0.0	0.9769230769230768	0.1877166914314016	0.9769230769230768	miniprot_truncated	inframe_deletion;stop_missing	chr20:45920955-45921335	0.9769230769230768
rna-NM_001281444.2	0.0	1.0	0.1515748031496063	1.0	miniprot_identical	synonymous	chr20:46350329-46354136	1.0
rna-XM_047439839.1	0.0	0.9893992932862192	0.7650273224043715	0.9893992932862192	miniprot_truncated	frameshift;stop_missing	chr20:64660394-64661233	0.9893992932862192
rna-NM_001320719.1	0.0	1.0	0.3982558139534883	1.0	miniprot_identical	synonymous	chr21:41561427-41563375	1.0
rna-NM_001313692.1	0.0	0.9491525423728814	0.193103448275862	0.9491525423728814	miniprot_truncated	inframe_deletion	chr6:86952572-86952748	0.9491525423728814
rna-NM_001394150.1_1	0.0	0.9130434782608696	0.1919770773638968	0.9130434782608696	miniprot_truncated	frameshift;start_lost;stop_missing	chr21:32781755-32781955	0.9130434782608696
rna-NM_001330065.1	0.0	0.9924812030075189	0.1234108527131783	0.9924812030075189	miniprot_truncated	frameshift	chr21:32831801-32832199	0.9924812030075189
rna-XM_011544009.3	0.0	1.0	0.5598086124401914	1.0	miniprot_identical	synonymous	chr13:5279471-5280466	1.0
rna-XM_011544009.3_1	0.0	1.0	0.5598086124401914	1.0	miniprot_identical	synonymous	chr14:1579941-1580923	1.0
rna-XM_011544009.3_2	0.0	0.9914529914529916	0.5566188197767146	0.9914529914529916	miniprot_truncated	start_lost;inframe_deletion	chr21:7543846-7544789	0.9914529914529916
rna-XM_011544009.3_3	0.0	0.9914529914529916	0.5566188197767146	0.9914529914529916	miniprot_truncated	start_lost;inframe_deletion	chr22:10576539-10577482	0.9914529914529916
rna-XM_011544009.3_4	0.0	0.9914529914529916	0.5582137161084529	0.9914529914529916	miniprot_truncated	inframe_deletion	chr22:3761545-3762538	0.9914529914529916
rna-NM_001290224.2	0.0	0.9927536231884058	0.6639871382636656	0.9927536231884058	miniprot_truncated	frameshift	chr13:13455733-13500110	0.9927536231884058
rna-NM_001207063.2	0.0	0.9960474308300395	0.14218720690302	0.9960474308300395	miniprot_truncated	inframe_deletion	chr21:15868179-15920658	0.9960474308300395
rna-NM_001204175.2	0.0	1.0	0.3272471910112359	1.0	miniprot_identical	synonymous	chr21:16616375-16625860	1.0
rna-NM_013240.6	0.0	1.0	0.1324285420522311	1.0	miniprot_identical	synonymous	chr21:27239559-27248564	1.0
rna-NM_018944.3	0.0	1.0	0.4534883720930232	1.0	miniprot_identical	synonymous	chr21:30638693-30648674	1.0
rna-NM_175085.3	0.0	1.0	0.6044568245125348	1.0	miniprot_identical	synonymous	chr21:31906604-31921154	1.0
rna-NM_004965.7	0.0	0.9801980198019802	0.2342767295597484	0.9801980198019802	miniprot_truncated	inframe_deletion	chr15:90474097-90474402	0.9801980198019802
rna-XM_011529720.3	0.0	1.0	0.9352941176470588	1.0	miniprot_identical	synonymous	chr21:42368118-42452278	1.0
rna-XM_017028481.3	0.0	0.9919354838709676	0.3416666666666667	0.9919354838709676	miniprot_truncated	frameshift	chr13:17911155-17911526	0.9919354838709676
id-LOC124905154	0.0	0.9827586206896552	0.7695749440715883	0.9827586206896552	miniprot_truncated	inframe_deletion	chr22:11294096-11296373	0.9827586206896552
rna-XM_006724079.4	0.0	0.9979231568016614	0.336484593837535	0.9979231568016614	miniprot_truncated	frameshift;stop_missing	chr22:18208166-18219888	0.9979231568016614
rna-NM_001270733.2	0.0	1.0	0.1463068181818181	1.0	miniprot_identical	synonymous	chr22:18394651-18395268	1.0
rna-NM_001256356.2	0.0	0.91869918699187	0.1247288503253796	0.91869918699187	miniprot_truncated	frameshift	chr14:49434562-49434912	0.91869918699187
rna-NM_001201429.2	0.0	0.9995393827729157	0.9191020753917832	0.9995393827729157	miniprot_truncated	start_lost;inframe_deletion	chr22:24497700-24639810	0.9995393827729157
rna-NM_001002876.3	0.0	0.9629629629629628	0.3664302600472813	0.9629629629629628	miniprot_truncated	frameshift;stop_missing	chr22:42424837-42426689	0.9629629629629628
rna-XM_017030146.3	0.0	0.9927536231884058	0.4419475655430712	0.9927536231884058	miniprot_truncated	frameshift	chr22:19148632-19164556	0.9927536231884058
rna-XM_047442803.1	0.0	0.9770992366412212	0.3691499522445081	0.9770992366412212	miniprot_truncated	frameshift;start_lost	chr14:2109029-2109811	0.9770992366412212
rna-XM_011546186.2	0.0	1.0	0.5547034764826176	1.0	miniprot_identical	synonymous	chrY:1255896-1260300	1.0
rna-NM_001195328.2	0.0	1.0	0.3112480739599383	1.0	miniprot_identical	synonymous	chrX:13290143-13290748	1.0
rna-NM_001368994.1	0.0	1.0	0.2228682170542635	1.0	miniprot_identical	synonymous	chr17:60969718-60971617	1.0
rna-XM_011545528.3	0.0	1.0	0.5204518893650175	1.0	miniprot_identical	synonymous	chrX:17304087-17315080	1.0
rna-XM_024452372.2	0.0	1.0	0.5205930807248764	1.0	miniprot_identical	synonymous	chrX:27337683-27339581	1.0
rna-NM_014271.4	0.0	0.6284074605451937	0.3634854771784232	0.6284074605451937	miniprot_truncated	frameshift;start_lost	chrX:29509638-29548001	0.6284074605451937
rna-NM_001378477.3	0.0	0.9853249475890984	0.5838509316770186	0.9853249475890984	miniprot_truncated	frameshift;start_lost	chrX:40877578-40878987	0.9853249475890984
rna-NM_001127212.4	0.0	0.9914529914529916	0.6272401433691757	0.9914529914529916	miniprot_truncated	frameshift	chrX:48906490-48912566	0.9914529914529916
rna-NM_018159.4	0.0	1.0	0.2073887489504618	1.0	miniprot_identical	synonymous	chrX:50767243-50767737	1.0
rna-NM_001005332.2	0.0	1.0	0.8868640850417616	1.0	miniprot_identical	synonymous	chrX:51166002-51173626	1.0
rna-NM_001097594.3	0.0	1.0	0.5093167701863354	1.0	miniprot_identical	synonymous	chrX:51796799-51800161	1.0
rna-NM_001321181.2	0.0	1.0	0.2959889349930844	1.0	miniprot_identical	synonymous	chrX:52192112-52192753	1.0
rna-NM_198456.3	0.0	0.9748953974895398	0.628032345013477	0.9748953974895398	miniprot_truncated	frameshift;stop_missing	chrX:53472389-53473087	0.9748953974895398
rna-XM_011530786.4	0.0	0.9401709401709402	0.6363636363636364	0.9401709401709402	miniprot_truncated	frameshift;start_lost;stop_missing	chrX:54369150-54370649	0.9401709401709402
rna-NM_001010862.3	0.0	1.0	0.1747638326585695	1.0	miniprot_identical	synonymous	chrX:56292997-56293773	1.0
rna-NM_001319967.1	0.0	1.0	0.0431924882629108	1.0	miniprot_identical	synonymous	chrX:56978908-56979045	1.0
rna-NM_001010888.4	0.0	1.0	0.3035908596300326	1.0	miniprot_identical	synonymous	chrX:63915247-63929654	1.0
rna-NM_001013627.3	0.0	0.9241435562805872	0.2492115878254492	0.9241435562805872	miniprot_truncated	start_lost;inframe_deletion	chrX:70565681-70577179	0.9241435562805872
rna-NM_001166420.2	0.0	1.0	0.532608695652174	1.0	miniprot_identical	synonymous	chrX:71000800-71005676	1.0
rna-NM_001386972.1	0.0	1.0	0.3963039014373716	1.0	miniprot_identical	synonymous	chrX:71278627-71281869	1.0
rna-NM_001363821.1	0.0	1.0	0.2114216281895504	1.0	miniprot_identical	synonymous	chrX:73727162-73737180	1.0
rna-NM_001170574.2	0.0	0.9974358974358974	0.3764895330112721	0.9974358974358974	miniprot_truncated	frameshift	chrX:78876086-78877255	0.9974358974358974
rna-XM_011530926.4	0.0	1.0	0.2324929971988795	1.0	miniprot_identical	synonymous	chrX:92154562-92155308	1.0
rna-NM_001145951.2	0.0	0.9183673469387756	0.0453929539295392	0.9183673469387756	miniprot_truncated	inframe_deletion;stop_missing	chrX:99792651-99792785	0.9183673469387756
rna-NM_001006935.3	0.0	1.0	0.5118483412322274	1.0	miniprot_identical	synonymous	chrX:102033663-102034310	1.0
rna-NM_001171020.2	0.0	1.0	0.501078360891445	1.0	miniprot_identical	synonymous	chrX:104637414-104639504	1.0
rna-NM_001171092.1	0.0	1.0	0.219790675547098	1.0	miniprot_identical	synonymous	chrX:105364745-105365437	1.0
rna-XM_047442243.1	0.0	0.967741935483871	0.7716727716727717	0.967741935483871	miniprot_truncated	inframe_deletion;stop_missing	chrX:105551865-105555061	0.967741935483871
rna-NM_001348372.2	0.0	1.0	0.2553897180762852	1.0	miniprot_identical	synonymous	chrX:106230957-106231418	1.0
rna-NM_001385449.1	0.0	1.0	0.7691029900332226	1.0	miniprot_identical	synonymous	chrX:108898528-108903231	1.0
rna-NM_001004308.3	0.0	1.0	0.287962962962963	1.0	miniprot_identical	synonymous	chrX:110904841-110905773	1.0
rna-NM_001394074.1	0.0	0.5214521452145214	0.233900814211695	0.5214521452145214	miniprot_truncated	inframe_deletion;stop_missing	chrX:131281521-131283316	0.5214521452145214
rna-NM_001348255.2	0.0	1.0	0.0841320553780617	1.0	miniprot_identical	synonymous	chrX:133423765-133424001	1.0
rna-XM_047441926.1	0.0	1.0	0.3483870967741935	1.0	miniprot_identical	synonymous	chrX:134514824-134518345	1.0
rna-NM_177456.2	0.0	1.0	0.6098418277680141	1.0	miniprot_identical	synonymous	chrX:140205465-140206505	1.0
rna-NM_000808.4	0.0	1.0	0.4031071136549468	1.0	miniprot_identical	synonymous	chrX:150434292-150631234	1.0
rna-NM_032882.6	0.0	1.0	0.5357462019660411	1.0	miniprot_identical	synonymous	chrX:151340611-151341810	1.0
rna-XM_047442418.1	0.0	0.998545101842871	0.7682078051205568	0.998545101842871	miniprot_truncated	frameshift	chrX:151389691-151395876	0.998545101842871
rna-NM_001205201.2	0.0	0.9902676399026764	0.7872340425531915	0.9902676399026764	miniprot_truncated	frameshift;start_lost	chrX:152433010-152450010	0.9902676399026764
rna-NM_001205201.2_1	0.0	0.9902676399026764	0.7872340425531915	0.9902676399026764	miniprot_truncated	frameshift;start_lost	chrX:152470133-152487125	0.9902676399026764
rna-NM_001304990.2	0.0	1.0	0.0969656253499048	1.0	miniprot_identical	synonymous	chrX:153999111-153999977	1.0
rna-NM_022573.4	0.0	0.9935275080906149	0.7917737789203085	0.9935275080906149	miniprot_truncated	frameshift	chrY:9613251-9615813	0.9935275080906149
rna-NM_022573.4_1	0.0	0.9935275080906149	0.7917737789203085	0.9935275080906149	miniprot_truncated	frameshift	chrY:9775652-9778214	0.9935275080906149
rna-NM_001164471.2	0.0	0.9968253968253968	0.7998303647158609	0.9968253968253968	miniprot_truncated	frameshift	chrY:9653868-9656448	0.9968253968253968
rna-NM_001243721.2	0.0	0.9935275080906149	0.7967269595176572	0.9935275080906149	miniprot_truncated	frameshift	chrY:8984308-8986870	0.9935275080906149
rna-XM_011544004.3	0.0	0.9965397923875432	0.7497835497835498	0.9965397923875432	miniprot_truncated	frameshift	chrY:9065503-9067318	0.9965397923875432
rna-XM_011544004.3_1	0.0	0.9930795847750864	0.7489177489177489	0.9930795847750864	miniprot_truncated	frameshift	chrY:9795960-9797775	0.9930795847750864
rna-NM_001197242.2	0.0	0.9932203389830508	0.7510656436487638	0.9932203389830508	miniprot_truncated	frameshift	chrY:9511774-9513589	0.9932203389830508
rna-NM_001396063.1	0.0	0.9936507936507936	0.7998303647158609	0.9936507936507936	miniprot_truncated	frameshift	chrY:9045212-9047792	0.9936507936507936
rna-XM_047442736.1	0.0	1.0	0.7285714285714285	1.0	miniprot_identical	synonymous	chrY:22370902-22377230	1.0
rna-NM_001002758.1	0.0	1.0	0.3583535108958838	1.0	miniprot_identical	synonymous	chrY:25168044-25180565	1.0
rna-NM_001002758.1_1	0.0	1.0	0.3583535108958838	1.0	miniprot_identical	synonymous	chrY:26787995-26800515	1.0
rna-XM_011546266.3	0.0	0.9101796407185628	0.3543543543543543	0.9101796407185628	miniprot_truncated	frameshift;stop_missing	chr22:3778807-3798890	0.9101796407185628
rna-XM_011546266.3_1	0.0	0.9101796407185628	0.3543543543543543	0.9101796407185628	miniprot_truncated	frameshift;stop_missing	chr13:5296742-5316822	0.9101796407185628
rna-XM_011546267.2	0.0	0.936	0.7637130801687764	0.936	miniprot_truncated	frameshift	chr21:5692665-5693039	0.936
rna-XM_011546267.2_1	0.0	0.928	0.7637130801687764	0.928	miniprot_truncated	frameshift	chr14:2929123-2929497	0.928
rna-XM_047442804.1	0.0	0.971830985915493	0.3317551572539736	0.971830985915493	miniprot_truncated	inframe_deletion	chr14:29183-32164	0.971830985915493
rna-XM_047442804.1_1	0.0	0.971830985915493	0.3317551572539736	0.971830985915493	miniprot_truncated	inframe_deletion	chr14:60581-63562	0.971830985915493
rna-XM_047442804.1_2	0.0	0.971830985915493	0.3317551572539736	0.971830985915493	miniprot_truncated	inframe_deletion	chr14:85709-88690	0.971830985915493
rna-XM_047442804.1_3	0.0	0.971830985915493	0.3317551572539736	0.971830985915493	miniprot_truncated	inframe_deletion	chr14:54303-57284	0.971830985915493
rna-XM_047442804.1_4	0.0	0.971830985915493	0.3317551572539736	0.971830985915493	miniprot_truncated	inframe_deletion	chr14:35463-38444	0.971830985915493
rna-XM_047442804.1_5	0.0	0.971830985915493	0.3317551572539736	0.971830985915493	miniprot_truncated	inframe_deletion	chr14:91989-94970	0.971830985915493
rna-XM_047442804.1_6	0.0	0.971830985915493	0.3317551572539736	0.971830985915493	miniprot_truncated	inframe_deletion	chr14:66861-69842	0.971830985915493
rna-XM_047442804.1_7	0.0	0.9758551307847082	0.3319806109795964	0.9758551307847082	miniprot_truncated	inframe_deletion	chr22:69800-72781	0.9758551307847082
rna-XM_047442804.1_8	0.0	0.9748490945674044	0.3317551572539736	0.9748490945674044	miniprot_truncated	inframe_deletion	chr22:146284-149265	0.9748490945674044
rna-XM_047442804.1_9	0.0	0.9748490945674044	0.331867884116785	0.9748490945674044	miniprot_truncated	inframe_deletion	chr22:95234-98215	0.9748490945674044
rna-XM_047442804.1_10	0.0	0.9748490945674044	0.3317551572539736	0.9748490945674044	miniprot_truncated	inframe_deletion	chr22:107959-110940	0.9748490945674044
rna-XM_047442804.1_11	0.0	0.9748490945674044	0.3317551572539736	0.9748490945674044	miniprot_truncated	inframe_deletion	chr22:82521-85502	0.9748490945674044
rna-XM_047442804.1_13	0.0	0.971830985915493	0.331867884116785	0.971830985915493	miniprot_truncated	inframe_deletion	chr14:179954-182935	0.971830985915493
rna-XM_047442804.1_15	0.0	0.9698189134808852	0.3311915229399166	0.9698189134808852	miniprot_truncated	inframe_deletion	chr14:41743-44724	0.9698189134808852
rna-XM_047442804.1_16	0.0	0.9698189134808852	0.3315297035283508	0.9698189134808852	miniprot_truncated	inframe_deletion	chr14:198803-201784	0.9698189134808852
rna-XM_047442804.1_17	0.0	0.9688128772635816	0.3314169766655394	0.9688128772635816	miniprot_truncated	inframe_deletion	chr14:148497-151478	0.9688128772635816
rna-XM_047442804.1_18	0.0	0.9678068410462776	0.331304249802728	0.9678068410462776	miniprot_truncated	inframe_deletion	chr14:205079-208060	0.9678068410462776
rna-XM_047442804.1_19	0.0	0.9698189134808852	0.3315297035283508	0.9698189134808852	miniprot_truncated	inframe_deletion	chr14:142221-145202	0.9698189134808852
rna-XM_047442804.1_20	0.0	0.9698189134808852	0.3315297035283508	0.9698189134808852	miniprot_truncated	inframe_deletion	chr14:117106-120087	0.9698189134808852
rna-XM_047442804.1_21	0.0	0.9698189134808852	0.3315297035283508	0.9698189134808852	miniprot_truncated	inframe_deletion	chr14:104548-107529	0.9698189134808852
rna-XM_047442804.1_24	0.0	0.9668008048289738	0.3310787960771051	0.9668008048289738	miniprot_truncated	inframe_deletion	chr14:192527-195508	0.9668008048289738
rna-NM_001135021.2-2	0.0	0.9473684210526316	0.0817236255572065	0.9473684210526316	miniprot_truncated	frameshift;stop_missing	chr2:85359208-85359264	0.9473684210526316
rna-NM_003648.3-2	0.0	0.9615384615384616	0.7318611987381703	0.9615384615384616	miniprot_truncated	frameshift;stop_missing	chr2:233876298-233878565	0.9615384615384616
rna-NM_001167674.2-2	0.0	0.9545454545454546	0.0934306569343065	0.9545454545454546	miniprot_truncated	frameshift;stop_missing	chr3:85024624-85024689	0.9545454545454546
rna-XM_047443304.1	0.0	1.0	0.4208566108007449	1.0	miniprot_identical	synonymous	chr5:70466052-70478499	1.0
rna-XM_047443090.1	0.0	0.9954198473282444	0.988905698436712	0.9954198473282444	miniprot_truncated	inframe_deletion	chr5:21487101-21489068	0.9954198473282444
rna-NM_001199847.2-2	0.0	0.9473684210526316	0.1428571428571428	0.9473684210526316	miniprot_truncated	frameshift;stop_missing	chr7:100377007-100377063	0.9473684210526316
rna-XM_047443174.1	0.0	0.9939024390243902	0.3279893119572478	0.9939024390243902	miniprot_truncated	frameshift	chr8:11679135-11680160	0.9939024390243902
rna-XM_047443188.1	0.0	0.9913978494623656	0.8333333333333334	0.9913978494623656	miniprot_truncated	frameshift	chr8:11830798-11833808	0.9913978494623656
rna-XM_047443188.1_1	0.0	0.9913978494623656	0.8333333333333334	0.9913978494623656	miniprot_truncated	frameshift	chr8:11761966-11764976	0.9913978494623656
rna-XM_047443205.1	0.0	0.9938271604938272	0.2333333333333333	0.9938271604938272	miniprot_truncated	frameshift	chr10:48352670-48353155	0.9938271604938272
rna-XM_047443205.1_1	0.0	0.9876543209876544	0.2333333333333333	0.9876543209876544	miniprot_truncated	frameshift	chr10:48835622-48836107	0.9876543209876544
rna-NM_001024808.3-2	0.0	0.48	0.0250423011844331	0.48	miniprot_truncated	inframe_deletion;stop_codon_gain	chr12:122054887-122054961	0.48
rna-NM_182484.2	0.0	1.0	0.0711183496199782	1.0	miniprot_identical	synonymous	chr13:10856186-10857786	1.0
rna-NM_182484.2_1	0.0	1.0	0.0716612377850162	1.0	miniprot_identical	synonymous	chr13:13834905-13836505	1.0
rna-XM_047443243.1	0.0	0.9972972972972972	0.7284681130834977	0.9972972972972972	miniprot_truncated	inframe_deletion	chr15:17950335-17951444	0.9972972972972972
rna-XM_047443236.1	0.0	0.9403973509933776	0.4423676012461059	0.9403973509933776	miniprot_truncated	frameshift;start_lost;stop_missing	chr15:21163341-21165952	0.9403973509933776
rna-XM_047443236.1_1	0.0	0.933774834437086	0.4413291796469366	0.933774834437086	miniprot_truncated	frameshift;start_lost;stop_missing	chr15:18428072-18430681	0.933774834437086
rna-NM_001042497.2-2	0.0	0.9479166666666666	0.219551282051282	0.9479166666666666	miniprot_truncated	frameshift;stop_missing	chr15:32134710-32134985	0.9479166666666666
rna-XM_047443118.1	0.0	0.9945652173913044	0.3142613151152861	0.9945652173913044	miniprot_truncated	frameshift;start_lost	chr16:21639102-21660387	0.9945652173913044
rna-XM_054332153.1	0.0	1.0	0.0591259640102827	1.0	miniprot_identical	synonymous	chr16:14938510-14938578	1.0
rna-XM_047443075.1	0.0	1.0	0.1334144363341443	1.0	miniprot_identical	synonymous	chr22:42603179-42604451	1.0
rna-XM_047443360.1	0.0	1.0	0.8174603174603174	1.0	miniprot_identical	synonymous	chrY:9714767-9717329	1.0
rna-NM_001320964.2-2	0.0	0.9954954954954957	0.7377777777777778	0.9954954954954957	miniprot_truncated	frameshift	chrY:9430607-9433169	0.9954954954954957
rna-NM_001035003.2-2	0.0	0.7073170731707317	0.1920529801324503	0.7073170731707317	miniprot_truncated	inframe_deletion;stop_missing	chr4:21679565-21679651	0.7073170731707317
rna-NM_003816.3-2	0.0	1.0	0.0939130434782608	1.0	miniprot_identical	synonymous	chr8:39379002-39380839	1.0
rna-NM_022463.5-2	0.0	1.0	0.4671814671814672	1.0	miniprot_identical	synonymous	chr17:865709-866071	1.0
rna-NM_005206.5-2	0.0	0.984126984126984	0.1117117117117117	0.984126984126984	miniprot_truncated	inframe_deletion;stop_missing	chr17:1325511-1325882	0.984126984126984
rna-NM_014686.5-3	0.0	1.0	0.3573033707865168	1.0	miniprot_identical	synonymous	chr19:36827793-36828269	1.0
rna-NM_013329.4-2	0.0	0.98125	0.8306878306878307	0.98125	miniprot_truncated	inframe_deletion;stop_missing	chr21:31136121-31137974	0.98125
