-------------- SCENARIOS ------------
LiftOn best						6259
Liftoff best					52
miniprot best					53
LiftOn worse than Liftoff only	44
LiftOn worse than miniprot only	52
LiftOn worst					157
LiftOn equal to Liftoff only	28884
LiftOn equal to miniprot only	2420
All equal						137565
Total counts					175361

----------------- ALL ---------------
lifton=liftoff=miniprot	137565
lifton>liftoff=miniprot	3812
lifton>liftoff>miniprot	1808
lifton>miniprot>liftoff	639
lifton=liftoff>miniprot	28884
lifton=miniprot>liftoff	2400
liftoff>lifton>miniprot	24
miniprot>lifton>liftoff	52
liftoff>lifton=miniprot	20
miniprot>lifton=liftoff	0
liftoff=miniprot>lifton	148
liftoff>miniprot>lifton	8
miniprot>liftoff>lifton	1
all						175361

----------------- RAW ---------------
lifton_score>liftoff_score	8711
lifton_score=liftoff_score	166449
lifton_score>miniprot_score	35167
lifton_score=miniprot_score	139985
liftoff_score>lifton_score	201
liftoff_score=lifton_score	166449
liftoff_score>miniprot_score	30744
liftoff_score=miniprot_score	141525
miniprot_score>lifton_score	209
miniprot_score=lifton_score	139985
miniprot_score>liftoff_score	3092
miniprot_score=liftoff_score	141525
