CHS.83.28	0.953020134228188	0.953020134228188	0.9969662495259763	0.9552572706935124	LiftOn_chaining_algorithm	frameshift;stop_missing	chr1:783235-789337
CHS.127.3	0.9808612440191388	0.9904306220095692	0.8529680365296803	0.9952153110047848	LiftOn_chaining_algorithm	frameshift	chr1:1352013-1353692
CHS.127.5	0.9794871794871794	0.9897435897435898	0.8471035137701804	0.9948717948717948	LiftOn_chaining_algorithm	frameshift	chr1:1352013-1353692
CHS.144.2	0.232	0.232	0.9955575299866726	0.304	LiftOn_chaining_algorithm	frameshift;stop_codon_gain	chr1:1750974-1755200
CHS.144.5	0.232	0.232	0.9956942949407964	0.264	LiftOn_chaining_algorithm	frameshift;stop_codon_gain	chr1:1750974-1755200
CHS.28461.11	0.9286775631500744	0.0	0.7558761549683903	0.9301634472511144	Liftoff_truncated	frameshift;stop_codon_gain	chr1:16024329-16057045
CHS.28461.13	0.0844976713240186	0.0	0.4955768189203827	0.6610169491525424	Liftoff_truncated	frameshift;stop_codon_gain	chr1:16024329-16057045
CHS.28461.15	0.9301634472511144	0.0	0.7557140541416761	0.9316493313521546	Liftoff_truncated	frameshift;stop_codon_gain	chr1:16024329-16057045
CHS.28461.16	0.0844976713240186	0.0	0.5306601795151413	0.6610169491525424	Liftoff_truncated	frameshift;stop_codon_gain	chr1:16024329-16057045
CHS.28461.17	0.9301634472511144	0.0	0.7184976525821596	0.9316493313521546	Liftoff_truncated	frameshift;stop_codon_gain	chr1:16024329-16057045
CHS.28461.19	0.0844976713240186	0.0	0.3093689004554326	0.6610169491525424	Liftoff_truncated	frameshift;stop_codon_gain	chr1:16024460-16054255
CHS.2730.27	0.1072902338376891	0.0	0.2571748565028699	0.5449101796407185	Liftoff_truncated	frameshift;stop_codon_gain	chr1:16156804-16219484
CHS.858.1	0.2152542372881355	0.2148900169204737	0.9969900439916648	0.4966101694915254	LiftOn_chaining_algorithm	frameshift;stop_codon_gain	chr1:25637681-25655660
CHS.1531.10	0.8558282208588958	0.823170731707317	0.9961959106038992	0.8895705521472392	LiftOn_chaining_algorithm	frameshift;stop_missing	chr1:46676425-46696812
CHS.1531.12	0.3358974358974358	0.982808022922636	0.9924924924924924	0.988538681948424	LiftOn_chaining_algorithm	frameshift	chr1:46676425-46696812
CHS.1531.13	0.3341902313624679	0.9827586206896552	0.9924812030075189	0.9885057471264368	LiftOn_chaining_algorithm	frameshift	chr1:46676425-46696812
CHS.1643.36	0.0326370757180156	0.0326370757180156	0.998143728453991	0.139686684073107	LiftOn_chaining_algorithm	frameshift;stop_codon_gain	chr1:53127018-53210093
CHS.1661.8	0.3351351351351351	0.3333333333333333	0.9982046678635548	0.6486486486486487	LiftOn_chaining_algorithm	frameshift;stop_codon_gain	chr1:53777070-53793996
CHS.1669.1	0.9287305122494433	0.933184855233853	0.9984646878198568	0.935412026726058	LiftOn_chaining_algorithm	frameshift;stop_missing	chr1:54021903-54035905
CHS.2692.15	0.8845070422535212	0.8567415730337079	0.997920997920998	0.9	LiftOn_chaining_algorithm	frameshift;stop_codon_gain	chr1:119381955-119407329
CHS.2692.16	0.903529411764706	0.8802816901408451	0.9987878787878788	0.9166666666666666	LiftOn_chaining_algorithm	frameshift;stop_codon_gain	chr1:119381957-119407329
CHS.2730.26	0.6295060080106809	0.0	0.9909821282177406	0.6581491712707183	Liftoff_truncated	frameshift;stop_codon_gain	chr1:120737164-120851508
CHS.131229.0	0.7664250642974048	0.8393175451998981	0.966183574879227	0.8579234972677595	LiftOn_chaining_algorithm	frameshift;stop_codon_gain	chr1:145181583-145262502
CHS.28461.14	0.1224209078404401	0.0	0.7224275432795176	0.6775631500742942	Liftoff_truncated	frameshift;stop_codon_gain	chr1:145721211-145740382
CHS.2999.1	0.1768953068592057	0.1768953068592057	0.9981167608286252	0.20703125	LiftOn_chaining_algorithm	frameshift;stop_codon_gain	chr1:149674318-149675377
CHS.3068.11	0.0536480686695279	0.0536480686695279	0.9991820040899796	0.3927038626609442	LiftOn_chaining_algorithm	frameshift;stop_codon_gain	chr1:150825799-150840184
CHS.3071.13	0.1126760563380281	0.2135922330097087	0.9973009446693656	0.2167487684729064	LiftOn_chaining_algorithm	frameshift;stop_codon_gain	chr1:150886869-150894807
CHS.3206.1	0.396039603960396	0.392156862745098	0.997037037037037	0.504950495049505	LiftOn_chaining_algorithm	frameshift;stop_codon_gain	chr1:153336317-153343543
CHS.3323.5	0.9182242990654206	0.9182242990654206	0.9978540772532188	0.9228971962616822	LiftOn_chaining_algorithm	frameshift;stop_codon_gain	chr1:155507822-155523825
CHS.3323.6	0.8055555555555556	0.8	0.9968911917098444	0.8277777777777777	LiftOn_chaining_algorithm	frameshift;stop_codon_gain	chr1:155507822-155523825
CHS.3323.7	0.910025706940874	0.910025706940874	0.9973890339425588	0.9151670951156812	LiftOn_chaining_algorithm	frameshift;stop_codon_gain	chr1:155507822-155523825
CHS.3323.8	0.9235807860262008	0.9235807860262008	0.9972098214285714	0.9279475982532752	LiftOn_chaining_algorithm	frameshift;stop_codon_gain	chr1:155507822-155523825
CHS.3339.1	0.9653333333333334	0.9706666666666668	0.9971209213051824	0.976	LiftOn_chaining_algorithm	frameshift;stop_missing	chr1:155730677-155737859
CHS.3339.2	0.9648648648648648	0.9702702702702702	0.9981447124304268	0.9756756756756756	LiftOn_chaining_algorithm	frameshift;stop_missing	chr1:155730677-155737859
CHS.3490.1	0.2714285714285714	0.2709447415329768	0.9975191700496164	0.5035714285714286	LiftOn_chaining_algorithm	frameshift;stop_codon_gain	chr1:159820310-159842476
CHS.3712.25	0.861995753715499	0.861995753715499	0.9997997997997998	0.8641188959660298	LiftOn_chaining_algorithm	stop_codon_gain	chr1:170541681-170568989
CHS.3784.10	0.9696969696969696	0.9696969696969696	0.3516312388071322	0.98989898989899	LiftOn_chaining_algorithm	frameshift;stop_missing	chr1:174510730-174546720
CHS.3784.11	0.9696969696969696	0.9696969696969696	0.3520074696545285	0.98989898989899	LiftOn_chaining_algorithm	frameshift;stop_missing	chr1:174510730-174546499
CHS.3784.2	0.9696969696969696	0.9696969696969696	0.3517826560797135	0.98989898989899	LiftOn_chaining_algorithm	frameshift;stop_missing	chr1:174510730-174546720
CHS.3784.5	0.9696969696969696	0.9696969696969696	0.5157626332869727	0.98989898989899	LiftOn_chaining_algorithm	frameshift;stop_missing	chr1:174510730-174546499
CHS.3784.6	0.9696969696969696	0.9696969696969696	0.269278060776392	0.98989898989899	LiftOn_chaining_algorithm	frameshift;stop_missing	chr1:174510730-174546499
CHS.3784.7	0.9696969696969696	0.9696969696969696	0.5153730131105697	0.98989898989899	LiftOn_chaining_algorithm	frameshift;stop_missing	chr1:174510730-174546720
CHS.3784.8	0.9696969696969696	0.9696969696969696	0.2690212616411878	0.98989898989899	LiftOn_chaining_algorithm	frameshift;stop_missing	chr1:174510730-174546720
CHS.5009.21	0.050251256281407	0.050251256281407	0.997698022391964	0.9834254143646408	LiftOn_chaining_algorithm	frameshift;stop_codon_gain	chr1:235372062-235393811
CHS.5024.1	0.0437086092715231	0.0436507936507936	0.998422090729783	0.9387755102040816	LiftOn_chaining_algorithm	frameshift;stop_codon_gain	chr1:236087386-236175684
CHS.5212.1	0.3441176470588235	0.3441176470588235	0.9803108808290156	0.559375	LiftOn_chaining_algorithm	frameshift;stop_codon_gain	chr1:247788117-247789081
CHS.139645.2	0.0611620795107033	0.0611620795107033	0.9833476887740452	0.9415584415584416	LiftOn_chaining_algorithm	frameshift;stop_codon_gain	chr1:247883768-247888943
CHS.131137.0	0.6109422492401215	0.0	0.8901987201077805	0.6222910216718266	Liftoff_truncated	frameshift;stop_codon_gain	chr1:248074945-248083605
CHS.5288.1	0.8895027624309392	0.9116022099447514	0.8652373660030628	0.9613259668508288	LiftOn_chaining_algorithm	frameshift	chr10:2496413-2500890
CHS.5652.12	0.0335305719921104	0.0335305719921104	0.9977285633162976	0.145956607495069	LiftOn_chaining_algorithm	stop_codon_gain	chr10:19508734-19752735
CHS.5898.24	0.8946236559139785	0.8946236559139785	0.9985498239071888	0.9025270758122744	LiftOn_chaining_algorithm	frameshift;stop_codon_gain	chr10:32474832-32911592
CHS.5898.5	0.8946236559139785	0.8946236559139785	0.9986168741355465	0.9025270758122744	LiftOn_chaining_algorithm	frameshift;stop_codon_gain	chr10:32474832-32911592
CHS.6139.3	0.45	0.0	0.992063492063492	0.4571428571428571	Liftoff_truncated	frameshift;stop_codon_gain	chr10:48844223-48848691
CHS.6364.1	0.0	0.0	0.880720401535282	0.8877654196157735	Liftoff_truncated	frameshift;start_lost;stop_codon_gain	chr10:69750773-69761874
CHS.6364.2	0.0	0.0	0.6699186991869919	0.5110132158590308	Liftoff_truncated	frameshift;start_lost;stop_codon_gain	chr10:69750773-69761874
CHS.6364.4	0.0	0.0	0.8772409601944697	0.8877654196157735	Liftoff_truncated	frameshift;start_lost;stop_codon_gain	chr10:69750773-69764246
CHS.6534.2	0.2338028169014084	0.2344632768361582	0.9977272727272728	0.655688622754491	LiftOn_chaining_algorithm	frameshift;stop_codon_gain	chr10:75967934-75973009
CHS.6713.3	0.0846075433231396	0.0845213849287169	0.9975691279246428	0.9054669703872438	LiftOn_chaining_algorithm	frameshift;stop_codon_gain	chr10:88109085-88118613
CHS.7673.41	0.2414448669201521	0.2414448669201521	0.9987769080234834	0.7520491803278688	LiftOn_chaining_algorithm	frameshift;stop_codon_gain	chr11:330737-336475
CHS.7745.2	0.9925400969787392	0.99142111152555	0.8040712468193384	0.9940320775829914	LiftOn_chaining_algorithm	frameshift;stop_missing	chr11:1144675-1182056
CHS.7868.1	0.1462686567164179	0.1462686567164179	0.9982222222222222	0.8089171974522293	LiftOn_chaining_algorithm	frameshift;stop_codon_gain	chr11:4432365-4433487
CHS.7918.2	0.7577639751552795	0.7577639751552795	0.9898020395920816	0.782051282051282	LiftOn_chaining_algorithm	frameshift;stop_codon_gain	chr11:5508562-5515782
CHS.7918.1	0.7554179566563467	0.7554179566563467	0.9894971355824316	0.7891373801916933	LiftOn_chaining_algorithm	frameshift;stop_codon_gain	chr11:5512641-5515782
CHS.8368.43	0.7757009345794392	0.7663551401869159	0.9991442019683354	0.7928571428571428	LiftOn_chaining_algorithm	frameshift;stop_codon_gain	chr11:31924847-31953767
CHS.8368.46	0.8004158004158004	0.7920997920997921	0.9992229992229992	0.8160676532769556	LiftOn_chaining_algorithm	frameshift;stop_codon_gain	chr11:31924847-31947845
CHS.8368.48	0.806060606060606	0.797979797979798	0.9987980769230768	0.8213552361396304	LiftOn_chaining_algorithm	frameshift;stop_codon_gain	chr11:31924847-31947129
CHS.8368.50	0.8004158004158004	0.7920997920997921	0.9996078431372548	0.8160676532769556	LiftOn_chaining_algorithm	frameshift;stop_codon_gain	chr11:31924847-31947129
CHS.8368.51	0.806060606060606	0.797979797979798	0.9996141975308642	0.8213552361396304	LiftOn_chaining_algorithm	frameshift;stop_codon_gain	chr11:31924847-31947129
CHS.8368.55	0.8064516129032258	0.7983870967741935	0.9995748299319728	0.8217213114754098	LiftOn_chaining_algorithm	frameshift;stop_codon_gain	chr11:31924847-31946928
CHS.8368.58	0.8004158004158004	0.7920997920997921	0.999591503267974	0.8160676532769556	LiftOn_chaining_algorithm	frameshift;stop_codon_gain	chr11:31924847-31946928
CHS.8368.59	0.806060606060606	0.797979797979798	0.9995983935742973	0.8213552361396304	LiftOn_chaining_algorithm	frameshift;stop_codon_gain	chr11:31924847-31946928
CHS.8368.67	0.7217391304347827	0.7217391304347827	0.998965160400138	0.7418397626112759	LiftOn_chaining_algorithm	frameshift;stop_codon_gain	chr11:31924847-31939479
CHS.8513.1	0.2412587412587412	0.2404181184668989	0.997411003236246	0.486013986013986	LiftOn_chaining_algorithm	frameshift;stop_codon_gain	chr11:44036210-44075625
CHS.8646.1	0.0858085808580858	0.0855263157894736	0.9989035087719298	0.8646864686468647	LiftOn_chaining_algorithm	stop_codon_gain	chr11:48414594-48415505
CHS.8839.3	0.070528967254408	0.0693069306930693	0.997341309405118	0.8384831460674157	LiftOn_chaining_algorithm	frameshift;stop_codon_gain	chr11:60347724-60368988
CHS.8839.4	0.0736842105263157	0.0736842105263157	0.9972508591065292	0.8306332842415317	LiftOn_chaining_algorithm	frameshift;stop_codon_gain	chr11:60347724-60368988
CHS.8839.7	0.0721649484536082	0.070886075949367	0.9972954699121028	0.8589928057553957	LiftOn_chaining_algorithm	frameshift;stop_codon_gain	chr11:60347724-60368988
CHS.8839.8	0.0754716981132075	0.0754716981132075	0.9972018188177684	0.851963746223565	LiftOn_chaining_algorithm	frameshift;stop_codon_gain	chr11:60347724-60368988
CHS.8840.6	0.1463414634146341	0.1463414634146341	0.9925925925925926	0.1544715447154471	LiftOn_chaining_algorithm	frameshift;stop_codon_gain	chr11:60380932-60398968
CHS.8842.1	0.2621722846441947	0.2611940298507462	0.9968774395003904	0.7340823970037453	LiftOn_chaining_algorithm	frameshift;stop_codon_gain	chr11:60443950-60458574
CHS.8842.3	0.2621722846441947	0.2611940298507462	0.9974293059125964	0.7340823970037453	LiftOn_chaining_algorithm	stop_codon_gain	chr11:60443950-60458574
CHS.8842.4	0.3167420814479638	0.3153153153153153	0.9970845481049564	0.6787330316742082	LiftOn_chaining_algorithm	stop_codon_gain	chr11:60443950-60458574
CHS.8997.13	0.2602739726027397	0.2602739726027397	0.9971590909090908	0.5753424657534246	LiftOn_chaining_algorithm	frameshift;stop_codon_gain	chr11:63279174-63301052
CHS.8997.16	0.2193995381062355	0.2188940092165898	0.9974093264248703	0.6397228637413395	LiftOn_chaining_algorithm	frameshift;stop_codon_gain	chr11:63279174-63301052
CHS.8997.18	0.300632911392405	0.300632911392405	0.9985693848354792	0.509493670886076	LiftOn_chaining_algorithm	stop_codon_gain	chr11:63279174-63294163
CHS.8997.6	0.0879345603271983	0.0877551020408163	0.9979009235936188	0.787321063394683	LiftOn_chaining_algorithm	frameshift;stop_codon_gain	chr11:63279174-63301052
CHS.8997.8	0.1152815013404825	0.1152815013404825	0.997326203208556	0.7238605898123325	LiftOn_chaining_algorithm	frameshift;stop_codon_gain	chr11:63279174-63301052
CHS.8997.9	0.1756007393715342	0.1752767527675277	0.9973484848484848	0.711645101663586	LiftOn_chaining_algorithm	frameshift;stop_codon_gain	chr11:63279174-63301052
CHS.8997.10	0.2097560975609756	0.2097560975609756	0.9985693848354792	0.4975609756097561	LiftOn_chaining_algorithm	stop_codon_gain	chr11:63279579-63300371
CHS.9423.1	0.5435897435897435	0.5435897435897435	0.996	0.5921787709497207	LiftOn_chaining_algorithm	frameshift;stop_codon_gain	chr11:72041759-72066512
CHS.9423.20	0.3970037453183521	0.3970037453183521	0.9976689976689976	0.6260162601626016	LiftOn_chaining_algorithm	frameshift;stop_codon_gain	chr11:72062596-72066776
CHS.9423.4	0.0857142857142857	0.0852272727272727	0.9969325153374232	0.935064935064935	LiftOn_chaining_algorithm	frameshift;stop_codon_gain	chr11:72062611-72066776
CHS.9423.5	0.3984962406015037	0.3970037453183521	0.9976442873969376	0.6244897959183674	LiftOn_chaining_algorithm	frameshift;stop_codon_gain	chr11:72062611-72066776
CHS.9666.12	0.0394321766561514	0.0394321766561514	0.99660210669385	0.7771639042357275	LiftOn_chaining_algorithm	frameshift;stop_codon_gain	chr11:86383632-86613554
CHS.9666.21	0.0506072874493927	0.0506072874493927	0.9971175622812436	0.7222222222222222	LiftOn_chaining_algorithm	frameshift;stop_codon_gain	chr11:86383632-86614887
CHS.9666.22	0.0504032258064516	0.0503018108651911	0.9974921630094044	0.7235023041474654	LiftOn_chaining_algorithm	frameshift;stop_codon_gain	chr11:86383632-86614888
CHS.10856.42	0.075268817204301	0.075268817204301	0.996845425867508	0.7928994082840237	LiftOn_chaining_algorithm	frameshift;stop_codon_gain	chr12:7833667-7842106
CHS.11666.14	0.2902208201892745	0.2893081761006289	0.9949494949494948	0.637223974763407	LiftOn_chaining_algorithm	frameshift;stop_codon_gain	chr12:52249832-52252539
CHS.11817.3	0.1923076923076923	0.1916932907348242	0.998849492730886	0.7339743589743589	LiftOn_chaining_algorithm	frameshift;stop_codon_gain	chr12:55211169-55223187
CHS.12479.3	0.09009009009009	0.09009009009009	0.998371335504886	0.5675675675675675	LiftOn_chaining_algorithm	frameshift;stop_codon_gain	chr12:95920090-95942587
CHS.12798.4	0.9888888888888888	0.9888888888888888	0.9971544715447156	0.9916666666666668	LiftOn_chaining_algorithm	frameshift;stop_missing	chr12:112883649-112909905
CHS.13090.28	0.1014150943396226	0.1019417475728155	0.9795514511873352	0.8940568475452196	LiftOn_chaining_algorithm	frameshift;stop_codon_gain	chr12:123385423-123405922
CHS.13143.35	0.997134670487106	0.997134670487106	0.9987778796211428	1.0	LiftOn_chaining_algorithm	frameshift;stop_missing	chr12:124782134-124869001
CHS.142205.1	0.9690522243713732	0.9690522243713732	0.9931524888069528	0.9709864603481624	LiftOn_chaining_algorithm	frameshift;stop_missing	chr12:131470583-131482498
CHS.13339.12	0.8050847457627118	0.8050847457627118	0.5105376344086021	0.8135593220338984	LiftOn_chaining_algorithm	frameshift;stop_codon_gain	chr12:132475100-132488054
CHS.13339.13	0.8050847457627118	0.8050847457627118	0.9955272094756896	0.8135593220338984	LiftOn_chaining_algorithm	frameshift;stop_missing	chr12:132475100-132488054
CHS.13339.6	0.8050847457627118	0.8050847457627118	0.511418462528144	0.8135593220338984	LiftOn_chaining_algorithm	frameshift;stop_codon_gain	chr12:132475100-132488054
CHS.13339.7	0.8028169014084507	0.8028169014084507	0.9949049578679208	0.8253521126760563	LiftOn_chaining_algorithm	frameshift;stop_missing	chr12:132475100-132488054
CHS.57376.1	0.3602941176470588	0.3576642335766423	0.9725738396624471	0.4758064516129032	LiftOn_chaining_algorithm	frameshift;stop_codon_gain	chr13:9457707-9458177
CHS.13472.11	0.942	0.936	0.9963800904977376	0.948	LiftOn_chaining_algorithm	frameshift;stop_codon_gain	chr13:18618970-18757628
CHS.13472.3	0.9171597633136096	0.908284023668639	0.9944636678200692	0.9260355029585798	LiftOn_chaining_algorithm	frameshift;stop_codon_gain	chr13:18618970-18699331
CHS.13663.13	0.7798466593647316	0.7798466593647316	0.9976982632349864	0.8029279279279279	LiftOn_chaining_algorithm	frameshift;stop_codon_gain	chr13:27225623-27323143
CHS.14121.22	0.9765886287625418	0.979933110367893	0.9971209213051824	0.9866220735785952	LiftOn_chaining_algorithm	frameshift;stop_missing	chr13:51347480-51374428
CHS.142283.1	0.625	0.4425675675675675	0.7451487710219923	0.62890625	LiftOn_chaining_algorithm	frameshift;start_lost;stop_missing	chr13:86825818-86832068
CHS.14574.20	0.8587360594795539	0.8555555555555555	0.995959595959596	0.8825757575757576	LiftOn_chaining_algorithm	frameshift;stop_codon_gain	chr13:98817548-99076107
CHS.14814.1	0.6686991869918699	0.6808943089430894	0.9261296660117878	0.6951219512195121	LiftOn_chaining_algorithm	frameshift;stop_missing	chr13:112598514-112602335
CHS.131181.0	0.6752411575562701	0.6730769230769231	0.9981875849569553	0.6816720257234726	LiftOn_chaining_algorithm	frameshift;stop_codon_gain	chr14:14385654-14395830
CHS.131181.1	0.6752411575562701	0.6730769230769231	0.9978875099022974	0.6816720257234726	LiftOn_chaining_algorithm	frameshift;stop_codon_gain	chr14:14385654-14395830
CHS.14916.26	0.9876288659793816	0.9876288659793816	0.9933249895702962	0.9896907216494846	LiftOn_chaining_algorithm	frameshift;stop_missing	chr14:14539935-14554416
CHS.131236.0	0.6180124223602484	0.6180124223602484	0.9971052631578948	0.638095238095238	LiftOn_chaining_algorithm	frameshift;stop_codon_gain	chr14:15865551-15871484
CHS.127742.1	0.059322033898305	0.059322033898305	0.9915433403805496	0.097457627118644	LiftOn_chaining_algorithm	frameshift;stop_codon_gain	chr14:16100707-16102228
CHS.127788.1	0.025844930417495	0.025844930417495	0.9986772486772488	0.0795228628230616	LiftOn_chaining_algorithm	frameshift;stop_codon_gain	chr14:16660690-16664335
CHS.127851.1	0.0845070422535211	0.0845070422535211	0.992685475444096	0.1267605633802817	LiftOn_chaining_algorithm	frameshift;stop_codon_gain	chr14:16745254-16749884
CHS.15077.2	0.7777777777777778	0.7666666666666667	0.9917412250516172	0.8555555555555555	LiftOn_chaining_algorithm	frameshift;stop_missing	chr14:18170210-18210077
CHS.15077.17	0.8662420382165605	0.8662420382165605	0.9934711643090316	0.8726114649681529	LiftOn_chaining_algorithm	frameshift;stop_missing	chr14:18194552-18208431
CHS.15102.1	0.9590163934426228	0.9590163934426228	0.9948717948717948	0.9754098360655736	LiftOn_chaining_algorithm	frameshift;stop_missing	chr14:18412319-18414442
CHS.15123.29	0.283076923076923	0.2668711656441718	0.9951651893634166	0.6447368421052632	LiftOn_chaining_algorithm	frameshift;stop_codon_gain	chr14:18638496-18641508
CHS.15200.1	0.4174174174174174	0.4161676646706587	0.996779388083736	0.4204204204204204	LiftOn_chaining_algorithm	frameshift;stop_codon_gain	chr14:25680128-25685294
CHS.15663.26	0.944672131147541	0.944672131147541	0.9979328165374676	0.9467213114754098	LiftOn_chaining_algorithm	frameshift;stop_codon_gain	chr14:55187785-55290408
CHS.15729.2	0.2105263157894736	0.2094240837696335	0.997835497835498	0.3	LiftOn_chaining_algorithm	frameshift;stop_codon_gain	chr14:59144027-59147614
CHS.128074.1	0.0324483775811209	0.0323529411764705	0.9892156862745098	0.1710914454277286	LiftOn_chaining_algorithm	frameshift;stop_codon_gain	chr14:99839969-99841426
CHS.128075.1	0.0257009345794392	0.0257009345794392	0.9984459984459984	0.1939252336448598	LiftOn_chaining_algorithm	frameshift;stop_codon_gain	chr14:99852516-99854177
CHS.128076.1	0.1070336391437308	0.1070336391437308	0.9949186991869918	0.1314984709480122	LiftOn_chaining_algorithm	frameshift;start_lost;stop_codon_gain	chr14:99876873-99878462
CHS.128077.1	0.1134969325153374	0.1134969325153374	0.9959225280326198	0.1349693251533742	LiftOn_chaining_algorithm	frameshift;stop_codon_gain	chr14:99915504-99917090
CHS.128078.1	0.0025316455696202	0.0025316455696202	0.9907407407407408	0.0531645569620253	LiftOn_chaining_algorithm	frameshift;start_lost;stop_codon_gain	chr14:99940644-99942434
CHS.128079.1	0.0311614730878186	0.0311614730878186	0.9981167608286252	0.1756373937677053	LiftOn_chaining_algorithm	frameshift;stop_codon_gain	chr14:99979057-99980553
CHS.128081.1	0.109090909090909	0.109090909090909	0.9919436052366566	0.1303030303030303	LiftOn_chaining_algorithm	frameshift;stop_codon_gain	chr14:100012671-100014268
CHS.128082.1	0.0807174887892376	0.0807174887892376	0.9962714392244594	0.1434977578475336	LiftOn_chaining_algorithm	frameshift;stop_codon_gain	chr14:100037379-100042856
CHS.128082.2	0.0954907161803713	0.0954907161803713	0.9955908289241624	0.1246684350132626	LiftOn_chaining_algorithm	frameshift;stop_codon_gain	chr14:100040688-100042856
CHS.128083.1	0.0755208333333333	0.0755208333333333	0.9991341991341992	0.1770833333333333	LiftOn_chaining_algorithm	frameshift;stop_codon_gain	chr14:100109865-100117138
CHS.128084.2	0.1324503311258278	0.1324503311258278	0.998531571218796	0.1810154525386313	LiftOn_chaining_algorithm	frameshift;stop_codon_gain	chr14:100125909-100127783
CHS.172436.1	0.1428571428571428	0.1428571428571428	0.9934640522875816	0.3168316831683168	LiftOn_chaining_algorithm	frameshift;stop_codon_gain	chr14:100442296-100442600
CHS.172440.1	0.1568627450980392	0.1568627450980392	0.9935275080906149	0.3333333333333333	LiftOn_chaining_algorithm	frameshift;stop_codon_gain	chr14:100580889-100581195
CHS.172441.1	0.1538461538461538	0.1538461538461538	0.9936507936507936	0.3846153846153846	LiftOn_chaining_algorithm	frameshift;stop_codon_gain	chr14:100586131-100586443
CHS.172442.1	0.25	0.25	0.996078431372549	0.4761904761904761	LiftOn_chaining_algorithm	stop_codon_gain	chr14:100600917-100601171
CHS.172445.1	0.2588235294117647	0.2588235294117647	0.996124031007752	0.3176470588235294	LiftOn_chaining_algorithm	frameshift;stop_codon_gain	chr14:100625928-100626184
CHS.128162.1	0.059322033898305	0.059322033898305	0.9943977591036416	0.135593220338983	LiftOn_chaining_algorithm	frameshift;stop_codon_gain	chr14:100651534-100651991
CHS.128168.1	0.059322033898305	0.059322033898305	0.9943977591036416	0.135593220338983	LiftOn_chaining_algorithm	frameshift;stop_codon_gain	chr14:100676579-100677036
CHS.128173.1	0.043103448275862	0.043103448275862	0.9971509971509972	0.396551724137931	LiftOn_chaining_algorithm	frameshift;stop_codon_gain	chr14:100697734-100698167
CHS.172455.1	0.2058823529411764	0.2058823529411764	0.9870550161812298	0.5098039215686274	LiftOn_chaining_algorithm	frameshift;stop_codon_gain	chr14:100904004-100904310
CHS.128204.1	0.2777777777777778	0.2777777777777778	0.9614325068870524	0.3166666666666666	LiftOn_chaining_algorithm	frameshift;stop_codon_gain	chr14:100921863-100922310
CHS.128215.1	0.4297520661157025	0.4297520661157025	0.9972677595628416	0.5371900826446281	LiftOn_chaining_algorithm	frameshift;stop_codon_gain	chr14:100972732-100973199
CHS.128225.1	0.0384615384615384	0.0384615384615384	0.9949109414758268	0.1692307692307692	LiftOn_chaining_algorithm	frameshift;stop_codon_gain	chr14:101024283-101024762
CHS.172471.1	0.0412371134020618	0.0412371134020618	0.9931972789115646	0.3195876288659793	LiftOn_chaining_algorithm	frameshift;stop_codon_gain	chr14:101154845-101155136
CHS.16767.1	0.694331983805668	0.8008800880088008	0.9555494202098288	0.8030803080308031	LiftOn_chaining_algorithm	frameshift;stop_missing	chr15:21171538-21180518
CHS.17466.6	0.1598173515981735	0.1594533029612756	0.9965026230327254	0.6894977168949772	LiftOn_chaining_algorithm	frameshift;stop_codon_gain	chr15:57401395-57423438
CHS.17466.8	0.1598173515981735	0.1594533029612756	0.9967624443545124	0.6894977168949772	LiftOn_chaining_algorithm	frameshift;stop_codon_gain	chr15:57413480-57424422
CHS.142579.1	0.2791044776119403	0.2791044776119403	0.989904088844018	0.6537162162162162	LiftOn_chaining_algorithm	frameshift;stop_codon_gain	chr15:70446064-70466857
CHS.142603.1	0.3195266272189349	0.0	0.9976653696498056	0.4023668639053254	Liftoff_truncated	frameshift;stop_codon_gain	chr15:82037443-82039449
CHS.18401.2	0.7887323943661971	0.7887323943661971	0.9912339851652056	0.8028169014084507	LiftOn_chaining_algorithm	frameshift;stop_missing	chr15:96732626-96772141
CHS.18401.1	0.8418367346938775	0.8112244897959183	0.9947414548641542	0.8520408163265306	LiftOn_chaining_algorithm	frameshift;stop_missing	chr15:96732627-96770005
CHS.18401.7	0.7832167832167832	0.7832167832167832	0.9952290076335878	0.8041958041958042	LiftOn_chaining_algorithm	frameshift;stop_missing	chr15:96732627-96770005
CHS.18401.9	0.7832167832167832	0.7832167832167832	0.9963603275705186	0.8041958041958042	LiftOn_chaining_algorithm	frameshift;stop_missing	chr15:96732627-96769911
CHS.18735.2	0.5202702702702703	0.5185185185185185	0.9957191780821918	0.5818181818181818	LiftOn_chaining_algorithm	frameshift;stop_codon_gain	chr16:1243646-1245495
CHS.18815.31	0.1153846153846153	0.1140939597315436	0.998502994011976	0.8690176322418136	LiftOn_chaining_algorithm	frameshift;stop_codon_gain	chr16:2227913-2231910
CHS.19067.24	0.8403908794788274	0.8403908794788274	0.9960722702278084	0.8590163934426229	LiftOn_chaining_algorithm	frameshift;stop_codon_gain	chr16:10657140-10726621
CHS.19120.7	0.3006993006993007	0.3006993006993007	0.9958123953098827	0.6448362720403022	LiftOn_chaining_algorithm	frameshift;stop_codon_gain	chr16:11963421-11978131
CHS.20184.38	0.9984051036682616	0.9984051036682616	0.9924439812402291	1.0	LiftOn_chaining_algorithm	frameshift;stop_missing	chr16:74106797-74154424
CHS.20295.5	0.9279538904899136	0.9913544668587896	0.9948491537895512	0.9942363112391932	LiftOn_chaining_algorithm	frameshift	chr16:77872534-77877369
CHS.19321.14	0.0	0.0	0.237585199610516	0.0237899917965545	Liftoff_truncated	frameshift;start_lost;stop_codon_gain	chr16:80423787-80438256
CHS.20439.9	0.2169525731584258	0.2167338709677419	0.9944975383724298	0.7376387487386479	LiftOn_chaining_algorithm	frameshift;stop_codon_gain	chr16:87231022-87281147
CHS.20994.1	0.1560509554140127	0.1555555555555555	0.9984709480122324	0.8152866242038217	LiftOn_chaining_algorithm	frameshift;stop_codon_gain	chr17:3286044-3287350
CHS.20996.1	0.7561728395061729	0.7561728395061729	0.9866255144032922	0.7616099071207431	LiftOn_chaining_algorithm	frameshift;stop_codon_gain	chr17:3321795-3322756
CHS.21009.26	0.25	0.25	0.998175182481752	0.7958236658932715	LiftOn_chaining_algorithm	frameshift;stop_codon_gain	chr17:3561255-3584690
CHS.21009.20	0.2466960352422907	0.2466960352422907	0.9951308581862448	0.8	LiftOn_chaining_algorithm	frameshift;stop_codon_gain	chr17:3562283-3584998
CHS.21009.3	0.2556053811659193	0.2556053811659193	0.999028182701652	0.7909738717339667	LiftOn_chaining_algorithm	frameshift;stop_codon_gain	chr17:3562283-3584749
CHS.21009.4	0.2568807339449541	0.2568807339449541	0.9990295972828724	0.7914691943127962	LiftOn_chaining_algorithm	frameshift;stop_codon_gain	chr17:3562283-3584749
CHS.21198.2	0.9429581019687028	0.9429581019687028	0.9986672589960016	0.9444724886421	LiftOn_chaining_algorithm	frameshift;stop_codon_gain	chr17:7388413-7418678
CHS.22007.1	0.5734767025089605	0.0	0.9962335216572504	0.6010928961748634	Liftoff_truncated	frameshift;stop_codon_gain	chr17:37201561-37212491
CHS.22007.11	0.5734767025089605	0.0	0.9975024015369836	0.6010928961748634	Liftoff_truncated	frameshift;stop_codon_gain	chr17:37201561-37214144
CHS.21965.3	0.9858870967741936	0.9858870967741936	0.9954878736604624	0.9879032258064516	LiftOn_chaining_algorithm	frameshift;stop_missing	chr17:37325499-37336446
CHS.22059.3	0.0383064516129032	0.0383064516129032	0.9985518439853254	0.9206349206349206	LiftOn_chaining_algorithm	frameshift;stop_codon_gain	chr17:40116582-40266468
CHS.22059.4	0.0355140186915887	0.0355140186915887	0.9985651425291754	0.9260042283298098	LiftOn_chaining_algorithm	frameshift;stop_codon_gain	chr17:40116582-40266468
CHS.22143.1	0.437007874015748	0.4302325581395348	0.998522895125554	0.4716599190283401	LiftOn_chaining_algorithm	frameshift;stop_codon_gain	chr17:41558611-41568066
CHS.22143.4	0.2692307692307692	0.2686230248306998	0.9974309569685292	0.6255924170616114	LiftOn_chaining_algorithm	frameshift;stop_codon_gain	chr17:41562356-41568066
CHS.22143.5	0.2774049217002237	0.2767857142857143	0.9974554707379136	0.6182669789227166	LiftOn_chaining_algorithm	frameshift;stop_codon_gain	chr17:41562356-41568066
CHS.22143.7	0.4073394495412844	0.4065934065934066	0.9973460721868364	0.5028571428571429	LiftOn_chaining_algorithm	frameshift;stop_codon_gain	chr17:41562356-41568083
CHS.22171.1	0.0	0.1428571428571428	0.9606694560669456	0.1513513513513513	LiftOn_chaining_algorithm	frameshift;stop_codon_gain	chr17:41961756-41962948
CHS.22507.20	0.9987096774193548	0.9896774193548388	0.9990421455938696	1.0	LiftOn_chaining_algorithm	stop_missing	chr17:48116207-48185668
CHS.22510.3	0.4272959183673469	0.4267515923566879	0.9991518235793044	0.4770408163265306	LiftOn_chaining_algorithm	frameshift;stop_codon_gain	chr17:48186334-48293365
CHS.22510.4	0.2540132200188857	0.4425051334702258	0.9994945665908516	0.4799588900308325	LiftOn_chaining_algorithm	stop_codon_gain	chr17:48186334-48303979
CHS.22753.31	0.0672451193058568	0.0672451193058568	0.9966689639329198	0.5725	LiftOn_chaining_algorithm	frameshift;stop_codon_gain	chr17:57724587-57746838
CHS.23215.34	0.7421383647798742	0.7375	0.9963800904977376	0.7692307692307693	LiftOn_chaining_algorithm	frameshift;stop_codon_gain	chr17:75663566-75668221
CHS.23215.40	0.823943661971831	0.8137931034482758	0.9970958373668926	0.8309859154929577	LiftOn_chaining_algorithm	frameshift;stop_codon_gain	chr17:75663839-75668235
CHS.23271.20	0.2177419354838709	0.2177419354838709	0.9987179487179488	0.3508064516129032	LiftOn_chaining_algorithm	frameshift;stop_codon_gain	chr17:76560560-76599942
CHS.23338.44	0.953307392996109	0.9571984435797666	0.99851411589896	0.9649805447470816	LiftOn_chaining_algorithm	frameshift;stop_missing	chr17:77635106-77676326
CHS.23338.45	0.953307392996109	0.9571984435797666	0.9992233009708738	0.9649805447470816	LiftOn_chaining_algorithm	frameshift;stop_missing	chr17:77635106-77676326
CHS.23338.49	0.953307392996109	0.9571984435797666	0.9984447900466564	0.9649805447470816	LiftOn_chaining_algorithm	frameshift;stop_missing	chr17:77635106-77676326
CHS.142943.1	0.1314984709480122	0.1314984709480122	0.9986338797814208	0.5487012987012987	LiftOn_chaining_algorithm	frameshift;stop_codon_gain	chr17:79208662-79210123
CHS.23473.5	0.9922330097087378	0.9932038834951455	0.9874266554903603	0.9951456310679612	LiftOn_chaining_algorithm	frameshift;stop_missing	chr17:80935298-80991307
CHS.23639.9	0.1691542288557214	0.1691542288557214	0.9987085665088248	0.2437810945273631	LiftOn_chaining_algorithm	frameshift;stop_codon_gain	chr17:83488515-83522623
CHS.128994.5	0.1698113207547169	0.0	0.9994850669412976	0.8010752688172043	Liftoff_truncated	frameshift;stop_codon_gain	chr18:201009-227325
CHS.24083.1	0.4876543209876543	0.4876543209876543	0.996124031007752	0.4938271604938271	LiftOn_chaining_algorithm	frameshift;stop_codon_gain	chr18:7619097-7624393
CHS.24202.4	0.9547445255474452	0.9533527696793004	0.9928258270227184	0.9604105571847508	LiftOn_chaining_algorithm	frameshift;stop_codon_gain	chr18:12832617-12865726
CHS.24795.2	0.9271794871794872	0.9262295081967212	0.9968197430352372	0.9329896907216496	LiftOn_chaining_algorithm	frameshift;stop_codon_gain	chr18:62244099-62389867
CHS.24795.7	0.9271794871794872	0.9262295081967212	0.9968699136096156	0.9329896907216496	LiftOn_chaining_algorithm	frameshift;stop_codon_gain	chr18:62244099-62389867
CHS.24795.37	0.9627263045793396	0.9627263045793396	0.9968253968253968	0.9658119658119658	LiftOn_chaining_algorithm	frameshift;stop_codon_gain	chr18:62272263-62389804
CHS.24828.1	0.2244897959183673	0.2239185750636132	0.9979166666666668	0.7091836734693877	LiftOn_chaining_algorithm	frameshift;stop_codon_gain	chr18:63907377-63928969
CHS.24828.10	0.4093023255813953	0.4093023255813953	0.9970978441127696	0.4697674418604651	LiftOn_chaining_algorithm	frameshift;stop_codon_gain	chr18:63908033-63928969
CHS.24828.3	0.2244897959183673	0.2239185750636132	0.9976971790443292	0.7091836734693877	LiftOn_chaining_algorithm	frameshift;stop_codon_gain	chr18:63908033-63928969
CHS.24828.5	0.2885245901639344	0.2875816993464052	0.997289972899729	0.6262295081967213	LiftOn_chaining_algorithm	frameshift;stop_codon_gain	chr18:63908033-63928969
CHS.143073.1	0.4603580562659846	0.4603580562659846	0.9549920036554718	0.483204134366925	LiftOn_chaining_algorithm	frameshift;stop_codon_gain	chr19:357975-362745
CHS.25177.24	0.2705882352941176	0.2631578947368421	0.9987325728770596	0.4058823529411764	LiftOn_chaining_algorithm	frameshift;stop_codon_gain	chr19:1068723-1071445
CHS.25258.1	0.2016806722689075	0.2857142857142857	0.9991539763113368	0.2982456140350877	LiftOn_chaining_algorithm	frameshift;stop_codon_gain	chr19:2243130-2247132
CHS.25258.2	0.2175732217573222	0.2796610169491525	0.9991496598639455	0.2920353982300885	LiftOn_chaining_algorithm	frameshift;stop_codon_gain	chr19:2243130-2247132
CHS.25295.5	0.0699300699300699	0.1758241758241758	0.9965686274509804	0.6697247706422018	LiftOn_chaining_algorithm	stop_codon_gain	chr19:2906814-2918459
CHS.25340.3	0.8247422680412371	0.8247422680412371	0.9975141242937852	0.8406226834692365	LiftOn_chaining_algorithm	frameshift;stop_codon_gain	chr19:3563635-3571724
CHS.25460.5	0.2831325301204819	0.2822822822822823	0.9988043045037864	0.6148867313915858	LiftOn_chaining_algorithm	frameshift;stop_codon_gain	chr19:6350432-6359144
CHS.25908.9	0.9455535390199638	0.9455535390199638	0.9984459984459984	0.9473684210526316	LiftOn_chaining_algorithm	frameshift;stop_codon_gain	chr19:14747211-14801146
CHS.26095.15	0.9031476997578692	0.9031476997578692	0.9983117613956106	0.9200968523002422	LiftOn_chaining_algorithm	frameshift;stop_codon_gain	chr19:18553575-18568741
CHS.26158.1	0.7250755287009063	0.7228915662650602	0.9993429697766096	0.759493670886076	LiftOn_chaining_algorithm	frameshift;stop_codon_gain	chr19:19805664-19821015
CHS.26158.3	0.7250755287009063	0.7228915662650602	0.9995622674545852	0.759493670886076	LiftOn_chaining_algorithm	frameshift;stop_codon_gain	chr19:19805664-19821015
CHS.26158.6	0.7982261640798226	0.7942477876106194	0.9991386735572784	0.8256880733944955	LiftOn_chaining_algorithm	frameshift;stop_codon_gain	chr19:19806350-19821015
CHS.26185.1	0.8882575757575758	0.928030303030303	0.9637800460981232	0.9337121212121212	LiftOn_chaining_algorithm	frameshift;stop_missing	chr19:20757899-20799374
CHS.26269.1	0.2887931034482758	0.2869440459110473	0.9961538461538462	0.3147286821705426	LiftOn_chaining_algorithm	frameshift;stop_codon_gain	chr19:23879155-23899306
CHS.26269.2	0.1	0.1	0.9958466453674122	0.1162324649298597	LiftOn_chaining_algorithm	frameshift;stop_codon_gain	chr19:23879155-23903425
CHS.26717.10	0.1441564914029404	0.9670439414114514	0.9748890572572788	0.9683754993342212	LiftOn_chaining_algorithm	frameshift;stop_missing	chr19:42668261-42754836
CHS.26717.2	0.1254064600043355	0.975023786869648	0.9805326273166174	0.9757373929590866	LiftOn_chaining_algorithm	frameshift;stop_missing	chr19:42668261-42754836
CHS.26717.23	0.9840857421240664	0.9928548229944788	0.971858774662513	0.9941539460863916	LiftOn_chaining_algorithm	frameshift	chr19:42668261-42710598
CHS.26717.28	0.1267316017316017	0.9717808868864122	0.9779947311328064	0.9724922930993596	LiftOn_chaining_algorithm	frameshift;stop_missing	chr19:42668261-42754836
CHS.26771.12	0.9757009345794392	0.9757009345794392	0.9897750511247444	0.977570093457944	LiftOn_chaining_algorithm	frameshift;stop_missing	chr19:43696507-43703403
CHS.143154.1	0.7119205298013245	0.7171717171717171	0.992412746585736	0.7413793103448276	LiftOn_chaining_algorithm	frameshift;stop_codon_gain	chr19:43956518-44013960
CHS.26792.18	0.962406015037594	0.962406015037594	0.9908424908424908	0.9699248120300752	LiftOn_chaining_algorithm	frameshift;stop_missing	chr19:44197789-44205314
CHS.26869.4	0.2315035799522673	0.2315035799522673	0.9995162070633768	0.568019093078759	LiftOn_chaining_algorithm	stop_codon_gain	chr19:45743086-45756176
CHS.26941.2	0.9850746268656716	0.9850746268656716	0.9981864345302864	0.9925373134328358	LiftOn_chaining_algorithm	frameshift;stop_missing	chr19:47082752-47098164
CHS.26941.6	0.9850746268656716	0.9850746268656716	0.9975203684024088	0.9925373134328358	LiftOn_chaining_algorithm	frameshift;stop_missing	chr19:47082752-47098164
CHS.27141.21	0.1494252873563218	0.1477272727272727	0.9963768115942028	0.425287356321839	LiftOn_chaining_algorithm	frameshift;stop_codon_gain	chr19:50609496-50615382
CHS.27141.3	0.1494252873563218	0.1477272727272727	0.9986824769433466	0.425287356321839	LiftOn_chaining_algorithm	frameshift;stop_codon_gain	chr19:50609522-50615500
CHS.27157.67	0.0250696378830083	0.025	0.9972155926809864	0.5264623955431755	LiftOn_chaining_algorithm	stop_codon_gain	chr19:51197212-51250019
CHS.27157.84	0.036734693877551	0.036734693877551	0.9968329374505146	0.310204081632653	LiftOn_chaining_algorithm	frameshift;stop_codon_gain	chr19:51197212-51250053
CHS.27157.11	0.0722100656455142	0.0656455142231947	0.9946636173051268	0.5754923413566739	LiftOn_chaining_algorithm	frameshift;stop_codon_gain	chr19:51202167-51235157
CHS.27157.13	0.0313588850174216	0.0313588850174216	0.9942733017377569	0.4111498257839721	LiftOn_chaining_algorithm	frameshift;stop_codon_gain	chr19:51202167-51243725
CHS.27157.14	0.0208333333333333	0.0208333333333333	0.9946205571565804	0.6087962962962963	LiftOn_chaining_algorithm	frameshift;stop_codon_gain	chr19:51202167-51243725
CHS.27157.32	0.0313588850174216	0.0313588850174216	0.9948892674616696	0.4076655052264808	LiftOn_chaining_algorithm	frameshift;stop_codon_gain	chr19:51202167-51250019
CHS.27157.34	0.0313588850174216	0.0313588850174216	0.9947795823665894	0.4076655052264808	LiftOn_chaining_algorithm	frameshift;stop_codon_gain	chr19:51202167-51250019
CHS.27157.57	0.0208333333333333	0.0207852193995381	0.9946563478901788	0.6064814814814815	LiftOn_chaining_algorithm	frameshift;stop_codon_gain	chr19:51202167-51250019
CHS.27157.70	0.0208816705336426	0.0208333333333333	0.9946999810713608	0.6078886310904872	LiftOn_chaining_algorithm	frameshift;stop_codon_gain	chr19:51202167-51243920
CHS.27157.72	0.1061093247588424	0.0964630225080385	0.9950303699613472	0.3762057877813505	LiftOn_chaining_algorithm	frameshift;stop_codon_gain	chr19:51202167-51250019
CHS.27178.11	0.6534246575342466	0.6520547945205479	0.9993936944219888	0.6616438356164384	LiftOn_chaining_algorithm	frameshift;stop_missing	chr19:51479429-51507322
CHS.27178.13	0.6594885598923284	0.65814266487214	0.9996046649535482	0.6675639300134589	LiftOn_chaining_algorithm	frameshift;stop_missing	chr19:51479429-51507840
CHS.27178.30	0.5950479233226837	0.5934504792332268	0.999619771863118	0.6070287539936102	LiftOn_chaining_algorithm	frameshift;stop_missing	chr19:51479429-51505995
CHS.27178.9	0.6534246575342466	0.6520547945205479	0.9996113486202876	0.6616438356164384	LiftOn_chaining_algorithm	frameshift;stop_missing	chr19:51479429-51505995
CHS.27397.4	0.1035502958579881	0.1041666666666666	0.9955985915492958	0.8907563025210085	LiftOn_chaining_algorithm	frameshift;stop_codon_gain	chr19:54579849-54590427
CHS.27397.5	0.1313320825515947	0.1313320825515947	0.9972388403129314	0.8659574468085106	LiftOn_chaining_algorithm	frameshift;stop_codon_gain	chr19:54579849-54590427
CHS.27461.2	0.9986149584487536	0.9986149584487536	0.51780237364982	1.0	LiftOn_chaining_algorithm	synonymous	chr19:55848625-55871261
CHS.27518.5	0.8229508196721311	0.8229508196721311	0.9988505747126436	0.8262295081967214	LiftOn_chaining_algorithm	frameshift;stop_codon_gain	chr19:56988984-57022442
CHS.27540.6	0.8847305389221557	0.8847305389221557	0.995904995904996	0.9081163859111792	LiftOn_chaining_algorithm	frameshift;stop_codon_gain	chr19:57332804-57339689
CHS.27540.2	0.886094674556213	0.886094674556213	0.9958071278825996	0.9092284417549168	LiftOn_chaining_algorithm	frameshift;stop_codon_gain	chr19:57332866-57339670
CHS.27572.10	0.9766536964980544	0.9766536964980544	0.9973351099267156	0.980544747081712	LiftOn_chaining_algorithm	frameshift;stop_missing	chr19:57897901-57908821
CHS.27574.1	0.6861924686192469	0.6861924686192469	0.9850560398505604	0.7364016736401674	LiftOn_chaining_algorithm	frameshift;stop_missing	chr19:57927015-57942905
CHS.27574.2	0.7342342342342343	0.7387387387387387	0.9845659163987138	0.7567567567567568	LiftOn_chaining_algorithm	frameshift;stop_missing	chr19:57927015-57942905
CHS.27638.8	0.1417910447761194	0.1417910447761194	0.9983361064891848	0.6417910447761194	LiftOn_chaining_algorithm	frameshift;stop_codon_gain	chr19:58689367-58693778
CHS.27711.4	0.9880823401950164	0.9880823401950164	0.99974140160331	0.9891657638136512	LiftOn_chaining_algorithm	stop_codon_gain	chr19:60217496-60228591
CHS.28864.2	0.18	0.1797235023041474	0.9980182322631788	0.7692307692307693	LiftOn_chaining_algorithm	frameshift;stop_codon_gain	chr2:18586834-18621687
CHS.28864.3	0.2906976744186046	0.2906976744186046	0.9979818365287588	0.654485049833887	LiftOn_chaining_algorithm	frameshift;stop_codon_gain	chr2:18586834-18621687
CHS.28863.1	0.209090909090909	0.2087114337568058	0.9977611940298508	0.730909090909091	LiftOn_chaining_algorithm	frameshift;stop_codon_gain	chr2:18594985-18621687
CHS.28863.2	0.266441821247892	0.265993265993266	0.9978640085439658	0.6779089376053963	LiftOn_chaining_algorithm	frameshift;stop_codon_gain	chr2:18594985-18621687
CHS.28863.3	0.2868852459016393	0.2864157119476268	0.997902097902098	0.659016393442623	LiftOn_chaining_algorithm	frameshift;stop_codon_gain	chr2:18594985-18621687
CHS.28863.4	0.2892156862745098	0.2887438825448613	0.9979064898813678	0.6568627450980392	LiftOn_chaining_algorithm	frameshift;stop_codon_gain	chr2:18594985-18621687
CHS.28863.5	0.3062200956937799	0.3057324840764331	0.9979388526279628	0.6411483253588517	LiftOn_chaining_algorithm	frameshift;stop_codon_gain	chr2:18594985-18621687
CHS.29056.13	0.9514285714285714	0.9514285714285714	0.998716714789862	0.9542857142857144	LiftOn_chaining_algorithm	frameshift;stop_codon_gain	chr2:27539204-27566046
CHS.29056.14	0.9514285714285714	0.9514285714285714	0.9985443959243084	0.9542857142857144	LiftOn_chaining_algorithm	frameshift;stop_codon_gain	chr2:27539204-27566046
CHS.29349.18	0.9786967418546366	0.9786967418546366	0.999185762475282	0.9824341279799248	LiftOn_chaining_algorithm	frameshift;stop_codon_gain	chr2:43642726-43773318
CHS.29904.8	0.0423280423280423	0.0423280423280423	0.9991341991341992	0.1992945326278659	LiftOn_chaining_algorithm	frameshift;stop_codon_gain	chr2:74480553-74491106
CHS.30068.10	0.1052631578947368	0.1052631578947368	0.99873417721519	0.1700404858299595	LiftOn_chaining_algorithm	frameshift;stop_codon_gain	chr2:85841274-85890965
CHS.167707.1	0.0673076923076923	0.0	0.9968253968253968	0.2019230769230769	Liftoff_truncated	frameshift;stop_codon_gain	chr2:90407438-90407751
CHS.124087.1	0.0789473684210526	0.0789473684210526	0.9942028985507246	0.2280701754385964	LiftOn_chaining_algorithm	frameshift;stop_codon_gain	chr2:90485231-90485768
CHS.2787.4	0.5602836879432624	0.0	0.9830200121285628	0.5787545787545788	Liftoff_truncated	frameshift;stop_codon_gain	chr2:91752666-91762652
CHS.128229.1	0.3032786885245901	0.0	0.8785310734463276	0.3504273504273504	Liftoff_truncated	frameshift;stop_codon_gain	chr2:95459660-95460094
CHS.30438.1	0.7328990228013029	0.7328990228013029	0.9791164658634538	0.743421052631579	LiftOn_chaining_algorithm	frameshift;stop_codon_gain	chr2:108700880-108721773
CHS.30438.6	0.7328990228013029	0.7328990228013029	0.9769503546099292	0.743421052631579	LiftOn_chaining_algorithm	frameshift;stop_codon_gain	chr2:108700880-108726194
CHS.30438.10	0.7305194805194806	0.7305194805194806	0.9829545454545454	0.740983606557377	LiftOn_chaining_algorithm	frameshift;stop_codon_gain	chr2:108700883-108726238
CHS.30438.7	0.7305194805194806	0.7305194805194806	0.9807692307692308	0.740983606557377	LiftOn_chaining_algorithm	frameshift;stop_codon_gain	chr2:108700883-108721773
CHS.30438.8	0.7305194805194806	0.7305194805194806	0.9807407407407408	0.740983606557377	LiftOn_chaining_algorithm	frameshift;stop_codon_gain	chr2:108700883-108726238
CHS.139800.1	0.3669354838709677	0.3664429530201342	0.9712518195050946	0.6481994459833795	LiftOn_chaining_algorithm	frameshift;stop_codon_gain	chr2:111646344-111672005
CHS.30646.2	0.3421052631578947	0.3421052631578947	0.9975490196078431	0.5248618784530387	LiftOn_chaining_algorithm	frameshift;stop_codon_gain	chr2:119267059-119269085
CHS.139827.1	0.6887966804979253	0.6859504132231405	0.9960832313341492	0.6974789915966386	LiftOn_chaining_algorithm	frameshift;stop_codon_gain	chr2:127839386-127845624
CHS.30852.41	0.0626780626780626	0.9903225806451612	0.9822981366459628	0.9919354838709676	LiftOn_chaining_algorithm	frameshift	chr2:131397922-131481546
CHS.30852.47	0.0595567867036011	0.9906103286384976	0.9826060421116876	0.9921752738654148	LiftOn_chaining_algorithm	frameshift	chr2:131397922-131481546
CHS.31266.22	0.0186335403726708	0.0186335403726708	0.9963262307127112	0.9591078066914498	LiftOn_chaining_algorithm	frameshift;stop_codon_gain	chr2:166655836-166662670
CHS.31389.1	0.983490566037736	0.983490566037736	0.9934512115258676	0.9882075471698112	LiftOn_chaining_algorithm	frameshift;stop_missing	chr2:174884418-174918222
CHS.31389.12	0.983490566037736	0.983490566037736	0.994108527131783	0.9882075471698112	LiftOn_chaining_algorithm	frameshift;stop_missing	chr2:174884418-174918222
CHS.31389.2	0.9832134292565948	0.9832134292565948	0.993920972644377	0.988009592326139	LiftOn_chaining_algorithm	frameshift;stop_missing	chr2:174884418-174918222
CHS.31389.3	0.9842342342342344	0.9842342342342344	0.9945118428653956	0.9887387387387389	LiftOn_chaining_algorithm	frameshift;stop_missing	chr2:174884418-174918222
CHS.31389.4	0.9811764705882352	0.9811764705882352	0.994232987312572	0.9882352941176472	LiftOn_chaining_algorithm	frameshift;stop_missing	chr2:174884418-174918222
CHS.31389.6	0.983490566037736	0.983490566037736	0.995475113122172	0.9882075471698112	LiftOn_chaining_algorithm	frameshift;stop_missing	chr2:174884418-174918222
CHS.31389.8	0.983490566037736	0.983490566037736	0.9948979591836736	0.9882075471698112	LiftOn_chaining_algorithm	frameshift;stop_missing	chr2:174884418-174918222
CHS.31389.9	0.9796511627906976	0.9796511627906976	0.9930699930699932	0.9854651162790696	LiftOn_chaining_algorithm	frameshift;stop_missing	chr2:174884418-174918222
CHS.31420.1	0.8300395256916996	0.8300395256916996	0.9963235294117648	0.83399209486166	LiftOn_chaining_algorithm	frameshift;stop_codon_gain	chr2:176575607-176578731
CHS.32106.1	0.25	0.25	0.995575221238938	0.2941176470588235	LiftOn_chaining_algorithm	frameshift;stop_codon_gain	chr2:219980876-219983032
CHS.32106.3	0.25	0.25	0.9942418426103646	0.2941176470588235	LiftOn_chaining_algorithm	frameshift;stop_codon_gain	chr2:219980876-219983032
CHS.32345.18	0.1824324324324324	0.1824324324324324	0.9988425925925926	0.277027027027027	LiftOn_chaining_algorithm	frameshift;stop_codon_gain	chr2:232194997-232197838
CHS.32662.1	0.5135135135135135	0.5089285714285714	0.9839080459770116	0.5315315315315315	LiftOn_chaining_algorithm	frameshift;stop_codon_gain	chr20:185041-188196
CHS.33028.100	0.1925820256776034	0.1923076923076923	0.9991442019683354	0.808695652173913	LiftOn_chaining_algorithm	frameshift;stop_codon_gain	chr20:18339617-18368084
CHS.33028.125	0.1923076923076923	0.1920341394025604	0.9991452991452991	0.8075253256150506	LiftOn_chaining_algorithm	frameshift;stop_codon_gain	chr20:18339617-18368084
CHS.33078.9	0.0181311018131101	0.0181311018131101	0.9984879032258064	0.8926282051282052	LiftOn_chaining_algorithm	frameshift;stop_codon_gain	chr20:21186759-21305970
CHS.57373.1	0.7289156626506024	0.0	0.9731943410275504	0.7349397590361446	Liftoff_truncated	frameshift;stop_codon_gain	chr21:2275661-2297970
CHS.143463.1	0.8314176245210728	0.0	0.9966539196940728	0.8505747126436781	Liftoff_truncated	frameshift;stop_missing	chr21:3877702-3880175
CHS.34682.42	0.7030716723549488	0.6996587030716723	0.9985024335454886	0.7133105802047781	LiftOn_chaining_algorithm	frameshift;stop_missing	chr21:33270067-33272940
CHS.35112.1	0.2822299651567944	0.2817391304347826	0.9973394146712276	0.578397212543554	LiftOn_chaining_algorithm	frameshift;stop_codon_gain	chr22:17638610-17684901
CHS.35112.16	0.6558704453441295	0.6558704453441295	0.9970501474926252	0.659919028340081	LiftOn_chaining_algorithm	frameshift;stop_codon_gain	chr22:17638610-17684793
CHS.35112.6	0.2817391304347826	0.28125	0.9973424449506454	0.5791304347826087	LiftOn_chaining_algorithm	frameshift;stop_codon_gain	chr22:17638610-17684901
CHS.35112.17	0.0384615384615384	0.0384615384615384	0.9963302752293578	0.5	LiftOn_chaining_algorithm	frameshift;stop_codon_gain	chr22:17639133-17684678
CHS.35201.8	0.1188118811881188	0.1184210526315789	0.9984313725490196	0.7194719471947195	LiftOn_chaining_algorithm	frameshift;stop_codon_gain	chr22:19899865-19904386
CHS.35201.3	0.1188118811881188	0.1184210526315789	0.9982363315696648	0.7194719471947195	LiftOn_chaining_algorithm	frameshift;stop_codon_gain	chr22:19899868-19902178
CHS.35201.7	0.1188118811881188	0.1184210526315789	0.9994444444444444	0.7194719471947195	LiftOn_chaining_algorithm	stop_codon_gain	chr22:19899868-19902178
CHS.35226.21	0.9951219512195122	0.9951219512195122	0.9976019184652278	1.0	LiftOn_chaining_algorithm	synonymous	chr22:20496984-20505663
CHS.174529.1	0.0792079207920792	0.0792079207920792	0.9934640522875816	0.4356435643564356	LiftOn_chaining_algorithm	frameshift;stop_codon_gain	chr22:22446455-22446758
CHS.174537.1	0.0510204081632653	0.0510204081632653	0.9966329966329966	0.0816326530612244	LiftOn_chaining_algorithm	frameshift;stop_codon_gain	chr22:22612260-22612555
CHS.129622.1	0.079646017699115	0.0584415584415584	0.9970760233918128	0.1327433628318584	LiftOn_chaining_algorithm	frameshift;stop_codon_gain	chr22:23101955-23102418
CHS.174549.1	0.0625	0.0	0.993127147766323	0.1666666666666666	Liftoff_truncated	frameshift;stop_codon_gain	chr22:23123723-23124012
CHS.174551.1	0.1935483870967742	0.1935483870967742	0.99645390070922	0.2150537634408602	LiftOn_chaining_algorithm	frameshift;stop_codon_gain	chr22:23161882-23162162
CHS.129633.1	0.1023622047244094	0.1023622047244094	0.9913793103448276	0.1130434782608695	LiftOn_chaining_algorithm	frameshift;stop_codon_gain	chr22:23170385-23170883
CHS.174559.1	0.2452830188679245	0.2452830188679245	0.9968847352024922	0.2641509433962264	LiftOn_chaining_algorithm	frameshift;stop_codon_gain	chr22:23318284-23318603
CHS.174565.1	0.1071428571428571	0.0	0.992156862745098	0.3214285714285714	Liftoff_truncated	frameshift;stop_codon_gain	chr22:23333737-23333989
CHS.35388.2	0.0597014925373134	0.0	0.8017676767676768	0.1865671641791045	Liftoff_truncated	frameshift;start_lost;stop_codon_gain	chr22:24378703-24379973
CHS.35602.36	0.0833333333333333	0.0833333333333333	0.9990167158308751	0.1598639455782313	LiftOn_chaining_algorithm	frameshift;stop_codon_gain	chr22:31345291-31371191
CHS.35612.5	0.3310344827586207	0.3287671232876712	0.9971264367816092	0.5103448275862069	LiftOn_chaining_algorithm	frameshift;stop_codon_gain	chr22:31568276-31571067
CHS.36827.2	0.081967213114754	0.0491803278688524	0.9986977047045418	0.56	LiftOn_chaining_algorithm	frameshift;stop_codon_gain	chr3:28243678-28327207
CHS.37078.11	0.9119266055045872	0.9119266055045872	0.9991282554211616	0.9192660550458716	LiftOn_chaining_algorithm	frameshift;stop_codon_gain	chr3:44507580-44526432
CHS.37263.3	0.2764705882352941	0.2748538011695906	0.9934640522875816	0.6588235294117647	LiftOn_chaining_algorithm	inframe_deletion;stop_codon_gain	chr3:49386555-49387726
CHS.37263.4	0.2315270935960591	0.230392156862745	0.9922222222222222	0.7142857142857143	LiftOn_chaining_algorithm	frameshift;stop_codon_gain	chr3:49386555-49387726
CHS.37950.1	0.1074380165289256	0.1065573770491803	0.9859154929577464	0.7297297297297297	LiftOn_chaining_algorithm	frameshift;stop_codon_gain	chr3:111476011-111477791
CHS.38006.5	0.6988416988416989	0.6988416988416989	0.997752808988764	0.7370517928286853	LiftOn_chaining_algorithm	frameshift;stop_codon_gain	chr3:115536644-115567808
CHS.38006.2	0.7015503875968992	0.7015503875968992	0.9981308411214952	0.732	LiftOn_chaining_algorithm	frameshift;stop_codon_gain	chr3:115536646-115567808
CHS.38006.7	0.7015503875968992	0.7015503875968992	0.9994121105232217	0.732	LiftOn_chaining_algorithm	frameshift;stop_codon_gain	chr3:115536646-115567808
CHS.38006.8	0.7240143369175627	0.7240143369175627	0.998046875	0.7527675276752768	LiftOn_chaining_algorithm	frameshift;stop_codon_gain	chr3:115536646-115567808
CHS.38356.1	0.7104072398190046	0.7104072398190046	0.9958720330237358	0.7302325581395349	LiftOn_chaining_algorithm	frameshift;stop_codon_gain	chr3:132825683-132842233
CHS.38356.3	0.4105960264900662	0.4105960264900662	0.9956896551724138	0.5486111111111112	LiftOn_chaining_algorithm	frameshift;stop_codon_gain	chr3:132837544-132847641
CHS.38356.2	0.4881889763779528	0.4881889763779528	0.992467043314501	0.5206611570247934	LiftOn_chaining_algorithm	frameshift;stop_codon_gain	chr3:132837756-132842233
CHS.38367.1	0.9881588999236058	0.9881588999236058	0.9970241375509754	0.9892966360856268	LiftOn_chaining_algorithm	frameshift;stop_codon_gain	chr3:133089679-133228818
CHS.38679.1	0.2512820512820513	0.25	0.99912739965096	0.7025641025641025	LiftOn_chaining_algorithm	frameshift;stop_codon_gain	chr3:153354557-153381680
CHS.39132.3	0.0567765567765567	0.0567765567765567	0.999163529903806	0.152014652014652	LiftOn_chaining_algorithm	frameshift;stop_codon_gain	chr3:186945068-186954838
CHS.39594.3	0.0021786492374727	0.0	0.9468632958801498	0.1345291479820627	Liftoff_truncated	frameshift;stop_codon_gain	chr4:123941-157507
CHS.39594.4	0.0059880239520958	0.0	0.9380482456140352	0.1234309623430962	Liftoff_truncated	frameshift;stop_codon_gain	chr4:123941-157507
CHS.39594.10	0.0021786492374727	0.0	0.9032527105921602	0.1345291479820627	Liftoff_truncated	frameshift;start_lost;stop_codon_gain	chr4:154257-157507
CHS.39623.5	0.8627145085803433	0.8483412322274881	0.9718673462633216	0.8821656050955414	LiftOn_chaining_algorithm	frameshift;stop_codon_gain	chr4:745517-779631
CHS.39623.6	0.8640625	0.8496835443037974	0.9720505063790608	0.8819776714513556	LiftOn_chaining_algorithm	frameshift;stop_codon_gain	chr4:745517-779631
CHS.140208.1	0.0576368876080691	0.9251824817518248	0.7937677786397724	0.937956204379562	LiftOn_chaining_algorithm	frameshift;stop_missing	chr4:1112362-1198185
CHS.140208.2	0.0576368876080691	0.9251824817518248	0.8880122879285066	0.937956204379562	LiftOn_chaining_algorithm	frameshift;stop_missing	chr4:1184907-1202341
CHS.39725.1	0.955952380952381	0.753393665158371	0.9900482040118178	0.9607142857142856	LiftOn_chaining_algorithm	frameshift;stop_missing	chr4:3291770-3379189
CHS.39730.2	0.2901408450704225	0.2901408450704225	0.9886719691491924	0.7994186046511628	LiftOn_chaining_algorithm	frameshift;stop_codon_gain	chr4:3474726-3483605
CHS.40224.29	0.0067934782608695	0.0068493150684931	0.994055944055944	0.903875968992248	LiftOn_chaining_algorithm	frameshift;stop_codon_gain	chr4:39014362-39107015
CHS.40224.3	0.0053475935828877	0.0053821313240043	0.997311271975181	0.900497512437811	LiftOn_chaining_algorithm	frameshift;stop_codon_gain	chr4:39014464-39107015
CHS.40224.4	0.0054764512595837	0.0054764512595837	0.9978010825439784	0.8857868020304569	LiftOn_chaining_algorithm	frameshift;stop_codon_gain	chr4:39014464-39107015
CHS.40224.31	0.0053705692803437	0.0054054054054054	0.9975722262685116	0.9016189290161892	LiftOn_chaining_algorithm	frameshift;stop_codon_gain	chr4:39014466-39098791
CHS.40224.9	0.0054945054945054	0.0054945054945054	0.9971283122307792	0.899746192893401	LiftOn_chaining_algorithm	frameshift;stop_codon_gain	chr4:39014499-39095886
CHS.40775.15	0.0303030303030303	0.7034883720930233	0.9980676328502416	0.7732558139534884	LiftOn_chaining_algorithm	frameshift	chr4:83896131-84293779
CHS.40972.2	0.0526315789473684	0.0525	0.9985994397759104	0.631578947368421	LiftOn_chaining_algorithm	stop_codon_gain	chr4:102438693-102459340
CHS.40972.3	0.0526315789473684	0.0525	0.99814039981404	0.631578947368421	LiftOn_chaining_algorithm	frameshift;stop_codon_gain	chr4:102438693-102459340
CHS.41021.12	0.0845921450151057	0.0845921450151057	0.9967948717948718	0.6241830065359477	LiftOn_chaining_algorithm	frameshift;stop_codon_gain	chr4:106215444-106226872
CHS.41571.2	0.1189189189189189	0.1189189189189189	0.9943462897526502	0.3567073170731707	LiftOn_chaining_algorithm	frameshift;stop_codon_gain	chr4:154601056-154615763
CHS.41571.3	0.1704834605597964	0.1704834605597964	0.9967514889009204	0.3333333333333333	LiftOn_chaining_algorithm	frameshift;stop_codon_gain	chr4:154603191-154615763
CHS.41584.2	0.4047619047619047	0.4047619047619047	0.9972542559033498	0.6447368421052632	LiftOn_chaining_algorithm	frameshift;stop_codon_gain	chr4:155311635-155368391
CHS.42221.4	0.0686813186813186	0.6492753623188405	0.8351237739374124	0.6540697674418605	LiftOn_chaining_algorithm	frameshift;stop_codon_gain	chr5:1843765-1859180
CHS.42718.28	0.9220338983050848	0.9152542372881356	0.9895785085687818	0.9254237288135592	LiftOn_chaining_algorithm	frameshift;stop_missing	chr5:42821198-42974806
CHS.43099.1	0.0538720538720538	0.0	0.6961048619503579	0.9381443298969072	Liftoff_truncated	frameshift;stop_codon_gain	chr5:71667421-71678177
CHS.43088.1	0.0538720538720538	0.0	0.6903140370790768	0.9381443298969072	Liftoff_truncated	frameshift;stop_codon_gain	chr5:71688722-71699288
CHS.43191.23	0.8402555910543131	0.8402555910543131	0.9970588235294118	0.8434504792332268	LiftOn_chaining_algorithm	frameshift;stop_codon_gain	chr5:76115726-76152917
CHS.43474.1	0.6261398176291794	0.6242424242424243	0.9975628046494188	0.6529535864978903	LiftOn_chaining_algorithm	frameshift;stop_codon_gain	chr5:97261648-97308744
CHS.43474.3	0.6261398176291794	0.6242424242424243	0.997751545812254	0.6529535864978903	LiftOn_chaining_algorithm	frameshift;stop_codon_gain	chr5:97261648-97308744
CHS.43474.12	0.6242424242424243	0.6236125126135217	0.9965891472868216	0.6519453207150369	LiftOn_chaining_algorithm	frameshift;stop_codon_gain	chr5:97269151-97308934
CHS.43474.14	0.6306122448979592	0.6299694189602446	0.99607600165221	0.6588735387885228	LiftOn_chaining_algorithm	frameshift;stop_codon_gain	chr5:97275315-97308744
CHS.43474.15	0.6306122448979592	0.6299694189602446	0.9958720330237358	0.6588735387885228	LiftOn_chaining_algorithm	frameshift;stop_codon_gain	chr5:97275315-97314923
CHS.43474.38	0.6299694189602446	0.6299694189602446	0.996769456681351	0.6571125265392781	LiftOn_chaining_algorithm	frameshift;stop_codon_gain	chr5:97276740-97308744
CHS.44081.6	0.0106194690265486	0.0106007067137809	0.9986772486772488	0.936283185840708	LiftOn_chaining_algorithm	frameshift;stop_codon_gain	chr5:139893271-139910647
CHS.44081.7	0.0112570356472795	0.0112359550561797	0.9986187845303868	0.9324577861163228	LiftOn_chaining_algorithm	frameshift;stop_codon_gain	chr5:139893271-139910647
CHS.44081.8	0.1432469304229195	0.1430517711171662	0.9990982867448152	0.8158253751705321	LiftOn_chaining_algorithm	stop_codon_gain	chr5:139893271-139911500
CHS.44081.9	0.0099009900990099	0.0098846787479406	0.998745294855709	0.9405940594059404	LiftOn_chaining_algorithm	frameshift;stop_codon_gain	chr5:139893271-139910647
CHS.44088.3	0.9788732394366196	0.9788732394366196	0.999001996007984	0.9859154929577464	LiftOn_chaining_algorithm	frameshift;stop_missing	chr5:139974387-139987818
CHS.44126.1	0.4375	0.4354066985645933	0.9976580796252928	0.5336538461538461	LiftOn_chaining_algorithm	frameshift;stop_codon_gain	chr5:141075498-141082904
CHS.44138.14	0.1415525114155251	0.1415525114155251	0.9991146525011066	0.2009132420091324	LiftOn_chaining_algorithm	frameshift;stop_codon_gain	chr5:141217070-141224644
CHS.44325.6	0.3814432989690721	0.3877551020408163	0.5721311475409836	0.4020618556701031	LiftOn_chaining_algorithm	frameshift;stop_codon_gain	chr5:148704264-148706701
CHS.44379.1	0.6327272727272727	0.6327272727272727	0.9985152190051968	0.6679462571976967	LiftOn_chaining_algorithm	frameshift;stop_codon_gain	chr5:150529664-150537200
CHS.44379.2	0.6327272727272727	0.6327272727272727	0.9982832618025752	0.6679462571976967	LiftOn_chaining_algorithm	frameshift;stop_codon_gain	chr5:150529664-150537200
CHS.44379.5	0.6327272727272727	0.6327272727272727	0.5391352704017796	0.6679462571976967	LiftOn_chaining_algorithm	frameshift;stop_codon_gain	chr5:150529664-150537200
CHS.45507.3	0.9526813880126184	0.9526813880126184	0.9969751966122202	0.9558359621451104	LiftOn_chaining_algorithm	frameshift;stop_codon_gain	chr6:16111201-16168104
CHS.45940.1	0.0922155688622754	0.0921052631578947	0.9947643979057592	0.8862275449101796	LiftOn_chaining_algorithm	frameshift;stop_codon_gain	chr6:31010125-31025486
CHS.45940.2	0.0884041331802525	0.0857461024498886	0.9949545913218972	0.8909299655568312	LiftOn_chaining_algorithm	frameshift;stop_codon_gain	chr6:31010125-31025486
CHS.45940.31	0.0887096774193548	0.0860335195530726	0.9949392712550608	0.8905529953917051	LiftOn_chaining_algorithm	frameshift;stop_codon_gain	chr6:31010125-31025486
CHS.45940.33	0.1059850374064838	0.1025331724969843	0.9955516014234876	0.871571072319202	LiftOn_chaining_algorithm	frameshift;stop_codon_gain	chr6:31010125-31025486
CHS.45940.4	0.096590909090909	0.093715545755237	0.9946666666666668	0.8818181818181818	LiftOn_chaining_algorithm	frameshift;stop_codon_gain	chr6:31010125-31025486
CHS.46064.8	0.9052631578947368	0.902097902097902	0.9896251673360108	0.9087719298245616	LiftOn_chaining_algorithm	frameshift;stop_codon_gain	chr6:32578335-32586261
CHS.46166.33	0.0193050193050193	0.9661016949152542	0.997697620874904	0.9872881355932204	LiftOn_chaining_algorithm	frameshift	chr6:34940885-34963547
CHS.46166.37	0.0112107623318385	0.9799498746867168	0.9973457199734572	0.9924812030075189	LiftOn_chaining_algorithm	frameshift	chr6:34940885-34963547
CHS.46166.5	0.0093109869646182	0.9827956989247312	0.9976539589442815	0.9935483870967742	LiftOn_chaining_algorithm	frameshift	chr6:34940885-34963547
CHS.46166.6	0.0092250922509225	0.9829787234042552	0.9976744186046512	0.9936170212765958	LiftOn_chaining_algorithm	frameshift	chr6:34940885-34963547
CHS.46653.50	0.9419354838709676	0.9419354838709676	0.9995713673381912	0.9548387096774194	LiftOn_chaining_algorithm	frameshift;stop_missing	chr6:64718414-64729529
CHS.140837.1	0.3771929824561403	0.3421052631578947	0.993993993993994	0.5636363636363636	LiftOn_chaining_algorithm	frameshift;stop_codon_gain	chr6:110085018-110085433
CHS.47436.26	0.9972826086956522	0.9972826086956522	0.988221436984688	0.998641304347826	LiftOn_chaining_algorithm	frameshift;stop_missing	chr6:129255463-129713742
CHS.47493.1	0.3986928104575163	0.3973941368078176	0.997883597883598	0.4836601307189542	LiftOn_chaining_algorithm	frameshift;stop_codon_gain	chr6:133812108-133813051
CHS.49706.4	0.5188284518828452	0.3810526315789473	0.7368094351334574	0.5242105263157895	LiftOn_chaining_algorithm	frameshift;stop_codon_gain	chr7:1340556-1392478
CHS.49752.1	0.1432291666666666	0.1432291666666666	0.9943007452871548	0.8538961038961039	LiftOn_chaining_algorithm	frameshift;stop_codon_gain	chr7:2625971-2641848
CHS.125811.1	0.0254237288135593	0.0254237288135593	0.9832402234636872	0.4322033898305085	LiftOn_chaining_algorithm	frameshift;stop_codon_gain	chr7:38501913-38502382
CHS.50841.21	0.528125	0.5257410296411856	0.9988789237668162	0.5540983606557377	LiftOn_chaining_algorithm	frameshift;stop_codon_gain	chr7:73793064-74052329
CHS.50841.4	0.4727272727272727	0.4706703910614525	0.9987171263630532	0.5059880239520959	LiftOn_chaining_algorithm	frameshift;stop_codon_gain	chr7:73793064-74052329
CHS.131305.1	0.9924528301886792	0.9924528301886792	0.7874203821656051	0.9962264150943396	LiftOn_chaining_algorithm	inframe_insertion	chr7:76441124-76520598
CHS.131305.2	0.9924528301886792	0.9924528301886792	0.7887658227848101	0.9962264150943396	LiftOn_chaining_algorithm	inframe_insertion	chr7:76441124-76520598
CHS.51208.1	0.0114795918367346	0.5114795918367347	0.9995475113122172	0.5127551020408163	LiftOn_chaining_algorithm	frameshift;stop_codon_gain	chr7:95892249-95905573
CHS.51309.1	0.0553571428571428	0.0	0.9976784677887406	0.9442231075697212	Liftoff_truncated	frameshift;stop_codon_gain	chr7:100887521-100919516
CHS.51309.2	0.0381818181818181	0.0381818181818181	0.9989904088844018	0.9634146341463414	LiftOn_chaining_algorithm	frameshift;stop_codon_gain	chr7:100887521-100919516
CHS.51309.28	0.1099290780141844	0.0	0.9992857142857144	0.8974358974358975	Liftoff_truncated	frameshift;stop_codon_gain	chr7:100887527-100919516
CHS.51309.25	0.2108843537414966	0.0	0.9991059454626732	0.8	Liftoff_truncated	frameshift;stop_codon_gain	chr7:100907155-100919516
CHS.51383.2	0.7001455604075691	0.7001455604075691	0.9945242984257358	0.7167286245353159	LiftOn_chaining_algorithm	frameshift;stop_codon_gain	chr7:101973655-102037894
CHS.51383.3	0.7171077152441298	0.7171077152441298	0.9943977591036416	0.7337142857142858	LiftOn_chaining_algorithm	frameshift;stop_codon_gain	chr7:101973655-102037894
CHS.51383.4	0.6923353724361281	0.6920863309352518	0.9945413551679126	0.7081955163542815	LiftOn_chaining_algorithm	frameshift;stop_codon_gain	chr7:101973655-102037894
CHS.51383.5	0.670383275261324	0.6701497735980495	0.9945977011494253	0.6852773826458037	LiftOn_chaining_algorithm	frameshift;stop_codon_gain	chr7:101973655-102037894
CHS.51383.6	0.7233082706766917	0.7233082706766917	0.9944718889673018	0.740968485780169	LiftOn_chaining_algorithm	frameshift;stop_codon_gain	chr7:101973655-102037894
CHS.51393.31	0.0457516339869281	0.0469011725293132	0.7539126853377265	0.8346007604562737	LiftOn_chaining_algorithm	frameshift;stop_codon_gain	chr7:102130076-102136007
CHS.51393.14	0.0462046204620462	0.0464344941956882	0.997624703087886	0.8364661654135338	LiftOn_chaining_algorithm	frameshift;stop_codon_gain	chr7:102130079-102136216
CHS.51559.90	0.9970149253731344	0.9865671641791044	0.9985981308411216	0.9985074626865672	LiftOn_chaining_algorithm	frameshift;stop_missing	chr7:109465793-109781086
CHS.170010.1	0.0625	0.0	0.9803921568627452	0.125	Liftoff_truncated	frameshift;stop_codon_gain	chr7:144144216-144144265
CHS.126105.1	0.0169491525423728	0.0169491525423728	0.9962616822429906	0.2711864406779661	LiftOn_chaining_algorithm	frameshift;stop_codon_gain	chr7:144147412-144148859
CHS.126115.1	0.0166666666666666	0.0166666666666666	0.994475138121547	0.2666666666666666	LiftOn_chaining_algorithm	frameshift;stop_codon_gain	chr7:144156759-144158247
CHS.52315.33	0.9838129496402878	0.9532374100719424	0.9956213511259384	0.9856115107913668	LiftOn_chaining_algorithm	frameshift;stop_codon_gain	chr7:155061641-156069555
CHS.140221.1	0.1188118811881188	0.0	0.9626865671641792	0.3563218390804598	Liftoff_truncated	frameshift;stop_codon_gain	chr8:7576470-7583610
CHS.53519.3	0.9621212121212122	0.9621212121212122	0.9965439778814584	0.9696969696969696	LiftOn_chaining_algorithm	frameshift;stop_missing	chr8:60609460-60705474
CHS.53519.6	0.9657794676806084	0.9657794676806084	0.9977151561309976	0.9695817490494296	LiftOn_chaining_algorithm	frameshift;stop_missing	chr8:60630100-60705474
CHS.53737.2	0.99672131147541	0.99672131147541	0.5117027863777089	1.0	LiftOn_chaining_algorithm	synonymous	chr8:77409691-77429517
CHS.53737.3	0.99672131147541	0.99672131147541	0.3456749128341358	1.0	LiftOn_chaining_algorithm	synonymous	chr8:77409691-77429517
CHS.53737.4	0.99672131147541	0.99672131147541	0.517780765000611	1.0	LiftOn_chaining_algorithm	synonymous	chr8:77409691-77430483
CHS.53737.5	0.99672131147541	0.99672131147541	0.2703703703703703	1.0	LiftOn_chaining_algorithm	synonymous	chr8:77409691-77430483
CHS.53769.16	0.147239263803681	0.147239263803681	0.9959100204498976	0.2269938650306748	LiftOn_chaining_algorithm	frameshift;stop_codon_gain	chr8:80350456-80461571
CHS.54025.5	0.1259842519685039	0.1259842519685039	0.9986876640419948	0.3149606299212598	LiftOn_chaining_algorithm	frameshift;stop_codon_gain	chr8:99227956-99242661
CHS.141352.1	0.4722222222222222	0.4682203389830508	0.9947852760736196	0.5022321428571429	LiftOn_chaining_algorithm	frameshift;stop_codon_gain	chr9:498711-505027
CHS.55407.14	0.9671052631578948	0.9671052631578948	0.9992663242846662	0.9802631578947368	LiftOn_chaining_algorithm	frameshift;stop_missing	chr9:35702666-35710579
CHS.55407.27	0.9671052631578948	0.9671052631578948	0.998032786885246	0.9802631578947368	LiftOn_chaining_algorithm	frameshift;stop_missing	chr9:35703584-35710579
CHS.141417.1	0.7685589519650655	0.7685589519650655	0.9960552268244576	0.7729257641921398	LiftOn_chaining_algorithm	frameshift;stop_missing	chr9:80367640-80369157
CHS.55690.16	0.804953560371517	0.0	0.9969715324046032	0.8125	Liftoff_truncated	frameshift;stop_codon_gain	chr9:80416388-80473698
CHS.55690.17	0.6211340206185567	0.0	0.9969325153374232	0.6409574468085106	Liftoff_truncated	frameshift;stop_codon_gain	chr9:80416505-80473721
CHS.55690.18	0.6111111111111112	0.0	0.996875	0.6311475409836066	Liftoff_truncated	frameshift;stop_codon_gain	chr9:80416505-80473721
CHS.55690.19	0.5905292479108635	0.0	0.9967595593000648	0.6109510086455331	Liftoff_truncated	frameshift;stop_codon_gain	chr9:80416505-80473721
CHS.55690.20	0.5893854748603352	0.0	0.9967532467532468	0.6098265895953757	Liftoff_truncated	frameshift;stop_codon_gain	chr9:80416505-80473721
CHS.55690.23	0.6388206388206388	0.0	0.997036158861885	0.6582278481012658	Liftoff_truncated	frameshift;stop_codon_gain	chr9:80416505-80473721
CHS.55690.24	0.6201550387596899	0.0	0.9969268592501536	0.64	Liftoff_truncated	frameshift;stop_codon_gain	chr9:80416505-80473721
CHS.55690.59	0.6824146981627297	0.0	0.9981458590852904	0.6989247311827957	Liftoff_truncated	frameshift;stop_codon_gain	chr9:80416505-80473721
CHS.55690.61	0.6366366366366366	0.0	0.9979647218453188	0.654320987654321	Liftoff_truncated	frameshift;stop_codon_gain	chr9:80416505-80473721
CHS.55690.64	0.6111111111111112	0.0	0.996875	0.6311475409836066	Liftoff_truncated	frameshift;stop_codon_gain	chr9:80416505-80473721
CHS.55692.1	0.2565947242206235	0.0	0.9977477477477478	0.7122302158273381	Liftoff_truncated	frameshift;stop_codon_gain	chr9:80476554-80478771
CHS.56089.19	0.9941176470588236	0.9882352941176472	0.9964819700967458	1.0	LiftOn_chaining_algorithm	synonymous	chr9:105262835-105279901
CHS.56679.3	0.0384615384615384	0.0363636363636363	0.9939969984992496	0.9558359621451104	LiftOn_chaining_algorithm	frameshift;stop_codon_gain	chr9:134825399-134854951
CHS.56679.4	0.0410958904109589	0.038860103626943	0.9939819458375124	0.9559748427672956	LiftOn_chaining_algorithm	frameshift;stop_codon_gain	chr9:134825909-134826904
CHS.56827.16	0.0335195530726257	0.0334261838440111	0.9982975825672454	0.835195530726257	LiftOn_chaining_algorithm	frameshift;stop_codon_gain	chr9:140093108-140114388
CHS.57030.18	0.8634222919937206	0.8634222919937206	0.9903127594796568	0.8690851735015773	LiftOn_chaining_algorithm	frameshift;stop_codon_gain	chr9:145274516-145285985
CHS.57235.16	0.0693641618497109	0.0693641618497109	0.997364953886693	0.5404624277456648	LiftOn_chaining_algorithm	frameshift;stop_codon_gain	chr9:149274596-149279216
CHS.57242.1	0.0435103244837758	0.1321388577827547	0.994344957587182	0.7827763496143959	LiftOn_chaining_algorithm	frameshift;stop_codon_gain	chr9:149337569-149342927
CHS.57242.23	0.0435103244837758	0.1262032085561497	0.9940307885642476	0.7802056555269923	LiftOn_chaining_algorithm	frameshift;stop_codon_gain	chr9:149337569-149342927
CHS.57242.47	0.1180609851446442	0.8555240793201133	0.6348336594911937	0.8810198300283286	LiftOn_chaining_algorithm	frameshift	chr9:149337569-149342927
CHS.57242.48	0.0434782608695652	0.1259338313767342	0.9940364092906466	0.7804878048780488	LiftOn_chaining_algorithm	frameshift;stop_codon_gain	chr9:149337569-149342927
CHS.57242.49	0.0478507704785077	0.1544502617801047	0.979539641943734	0.6977099236641221	LiftOn_chaining_algorithm	frameshift;stop_codon_gain	chr9:149337569-149342927
CHS.57242.50	0.0485996705107084	0.161422708618331	0.978185595567867	0.6886792452830188	LiftOn_chaining_algorithm	frameshift;stop_codon_gain	chr9:149337569-149342927
CHS.57242.51	0.044327573253193	0.1315496098104793	0.982085732565579	0.7383798140770252	LiftOn_chaining_algorithm	frameshift;stop_codon_gain	chr9:149337569-149342927
CHS.57242.52	0.0460218408736349	0.1464019851116625	0.9851036269430052	0.7400568181818182	LiftOn_chaining_algorithm	frameshift;stop_codon_gain	chr9:149337569-149342927
CHS.57242.53	0.0460577673692427	0.1439024390243902	0.9689521345407504	0.689900426742532	LiftOn_chaining_algorithm	frameshift;stop_codon_gain	chr9:149337569-149342927
CHS.57242.54	0.0476575121163166	0.1548556430446194	0.9831460674157304	0.7212121212121212	LiftOn_chaining_algorithm	frameshift;stop_codon_gain	chr9:149337569-149342927
CHS.57242.55	0.04570100697134	0.1548556430446194	0.9896321070234114	0.5876577840112202	LiftOn_chaining_algorithm	frameshift;stop_codon_gain	chr9:149337569-149342927
CHS.57242.56	0.0716049382716049	0.5740740740740741	0.603271205781666	0.9392523364485982	LiftOn_chaining_algorithm	frameshift;stop_codon_gain	chr9:149337569-149342927
CHS.57242.58	0.0716049382716049	0.5740740740740741	0.603271205781666	0.9392523364485982	LiftOn_chaining_algorithm	frameshift;stop_codon_gain	chr9:149337569-149342927
CHS.57242.60	0.1408987052551409	0.6327077747989276	0.9951124144672532	0.7175675675675676	LiftOn_chaining_algorithm	frameshift;stop_codon_gain	chr9:149337569-149342927
CHS.57242.61	0.1467089611419508	0.3290322580645161	0.9151670951156812	0.4385714285714285	LiftOn_chaining_algorithm	frameshift;stop_codon_gain	chr9:149337569-149342927
CHS.57242.62	0.1497975708502024	0.6490455212922174	0.9951287404314544	0.6903703703703704	LiftOn_chaining_algorithm	frameshift;stop_codon_gain	chr9:149337569-149342927
CHS.57242.63	0.1487915407854985	0.2921348314606741	0.9225642653125992	0.4079670329670329	LiftOn_chaining_algorithm	frameshift;stop_codon_gain	chr9:149337569-149342927
CHS.57242.64	0.5951612903225807	0.5983739837398374	0.9947683109118086	0.6124794745484401	LiftOn_chaining_algorithm	frameshift;stop_codon_gain	chr9:149337569-149342927
CHS.57242.16	0.0444277108433734	0.1372093023255814	0.9930934205743366	0.7693333333333333	LiftOn_chaining_algorithm	frameshift;stop_codon_gain	chr9:149337574-149342739
CHS.57242.65	0.5590828924162258	0.5622775800711743	0.9948320413436692	0.8633093525179856	LiftOn_chaining_algorithm	frameshift;stop_codon_gain	chr9:149337575-149342739
CHS.57242.66	0.6140350877192983	0.5240174672489083	0.9947624392068836	0.6300148588410104	LiftOn_chaining_algorithm	frameshift;stop_codon_gain	chr9:149337575-149342739
CHS.57242.67	0.0443609022556391	0.1421686746987951	0.9921016483516484	0.5997340425531915	LiftOn_chaining_algorithm	frameshift;stop_codon_gain	chr9:149337576-149342739
CHS.57242.68	0.0426608821402747	0.1270182992465016	0.9819645732689212	0.7875776397515528	LiftOn_chaining_algorithm	frameshift;stop_codon_gain	chr9:149337576-149342739
CHS.57242.69	0.0422939068100358	0.1243184296619411	0.9703703703703704	0.8058007566204287	LiftOn_chaining_algorithm	frameshift;stop_codon_gain	chr9:149337576-149342739
CHS.57242.70	0.5611015490533563	0.5642361111111112	0.9936548223350252	0.8649122807017544	LiftOn_chaining_algorithm	frameshift;stop_codon_gain	chr9:149337576-149342739
CHS.57242.71	0.5590828924162258	0.5622775800711743	0.9935400516795866	0.8615107913669064	LiftOn_chaining_algorithm	frameshift;stop_codon_gain	chr9:149337576-149342739
CHS.57242.72	0.0422939068100358	0.1243184296619411	0.9703703703703704	0.8058007566204287	LiftOn_chaining_algorithm	frameshift;stop_codon_gain	chr9:149337576-149342739
CHS.57242.73	0.5214814814814814	0.561377245508982	0.9827327327327328	0.8731117824773413	LiftOn_chaining_algorithm	frameshift;stop_codon_gain	chr9:149337576-149342739
CHS.57242.74	0.1338775510204081	0.6588235294117647	0.9943946188340808	0.6884272997032641	LiftOn_chaining_algorithm	frameshift;stop_codon_gain	chr9:149337576-149342739
CHS.57316.1	0.0749279538904899	0.0	0.9980842911877394	0.138328530259366	Liftoff_truncated	frameshift;stop_codon_gain	chrM:3893-4934
CHS.57319.1	0.0613026819923371	0.0613026819923371	0.9974554707379136	0.1264367816091954	LiftOn_chaining_algorithm	frameshift;stop_codon_gain	chrM:8630-9413
CHS.57324.1	0.0348583877995642	0.0348583877995642	0.9985507246376812	0.1285403050108932	LiftOn_chaining_algorithm	frameshift;stop_codon_gain	chrM:10183-11560
CHS.57327.1	0.0789473684210526	0.0789473684210526	0.9982502187226596	0.1447368421052631	LiftOn_chaining_algorithm	frameshift;stop_codon_gain	chrM:14170-15310
CHS.58443.1	0.967391304347826	0.967391304347826	0.5672947510094213	0.9728260869565216	LiftOn_chaining_algorithm	frameshift;stop_codon_gain	chrX:100585293-100587065
CHS.58446.3	0.3654708520179372	0.0	0.997716894977169	0.6240786240786241	Liftoff_truncated	frameshift;stop_codon_gain	chrX:100904811-100916320
CHS.58682.7	0.9948979591836736	0.9948979591836736	0.9991864958307912	1.0	LiftOn_chaining_algorithm	frameshift;stop_missing	chrX:118737155-118758413
CHS.59357.2	0.9585492227979274	0.9948186528497408	0.9992383853769992	0.996545768566494	LiftOn_chaining_algorithm	stop_missing	chrY:23965003-24026301
CHS.59343.2	0.8691756272401434	0.9301075268817204	0.9667343829355004	0.931899641577061	LiftOn_chaining_algorithm	frameshift	chrY:25661821-25719401
CHS.59343.3	0.8651685393258427	0.9662921348314608	0.9822222222222222	0.9681647940074908	LiftOn_chaining_algorithm	frameshift	chrY:25661821-25719401
CHS.59343.11	0.8350515463917526	0.8883161512027491	0.9638276038994356	0.8900343642611683	LiftOn_chaining_algorithm	frameshift	chrY:25661897-25719401
CHS.59343.12	0.8003300330033003	0.8679867986798679	0.9481684525292798	0.8696369636963697	LiftOn_chaining_algorithm	frameshift	chrY:25661897-25719401
CHS.43720.3	0.0	0.0489510489510489	0.4594017094017094	0.0498220640569395	miniprot_truncated	frameshift;start_lost;stop_codon_gain	chr5:121195957-121204701
CHS.9230.2	0.0	0.0606060606060606	0.2923976608187134	0.1290322580645161	miniprot_truncated	frameshift;stop_codon_gain	chr11:66601642-66602101
CHS.172442.1	0.0	0.25	0.984313725490196	0.4761904761904761	miniprot_truncated	inframe_deletion;stop_codon_gain	chr14:100649863-100650114
CHS.128162.1	0.0	0.059322033898305	0.988795518207283	0.135593220338983	miniprot_truncated	inframe_deletion;stop_codon_gain	chr14:100602592-100603048
CHS.35165.9	0.0	0.417391304347826	0.6608015640273704	0.6504424778761062	miniprot_truncated	frameshift;stop_codon_gain	chr22:19147247-19148642
CHS.35165.9	0.0	0.417391304347826	0.6608015640273704	0.6504424778761062	miniprot_truncated	frameshift;stop_codon_gain	chr22:19026116-19027511
