rna-XM_015783015.2	0.0340136054421768	0.0	0.9979423868312756	0.8333333333333334	Liftoff_truncated	frameshift;stop_codon_gain	CP132235.1:23864402-23869983
rna-XM_026026962.1	0.3435374149659864	0.3423728813559322	0.9984496124031008	0.6428571428571429	LiftOn_chaining_algorithm	frameshift;stop_codon_gain	CP132235.1:24365977-24367264
rna-OrsajM_p52	0.0041152263374485	0.0	0.5187457396046353	0.3333333333333333	Liftoff_truncated	frameshift;start_lost;stop_codon_gain	CP132235.1:34141853-34144015
rna-XM_015755375.2	0.8181818181818182	0.0	0.9995824634655532	0.9	Liftoff_truncated	frameshift;stop_codon_gain	CP132235.1:42161154-42170678
rna-XM_015755383.2	0.8181818181818182	0.0	0.999587118084228	0.9	Liftoff_truncated	frameshift;stop_codon_gain	CP132235.1:42161154-42170678
rna-XM_015755386.2	0.8181818181818182	0.0	0.999176276771005	0.9	Liftoff_truncated	frameshift;stop_codon_gain	CP132235.1:42161154-42170678
rna-XM_015769199.2	0.0204081632653061	0.0875	0.5433843737730664	0.225	LiftOn_chaining_algorithm	frameshift;stop_codon_gain	CP132236.1:12824067-12826275
rna-XM_026023083.1	0.698292220113852	0.7991360691144709	0.9987623762376238	0.8077753779697624	LiftOn_chaining_algorithm	frameshift;stop_codon_gain	CP132236.1:20212255-20214104
rna-XM_015774238.2	0.0964705882352941	0.0964705882352941	0.9987129987129988	0.7694117647058824	LiftOn_chaining_algorithm	frameshift;stop_codon_gain	CP132237.1:12445219-12446770
rna-XM_015765375.2	0.0756501182033096	0.3904761904761905	0.9987944544906572	0.4095238095238095	LiftOn_chaining_algorithm	frameshift;stop_codon_gain	CP132237.1:14094482-14098540
rna-XM_015774034.2	0.015267175572519	0.0	0.7730696798493408	0.2345679012345679	Liftoff_truncated	frameshift;start_lost;stop_codon_gain	CP132237.1:14620308-14623510
rna-XM_015774702.2	0.297644539614561	0.297644539614561	0.9987349778621126	0.6167023554603854	LiftOn_chaining_algorithm	frameshift;stop_codon_gain	CP132237.1:15393099-15394677
rna-XM_015779177.1	0.1903485254691689	0.1903485254691689	0.998998998998999	0.8258258258258259	LiftOn_chaining_algorithm	frameshift;stop_codon_gain	CP132238.1:564006-566001
rna-XM_015778083.2	0.9969278033794164	0.9969278033794164	0.9985778620526192	0.998463901689708	LiftOn_chaining_algorithm	frameshift;stop_missing	CP132238.1:3700940-3705253
rna-XM_015778084.2	0.9965694682675816	0.9965694682675816	0.5448329751904669	0.9982847341337908	LiftOn_chaining_algorithm	frameshift;stop_missing	CP132238.1:3700940-3705253
rna-XM_015778085.2	0.9965694682675816	0.9965694682675816	0.9945014662756598	0.9982847341337908	LiftOn_chaining_algorithm	frameshift;stop_missing	CP132238.1:3700940-3705576
rna-XM_026024755.1	0.2327586206896551	0.5510204081632653	0.6703125	0.5918367346938775	LiftOn_chaining_algorithm	frameshift;stop_codon_gain	CP132238.1:6518134-6518755
rna-XM_015779242.2	0.5045317220543807	0.6511627906976745	0.9977116704805492	0.6733067729083665	LiftOn_chaining_algorithm	frameshift;stop_codon_gain	CP132238.1:7184443-7185851
rna-OrsajCp077	0.618421052631579	0.618421052631579	0.9907834101382488	0.6805555555555556	LiftOn_chaining_algorithm	frameshift;stop_codon_gain	CP132238.1:9293557-9293773
rna-OrsajCp078	0.6296296296296297	0.6296296296296297	0.9937106918238994	0.6415094339622641	LiftOn_chaining_algorithm	frameshift;stop_codon_gain	CP132238.1:9293833-9293990
rna-XM_015780682.2	0.0295728368017524	0.2783505154639175	0.2837826345777702	0.4302325581395348	LiftOn_chaining_algorithm	frameshift;stop_codon_gain	CP132238.1:13432501-13446704
rna-XM_015778609.2	0.1938202247191011	0.9041095890410958	0.3760783399393798	0.9863013698630136	LiftOn_chaining_algorithm	frameshift;stop_codon_gain	CP132238.1:18802987-18806849
rna-XM_015779331.2	0.1905781584582441	0.3563636363636364	0.4339930151338766	0.7174721189591078	LiftOn_chaining_algorithm	frameshift;stop_codon_gain	CP132238.1:19056689-19062179
rna-XM_015781690.1	0.0955882352941176	0.6285714285714286	0.93676552881925	0.7428571428571429	LiftOn_chaining_algorithm	frameshift;stop_codon_gain	CP132238.1:19090461-19092299
rna-XM_015779335.2	0.1240875912408759	0.1240875912408759	0.993421052631579	0.6721311475409836	LiftOn_chaining_algorithm	frameshift;stop_codon_gain	CP132238.1:19330911-19331818
rna-XM_026024872.1	0.019108280254777	0.0	0.8479509766373037	0.821656050955414	Liftoff_truncated	frameshift;stop_codon_gain	CP132238.1:19455409-19458187
rna-XM_015778581.2	0.8476190476190476	0.9175257731958762	0.9961575408261288	0.922279792746114	LiftOn_chaining_algorithm	frameshift;stop_codon_gain	CP132238.1:19847415-19852079
rna-XM_026025241.1	0.9175257731958762	0.9175257731958762	0.998769987699877	0.922279792746114	LiftOn_chaining_algorithm	frameshift;stop_codon_gain	CP132238.1:19850291-19852083
rna-XM_015780863.2	0.0186418109187749	0.0329218106995884	0.3152709359605911	0.9716981132075472	LiftOn_chaining_algorithm	frameshift;stop_codon_gain	CP132238.1:26979228-26984849
rna-XM_015778254.2	0.1207513416815742	0.9444444444444444	0.9979224376731302	0.9652777777777778	LiftOn_chaining_algorithm	frameshift;stop_codon_gain	CP132238.1:29588428-29592759
rna-XM_015779083.2	0.0057377049180327	0.5882352941176471	0.2315872184389732	0.6705882352941176	LiftOn_chaining_algorithm	frameshift;stop_codon_gain	CP132238.1:30225450-30236187
rna-XM_026024510.1	0.0057330057330057	0.5882352941176471	0.2317079557953176	0.6705882352941176	LiftOn_chaining_algorithm	frameshift;stop_codon_gain	CP132238.1:30225450-30236187
rna-XM_026024511.1	0.0057377049180327	0.5882352941176471	0.2315872184389732	0.6705882352941176	LiftOn_chaining_algorithm	frameshift;stop_codon_gain	CP132238.1:30225450-30236187
rna-XM_026024512.1	0.0057424118129614	0.5882352941176471	0.2314664431288311	0.6705882352941176	LiftOn_chaining_algorithm	frameshift;stop_codon_gain	CP132238.1:30225450-30236187
rna-XM_015779436.1	0.0111940298507462	0.0	0.9983532317826266	1.0	Liftoff_truncated	frameshift;stop_codon_gain	CP132238.1:32878135-32885947
rna-XM_015779048.2	0.3829787234042553	0.0	0.8507287259050306	0.574468085106383	Liftoff_truncated	frameshift;start_lost;stop_missing	CP132238.1:33038760-33044236
rna-XM_015778077.2	0.234192037470726	0.7518796992481203	0.9912549191080018	0.7593984962406015	LiftOn_chaining_algorithm	frameshift;stop_codon_gain	CP132238.1:33448480-33452492
rna-XM_026024919.1	0.421875	0.4067796610169492	0.9883333333333332	0.5254237288135594	LiftOn_chaining_algorithm	frameshift;stop_codon_gain	CP132238.1:34467122-34469609
rna-XM_015790940.2	0.0033783783783783	0.0	0.7997043606799704	0.28	Liftoff_truncated	frameshift;start_lost;stop_codon_gain	CP132241.1:3116669-3119447
rna-OrsajM_p44	0.016	0.0	0.146788990825688	0.04	Liftoff_truncated	frameshift;start_lost;stop_codon_gain	CP132241.1:15289400-15289591
rna-XM_015763180.2	0.939799331103679	0.939799331103679	0.8023399014778325	0.94314381270903	LiftOn_chaining_algorithm	frameshift;stop_codon_gain	CP132243.1:9037756-9039064
rna-XM_026020627.1	0.0	0.0	0.7620010106114199	0.5833333333333334	Liftoff_truncated	frameshift;start_lost;stop_codon_gain	CP132243.1:16302770-16304299
rna-OrsajM_p36	0.0178571428571428	0.0	0.142488716956802	0.025	Liftoff_truncated	frameshift;start_lost;stop_codon_gain	CP132243.1:24714477-24714699
rna-XM_026020621.1	0.2217898832684824	0.2217898832684824	0.9993740219092332	0.6459143968871596	LiftOn_chaining_algorithm	frameshift;stop_codon_gain	CP132244.1:3977011-3980203
rna-OrsajCp101	0.618421052631579	0.618421052631579	0.9907834101382488	0.6805555555555556	LiftOn_chaining_algorithm	frameshift;stop_codon_gain	CP132244.1:11483121-11483337
rna-OrsajCp100	0.7701149425287356	0.7701149425287356	0.996124031007752	0.7790697674418605	LiftOn_chaining_algorithm	frameshift;stop_codon_gain	CP132244.1:11483397-11483653
rna-XM_026020640.1	0.0779392338177014	0.1620879120879121	0.4151318543323566	0.717032967032967	LiftOn_chaining_algorithm	frameshift;stop_codon_gain	CP132244.1:15911301-15920368
rna-XM_015758218.2	0.0268456375838926	0.0	0.998972250770812	0.8	Liftoff_truncated	frameshift;stop_codon_gain	CP132244.1:18821822-18830616
rna-XM_026020856.1	0.8421052631578947	0.8421052631578947	0.9917743830787308	0.8526315789473684	LiftOn_chaining_algorithm	frameshift;stop_codon_gain	CP132244.1:20713830-20714678
rna-XM_015758263.2	0.996031746031746	0.996031746031746	0.9995268511947007	0.998015873015873	LiftOn_chaining_algorithm	stop_missing	CP132244.1:21169358-21176695
rna-XM_015760683.2	0.0786885245901639	0.5	0.8292862398822664	0.5555555555555556	LiftOn_chaining_algorithm	frameshift;stop_codon_gain	CP132245.1:6565970-6567812
rna-XM_026021415.1	0.304635761589404	0.304635761589404	0.90515595162317	0.4437086092715231	LiftOn_chaining_algorithm	frameshift;stop_codon_gain	CP132245.1:6593874-6595393
rna-XM_015761414.1	0.0269709543568464	0.0	0.998324958123953	1.0	Liftoff_truncated	frameshift;stop_codon_gain	CP132245.1:17276466-17279208
rna-XM_015761975.2	0.4757281553398058	0.8588235294117647	0.9974326059050064	0.8647058823529412	LiftOn_chaining_algorithm	frameshift;stop_codon_gain	CP132245.1:22073936-22076377
rna-XM_015760685.2	0.2783300198807157	0.2783300198807157	0.9996986136226642	0.5964214711729622	LiftOn_chaining_algorithm	frameshift;stop_codon_gain	CP132245.1:23543254-23546570
rna-XM_026021883.1	0.003440366972477	0.0378378378378378	0.4140829694323144	0.9878048780487804	LiftOn_chaining_algorithm	frameshift;stop_codon_gain	CP132246.1:2794793-2803613
rna-XM_026021935.1	0.4736842105263157	0.0	0.9825653798256538	0.5789473684210527	Liftoff_truncated	start_lost;inframe_deletion	CP132246.1:3213851-3217485
rna-XM_015763346.2	0.8456973293768546	0.8456973293768546	0.9982847341337908	0.8666666666666667	LiftOn_chaining_algorithm	frameshift;stop_codon_gain	CP132246.1:5707986-5710507
rna-XM_015763426.2	0.9970149253731344	0.9970149253731344	0.9977370445802216	1.0	LiftOn_chaining_algorithm	frameshift;stop_missing	CP132246.1:20976779-20991920
rna-XM_015765375.2_1	0.0	0.3904761904761905	0.1892706449668475	0.4095238095238095	miniprot_truncated	frameshift;stop_codon_gain	CP132237.1:14098156-14098469
rna-OrsajCp077_1	0.0	0.618421052631579	0.9907834101382488	0.6805555555555556	miniprot_truncated	frameshift;stop_codon_gain	CP132244.1:21143844-21144060
rna-OrsajCp077_2	0.0	0.618421052631579	0.9907834101382488	0.6805555555555556	miniprot_truncated	frameshift;stop_codon_gain	CP132242.1:9309226-9309442
rna-OrsajCp077_3	0.0	0.618421052631579	0.9907834101382488	0.6805555555555556	miniprot_truncated	frameshift;stop_codon_gain	CP132241.1:14391550-14391766
rna-OrsajCp077_4	0.0	0.618421052631579	0.9907834101382488	0.6805555555555556	miniprot_truncated	frameshift;stop_codon_gain	CP132238.1:9230398-9230614
rna-OrsajCp077_5	0.0	0.618421052631579	0.9907834101382488	0.6805555555555556	miniprot_truncated	frameshift;stop_codon_gain	CP132238.1:9370442-9370658
rna-OrsajCp077_6	0.0	0.618421052631579	0.9907834101382488	0.6805555555555556	miniprot_truncated	frameshift;stop_codon_gain	CP132238.1:9313515-9313731
rna-OrsajCp088_2	0.0	0.2994555353901996	0.9986702127659576	0.6307385229540918	miniprot_truncated	frameshift;stop_codon_gain	CP132246.1:5657049-5658552
