rna-XM_011238758.3	0.9788359788359788	0.8390501319261213	0.977969348659004	0.9735449735449736	LiftOn_chaining_algorithm	frameshift;stop_missing	CM062726.1:25579271-25593732
rna-XM_017317108.3	0.977715877437326	0.8305555555555556	0.9773510585918268	0.9721448467966574	LiftOn_chaining_algorithm	frameshift;stop_missing	CM062726.1:25579271-25593732
rna-NM_001374101.1	0.8785529715762274	0.0	0.8938356164383562	0.875968992248062	Liftoff_truncated	frameshift;start_lost	CM062726.1:55706083-55741622
rna-NM_001374102.1	0.8658536585365854	0.0	0.8850793650793651	0.8628048780487805	Liftoff_truncated	frameshift;start_lost	CM062726.1:55706083-55741622
rna-XM_011245712.3	0.1293532338308457	0.0	0.4773188896411645	0.1194029850746268	Liftoff_truncated	frameshift;start_lost	CM062728.1:38526063-38526892
rna-XM_006530587.5	0.9995943204868154	0.995943204868154	0.997143197238424	0.995943204868154	LiftOn_chaining_algorithm	frameshift	CM062729.1:44648855-44949754
rna-XM_006530588.5	0.9995943204868154	0.995943204868154	0.997143197238424	0.995943204868154	LiftOn_chaining_algorithm	frameshift	CM062729.1:44648855-44949754
rna-XM_006530590.5	0.999594155844156	0.9959415584415584	0.9971421767087402	0.9959415584415584	LiftOn_chaining_algorithm	frameshift	CM062729.1:44648855-44949754
rna-XM_006530601.5	0.999592335915206	0.9959233591520588	0.9971309025702332	0.9959233591520588	LiftOn_chaining_algorithm	frameshift	CM062729.1:44648855-44949754
rna-XM_006530603.5	0.9995669120831528	0.9952360329146815	0.9972602739726028	0.9956691208315288	LiftOn_chaining_algorithm	frameshift	CM062729.1:44648855-44949754
rna-XM_006530605.5	0.9994711792702274	0.9941829719725012	0.997429718875502	0.994711792702274	LiftOn_chaining_algorithm	frameshift	CM062729.1:44671336-44949761
rna-XM_011248285.4	0.9995881383855024	0.9958813838550248	0.9973365617433414	0.9958813838550248	LiftOn_chaining_algorithm	frameshift	CM062729.1:44648855-44949754
rna-XM_030243261.2	0.999564649542882	0.9952111449717024	0.9972484746979304	0.9956464954288202	LiftOn_chaining_algorithm	frameshift	CM062729.1:44648855-44949754
rna-XM_030243262.2	0.999564649542882	0.9952111449717024	0.9972484746979304	0.9956464954288202	LiftOn_chaining_algorithm	frameshift	CM062729.1:44648855-44949754
rna-XM_036153732.1	0.999592335915206	0.9959233591520588	0.9971309025702332	0.9959233591520588	LiftOn_chaining_algorithm	frameshift	CM062729.1:44648855-44949754
rna-XM_006509397.4	0.948081264108352	0.9351230425055927	0.969560878243513	0.945823927765237	LiftOn_chaining_algorithm	frameshift;stop_missing	CM062729.1:68993393-69032550
rna-XM_011244398.3	0.713091922005571	0.0	0.6820109024833434	0.7103064066852368	Liftoff_truncated	frameshift;stop_codon_gain	CM062734.1:74810382-74830989
rna-XM_011244399.2	0.713091922005571	0.0	0.6784841075794621	0.7103064066852368	Liftoff_truncated	frameshift;stop_codon_gain	CM062734.1:74810375-74830989
rna-XM_030247241.2	0.6761006289308176	0.0	0.6945727482678984	0.6729559748427673	Liftoff_truncated	frameshift;stop_codon_gain	CM062734.1:74810382-74830989
rna-XM_036158030.1	0.6761006289308176	0.0	0.6993725042783799	0.6729559748427673	Liftoff_truncated	frameshift;stop_codon_gain	CM062734.1:74810382-74830989
rna-XM_036158032.1	0.6761006289308176	0.0	0.6971951917572983	0.6729559748427673	Liftoff_truncated	frameshift;stop_codon_gain	CM062734.1:74810382-74830989
rna-XM_036158033.1	0.6666666666666666	0.0	0.6946697566628042	0.6634304207119741	Liftoff_truncated	frameshift;stop_codon_gain	CM062734.1:74810382-74830989
rna-XM_036160872.1	0.2033898305084746	0.0	0.5488372093023256	0.1964285714285714	Liftoff_truncated	frameshift;start_lost;stop_codon_gain	CM062736.1:20634441-20634568
rna-ND1	0.009375	0.0	0.2068965517241379	0.0	Liftoff_truncated	frameshift;start_lost;stop_codon_gain	JARLJY010000009.1:57733413-57733611
rna-XM_006499196.4	0.925	0.91701244813278	0.9388062511768028	0.9208333333333332	LiftOn_chaining_algorithm	frameshift;stop_codon_gain	JARLJY010000015.1:67900086-67980110
rna-NM_008653.2	0.99687255668491	0.3675344563552833	0.9961575408261288	0.9913995308835029	LiftOn_chaining_algorithm	frameshift	JARLJY010000015.1:87894154-87912530
rna-XM_006498882.3	0.9968701095461658	0.3708812260536398	0.9961822953948938	0.9913928012519562	LiftOn_chaining_algorithm	frameshift	JARLJY010000015.1:87894124-87912530
rna-XM_011239341.2	0.99687255668491	0.3675344563552833	0.9961959106038992	0.9913995308835029	LiftOn_chaining_algorithm	frameshift	JARLJY010000015.1:87894124-87912530
rna-XM_036165534.1	0.9939117199391172	0.1328358208955224	0.8971631205673759	0.9878234398782344	LiftOn_chaining_algorithm	frameshift	JARLJY010000026.1:126565360-126609816
rna-XM_036157714.1	0.8535825545171339	0.9082278481012658	0.9829545454545454	0.879746835443038	LiftOn_chaining_algorithm	frameshift;start_lost;stop_codon_gain	CM062733.1:73666895-73674706
rna-NM_001163661.1	0.3351409978308026	0.9892984542211652	0.9917893544733862	0.6218787158145065	LiftOn_chaining_algorithm	frameshift;stop_codon_gain	CM062736.1:70052305-70068879
rna-NM_027880.2	0.3351409978308026	0.9892984542211652	0.9912917271407836	0.6218787158145065	LiftOn_chaining_algorithm	frameshift;stop_codon_gain	CM062736.1:70052367-70068879
rna-XM_011246619.4	0.5498220640569395	0.9866920152091256	0.9893333333333332	0.5931558935361216	LiftOn_chaining_algorithm	frameshift;stop_codon_gain	CM062736.1:70052295-70063338
rna-NM_177780.3	0.4097782258064516	0.9994649545211344	0.9977749830705234	0.5543071161048689	LiftOn_chaining_algorithm	frameshift;stop_codon_gain	JARLJY010000004.1:57070315-57253412
rna-XM_011245170.3	0.4070886075949367	0.9967741935483873	0.9960454770143352	0.556989247311828	LiftOn_chaining_algorithm	frameshift;stop_codon_gain	JARLJY010000004.1:57107832-57253411
rna-XM_017322274.1	0.0	0.9751552795031057	0.9720496894409938	0.9658385093167702	LiftOn_chaining_algorithm	frameshift;start_lost	JARLJY010000020.1:44406438-44407384
rna-XM_017321201.2	0.9716088328075708	0.9747634069400632	0.9002478314745973	0.9716088328075708	LiftOn_chaining_algorithm	frameshift	JARLJY010000026.1:113733085-113736744
rna-XM_030254990.2	0.9716088328075708	0.9747634069400632	0.8998144712430427	0.9716088328075708	LiftOn_chaining_algorithm	frameshift	JARLJY010000026.1:113733085-113736745
rna-XM_030242862.1_1	0.0	0.976958525345622	0.2682323856613102	0.967741935483871	miniprot_truncated	frameshift;start_lost	JARLJY010000020.1:64306889-64307539
rna-NM_001362867.1_1	0.0	0.9873417721518988	0.1603997289972899	0.981012658227848	miniprot_truncated	frameshift;start_lost	CM062732.1:17685031-17685978
rna-NM_001290196.2_3	0.0	0.9978494623655914	0.4951974386339381	0.9935483870967742	miniprot_truncated	frameshift;start_lost	CM062734.1:54877612-54880369
rna-NM_001290196.2_4	0.0	0.9956989247311828	0.4948416933475631	0.9913978494623656	miniprot_truncated	frameshift;start_lost	CM062734.1:56098645-56101406
rna-NM_001081328.1_1	0.0	0.5887005649717514	0.404688304997424	0.5875706214689266	miniprot_truncated	frameshift;start_lost	JARLJY010000009.1:56998006-56999580
rna-XM_011250365.2	0.7773109243697479	0.7773109243697479	0.9788888888888888	0.773109243697479	LiftOn_chaining_algorithm	frameshift;stop_missing	CM062728.1:26886334-26887901
rna-XM_006530589.5	0.999594155844156	0.9967532467532468	0.9971421767087402	0.9959415584415584	LiftOn_chaining_algorithm	frameshift	CM062729.1:44648855-44949754
rna-XM_006530591.5	0.9995939910678034	0.9971579374746244	0.9971411554496724	0.9959399106780348	LiftOn_chaining_algorithm	frameshift	CM062729.1:44648855-44949754
rna-XM_006530592.5	0.9995939910678034	0.996751928542428	0.9971411554496724	0.9959399106780348	LiftOn_chaining_algorithm	frameshift	CM062729.1:44648855-44949754
rna-XM_006530593.5	0.9995939910678034	0.996751928542428	0.9971411554496724	0.9959399106780348	LiftOn_chaining_algorithm	frameshift	CM062729.1:44648855-44949754
rna-XM_006530594.5	0.9995938261575954	0.997156783103168	0.9971401334604384	0.9959382615759546	LiftOn_chaining_algorithm	frameshift	CM062729.1:44648855-44949754
rna-XM_006530595.5	0.9995936611133686	0.9975619666802112	0.9971391107402552	0.9959366111336856	LiftOn_chaining_algorithm	frameshift	CM062729.1:44648855-44949754
rna-XM_006530596.5	0.9995936611133686	0.9975619666802112	0.9971391107402552	0.9959366111336856	LiftOn_chaining_algorithm	frameshift	CM062729.1:44648855-44949754
rna-XM_006530597.5	0.999593330622204	0.9983733224888166	0.9971935195815792	0.9959333062220416	LiftOn_chaining_algorithm	frameshift	CM062729.1:44649398-44949754
rna-XM_006530598.5	0.999593330622204	0.9983733224888166	0.9971370631039008	0.9959333062220416	LiftOn_chaining_algorithm	frameshift	CM062729.1:44648855-44949754
rna-XM_006530599.5	0.999593165174939	0.999186330349878	0.9972524190658224	0.9959316517493898	LiftOn_chaining_algorithm	frameshift	CM062729.1:44648863-44949754
rna-XM_006530600.5	0.9995929995929996	0.9995929995929996	0.99713501253432	0.995929995929996	LiftOn_chaining_algorithm	frameshift	CM062729.1:44648855-44949754
rna-XM_006530602.4	0.9995893223819302	0.9967145790554416	0.9971122608591024	0.995893223819302	LiftOn_chaining_algorithm	frameshift	CM062729.1:44648855-44949754
rna-XM_006530609.4	0.9994134897360704	0.9953079178885632	0.996828752642706	0.9941348973607038	LiftOn_chaining_algorithm	frameshift	CM062729.1:44687788-44949766
rna-XM_030243260.2	0.9995913363302004	0.998365345320801	0.9973567223356964	0.9959133633020024	LiftOn_chaining_algorithm	frameshift	CM062729.1:44648877-44949754
rna-XM_036153733.1	0.9994134897360704	0.9953079178885632	0.9971751412429378	0.9941348973607038	LiftOn_chaining_algorithm	frameshift	CM062729.1:44688693-44949766
rna-XM_017317445.1	0.9987228607918264	0.9987228607918264	0.9968541093197012	0.992337164750958	LiftOn_chaining_algorithm	frameshift;start_lost	CM062736.1:38359751-38377225
rna-NM_178372.2	0.987460815047022	0.987460815047022	0.9909688013136289	0.9780564263322884	LiftOn_chaining_algorithm	frameshift;start_lost	CM062736.1:69869818-69871585
rna-XM_006526679.4	0.9838337182448036	0.9838337182448036	0.5031747799933163	0.976905311778291	LiftOn_chaining_algorithm	frameshift;stop_codon_gain	CM062737.1:14978755-15011777
rna-XM_011247144.4	0.9838337182448036	0.9838337182448036	0.5008393956351427	0.976905311778291	LiftOn_chaining_algorithm	frameshift;start_lost;stop_codon_gain	CM062737.1:14978755-15027850
rna-XM_017318062.3	0.9838337182448036	0.9838337182448036	0.3429721269935907	0.976905311778291	LiftOn_chaining_algorithm	frameshift;start_lost;stop_codon_gain	CM062737.1:14978755-15011589
rna-XM_036161433.1	0.9838337182448036	0.9838337182448036	0.3756266327755419	0.976905311778291	LiftOn_chaining_algorithm	frameshift;stop_codon_gain	CM062737.1:14978755-14995240
rna-XM_036161434.1	0.9838337182448036	0.9838337182448036	0.4550908928091698	0.976905311778291	LiftOn_chaining_algorithm	frameshift;stop_codon_gain	CM062737.1:14978755-14990941
rna-XM_030255637.2	0.985981308411215	0.985981308411215	0.9899396378269618	0.9813084112149532	LiftOn_chaining_algorithm	frameshift	JARLJY010000005.1:43682723-43721181
rna-NM_001360134.2	0.9921414538310412	0.9921414538310412	0.9877777777777778	0.9901768172888016	LiftOn_chaining_algorithm	frameshift	JARLJY010000023.1:34968237-34974151
rna-XM_030247791.2	0.9921414538310412	0.9921414538310412	0.99106529209622	0.9901768172888016	LiftOn_chaining_algorithm	frameshift	JARLJY010000023.1:34963212-34974151
