rna-XM_026022609.1	0.1622807017543859	0.3067226890756303	0.9976047904191616	0.3771929824561403	LiftOn_chaining_algorithm	frameshift;stop_codon_gain	CP132235.1:18111005-18112089
rna-XM_015765223.2	0.3075	0.3075	0.9994068801897984	0.56	LiftOn_chaining_algorithm	frameshift;stop_codon_gain	CP132235.1:19697710-19701819
rna-XM_015783015.2	0.1239669421487603	0.1462450592885375	0.9898063200815496	0.5807860262008734	LiftOn_chaining_algorithm	frameshift;stop_codon_gain	CP132235.1:23864402-23869983
rna-XM_026026962.1	0.3435374149659864	0.3423728813559322	0.9984496124031008	0.6428571428571429	LiftOn_chaining_algorithm	frameshift;stop_codon_gain	CP132235.1:24365977-24367264
rna-XM_026024361.1	0.1750405186385737	0.1750405186385737	0.9994934143870314	0.7633711507293355	LiftOn_chaining_algorithm	frameshift;stop_codon_gain	CP132235.1:30540871-30545737
rna-OrsajM_p52	0.006060606060606	0.0099206349206349	0.5033068783068783	0.1513292433537832	LiftOn_chaining_algorithm	frameshift;start_lost;stop_codon_gain	CP132235.1:34141853-34144015
rna-XM_015755363.2	0.9888888888888888	0.9888888888888888	0.9987442444537464	0.9925925925925926	LiftOn_chaining_algorithm	frameshift;stop_codon_gain	CP132235.1:42166721-42170678
rna-XM_015755371.2	0.9888888888888888	0.9888888888888888	0.9986708019494904	0.9925925925925926	LiftOn_chaining_algorithm	frameshift;stop_codon_gain	CP132235.1:42166720-42170752
rna-XM_015755375.2	0.9884393063583816	0.9884393063583816	0.9995824634655532	0.9922928709055876	LiftOn_chaining_algorithm	frameshift;stop_codon_gain	CP132235.1:42161154-42170678
rna-XM_015755383.2	0.9884393063583816	0.9884393063583816	0.999587118084228	0.9922928709055876	LiftOn_chaining_algorithm	frameshift;stop_codon_gain	CP132235.1:42161154-42170678
rna-XM_015755386.2	0.9884393063583816	0.9884393063583816	0.999176276771005	0.9922928709055876	LiftOn_chaining_algorithm	frameshift;stop_codon_gain	CP132235.1:42161154-42170678
rna-XM_015769360.2	0.3169811320754717	0.2931937172774869	0.9994207935128874	0.5735849056603773	LiftOn_chaining_algorithm	frameshift;stop_codon_gain	CP132236.1:4778113-4785848
rna-XM_015769199.2	0.0204081632653061	0.0203488372093023	0.9985569985569984	0.7376093294460642	LiftOn_chaining_algorithm	frameshift;stop_codon_gain	CP132236.1:12824067-12826275
rna-XM_026023500.1	0.1634615384615384	0.2186046511627907	0.9996934396076028	0.3461538461538461	LiftOn_chaining_algorithm	frameshift;stop_codon_gain	CP132236.1:16545484-16548745
rna-XM_026023083.1	0.6788990825688074	0.6666666666666666	0.9987623762376238	0.6970260223048327	LiftOn_chaining_algorithm	frameshift;stop_codon_gain	CP132236.1:20212255-20214104
rna-XM_015771542.2	0.337251356238698	0.3100581878636742	0.9994725738396624	0.5786618444846293	LiftOn_chaining_algorithm	frameshift;stop_codon_gain	CP132236.1:31223914-31231499
rna-XM_026022983.1	0.4036511156186612	0.4036511156186612	0.9987585350713842	0.5436105476673428	LiftOn_chaining_algorithm	frameshift;stop_codon_gain	CP132236.1:35319605-35322866
rna-XM_015774238.2	0.0964705882352941	0.0964705882352941	0.9987129987129988	0.7694117647058824	LiftOn_chaining_algorithm	frameshift;stop_codon_gain	CP132237.1:12445219-12446770
rna-XM_015765375.2	0.0811881188118811	0.0811881188118811	0.9987944544906572	0.8275862068965517	LiftOn_chaining_algorithm	frameshift;stop_codon_gain	CP132237.1:14094482-14098540
rna-XM_026023693.1	0.1442495126705653	0.1442495126705653	0.9988888888888888	0.783625730994152	LiftOn_chaining_algorithm	frameshift;stop_codon_gain	CP132237.1:14458670-14461621
rna-XM_015774034.2	0.0163043478260869	0.0	0.7730696798493408	0.6101694915254238	Liftoff_truncated	frameshift;start_lost;stop_codon_gain	CP132237.1:14620308-14623510
rna-XM_015774702.2	0.297644539614561	0.297644539614561	0.9987349778621126	0.6167023554603854	LiftOn_chaining_algorithm	frameshift;stop_codon_gain	CP132237.1:15393099-15394677
rna-XM_015772525.2	0.7147147147147147	0.4931129476584022	0.9658500371195248	0.7177177177177178	LiftOn_chaining_algorithm	stop_codon_gain	CP132237.1:15673893-15675714
rna-XM_026024398.1	0.4588607594936709	0.4147727272727273	0.9983935742971888	0.5126582278481012	LiftOn_chaining_algorithm	frameshift;stop_codon_gain	CP132237.1:31713249-31715038
rna-XM_015776184.2	0.4025356576862123	0.4025356576862123	0.9991169977924944	0.5832012678288431	LiftOn_chaining_algorithm	frameshift;stop_codon_gain	CP132237.1:35168160-35174925
rna-XM_015779177.1	0.1903485254691689	0.1903485254691689	0.998998998998999	0.8258258258258259	LiftOn_chaining_algorithm	frameshift;stop_codon_gain	CP132238.1:564006-566001
rna-XM_026025229.1	0.4335260115606936	0.38860103626943	0.99545282303903	0.4393063583815029	LiftOn_chaining_algorithm	frameshift;stop_codon_gain	CP132238.1:1657623-1660262
rna-XM_015778081.2	0.9971711456859972	0.9971711456859972	0.9953271028037384	0.9985855728429984	LiftOn_chaining_algorithm	frameshift;stop_missing	CP132238.1:3700940-3705559
rna-XM_015778083.2	0.9969278033794164	0.9969278033794164	0.9985778620526192	0.998463901689708	LiftOn_chaining_algorithm	frameshift;stop_missing	CP132238.1:3700940-3705253
rna-XM_015778084.2	0.9965694682675816	0.9965694682675816	0.5448329751904669	0.9982847341337908	LiftOn_chaining_algorithm	frameshift;stop_missing	CP132238.1:3700940-3705253
rna-XM_015778085.2	0.9965694682675816	0.9965694682675816	0.9945014662756598	0.9982847341337908	LiftOn_chaining_algorithm	frameshift;stop_missing	CP132238.1:3700940-3705576
rna-XM_026024755.1	0.216	0.216	0.9953596287703016	0.7967479674796748	LiftOn_chaining_algorithm	frameshift;stop_codon_gain	CP132238.1:6518134-6518755
rna-XM_015779242.2	0.4692737430167598	0.4692737430167598	0.9977116704805492	0.5133531157270029	LiftOn_chaining_algorithm	frameshift;stop_codon_gain	CP132238.1:7184443-7185851
rna-OrsajCp077	0.618421052631579	0.618421052631579	0.9907834101382488	0.6805555555555556	LiftOn_chaining_algorithm	frameshift;stop_codon_gain	CP132238.1:9293557-9293773
rna-OrsajCp078	0.6296296296296297	0.6296296296296297	0.9937106918238994	0.6415094339622641	LiftOn_chaining_algorithm	frameshift;stop_codon_gain	CP132238.1:9293833-9293990
rna-XM_026024664.1	0.8174603174603174	0.8174603174603174	0.9975031210986268	0.8333333333333334	LiftOn_chaining_algorithm	frameshift;stop_missing	CP132238.1:11047292-11048186
rna-XM_015780682.2	0.0260115606936416	0.0255439924314096	0.9985038898862956	0.9021739130434784	LiftOn_chaining_algorithm	frameshift;stop_codon_gain	CP132238.1:13432501-13446704
rna-XM_026024805.1	0.6412289395441031	0.6412289395441031	0.9996577686516084	0.6652977412731006	LiftOn_chaining_algorithm	frameshift;stop_codon_gain	CP132238.1:15375632-15386529
rna-XM_015780166.2	0.0458498023715415	0.2206776715899218	0.975983108999736	0.6217891939769707	LiftOn_chaining_algorithm	frameshift;stop_codon_gain	CP132238.1:17047671-17054914
rna-XM_015780179.2	0.2407002188183807	0.9904306220095692	0.8196450680973999	0.992822966507177	LiftOn_chaining_algorithm	frameshift;stop_codon_gain	CP132238.1:17078823-17082440
rna-XM_015779331.2	0.1753130590339892	0.1753130590339892	0.9978586723768736	0.8527131782945736	LiftOn_chaining_algorithm	frameshift;stop_codon_gain	CP132238.1:19056689-19062179
rna-XM_015779335.2	0.1240875912408759	0.1240875912408759	0.993421052631579	0.6721311475409836	LiftOn_chaining_algorithm	frameshift;stop_codon_gain	CP132238.1:19330911-19331818
rna-XM_026024872.1	0.019108280254777	0.0	0.8479509766373037	0.821656050955414	Liftoff_truncated	frameshift;stop_codon_gain	CP132238.1:19455409-19458187
rna-XM_015778730.2	0.1259842519685039	0.9635854341736696	0.9963235294117648	0.9663865546218487	LiftOn_chaining_algorithm	frameshift;stop_codon_gain	CP132238.1:19638886-19642437
rna-XM_015778581.2	0.7816593886462883	0.7816593886462883	0.9961575408261288	0.8325581395348837	LiftOn_chaining_algorithm	frameshift;stop_codon_gain	CP132238.1:19847415-19852079
rna-XM_026025241.1	0.9035532994923858	0.9086294416243654	0.998769987699877	0.9132653061224488	LiftOn_chaining_algorithm	frameshift;stop_codon_gain	CP132238.1:19850291-19852083
rna-XM_026024624.1	0.6332046332046332	0.6332046332046332	0.9982476635514018	0.6612903225806451	LiftOn_chaining_algorithm	frameshift;stop_codon_gain	CP132238.1:20189001-20190862
rna-XM_015781493.2	0.4624277456647399	0.4624277456647399	0.993975903614458	0.4911242603550296	LiftOn_chaining_algorithm	frameshift;stop_codon_gain	CP132238.1:22954037-22956848
rna-XM_015780842.2	0.9849340866290018	0.8266423357664233	0.9964964964964964	0.9868173258003766	LiftOn_chaining_algorithm	frameshift;stop_missing	CP132238.1:26362561-26368239
rna-XM_015780863.2	0.0185830429732868	0.0159635119726339	0.9986431478968792	0.9205729166666666	LiftOn_chaining_algorithm	frameshift;stop_codon_gain	CP132238.1:26979228-26984849
rna-XM_015778595.1	0.044776119402985	0.044776119402985	0.9984082769598088	0.9573091849935316	LiftOn_chaining_algorithm	frameshift;stop_codon_gain	CP132238.1:29937409-29940912
rna-XM_015778596.1	0.0461538461538461	0.0461538461538461	0.9983532317826266	0.9557046979865772	LiftOn_chaining_algorithm	frameshift;stop_codon_gain	CP132238.1:29937409-29940912
rna-XM_015778760.2	0.9678217821782178	0.9678217821782178	0.9990356798457088	0.978960396039604	LiftOn_chaining_algorithm	frameshift;stop_missing	CP132238.1:29944302-29953711
rna-XM_015778004.1	0.9966254218222722	0.9966254218222722	0.9988992845349476	0.997750281214848	LiftOn_chaining_algorithm	frameshift;stop_missing	CP132238.1:30182121-30186772
rna-XM_015778005.2	0.995956873315364	0.995956873315364	0.9991995731056564	0.9973045822102424	LiftOn_chaining_algorithm	frameshift;stop_missing	CP132238.1:30182121-30187458
rna-XM_026025040.1	0.9966254218222722	0.9966254218222722	0.9991778569471088	0.997750281214848	LiftOn_chaining_algorithm	frameshift;stop_missing	CP132238.1:30182121-30186772
rna-XM_015779083.2	0.0127431254191817	0.034366576819407	0.9804834774894656	0.7152886115444618	LiftOn_chaining_algorithm	frameshift;stop_codon_gain	CP132238.1:30225450-30236187
rna-XM_026024510.1	0.0127260549229738	0.0343434343434343	0.9804964539007092	0.7155105222135619	LiftOn_chaining_algorithm	frameshift;stop_codon_gain	CP132238.1:30225450-30236187
rna-XM_026024511.1	0.0127260549229738	0.0344827586206896	0.9804834774894656	0.7152886115444618	LiftOn_chaining_algorithm	frameshift;stop_codon_gain	CP132238.1:30225450-30236187
rna-XM_026024512.1	0.012760241773002	0.034274193548387	0.9804704837993786	0.7150663544106167	LiftOn_chaining_algorithm	frameshift;stop_codon_gain	CP132238.1:30225450-30236187
rna-XM_015781745.2	0.1058091286307053	0.8687782805429864	0.8970796711085909	0.8974358974358975	LiftOn_chaining_algorithm	frameshift;stop_codon_gain	CP132238.1:31299198-31305633
rna-XM_015780724.2	0.1102222222222222	0.5459032576505429	0.9745034094278092	0.558531746031746	LiftOn_chaining_algorithm	frameshift;stop_codon_gain	CP132238.1:31306424-31312317
rna-XM_015781053.2	0.3083511777301927	0.7962686567164179	0.9842312746386334	0.8106060606060606	LiftOn_chaining_algorithm	frameshift;stop_codon_gain	CP132238.1:31395671-31415305
rna-XM_026024580.1	0.8188976377952756	0.8188976377952756	0.9887577290612704	0.8582677165354331	LiftOn_chaining_algorithm	frameshift;stop_missing	CP132238.1:31548839-31551511
rna-XM_015779431.2	0.0543130990415335	0.0568561872909698	0.9918032786885246	0.9080882352941176	LiftOn_chaining_algorithm	frameshift;stop_codon_gain	CP132238.1:32383457-32388045
rna-XM_015779436.1	0.5326251896813353	0.526395173453997	0.99752984767394	0.5638977635782748	LiftOn_chaining_algorithm	frameshift;stop_codon_gain	CP132238.1:32878135-32885947
rna-XM_015781342.2	0.4257425742574257	0.9946236559139784	0.9984756097560976	1.0	LiftOn_chaining_algorithm	synonymous	CP132238.1:34463768-34466388
rna-XM_026024919.1	0.2424242424242424	0.2424242424242424	0.9883333333333332	0.7272727272727273	LiftOn_chaining_algorithm	frameshift;stop_codon_gain	CP132238.1:34467122-34469609
rna-XM_026025232.1	0.3039443155452436	0.3039443155452436	0.9994593133279264	0.6241299303944315	LiftOn_chaining_algorithm	frameshift;stop_codon_gain	CP132238.1:34947622-34953289
rna-XM_015780303.1	0.5531135531135531	0.5531135531135531	0.9994858611825193	0.5941176470588235	LiftOn_chaining_algorithm	frameshift;stop_codon_gain	CP132238.1:35257932-35262663
rna-XM_026025311.1	0.4622222222222222	0.4622222222222222	0.999586435070306	0.5240384615384616	LiftOn_chaining_algorithm	frameshift;stop_codon_gain	CP132239.1:903069-906070
rna-XM_026025610.1	0.3708920187793427	0.555045871559633	0.9676425269645608	0.5727699530516432	LiftOn_chaining_algorithm	frameshift;stop_codon_gain	CP132239.1:9660931-9661861
rna-XM_015783213.1	0.5401662049861495	0.5401662049861495	0.9975806451612904	0.6343490304709142	LiftOn_chaining_algorithm	frameshift;stop_missing	CP132239.1:29236599-29237934
rna-XM_026026252.1	0.185929648241206	0.3205741626794258	0.9977653631284916	0.3417085427135678	LiftOn_chaining_algorithm	frameshift;stop_codon_gain	CP132240.1:9994249-9995142
rna-XM_015787134.2	0.3558504221954162	0.3558504221954162	0.9996233521657252	0.6405307599517491	LiftOn_chaining_algorithm	frameshift;stop_codon_gain	CP132240.1:26273546-26281460
rna-XM_015790940.2	0.002710027100271	0.0	0.7997043606799704	0.2636103151862464	Liftoff_truncated	frameshift;start_lost;stop_codon_gain	CP132241.1:3116669-3119447
rna-OrsajM_p44	0.0114678899082568	0.0	0.146788990825688	0.0229357798165137	Liftoff_truncated	frameshift;start_lost;stop_codon_gain	CP132241.1:15289400-15289591
rna-XM_015790778.2	0.232620320855615	0.2142857142857142	0.9991666666666666	0.4064171122994652	LiftOn_chaining_algorithm	frameshift;stop_codon_gain	CP132241.1:16297726-16300390
rna-XM_026026737.1	0.4077868852459016	0.4077868852459016	0.9988385598141696	0.5614754098360656	LiftOn_chaining_algorithm	frameshift;stop_codon_gain	CP132241.1:20197483-20199283
rna-XM_015794374.2	0.072072072072072	0.0700729927007299	0.9986175115207372	0.8853288364249579	LiftOn_chaining_algorithm	frameshift;stop_codon_gain	CP132242.1:959488-963826
rna-XM_015795018.2	0.1371727748691099	0.1371727748691099	0.999739989599584	0.8167539267015707	LiftOn_chaining_algorithm	frameshift;stop_codon_gain	CP132242.1:4157948-4163000
rna-XM_026019984.1	0.4151898734177215	0.4151898734177215	0.9997753818508536	0.5755274261603376	LiftOn_chaining_algorithm	frameshift;stop_codon_gain	CP132242.1:10128328-10138471
rna-XM_015795215.2	0.2555555555555555	0.9886363636363636	0.9727371864776444	0.9914772727272728	LiftOn_chaining_algorithm	frameshift;stop_missing	CP132242.1:11833031-11839757
rna-XM_026027324.1	0.2715355805243445	0.1057513914656771	0.9996150885296382	0.6985018726591761	LiftOn_chaining_algorithm	frameshift;stop_codon_gain	CP132242.1:23026831-23032459
rna-XM_015763180.2	0.939799331103679	0.939799331103679	0.8023399014778325	0.94314381270903	LiftOn_chaining_algorithm	frameshift;stop_codon_gain	CP132243.1:9037756-9039064
rna-XM_015755649.2	0.2206703910614525	0.1121045392022008	0.9995690583925878	0.7758379888268156	LiftOn_chaining_algorithm	frameshift;stop_codon_gain	CP132243.1:14277996-14292621
rna-XM_026020627.1	0.010204081632653	0.0	0.7620010106114199	0.1237113402061855	Liftoff_truncated	frameshift;start_lost;stop_codon_gain	CP132243.1:16302770-16304299
rna-XM_026020152.1	0.9589442815249268	0.1218836565096952	0.998463901689708	0.9736070381231672	LiftOn_chaining_algorithm	frameshift;stop_missing	CP132243.1:23614750-23618641
rna-OrsajM_p36	0.0077369439071566	0.0174081237911025	0.142488716956802	0.0328820116054158	LiftOn_chaining_algorithm	frameshift;start_lost;stop_codon_gain	CP132243.1:24714477-24714699
rna-XM_026020621.1	0.2217898832684824	0.2217898832684824	0.9993740219092332	0.6459143968871596	LiftOn_chaining_algorithm	frameshift;stop_codon_gain	CP132244.1:3977011-3980203
rna-XM_015758073.1	0.3421052631578947	0.3333333333333333	0.9970760233918128	0.8333333333333334	LiftOn_chaining_algorithm	frameshift;stop_missing	CP132244.1:6051236-6054075
rna-XM_015759245.2	0.3567961165048544	0.3567961165048544	0.9978448275862069	0.589041095890411	LiftOn_chaining_algorithm	frameshift;stop_codon_gain	CP132244.1:8033614-8037438
rna-XM_015759246.2	0.2471590909090909	0.2471590909090909	0.9966914805624484	0.7639344262295082	LiftOn_chaining_algorithm	frameshift;stop_codon_gain	CP132244.1:8033619-8037439
rna-XM_015757670.2	0.5465116279069767	0.5465116279069767	0.9974160206718348	0.563953488372093	LiftOn_chaining_algorithm	frameshift;stop_codon_gain	CP132244.1:9968595-9970967
rna-XM_015757830.2	0.9094488188976378	0.9094488188976378	0.9966722129783694	0.9132149901380672	LiftOn_chaining_algorithm	frameshift;stop_codon_gain	CP132244.1:10810598-10813280
rna-OrsajCp101	0.618421052631579	0.618421052631579	0.9907834101382488	0.6805555555555556	LiftOn_chaining_algorithm	frameshift;stop_codon_gain	CP132244.1:11483121-11483337
rna-OrsajCp100	0.7701149425287356	0.7701149425287356	0.996124031007752	0.7790697674418605	LiftOn_chaining_algorithm	frameshift;stop_codon_gain	CP132244.1:11483397-11483653
rna-XM_026020702.1	0.0102301790281329	0.0620689655172413	0.6172707889125799	0.5626598465473146	LiftOn_chaining_algorithm	frameshift;start_lost;stop_codon_gain	CP132244.1:14251089-14253541
rna-XM_026020638.1	0.7402597402597403	0.7799352750809061	0.9969635627530364	0.7954545454545454	LiftOn_chaining_algorithm	frameshift;stop_codon_gain	CP132244.1:15699085-15703176
rna-XM_026020640.1	0.0779392338177014	0.0727496917385943	0.9987411883182276	0.8652575957727873	LiftOn_chaining_algorithm	stop_codon_gain	CP132244.1:15911301-15920368
rna-XM_026020856.1	0.8421052631578947	0.8421052631578947	0.9917743830787308	0.8526315789473684	LiftOn_chaining_algorithm	frameshift;stop_codon_gain	CP132244.1:20713830-20714678
rna-XM_015758263.2	0.996031746031746	0.996031746031746	0.9995268511947007	0.998015873015873	LiftOn_chaining_algorithm	stop_missing	CP132244.1:21169358-21176695
rna-XM_015759336.2	0.2292682926829268	0.2031700288184438	0.9993722536095416	0.767479674796748	LiftOn_chaining_algorithm	frameshift;stop_codon_gain	CP132244.1:23115309-23119905
rna-XM_026020666.1	0.1122345803842265	0.1080817916260954	0.9996944699052857	0.846309403437816	LiftOn_chaining_algorithm	frameshift;stop_codon_gain	CP132244.1:23236737-23244937
rna-XM_026021609.1	0.3599137931034483	0.3599137931034483	0.9995311767463666	0.6077586206896551	LiftOn_chaining_algorithm	frameshift;stop_codon_gain	CP132245.1:895150-898744
rna-XM_015760683.2	0.0797872340425532	0.0845070422535211	0.8292862398822664	0.616519174041298	LiftOn_chaining_algorithm	frameshift;stop_codon_gain	CP132245.1:6565970-6567812
rna-XM_026021415.1	0.304635761589404	0.304635761589404	0.90515595162317	0.4437086092715231	LiftOn_chaining_algorithm	frameshift;stop_codon_gain	CP132245.1:6593874-6595393
rna-XM_015761763.2	0.9359605911330048	0.9359605911330048	0.8096318709026727	0.9379310344827586	LiftOn_chaining_algorithm	frameshift;stop_codon_gain	CP132245.1:6602758-6610045
rna-XM_015761765.2	0.9359605911330048	0.9359605911330048	0.8093434343434344	0.9379310344827586	LiftOn_chaining_algorithm	frameshift;stop_codon_gain	CP132245.1:6602758-6610045
rna-XM_015761766.2	0.9359605911330048	0.9359605911330048	0.8940027894002789	0.9379310344827586	LiftOn_chaining_algorithm	frameshift;stop_codon_gain	CP132245.1:6604287-6610045
rna-XM_026021269.1	0.9359605911330048	0.9359605911330048	0.8512286324786325	0.9379310344827586	LiftOn_chaining_algorithm	frameshift;stop_codon_gain	CP132245.1:6602758-6610021
rna-XM_015762094.2	0.1545454545454545	0.1402383134738771	0.9995054401582592	0.7656565656565657	LiftOn_chaining_algorithm	frameshift;stop_codon_gain	CP132245.1:9615204-9622542
rna-XM_015761975.2	0.4551083591331269	0.4551083591331269	0.9974326059050064	0.5479876160990712	LiftOn_chaining_algorithm	frameshift;stop_codon_gain	CP132245.1:22073936-22076377
rna-XM_015760685.2	0.2783300198807157	0.2783300198807157	0.9996986136226642	0.5964214711729622	LiftOn_chaining_algorithm	frameshift;stop_codon_gain	CP132245.1:23543254-23546570
rna-XM_026022078.1	0.4567099567099567	0.4567099567099567	0.9992982456140352	0.5086580086580087	LiftOn_chaining_algorithm	frameshift;stop_codon_gain	CP132246.1:1508656-1511438
rna-XM_026021883.1	0.0034347399411187	0.0034063260340632	0.9994729907773386	0.9977337110481588	LiftOn_chaining_algorithm	frameshift;stop_codon_gain	CP132246.1:2794793-2803613
rna-XM_015764440.2	0.5184135977337111	0.9954198473282444	0.9989193083573488	0.9969465648854962	LiftOn_chaining_algorithm	frameshift;stop_codon_gain	CP132246.1:3056885-3062123
rna-XM_015763346.2	0.8456973293768546	0.8456973293768546	0.9982847341337908	0.8666666666666667	LiftOn_chaining_algorithm	frameshift;stop_codon_gain	CP132246.1:5707986-5710507
rna-XM_015763426.2	0.9970149253731344	0.9970149253731344	0.9977370445802216	1.0	LiftOn_chaining_algorithm	frameshift;stop_missing	CP132246.1:20976779-20991920
rna-OrsajM_p15	0.1388888888888889	0.1360201511335012	0.9991582491582492	0.1742424242424242	LiftOn_chaining_algorithm	frameshift;stop_codon_gain	CP132246.1:20993278-20999265
rna-XM_026021820.1	0.3676633444075304	0.1420560747663551	0.5287418655097614	0.7015384615384616	LiftOn_chaining_algorithm	inframe_insertion;stop_codon_gain	CP132246.1:26305554-26312688
rna-XM_026023119.1_1	0.0	0.7894201424211598	0.9587831207065752	0.790224032586558	miniprot_truncated	inframe_insertion;stop_codon_gain	CP132246.1:18724465-18739915
rna-XM_015779942.2_8	0.0	0.0259515570934256	0.9318757921419518	0.0509164969450101	miniprot_truncated	frameshift;stop_codon_gain	CP132245.1:30074778-30078073
rna-XM_015780057.2_1	0.0	0.2155172413793103	0.6131386861313869	0.7827380952380952	miniprot_truncated	inframe_insertion;inframe_deletion;stop_codon_gain	CP132238.1:35743204-35744301
rna-XM_015783646.1_1	0.0	0.7785642062689585	0.9472822527832352	0.7981462409886715	miniprot_truncated	frameshift;stop_codon_gain	CP132235.1:39464025-39467299
rna-XM_026025760.1_1	0.0	0.2910958904109589	0.5869565217391305	0.5645756457564576	miniprot_truncated	inframe_insertion;inframe_deletion;stop_codon_gain	CP132236.1:25291723-25294239
rna-XM_015763889.2_1	0.0	0.294811320754717	0.5374331550802139	0.681592039800995	miniprot_truncated	frameshift;stop_codon_gain	CP132246.1:19692552-19694613
rna-OrsajCp024_5	0.0	0.5103626943005182	0.9986400725294652	0.5374149659863946	miniprot_truncated	frameshift;stop_codon_gain	CP132238.1:9278833-9281038
rna-OrsajCp077_1	0.0	0.618421052631579	0.9907834101382488	0.6805555555555556	miniprot_truncated	frameshift;stop_codon_gain	CP132244.1:21143844-21144060
rna-OrsajCp077_2	0.0	0.618421052631579	0.9907834101382488	0.6805555555555556	miniprot_truncated	frameshift;stop_codon_gain	CP132242.1:9309226-9309442
rna-OrsajCp077_3	0.0	0.618421052631579	0.9907834101382488	0.6805555555555556	miniprot_truncated	frameshift;stop_codon_gain	CP132241.1:14391550-14391766
rna-OrsajCp077_4	0.0	0.618421052631579	0.9907834101382488	0.6805555555555556	miniprot_truncated	frameshift;stop_codon_gain	CP132238.1:9230398-9230614
rna-OrsajCp077_5	0.0	0.618421052631579	0.9907834101382488	0.6805555555555556	miniprot_truncated	frameshift;stop_codon_gain	CP132238.1:9370442-9370658
rna-OrsajCp077_6	0.0	0.618421052631579	0.9907834101382488	0.6805555555555556	miniprot_truncated	frameshift;stop_codon_gain	CP132238.1:9313515-9313731
rna-OrsajCp078_1	0.0	0.6296296296296297	0.9937106918238994	0.6415094339622641	miniprot_truncated	frameshift;stop_codon_gain	CP132244.1:21144120-21144277
rna-OrsajCp078_2	0.0	0.6296296296296297	0.9937106918238994	0.6415094339622641	miniprot_truncated	frameshift;stop_codon_gain	CP132244.1:11319131-11319288
rna-OrsajCp078_3	0.0	0.6296296296296297	0.9937106918238994	0.6415094339622641	miniprot_truncated	frameshift;stop_codon_gain	CP132242.1:9309009-9309166
rna-OrsajCp078_4	0.0	0.6296296296296297	0.9937106918238994	0.6415094339622641	miniprot_truncated	frameshift;stop_codon_gain	CP132241.1:14391333-14391490
rna-OrsajCp078_5	0.0	0.6296296296296297	0.9937106918238994	0.6415094339622641	miniprot_truncated	frameshift;stop_codon_gain	CP132238.1:9230674-9230831
rna-OrsajCp078_6	0.0	0.6296296296296297	0.9937106918238994	0.6415094339622641	miniprot_truncated	frameshift;stop_codon_gain	CP132238.1:9313298-9313455
rna-OrsajCp078_7	0.0	0.6296296296296297	0.9937106918238994	0.6415094339622641	miniprot_truncated	frameshift;stop_codon_gain	CP132239.1:13042550-13042707
rna-OrsajCp078_8	0.0	0.6296296296296297	0.9937106918238994	0.6415094339622641	miniprot_truncated	frameshift;stop_codon_gain	CP132239.1:929491-929648
rna-OrsajCp078_9	0.0	0.6296296296296297	0.9937106918238994	0.6415094339622641	miniprot_truncated	frameshift;stop_codon_gain	CP132238.1:9370718-9370875
rna-OrsajCp078_10	0.0	0.6296296296296297	0.9937106918238994	0.6415094339622641	miniprot_truncated	frameshift;stop_codon_gain	CP132236.1:14702216-14702373
rna-OrsajCp088_2	0.0	0.2994555353901996	0.9986702127659576	0.6307385229540918	miniprot_truncated	frameshift;stop_codon_gain	CP132246.1:5657049-5658552
