rna-XM_026020288.1	0.2317596566523605	0.946351931330472	0.9966996699669968	0.946351931330472	LiftOn_chaining_algorithm	frameshift	CP132235.1:29527712-29529224
rna-XM_026024615.1	0.9731051344743276	0.980440097799511	0.980440097799511	0.980440097799511	LiftOn_chaining_algorithm	frameshift;stop_missing	CP132235.1:32420133-32421504
rna-XM_015784718.2	0.8997668997668997	1.0	0.9816933638443937	1.0	LiftOn_chaining_algorithm	synonymous	CP132235.1:41777197-41778480
rna-OrsajM_p40	0.0100502512562814	0.271356783919598	0.2571189279731993	0.271356783919598	LiftOn_chaining_algorithm	frameshift;start_lost	CP132235.1:42106541-42106847
rna-XM_015769612.2	0.3648648648648648	0.5045045045045045	0.997596153846154	0.5045045045045045	LiftOn_chaining_algorithm	frameshift;stop_missing	CP132236.1:10960871-10961701
rna-XM_015768943.1	0.9872340425531916	0.9914893617021276	0.9900709219858156	0.9914893617021276	LiftOn_chaining_algorithm	frameshift;stop_missing	CP132236.1:17057811-17058508
rna-XM_015774148.2	0.0972222222222222	1.0	0.979643765903308	1.0	LiftOn_chaining_algorithm	synonymous	CP132237.1:29739846-29740902
rna-XM_015779972.1	0.2076190476190476	1.0	0.8715313463514902	1.0	LiftOn_chaining_algorithm	synonymous	CP132238.1:650082-653979
rna-XM_015780432.2	0.0822281167108753	1.0	0.9991718426501036	1.0	LiftOn_chaining_algorithm	synonymous	CP132238.1:1130166-1137175
rna-XM_026024736.1	0.9680111265646733	0.9694019471488178	0.9994749278025729	0.9694019471488178	LiftOn_chaining_algorithm	frameshift;stop_missing	CP132238.1:3913937-3917745
rna-XM_015778214.2	0.9402173913043478	0.9864130434782608	0.9951923076923076	0.9864130434782608	LiftOn_chaining_algorithm	frameshift	CP132238.1:4739552-4743721
rna-XM_015778053.2	0.3041044776119403	0.98015873015873	0.996230479267636	0.98015873015873	LiftOn_chaining_algorithm	frameshift	CP132238.1:5203995-5205850
rna-XM_015780209.2	0.7028571428571428	0.9371428571428572	0.9912023460410556	0.9371428571428572	LiftOn_chaining_algorithm	frameshift	CP132238.1:9268048-9272569
rna-XM_015780356.2	0.454661558109834	0.996	0.9976608187134502	0.996	LiftOn_chaining_algorithm	frameshift	CP132238.1:11470778-11478348
rna-XM_015779305.1	0.0050251256281407	0.9838709677419356	0.994640943193998	0.9838709677419356	LiftOn_chaining_algorithm	frameshift;stop_codon_gain	CP132238.1:15265381-15266308
rna-XM_026024943.1	0.1204819277108433	0.9825970548862116	0.9872944693572496	0.9825970548862116	LiftOn_chaining_algorithm	frameshift	CP132238.1:16881840-16889582
rna-XM_015778609.2	0.1839323467230444	0.9755555555555556	0.9969097651421508	0.9755555555555556	LiftOn_chaining_algorithm	frameshift	CP132238.1:18802987-18806849
rna-XM_015781690.1	0.1227436823104693	0.9682875264270612	0.9637305699481864	0.9682875264270612	LiftOn_chaining_algorithm	frameshift	CP132238.1:19090461-19092299
rna-XM_015780772.2	0.3310152990264255	0.994160583941606	0.9963291526460692	0.994160583941606	LiftOn_chaining_algorithm	frameshift	CP132238.1:19288683-19292803
rna-XM_015780304.2	0.0950617283950617	1.0	0.9987893462469734	1.0	LiftOn_chaining_algorithm	synonymous	CP132238.1:19582793-19587431
rna-XM_015780381.1	0.3530864197530864	0.4518518518518518	0.9555677454744926	0.4518518518518518	LiftOn_chaining_algorithm	frameshift	CP132238.1:20633231-20638823
rna-XM_015781326.2	0.203125	0.9932432432432432	0.9085785848465874	0.9932432432432432	LiftOn_chaining_algorithm	frameshift	CP132238.1:23331948-23334785
rna-XM_015779933.2	0.2318007662835249	1.0	0.9994407158836688	1.0	LiftOn_chaining_algorithm	synonymous	CP132238.1:23958010-23960387
rna-XM_015778284.2	0.2777777777777778	0.991304347826087	0.997326203208556	0.991304347826087	LiftOn_chaining_algorithm	frameshift	CP132238.1:28195917-28198808
rna-XM_015778254.2	0.1159420289855072	0.989628349178911	0.9976921301638588	0.989628349178911	LiftOn_chaining_algorithm	frameshift	CP132238.1:29588428-29592759
rna-XM_015778577.2	0.7118959107806692	0.9904761904761904	0.990593768371546	0.9904761904761904	LiftOn_chaining_algorithm	frameshift	CP132238.1:29684985-29686843
rna-XM_015778621.2	0.6170212765957447	1.0	0.9986376021798364	1.0	LiftOn_chaining_algorithm	synonymous	CP132238.1:29872868-29875069
rna-XM_026024965.1	0.8582995951417004	0.97165991902834	0.9915469146238376	0.97165991902834	LiftOn_chaining_algorithm	frameshift	CP132238.1:30222263-30223711
rna-XM_015780619.2	0.1491329479768786	0.9967362924281984	0.999400479616307	0.9967362924281984	LiftOn_chaining_algorithm	frameshift	CP132238.1:30248804-30256328
rna-XM_015779917.2	0.3095872170439414	0.9992698064987222	0.999081515499426	0.9992698064987222	LiftOn_chaining_algorithm	frameshift	CP132238.1:30755378-30769763
rna-XM_026024985.1	0.5051546391752577	0.993127147766323	0.9968652037617556	0.993127147766323	LiftOn_chaining_algorithm	frameshift	CP132238.1:33299761-33301033
rna-XM_015778077.2	0.2158154859967051	0.9434628975265018	0.8516298239040839	0.9434628975265018	LiftOn_chaining_algorithm	frameshift	CP132238.1:33448480-33452492
rna-XM_015781703.2	0.525	0.9967845659163987	0.99860529986053	0.9967845659163987	LiftOn_chaining_algorithm	frameshift	CP132238.1:34297431-34301086
rna-XM_015781474.2	0.0556586270871985	0.981981981981982	0.9603691639522258	0.981981981981982	LiftOn_chaining_algorithm	frameshift	CP132238.1:34334206-34338390
rna-XM_015779450.1	0.1351888667992047	0.9717391304347828	0.9628571428571427	0.9717391304347828	LiftOn_chaining_algorithm	frameshift	CP132238.1:34691503-34693251
rna-XM_015781780.2	0.6127744510978044	1.0	1.0	1.0	LiftOn_chaining_algorithm	identical	CP132238.1:35106253-35108739
rna-XM_015781182.1	0.2119565217391304	0.9919028340080972	0.9986772486772488	0.9919028340080972	LiftOn_chaining_algorithm	frameshift	CP132238.1:35463037-35469760
rna-XM_015779454.2	0.2654028436018957	0.9925742574257426	0.9968253968253968	0.9925742574257426	LiftOn_chaining_algorithm	frameshift	CP132238.1:35625480-35627052
rna-XM_026024662.1	0.0845771144278607	0.9802538787023978	0.5661187620316896	0.9802538787023978	LiftOn_chaining_algorithm	frameshift;stop_codon_gain	CP132238.1:35837177-35844439
rna-XM_026025060.1	0.2917341977309562	0.9896373056994818	0.9963116643614568	0.9896373056994818	LiftOn_chaining_algorithm	frameshift	CP132238.1:35959753-35964241
rna-XM_026025363.1	0.9393346379647748	0.9921722113502937	0.9516523867809058	0.9921722113502937	LiftOn_chaining_algorithm	frameshift	CP132239.1:27647002-27648644
rna-XM_026026463.1	0.0687919463087248	1.0	1.0	1.0	LiftOn_chaining_algorithm	identical	CP132240.1:2214629-2219688
rna-XM_015755198.2	0.0306603773584905	0.9946808510638298	0.9581545064377682	0.9946808510638298	LiftOn_chaining_algorithm	frameshift	CP132243.1:24669846-24671707
rna-XM_015757831.1	0.9665271966527196	1.0	0.9988584474885844	1.0	LiftOn_chaining_algorithm	synonymous	CP132244.1:10810640-10813308
rna-XM_015758218.2	0.0848056537102473	0.9755102040816328	0.9959016393442623	0.9755102040816328	LiftOn_chaining_algorithm	frameshift;stop_codon_gain	CP132244.1:18821822-18830616
rna-XM_015757813.2	0.5819397993311036	0.9966555183946488	0.9968774395003904	0.9966555183946488	LiftOn_chaining_algorithm	frameshift	CP132244.1:20138942-20144530
rna-XM_015762143.2	0.5797546012269938	0.9960474308300395	0.9900153609831028	0.9960474308300395	LiftOn_chaining_algorithm	inframe_insertion	CP132245.1:346637-349628
rna-OrsajM_p37	0.0319148936170212	0.4042553191489361	0.4078014184397163	0.4042553191489361	LiftOn_chaining_algorithm	frameshift;start_lost;stop_missing	CP132245.1:3266901-3267015
rna-XM_015761018.2	0.6857142857142857	1.0	0.8510182207931404	1.0	LiftOn_chaining_algorithm	synonymous	CP132245.1:6337648-6338310
rna-XM_015762324.2	0.1618320610687023	0.4534351145038168	0.5202180826896865	0.4534351145038168	LiftOn_chaining_algorithm	frameshift;stop_missing	CP132245.1:6613728-6614588
rna-XM_015761414.1	0.0248091603053435	0.9979423868312756	0.9775956284153006	0.9979423868312756	LiftOn_chaining_algorithm	frameshift	CP132245.1:17276466-17279208
rna-OrsajM_p43	0.1025210084033613	0.1042016806722689	0.1042016806722689	0.1042016806722689	LiftOn_chaining_algorithm	frameshift;start_lost;stop_missing	CP132245.1:21500126-21500311
rna-XM_015760793.2	0.0248380129589632	0.9988372093023256	0.9966431688486068	0.9988372093023256	LiftOn_chaining_algorithm	frameshift	CP132245.1:22255399-22260388
rna-XM_015764278.2	0.2912280701754386	1.0	0.9629032258064516	1.0	LiftOn_chaining_algorithm	synonymous	CP132246.1:335866-341765
rna-XM_026021935.1	0.980225988700565	0.998587570621469	0.962445065920895	0.998587570621469	LiftOn_chaining_algorithm	frameshift	CP132246.1:3213851-3217485
rna-XM_015765080.2	0.0217391304347826	1.0	0.9995318352059924	1.0	LiftOn_chaining_algorithm	synonymous	CP132246.1:3263425-3271073
rna-XM_015765082.2	0.0271966527196652	1.0	0.9989350372736954	1.0	LiftOn_chaining_algorithm	synonymous	CP132246.1:3264459-3270843
rna-XM_026021992.1	0.0223752151462994	1.0	0.9983844911147012	1.0	LiftOn_chaining_algorithm	synonymous	CP132246.1:3263425-3270843
rna-XM_015762819.2	0.7055837563451777	0.990990990990991	0.9980886850152904	0.990990990990991	LiftOn_chaining_algorithm	frameshift	CP132246.1:4015977-4023686
rna-XM_015764693.2	0.1212653778558875	0.9979674796747968	0.9265715795034336	0.9979674796747968	LiftOn_chaining_algorithm	frameshift	CP132246.1:21997411-22000273
rna-XM_026021977.1	0.0633802816901408	1.0	0.9298176050753372	1.0	LiftOn_chaining_algorithm	synonymous	CP132246.1:24158261-24163375
rna-XM_015762977.2	0.1917808219178082	0.9983660130718954	0.9988666414809216	0.9983660130718954	LiftOn_chaining_algorithm	frameshift	CP132246.1:24622505-24625149
rna-OrsajM_p02	0.1530249110320284	0.1743772241992882	0.1542111506524318	0.1743772241992882	LiftOn_chaining_algorithm	frameshift;start_lost;stop_missing	CP132246.1:25393697-25393826
rna-XM_015763216.2	0.4038054968287526	1.0	1.0	1.0	LiftOn_chaining_algorithm	identical	CP132246.1:26157434-26158984
rna-XM_015763220.2	0.6193548387096774	0.9932203389830508	0.9982905982905984	0.9932203389830508	LiftOn_chaining_algorithm	frameshift	CP132246.1:27886722-27888475
rna-XM_026022066.1_1	0.0	1.0	0.2767718572167615	1.0	miniprot_identical	synonymous	CP132235.1:695667-697274
rna-XM_026022080.1_2	0.0	1.0	0.2488360062079669	1.0	miniprot_identical	synonymous	CP132235.1:697309-698751
rna-XM_026023390.1_1	0.0	1.0	0.6427889207258835	1.0	miniprot_identical	synonymous	CP132235.1:4366215-4366991
rna-XM_015766011.2_1	0.0	1.0	0.4578754578754578	1.0	miniprot_identical	synonymous	CP132246.1:11944732-11947395
rna-XM_015789322.2_1	0.0	1.0	0.0446298984034833	1.0	miniprot_identical	synonymous	CP132235.1:7667261-7667629
rna-XM_026024518.1_1	0.0	0.9968203497615262	0.8714020427112349	0.9968203497615262	miniprot_truncated	frameshift	CP132245.1:20260013-20262685
rna-XM_015766855.2_1	0.0	1.0	0.4981549815498155	1.0	miniprot_identical	synonymous	CP132241.1:29431872-29434051
rna-XM_026025808.1_1	0.0	0.9909365558912386	0.9591836734693876	0.9909365558912386	miniprot_truncated	inframe_deletion;stop_missing	CP132238.1:33499399-33500572
rna-XM_015766816.2_1	0.0	1.0	0.3918918918918919	1.0	miniprot_identical	synonymous	CP132235.1:13575124-13575502
rna-XM_026025698.1_1	0.0	0.9907120743034056	0.9135802469135802	0.9907120743034056	miniprot_truncated	frameshift	CP132246.1:18074574-18075881
rna-XM_015791286.2_1	0.0	0.9958333333333332	0.6475930971843779	0.9958333333333332	miniprot_truncated	inframe_deletion	CP132235.1:17259814-17260665
rna-XM_026025939.1_1	0.0	0.9955156950672646	0.6616915422885572	0.9955156950672646	miniprot_truncated	frameshift;stop_missing	CP132242.1:13028376-13029041
rna-XM_026025939.1_2	0.0	0.9910313901345292	0.6577114427860696	0.9910313901345292	miniprot_truncated	frameshift;stop_missing	CP132238.1:9999311-9999976
rna-XM_026025939.1_3	0.0	0.9820627802690582	0.6567164179104478	0.9820627802690582	miniprot_truncated	frameshift;stop_missing	CP132237.1:20389661-20390326
rna-XM_026025939.1_4	0.0	0.9865470852017936	0.6567164179104478	0.9865470852017936	miniprot_truncated	frameshift;stop_missing	CP132235.1:17438269-17438934
rna-XM_015766953.2_1	0.0	0.9865470852017936	0.6781970649895178	0.9865470852017936	miniprot_truncated	frameshift	CP132237.1:5214519-5217400
rna-XM_015792124.2_1	0.0	1.0	0.3485714285714286	1.0	miniprot_identical	synonymous	CP132245.1:3944066-3944604
rna-XM_015765010.2_1	0.0	1.0	0.1835443037974683	1.0	miniprot_identical	synonymous	CP132235.1:34399688-34400296
rna-XM_015778589.2_1	0.0	1.0	0.5797665369649806	1.0	miniprot_identical	synonymous	CP132235.1:35554474-35556201
rna-XM_015780152.2_1	0.0	0.9974619289340102	0.6093023255813953	0.9974619289340102	miniprot_truncated	frameshift	CP132244.1:1768082-1769499
rna-XM_015780152.2_2	0.0	0.9949238578680204	0.6098191214470284	0.9949238578680204	miniprot_truncated	frameshift	CP132236.1:3077856-3079273
rna-XM_015776151.2_1	0.0	1.0	0.4158415841584158	1.0	miniprot_identical	synonymous	CP132235.1:40633076-40633543
rna-XM_026023481.1_1	0.0	0.986013986013986	0.2904564315352697	0.986013986013986	miniprot_truncated	frameshift;stop_missing	CP132242.1:17179149-17186180
rna-XM_026023558.1_1	0.0	0.992	0.5320786997433704	0.992	miniprot_truncated	frameshift	CP132244.1:15594649-15597152
rna-XM_026023558.1_2	0.0	0.9888	0.530938123752495	0.9888	miniprot_truncated	frameshift	CP132235.1:40285352-40287854
rna-XM_026023558.1_3	0.0	0.992	0.5312232677502139	0.992	miniprot_truncated	frameshift	CP132235.1:21136123-21138624
rna-XM_015769098.2_1	0.0	0.9944852941176472	0.9151208544125914	0.9944852941176472	miniprot_truncated	inframe_deletion	CP132236.1:3115363-3117097
rna-XM_026023305.1_1	0.0	1.0	0.2951420714940421	1.0	miniprot_identical	synonymous	CP132236.1:6334676-6336429
rna-XM_026023370.1_1	0.0	1.0	0.4662576687116564	1.0	miniprot_identical	synonymous	CP132236.1:9938710-9939396
rna-XM_015768031.2_1	0.0	1.0	0.4252336448598131	1.0	miniprot_identical	synonymous	CP132245.1:5122173-5122663
rna-XM_015772180.2_1	0.0	1.0	0.437636761487965	1.0	miniprot_identical	synonymous	CP132236.1:15934983-15935582
rna-XM_015768745.2_1	0.0	1.0	0.1622481442205726	1.0	miniprot_identical	synonymous	CP132236.1:19185313-19185771
rna-XM_015767837.2_1	0.0	1.0	0.673374613003096	1.0	miniprot_identical	synonymous	CP132241.1:28714328-28716498
rna-XM_015767837.2_2	0.0	1.0	0.673374613003096	1.0	miniprot_identical	synonymous	CP132241.1:28718276-28720446
rna-XM_026024401.1_1	0.0	0.9949238578680204	0.2853682170542636	0.9949238578680204	miniprot_truncated	frameshift	CP132236.1:21002161-21002854
rna-XM_026024186.1_1	0.0	1.0	0.1003993154592127	1.0	miniprot_identical	synonymous	CP132237.1:2472913-2473440
rna-XM_015775719.2_1	0.0	0.9951807228915662	0.8576856649395509	0.9951807228915662	miniprot_truncated	inframe_deletion	CP132238.1:21365616-21371251
rna-XM_015773778.2_1	0.0	1.0	0.7912457912457912	1.0	miniprot_identical	synonymous	CP132237.1:20782903-20783607
rna-XM_015772455.2_1	0.0	0.9767441860465116	0.3700440528634361	0.9767441860465116	miniprot_truncated	frameshift;stop_missing	CP132237.1:24500543-24500870
rna-XM_026024026.1_1	0.0	0.9950248756218906	0.7997338656021291	0.9950248756218906	miniprot_truncated	inframe_deletion	CP132245.1:19328065-19329590
rna-XM_026023607.1_1	0.0	1.0	0.4476190476190476	1.0	miniprot_identical	synonymous	CP132237.1:36283277-36283699
rna-XM_026024847.1_1	0.0	0.9968976215098242	0.9986211651154774	0.9968976215098242	miniprot_truncated	stop_missing	CP132245.1:28845415-28848711
rna-XM_026024847.1_2	0.0	0.9958634953464324	0.9958634953464324	0.9958634953464324	miniprot_truncated	stop_missing	CP132237.1:35105330-35108626
rna-XM_026024847.1_3	0.0	0.9937952430196484	0.9965529127886936	0.9937952430196484	miniprot_truncated	stop_missing	CP132240.1:8041780-8045076
rna-XM_026024847.1_4	0.0	0.9958634953464324	0.9965529127886936	0.9958634953464324	miniprot_truncated	stop_missing	CP132244.1:1494916-1498212
rna-XM_026024847.1_5	0.0	0.9937952430196484	0.9937952430196484	0.9937952430196484	miniprot_truncated	stop_missing	CP132240.1:9168502-9171798
rna-XM_026024847.1_6	0.0	0.9896587383660806	0.9913822819717338	0.9896587383660806	miniprot_truncated	inframe_deletion;stop_missing	CP132246.1:7944788-7948072
rna-XM_026024847.1_7	0.0	0.9906928645294726	0.9917269906928644	0.9906928645294726	miniprot_truncated	inframe_deletion;stop_missing	CP132245.1:22726974-22730258
rna-XM_026024991.1_1	0.0	0.9924242424242424	0.5720524017467249	0.9924242424242424	miniprot_truncated	inframe_deletion;stop_missing	CP132245.1:6579172-6581415
rna-XM_026024991.1_2	0.0	0.9924242424242424	0.5705967976710334	0.9924242424242424	miniprot_truncated	inframe_deletion;stop_missing	CP132240.1:9988538-9990867
rna-XM_026024991.1_3	0.0	0.9886363636363636	0.5691411935953421	0.9886363636363636	miniprot_truncated	inframe_deletion;stop_missing	CP132235.1:21790875-21793129
rna-XM_015778156.2_1	0.0	1.0	0.1574245224892175	1.0	miniprot_identical	synonymous	CP132244.1:11367403-11369381
rna-XM_015778156.2_2	0.0	1.0	0.1580406654343807	1.0	miniprot_identical	synonymous	CP132244.1:11427942-11429920
rna-XM_015781573.2_1	0.0	0.996875	0.6772598870056498	0.996875	miniprot_truncated	inframe_deletion	CP132238.1:9506000-9513918
rna-XM_015781751.1_1	0.0	1.0	0.5	1.0	miniprot_identical	synonymous	CP132238.1:9532714-9533458
rna-XM_026024928.1_1	0.0	0.9915254237288136	0.3993959984899962	0.9915254237288136	miniprot_truncated	inframe_deletion	CP132240.1:19644207-19645515
rna-XM_015779942.2_1	0.0	0.9959266802443992	0.9491415613864592	0.9959266802443992	miniprot_truncated	inframe_insertion;stop_missing	CP132238.1:18610786-18614081
rna-XM_015779942.2_2	0.0	0.9989816700610998	0.9328263624841572	0.9989816700610998	miniprot_truncated	inframe_insertion;stop_missing	CP132238.1:7712309-7715605
rna-XM_015779942.2_3	0.0	0.9928716904276986	0.94881762228701	0.9928716904276986	miniprot_truncated	inframe_insertion;stop_missing	CP132236.1:30619705-30623000
rna-XM_015779942.2_4	0.0	0.9908350305498982	0.9475218658892128	0.9908350305498982	miniprot_truncated	inframe_insertion;stop_missing	CP132238.1:13591671-13594966
rna-XM_015779942.2_5	0.0	0.9959266802443992	0.9309252217997463	0.9959266802443992	miniprot_truncated	inframe_insertion;stop_missing	CP132235.1:26930171-26933467
rna-XM_015779942.2_6	0.0	0.989816700610998	0.9468739876903142	0.989816700610998	miniprot_truncated	inframe_insertion;stop_missing	CP132235.1:4368335-4371630
rna-XM_015779942.2_7	0.0	0.994908350305499	0.9315589353612168	0.994908350305499	miniprot_truncated	inframe_insertion;stop_missing	CP132245.1:24732620-24735916
rna-XM_015779324.2_1	0.0	1.0	0.5684210526315789	1.0	miniprot_identical	synonymous	CP132238.1:18217416-18218225
rna-XM_015781634.2_1	0.0	0.9901960784313726	0.2339449541284403	0.9901960784313726	miniprot_truncated	frameshift;start_lost	CP132238.1:19391275-19392447
rna-XM_015781518.2_1	0.0	1.0	0.4727891156462585	1.0	miniprot_identical	synonymous	CP132238.1:19768575-19772437
rna-XM_015781758.2_1	0.0	0.9885057471264368	0.3818181818181818	0.9885057471264368	miniprot_truncated	frameshift;stop_missing	CP132238.1:32831166-32831423
rna-XM_015780187.2_1	0.0	1.0	0.4314720812182741	1.0	miniprot_identical	synonymous	CP132238.1:32839325-32839585
rna-XM_015782852.2_1	0.0	0.9988571428571428	0.5728006985374372	0.9988571428571428	miniprot_truncated	frameshift	CP132245.1:23074210-23076834
rna-XM_026025506.1_1	0.0	1.0	0.1240728253540121	1.0	miniprot_identical	synonymous	CP132239.1:2818776-2819327
rna-XM_015783021.2_1	0.0	1.0	0.3506763787721124	1.0	miniprot_identical	synonymous	CP132239.1:2985381-2986477
rna-XM_015783646.1_2	0.0	0.9927909371781668	0.9492468893254749	0.9927909371781668	miniprot_truncated	frameshift;stop_missing	CP132235.1:37446104-37449378
rna-XM_015783646.1_3	0.0	0.9907312049433572	0.9492468893254749	0.9907312049433572	miniprot_truncated	frameshift;stop_missing	CP132236.1:35307715-35310989
rna-XM_015782435.2_1	0.0	0.991044776119403	0.6607142857142857	0.991044776119403	miniprot_truncated	frameshift	CP132238.1:7986534-7987708
rna-XM_015783649.2_2	0.0	1.0	0.7214574898785425	1.0	miniprot_identical	synonymous	CP132238.1:17122944-17125865
rna-XM_015784672.2_1	0.0	1.0	0.0306943664607898	1.0	miniprot_identical	synonymous	CP132239.1:25580498-25580671
rna-XM_015784672.2_2	0.0	1.0	0.0325659741718135	1.0	miniprot_identical	synonymous	CP132239.1:22312408-22312581
rna-XM_026025772.1_1	0.0	0.9969135802469136	0.1499922444547851	0.9969135802469136	miniprot_truncated	frameshift	CP132245.1:24622894-24623941
rna-XM_026025772.1_2	0.0	0.9969135802469136	0.1498371335504886	0.9969135802469136	miniprot_truncated	frameshift	CP132239.1:632386-633433
rna-XM_026025772.1_3	0.0	0.9938271604938272	0.1499922444547851	0.9938271604938272	miniprot_truncated	frameshift	CP132245.1:29094062-29095109
rna-XM_026025772.1_4	0.0	0.9907407407407408	0.149682022646192	0.9907407407407408	miniprot_truncated	frameshift	CP132245.1:26645676-26646723
rna-XM_015783757.2_1	0.0	0.997560975609756	0.5928605885190545	0.997560975609756	miniprot_truncated	inframe_deletion	CP132239.1:27964804-27969098
rna-XM_015783202.1_1	0.0	1.0	0.9987745098039216	1.0	miniprot_identical	synonymous	CP132239.1:27960104-27960978
rna-XM_015783202.1_2	0.0	1.0	0.9975490196078431	1.0	miniprot_identical	synonymous	CP132239.1:27945430-27946304
rna-XM_026025944.1_1	0.0	0.9782608695652174	0.2930283224400871	0.9782608695652174	miniprot_truncated	frameshift;stop_missing	CP132240.1:9094021-9094290
rna-XM_026026262.1_1	0.0	0.9928716904276986	0.9494655004859086	0.9928716904276986	miniprot_truncated	inframe_insertion;stop_missing	CP132239.1:1345831-1349126
rna-XM_026026262.1_2	0.0	0.9938900203665988	0.9287072243346008	0.9938900203665988	miniprot_truncated	inframe_insertion;stop_missing	CP132245.1:6693467-6696763
rna-XM_026026262.1_3	0.0	0.9938900203665988	0.929340937896071	0.9938900203665988	miniprot_truncated	inframe_insertion;stop_missing	CP132241.1:8933985-8937281
rna-XM_026026575.1_1	0.0	1.0	0.2724409448818897	1.0	miniprot_identical	synonymous	CP132240.1:10828931-10829449
rna-XM_015786855.1_1	0.0	0.989071038251366	0.989071038251366	0.989071038251366	miniprot_truncated	inframe_deletion;stop_missing	CP132240.1:20166068-20166610
rna-XM_026026322.1_1	0.0	1.0	0.0463643273372181	1.0	miniprot_identical	synonymous	CP132240.1:27357123-27357671
rna-XM_015787206.2_1	0.0	1.0	0.2970711297071129	1.0	miniprot_identical	synonymous	CP132240.1:31215343-31215657
rna-XM_026025967.1_1	0.0	1.0	0.3217391304347826	1.0	miniprot_identical	synonymous	CP132240.1:31718915-31720768
rna-XM_026026965.1_1	0.0	0.9872881355932204	0.9788135593220338	0.9872881355932204	miniprot_truncated	inframe_deletion;stop_missing	CP132238.1:25211396-25212100
rna-XM_026026965.1_2	0.0	0.9788135593220338	0.9745762711864406	0.9788135593220338	miniprot_truncated	inframe_deletion;stop_missing	CP132238.1:13650668-13651372
rna-XM_026026965.1_3	0.0	0.9830508474576272	0.9774011299435028	0.9830508474576272	miniprot_truncated	inframe_deletion;stop_missing	CP132241.1:27687775-27688479
rna-XM_026026965.1_4	0.0	0.9830508474576272	0.9774011299435028	0.9830508474576272	miniprot_truncated	inframe_deletion;stop_missing	CP132238.1:4229216-4229920
rna-XM_026027268.1_1	0.0	0.9696969696969696	0.3304940374787052	0.9696969696969696	miniprot_truncated	inframe_deletion	CP132246.1:17426678-17437527
rna-XM_026027268.1_2	0.0	0.9848484848484848	0.3276547416240772	0.9848484848484848	miniprot_truncated	frameshift	CP132236.1:21118532-21119125
rna-XM_026027268.1_3	0.0	0.9797979797979798	0.329358319136854	0.9797979797979798	miniprot_truncated	frameshift	CP132245.1:25040273-25040866
rna-XM_026027268.1_4	0.0	0.9747474747474748	0.3282226007950028	0.9747474747474748	miniprot_truncated	frameshift	CP132238.1:26554526-26555119
rna-XM_026027268.1_5	0.0	0.9747474747474748	0.3310618966496308	0.9747474747474748	miniprot_truncated	frameshift	CP132241.1:8724076-8724669
rna-XM_026027268.1_6	0.0	0.9696969696969696	0.3242475865985235	0.9696969696969696	miniprot_truncated	frameshift	CP132235.1:13076259-13076852
rna-XM_026027268.1_7	0.0	0.9646464646464646	0.3236797274275979	0.9646464646464646	miniprot_truncated	frameshift	CP132245.1:25758356-25758949
rna-XM_026027268.1_8	0.0	0.9696969696969696	0.3259511641113004	0.9696969696969696	miniprot_truncated	frameshift	CP132245.1:17426701-17427294
rna-XM_026027268.1_9	0.0	0.9646464646464646	0.3276547416240772	0.9646464646464646	miniprot_truncated	frameshift	CP132235.1:10813762-10814355
rna-XM_026027268.1_10	0.0	0.9646464646464646	0.3248154457694491	0.9646464646464646	miniprot_truncated	frameshift	CP132238.1:3034226-3034819
rna-XM_026027268.1_11	0.0	0.9646464646464646	0.3270868824531516	0.9646464646464646	miniprot_truncated	frameshift	CP132244.1:15736360-15736953
rna-XM_026027268.1_12	0.0	0.9696969696969696	0.3304940374787052	0.9696969696969696	miniprot_truncated	frameshift	CP132243.1:8959271-8959864
rna-XM_026027183.1_1	0.0	0.9833333333333332	0.8897180762852405	0.9833333333333332	miniprot_truncated	frameshift;stop_missing	CP132238.1:10024389-10025465
rna-XM_026027183.1_2	0.0	0.9805555555555556	0.8897180762852405	0.9805555555555556	miniprot_truncated	frameshift;stop_missing	CP132238.1:10000562-10001638
rna-XM_026027281.1_1	0.0	0.9940828402366864	0.3551336146272855	0.9940828402366864	miniprot_truncated	frameshift	CP132237.1:14511230-14511819
rna-XM_026027281.1_2	0.0	0.9940828402366864	0.3551336146272855	0.9940828402366864	miniprot_truncated	frameshift	CP132239.1:5428699-5429288
rna-XM_015790151.2_1	0.0	1.0	0.0930902111324376	1.0	miniprot_identical	synonymous	CP132241.1:16981911-16982201
rna-XM_026027053.1_1	0.0	0.9876543209876544	0.6625598904859685	0.9876543209876544	miniprot_truncated	inframe_deletion	CP132242.1:2835193-2838142
rna-XM_026027053.1_2	0.0	0.9907407407407408	0.6618754277891855	0.9907407407407408	miniprot_truncated	inframe_deletion	CP132245.1:20262798-20265748
rna-XM_015793603.2_1	0.0	1.0	0.275	1.0	miniprot_identical	synonymous	CP132242.1:3272579-3272809
rna-XM_026027638.1_1	0.0	1.0	0.4061696658097686	1.0	miniprot_identical	synonymous	CP132242.1:5018035-5018586
rna-XM_015793741.1_1	0.0	1.0	0.9907773386034257	1.0	miniprot_identical	synonymous	CP132239.1:4060780-4061705
rna-XM_015793741.1_2	0.0	0.9920948616600792	0.9828722002635046	0.9920948616600792	miniprot_truncated	nonsynonymous	CP132239.1:25099402-25100327
rna-XM_026027596.1_1	0.0	1.0	0.231859410430839	1.0	miniprot_identical	synonymous	CP132244.1:11323305-11324391
rna-XM_026027596.1_2	0.0	0.9963369963369964	0.2315759637188208	0.9963369963369964	miniprot_truncated	inframe_deletion	CP132238.1:9253658-9254744
rna-XM_026027596.1_3	0.0	0.9963369963369964	0.2312925170068027	0.9963369963369964	miniprot_truncated	inframe_deletion	CP132238.1:9333760-9334846
rna-XM_026027596.1_4	0.0	0.9926739926739928	0.2312925170068027	0.9926739926739928	miniprot_truncated	inframe_deletion	CP132239.1:13050322-13051408
rna-XM_026019994.1_1	0.0	0.9958847736625516	0.9569041336851364	0.9958847736625516	miniprot_truncated	inframe_deletion;stop_missing	CP132244.1:8492969-8495425
rna-XM_026019994.1_2	0.0	0.9945130315500684	0.9564643799472295	0.9945130315500684	miniprot_truncated	inframe_deletion;stop_missing	CP132244.1:8432081-8434537
rna-XM_026019994.1_3	0.0	0.9945130315500684	0.9564643799472295	0.9945130315500684	miniprot_truncated	inframe_deletion;stop_missing	CP132244.1:8499828-8502284
rna-XM_026019994.1_4	0.0	0.99039780521262	0.9538258575197888	0.99039780521262	miniprot_truncated	inframe_deletion;stop_missing	CP132235.1:16871763-16874219
rna-XM_015793542.2_1	0.0	0.9849624060150376	0.4177215189873418	0.9849624060150376	miniprot_truncated	frameshift;stop_missing	CP132242.1:17457379-17458601
rna-XM_026019999.1_1	0.0	0.9692307692307692	0.9658119658119658	0.9692307692307692	miniprot_truncated	inframe_deletion;stop_missing	CP132239.1:21466106-21466865
rna-XM_026019999.1_2	0.0	0.9692307692307692	0.958974358974359	0.9692307692307692	miniprot_truncated	inframe_deletion;stop_missing	CP132240.1:17405904-17406663
rna-XM_015794237.2_1	0.0	0.9928716904276986	0.9501133786848072	0.9928716904276986	miniprot_truncated	inframe_insertion;stop_missing	CP132237.1:28470480-28473775
rna-XM_015794883.2_1	0.0	0.9912663755458516	0.3289917993246503	0.9912663755458516	miniprot_truncated	frameshift;stop_missing	CP132242.1:1860646-1861329
rna-XM_026027463.1_1	0.0	1.0	0.1529411764705882	1.0	miniprot_identical	synonymous	CP132242.1:25798581-25798892
rna-XM_026020527.1_1	0.0	0.981132075471698	0.2058252427184466	0.981132075471698	miniprot_truncated	frameshift;start_lost	CP132237.1:23981672-23982122
rna-XM_026020379.1_1	0.0	0.9924953095684804	0.4073220686123912	0.9924953095684804	miniprot_truncated	frameshift;stop_missing	CP132237.1:23978978-23980673
rna-XM_026020387.1_1	0.0	0.9938461538461538	0.6571815718157181	0.9938461538461538	miniprot_truncated	frameshift;stop_missing	CP132238.1:24174837-24175811
rna-XM_026020391.1_1	0.0	1.0	0.9943342776203966	1.0	miniprot_identical	synonymous	CP132245.1:15676456-15678157
rna-XM_015756663.2_1	0.0	1.0	0.2784810126582278	1.0	miniprot_identical	synonymous	CP132243.1:12204040-12204918
rna-XM_026020311.1_3	0.0	0.9913793103448276	0.9774011299435028	0.9913793103448276	miniprot_truncated	frameshift;stop_missing	CP132242.1:7949760-7958667
rna-XM_026020311.1_4	0.0	0.986206896551724	0.9784580498866212	0.986206896551724	miniprot_truncated	inframe_insertion;stop_missing	CP132242.1:9861932-9875097
rna-XM_026020311.1_5	0.0	0.9896551724137932	0.9774011299435028	0.9896551724137932	miniprot_truncated	frameshift;stop_missing	CP132236.1:23249474-23258187
rna-XM_026020311.1_6	0.0	0.9896551724137932	0.9768361581920904	0.9896551724137932	miniprot_truncated	frameshift;stop_missing	CP132246.1:16453405-16462134
rna-XM_026020311.1_7	0.0	0.9896551724137932	0.9757062146892655	0.9896551724137932	miniprot_truncated	frameshift;stop_missing	CP132244.1:14785589-14794133
rna-XM_026020309.1_1	0.0	0.9879310344827588	0.9773242630385488	0.9879310344827588	miniprot_truncated	inframe_insertion;stop_missing	CP132239.1:5110240-5123049
rna-XM_015755696.1_1	0.0	0.9912917271407836	0.9941944847605224	0.9912917271407836	miniprot_truncated	nonsynonymous	CP132238.1:14732407-14734473
rna-XM_015755231.2_1	0.0	1.0	0.5192307692307693	1.0	miniprot_identical	synonymous	CP132243.1:18705812-18706216
rna-XM_026020135.1_1	0.0	0.9953051643192488	0.9942797711908476	0.9953051643192488	miniprot_truncated	inframe_deletion;stop_missing	CP132239.1:10290916-10292829
rna-XM_015756644.1_1	0.0	0.9967585089141004	0.8548312528895053	0.9967585089141004	miniprot_truncated	frameshift	CP132243.1:27457557-27462256
rna-XM_015756103.1_1	0.0	1.0	0.1199466056445461	1.0	miniprot_identical	synonymous	CP132243.1:27444809-27445438
rna-XM_015756103.1_2	0.0	0.9904761904761904	0.1178489702517162	0.9904761904761904	miniprot_truncated	frameshift;stop_missing	CP132236.1:27375629-27376255
rna-XM_015756103.1_3	0.0	0.9904761904761904	0.118230358504958	0.9904761904761904	miniprot_truncated	frameshift;stop_missing	CP132235.1:43646216-43646842
rna-XM_015756103.1_4	0.0	0.9904761904761904	0.1191838291380625	0.9904761904761904	miniprot_truncated	frameshift;stop_missing	CP132238.1:5640211-5640837
rna-XM_015756103.1_5	0.0	0.9904761904761904	0.1188024408848207	0.9904761904761904	miniprot_truncated	frameshift;stop_missing	CP132245.1:5099587-5100213
rna-XM_015756103.1_6	0.0	0.9904761904761904	0.118230358504958	0.9904761904761904	miniprot_truncated	frameshift;stop_missing	CP132236.1:32057264-32057890
rna-XM_015756103.1_7	0.0	0.9904761904761904	0.1191838291380625	0.9904761904761904	miniprot_truncated	frameshift;stop_missing	CP132243.1:27314110-27314736
rna-XM_015756103.1_8	0.0	0.9904761904761904	0.118230358504958	0.9904761904761904	miniprot_truncated	frameshift;stop_missing	CP132237.1:839210-839836
rna-XM_015756103.1_9	0.0	0.9857142857142858	0.1178489702517162	0.9857142857142858	miniprot_truncated	frameshift;stop_missing	CP132243.1:25877414-25878040
rna-XM_015756103.1_10	0.0	0.9857142857142858	0.118230358504958	0.9857142857142858	miniprot_truncated	frameshift;stop_missing	CP132238.1:35770819-35771445
rna-XM_015756103.1_11	0.0	0.9857142857142858	0.118230358504958	0.9857142857142858	miniprot_truncated	frameshift;stop_missing	CP132238.1:5369969-5370595
rna-XM_015756103.1_12	0.0	0.9809523809523808	0.1188024408848207	0.9809523809523808	miniprot_truncated	frameshift;stop_missing	CP132246.1:1140811-1141437
rna-XM_015756103.1_13	0.0	0.9857142857142858	0.1176582761250953	0.9857142857142858	miniprot_truncated	frameshift;stop_missing	CP132242.1:21090682-21091308
rna-XM_015756103.1_14	0.0	0.9857142857142858	0.1178489702517162	0.9857142857142858	miniprot_truncated	frameshift;stop_missing	CP132235.1:21264986-21265612
rna-XM_015756103.1_15	0.0	0.9857142857142858	0.1188024408848207	0.9857142857142858	miniprot_truncated	frameshift;stop_missing	CP132238.1:23940809-23941435
rna-XM_015756103.1_16	0.0	0.9952380952380953	0.1197559115179252	0.9952380952380953	miniprot_truncated	frameshift	CP132243.1:27431137-27431766
rna-XM_015756103.1_17	0.0	0.9857142857142858	0.1189931350114416	0.9857142857142858	miniprot_truncated	frameshift;stop_missing	CP132240.1:29971858-29972484
rna-XM_026020825.1_1	0.0	0.9937952430196484	0.9955187866253016	0.9937952430196484	miniprot_truncated	stop_missing	CP132236.1:262133-265429
rna-XM_026020825.1_2	0.0	0.9937952430196484	0.9962082040675628	0.9937952430196484	miniprot_truncated	stop_missing	CP132240.1:31020430-31023726
rna-XM_015758263.2_1	0.0	0.996031746031746	0.3565176247929974	0.996031746031746	miniprot_truncated	inframe_deletion;stop_missing	CP132238.1:9260893-9262401
rna-XM_015758263.2_2	0.0	0.9940476190476192	0.3562810503903477	0.9940476190476192	miniprot_truncated	inframe_deletion;stop_missing	CP132238.1:9282088-9283596
rna-XM_015759996.2_1	0.0	1.0	0.1870967741935484	1.0	miniprot_identical	synonymous	CP132245.1:1813275-1814492
rna-XM_015760652.1_1	0.0	0.9974811083123426	0.9991603694374476	0.9974811083123426	miniprot_truncated	nonsynonymous	CP132241.1:21312289-21313581
rna-XM_015760652.1_2	0.0	0.9974811083123426	0.9991603694374476	0.9974811083123426	miniprot_truncated	nonsynonymous	CP132244.1:7899631-7900923
rna-XM_015760652.1_3	0.0	0.9924433249370276	0.9974811083123426	0.9924433249370276	miniprot_truncated	nonsynonymous	CP132243.1:20877756-20879047
rna-XM_015760272.2_3	0.0	0.9925925925925926	0.7060367454068242	0.9925925925925926	miniprot_truncated	inframe_deletion	CP132236.1:26419439-26420248
rna-XM_015760272.2_4	0.0	1.0	0.7041884816753927	1.0	miniprot_identical	synonymous	CP132237.1:9233756-9234568
rna-XM_015760915.2_1	0.0	0.9615384615384616	0.8770194526871085	0.9615384615384616	miniprot_truncated	frameshift;stop_missing	CP132245.1:6917443-6920163
rna-XM_026021625.1_1	0.0	0.9901960784313726	0.6352201257861635	0.9901960784313726	miniprot_truncated	frameshift;stop_missing	CP132245.1:22119569-22119871
rna-XM_015762328.2_1	0.0	1.0	0.5263157894736842	1.0	miniprot_identical	synonymous	CP132245.1:26788371-26789060
rna-XM_015763623.2_1	0.0	0.991701244813278	0.6704014939309056	0.991701244813278	miniprot_truncated	inframe_deletion	CP132235.1:289321-290043
rna-XM_015763625.2_1	0.0	0.9968253968253968	0.7744855967078189	0.9968253968253968	miniprot_truncated	frameshift;stop_missing	CP132235.1:290515-291456
rna-XM_015763625.2_2	0.0	0.9936507936507936	0.7744855967078189	0.9936507936507936	miniprot_truncated	frameshift;stop_missing	CP132237.1:7576647-7577588
rna-XM_015763625.2_3	0.0	0.9873015873015872	0.7720164609053498	0.9873015873015872	miniprot_truncated	frameshift;stop_missing	CP132241.1:16936201-16937142
rna-XM_015763625.2_4	0.0	0.9904761904761904	0.7720164609053498	0.9904761904761904	miniprot_truncated	frameshift;stop_missing	CP132237.1:36461394-36462335
rna-XM_015763625.2_5	0.0	0.9936507936507936	0.7736625514403292	0.9936507936507936	miniprot_truncated	frameshift;stop_missing	CP132236.1:34675054-34675995
rna-XM_015764058.2_1	0.0	0.9902439024390244	0.466590301641848	0.9902439024390244	miniprot_truncated	inframe_deletion;stop_missing	CP132237.1:34381797-34383023
rna-XM_015764058.2_2	0.0	0.9878048780487804	0.4654448262695685	0.9878048780487804	miniprot_truncated	inframe_deletion;stop_missing	CP132242.1:20245187-20246413
rna-XM_015763676.2_1	0.0	1.0	0.7195121951219512	1.0	miniprot_identical	synonymous	CP132246.1:4276162-4276948
rna-XM_015763937.2_1	0.0	1.0	0.5976331360946746	1.0	miniprot_identical	synonymous	CP132246.1:11637781-11638386
rna-XM_015763131.2_1	0.0	0.9750889679715302	0.6465583913379737	0.9750889679715302	miniprot_truncated	frameshift	CP132238.1:28650031-28650953
rna-XM_015763751.1_1	0.0	0.935483870967742	0.942652329749104	0.935483870967742	miniprot_truncated	stop_missing	CP132245.1:26098223-26099003
rna-XM_026022049.1_1	0.0	0.9879310344827588	0.97909604519774	0.9879310344827588	miniprot_truncated	frameshift;start_lost;stop_missing	CP132242.1:7448301-7455108
rna-XM_026022036.1_1	0.0	1.0	0.1226486079759217	1.0	miniprot_identical	synonymous	CP132246.1:19563408-19563896
rna-XM_015763454.2_1	0.0	1.0	0.3145346171480972	1.0	miniprot_identical	synonymous	CP132246.1:21349838-21361244
rna-XM_026022051.1_1	0.0	0.993103448275862	0.97909604519774	0.993103448275862	miniprot_truncated	inframe_insertion;stop_missing	CP132240.1:26415689-26425304
rna-XM_026022051.1_2	0.0	0.9913793103448276	0.9768361581920904	0.9913793103448276	miniprot_truncated	frameshift;stop_missing	CP132238.1:25173450-25182469
rna-XM_026022051.1_3	0.0	0.9913793103448276	0.9779661016949152	0.9913793103448276	miniprot_truncated	frameshift;stop_missing	CP132244.1:12754633-12763401
rna-XM_026022051.1_4	0.0	0.993103448275862	0.9774011299435028	0.993103448275862	miniprot_truncated	frameshift;stop_missing	CP132241.1:10160685-10169242
rna-XM_026022051.1_5	0.0	0.9896551724137932	0.9779661016949152	0.9896551724137932	miniprot_truncated	frameshift;stop_missing	CP132246.1:407829-417534
rna-XM_026022051.1_6	0.0	0.9913793103448276	0.9768361581920904	0.9913793103448276	miniprot_truncated	frameshift;stop_missing	CP132239.1:1781076-1790094
rna-XM_026022051.1_7	0.0	0.9913793103448276	0.9785310734463276	0.9913793103448276	miniprot_truncated	frameshift;stop_missing	CP132238.1:18169365-18178074
rna-XM_026022276.1_1	0.0	0.9932885906040269	0.5541044776119403	0.9932885906040269	miniprot_truncated	inframe_deletion	CP132246.1:22077020-22078000
rna-XM_015764718.2_1	0.0	1.0	0.4709480122324159	1.0	miniprot_identical	synonymous	CP132246.1:24493512-24493820
rna-OrsajCp002_2	0.0	1.0	0.9990583804143126	1.0	miniprot_identical	synonymous	CP132238.1:9300955-9302016
rna-OrsajCp005_2	0.0	1.0	0.9946236559139784	1.0	miniprot_identical	synonymous	CP132245.1:24465748-24465933
rna-OrsajCp005_3	0.0	1.0	0.9946236559139784	1.0	miniprot_identical	synonymous	CP132244.1:11393176-11393361
rna-OrsajCp005_4	0.0	1.0	0.9946236559139784	1.0	miniprot_identical	synonymous	CP132238.1:9289841-9290026
rna-OrsajCp005_5	0.0	1.0	0.9946236559139784	1.0	miniprot_identical	synonymous	CP132238.1:9343632-9343817
rna-OrsajCp005_6	0.0	0.9838709677419356	0.989247311827957	0.9838709677419356	miniprot_truncated	nonsynonymous	CP132244.1:23141024-23141209
rna-OrsajCp008_4	0.0	0.9943502824858758	0.9971751412429378	0.9943502824858758	miniprot_truncated	nonsynonymous	CP132244.1:11394967-11396028
rna-OrsajCp008_5	0.0	0.9915254237288136	0.9943502824858758	0.9915254237288136	miniprot_truncated	nonsynonymous	CP132244.1:23138282-23139343
rna-OrsajCp008_6	0.0	0.9915254237288136	0.9962335216572504	0.9915254237288136	miniprot_truncated	nonsynonymous	CP132236.1:14743878-14744939
rna-OrsajCp009_3	0.0	0.9978902953586498	0.99929676511955	0.9978902953586498	miniprot_truncated	nonsynonymous	CP132236.1:14742509-14743930
rna-OrsajCp009_4	0.0	0.9936708860759492	0.9978902953586498	0.9936708860759492	miniprot_truncated	nonsynonymous	CP132244.1:11395976-11397397
rna-OrsajCp011_2	0.0	0.9888888888888888	0.9962962962962963	0.9888888888888888	miniprot_truncated	nonsynonymous	CP132244.1:11400140-11400409
rna-OrsajCp011_3	0.0	0.9888888888888888	0.9962962962962963	0.9888888888888888	miniprot_truncated	nonsynonymous	CP132236.1:14739492-14739761
rna-OrsajCp011_4	0.0	0.9888888888888888	0.9962962962962963	0.9888888888888888	miniprot_truncated	nonsynonymous	CP132235.1:7774734-7775003
rna-OrsajCp011_5	0.0	0.9888888888888888	0.9962962962962963	0.9888888888888888	miniprot_truncated	nonsynonymous	CP132235.1:34179209-34179478
rna-OrsajCp011_6	0.0	0.9888888888888888	0.9962962962962963	0.9888888888888888	miniprot_truncated	nonsynonymous	CP132235.1:34116780-34117049
rna-OrsajCp016_2	0.0	1.0	1.0	1.0	miniprot_identical	identical	CP132244.1:11408570-11410618
rna-OrsajCp016_3	0.0	0.9985358711566618	0.9990239141044412	0.9985358711566618	miniprot_truncated	nonsynonymous	CP132235.1:34119559-34121607
rna-OrsajCp017_1	0.0	0.998678996036988	0.9995596653456628	0.998678996036988	miniprot_truncated	nonsynonymous	CP132244.1:11353922-11358463
rna-OrsajCp017_2	0.0	0.998678996036988	0.9995596653456628	0.998678996036988	miniprot_truncated	nonsynonymous	CP132244.1:11410818-11415359
rna-OrsajCp024_1	0.0	0.998639455782313	0.999092970521542	0.998639455782313	miniprot_truncated	nonsynonymous	CP132244.1:21166326-21168530
rna-OrsajCp024_2	0.0	0.998639455782313	0.999092970521542	0.998639455782313	miniprot_truncated	nonsynonymous	CP132235.1:34128919-34131123
rna-OrsajCp024_3	0.0	0.998639455782313	0.999092970521542	0.998639455782313	miniprot_truncated	nonsynonymous	CP132238.1:9263451-9265655
rna-OrsajCp024_4	0.0	0.9945578231292516	0.997278911564626	0.9945578231292516	miniprot_truncated	nonsynonymous	CP132244.1:11362323-11364527
rna-OrsajCp025_1	0.0	0.9893475366178428	0.9951176209498448	0.9893475366178428	miniprot_truncated	nonsynonymous	CP132238.1:9265681-9267933
rna-OrsajCp025_2	0.0	0.9893475366178428	0.9951176209498448	0.9893475366178428	miniprot_truncated	nonsynonymous	CP132239.1:416628-418880
rna-OrsajCp025_3	0.0	0.9893475366178428	0.9951176209498448	0.9893475366178428	miniprot_truncated	nonsynonymous	CP132238.1:9276555-9278807
rna-OrsajCp025_4	0.0	0.9893475366178428	0.9942299156679982	0.9893475366178428	miniprot_truncated	nonsynonymous	CP132235.1:34131149-34133401
rna-OrsajCp025_5	0.0	0.9880159786950732	0.9942299156679982	0.9880159786950732	miniprot_truncated	nonsynonymous	CP132244.1:11364553-11366805
rna-OrsajCp025_6	0.0	0.9880159786950732	0.9937860630270752	0.9880159786950732	miniprot_truncated	nonsynonymous	CP132244.1:21164048-21166300
rna-OrsajCp027_2	0.0	0.995049504950495	0.9966996699669968	0.995049504950495	miniprot_truncated	nonsynonymous	CP132244.1:11370352-11370957
rna-OrsajCp029_1	0.0	0.995575221238938	0.9985250737463128	0.995575221238938	miniprot_truncated	nonsynonymous	CP132235.1:34166505-34167182
rna-OrsajCp029_2	0.0	0.995575221238938	0.9985250737463128	0.995575221238938	miniprot_truncated	nonsynonymous	CP132244.1:11434651-11435328
rna-OrsajCp029_3	0.0	0.991150442477876	0.995575221238938	0.991150442477876	miniprot_truncated	nonsynonymous	CP132246.1:11347399-11348076
rna-OrsajCp031_3	0.0	1.0	0.997584541062802	1.0	miniprot_identical	synonymous	CP132246.1:5645119-5645532
rna-OrsajCp031_4	0.0	0.9927536231884058	0.997584541062802	0.9927536231884058	miniprot_truncated	nonsynonymous	CP132240.1:24442577-24442990
rna-OrsajCp033_1	0.0	0.99163179916318	0.99442119944212	0.99163179916318	miniprot_truncated	nonsynonymous	CP132244.1:11379626-11381059
rna-OrsajCp036_2	0.0	1.0	0.9968847352024922	1.0	miniprot_identical	synonymous	CP132244.1:11382085-11382405
rna-OrsajCp036_3	0.0	1.0	0.9937694704049844	1.0	miniprot_identical	synonymous	CP132235.1:34180205-34180525
rna-OrsajCp036_4	0.0	0.9906542056074766	0.9937694704049844	0.9906542056074766	miniprot_truncated	nonsynonymous	CP132246.1:11149291-11149611
rna-OrsajCp037_5	0.0	1.0	0.990990990990991	1.0	miniprot_identical	synonymous	CP132240.1:24437066-24437176
rna-OrsajCp038_1	0.0	1.0	0.9982078853046596	1.0	miniprot_identical	synonymous	CP132235.1:34184522-34185079
rna-OrsajCp038_2	0.0	0.9946236559139784	0.996415770609319	0.9946236559139784	miniprot_truncated	nonsynonymous	CP132244.1:11383225-11383782
rna-OrsajCp038_3	0.0	0.989247311827957	0.992831541218638	0.989247311827957	miniprot_truncated	nonsynonymous	CP132240.1:24436139-24436696
rna-OrsajCp039_1	0.0	0.7441860465116279	0.996138996138996	0.7441860465116279	miniprot_truncated	frameshift;stop_codon_gain	CP132244.1:11383813-11384071
rna-OrsajCp039_2	0.0	0.7441860465116279	0.996138996138996	0.7441860465116279	miniprot_truncated	frameshift;stop_codon_gain	CP132236.1:14721625-14721883
rna-OrsajCp039_3	0.0	0.7441860465116279	0.996138996138996	0.7441860465116279	miniprot_truncated	frameshift;stop_codon_gain	CP132235.1:34185110-34185368
rna-OrsajCp039_4	0.0	0.7441860465116279	0.9806949806949808	0.7441860465116279	miniprot_truncated	frameshift;stop_codon_gain	CP132235.1:21011360-21011615
rna-OrsajCp040_1	0.0	0.9956709956709956	0.9985569985569984	0.9956709956709956	miniprot_truncated	nonsynonymous	CP132244.1:11384202-11384894
rna-OrsajCp040_2	0.0	0.9956709956709956	0.9985569985569984	0.9956709956709956	miniprot_truncated	nonsynonymous	CP132236.1:14720802-14721494
rna-OrsajCp041_3	0.0	0.9968847352024922	0.9989615784008308	0.9968847352024922	miniprot_truncated	nonsynonymous	CP132244.1:11385124-11386086
rna-OrsajCp043_9	0.0	1.0	0.9914529914529916	1.0	miniprot_identical	synonymous	CP132237.1:27135822-27135938
rna-OrsajCp044_8	0.0	1.0	0.9916666666666668	1.0	miniprot_identical	synonymous	CP132246.1:5672970-5673089
rna-OrsajCp045_5	0.0	1.0	0.996031746031746	1.0	miniprot_identical	synonymous	CP132246.1:5673100-5673351
rna-OrsajCp045_6	0.0	1.0	1.0	1.0	miniprot_identical	identical	CP132237.1:26668210-26668461
rna-OrsajCp047_3	0.0	1.0	0.9912280701754386	1.0	miniprot_identical	synonymous	CP132235.1:19564948-19565061
rna-OrsajCp048_1	0.0	0.9555555555555556	0.9703703703703704	0.9555555555555556	miniprot_truncated	nonsynonymous	CP132246.1:5675639-5675773
rna-OrsajCp048_2	0.0	0.9555555555555556	0.9703703703703704	0.9555555555555556	miniprot_truncated	nonsynonymous	CP132242.1:9334912-9335046
rna-OrsajCp048_3	0.0	0.9555555555555556	0.9703703703703704	0.9555555555555556	miniprot_truncated	nonsynonymous	CP132244.1:11390106-11390240
rna-OrsajCp048_4	0.0	0.9555555555555556	0.9703703703703704	0.9555555555555556	miniprot_truncated	nonsynonymous	CP132240.1:24429644-24429778
rna-OrsajCp050_1	0.0	0.9939024390243902	0.9979674796747968	0.9939024390243902	miniprot_truncated	nonsynonymous	CP132242.1:9333536-9334027
rna-OrsajCp050_2	0.0	0.9939024390243902	0.9979674796747968	0.9939024390243902	miniprot_truncated	nonsynonymous	CP132246.1:5676658-5677149
rna-OrsajCp050_3	0.0	0.9878048780487804	0.9959349593495936	0.9878048780487804	miniprot_truncated	nonsynonymous	CP132240.1:24428269-24428760
rna-OrsajCp052_1	0.0	0.9815668202764976	0.989247311827957	0.9815668202764976	miniprot_truncated	nonsynonymous	CP132244.1:11453734-11454384
rna-OrsajCp052_2	0.0	0.9723502304147466	0.9861751152073732	0.9723502304147466	miniprot_truncated	nonsynonymous	CP132240.1:24426114-24426764
rna-OrsajCp053_1	0.0	0.9901768172888016	0.993455497382199	0.9901768172888016	miniprot_truncated	frameshift	CP132242.1:9329343-9330869
rna-OrsajCp053_2	0.0	0.9842829076620824	0.9895287958115184	0.9842829076620824	miniprot_truncated	frameshift	CP132240.1:24424076-24425602
rna-OrsajCp054_4	0.0	1.0	0.9907407407407408	1.0	miniprot_identical	synonymous	CP132242.1:3831803-3831910
rna-OrsajCp056_4	0.0	1.0	0.9954954954954957	1.0	miniprot_identical	synonymous	CP132240.1:24423299-24423520
rna-OrsajCp056_5	0.0	0.9864864864864864	0.9864864864864864	0.9864864864864864	miniprot_truncated	inframe_deletion;stop_missing	CP132246.1:5681900-5682118
rna-OrsajCp059_3	0.0	0.9970414201183432	0.9990138067061144	0.9970414201183432	miniprot_truncated	nonsynonymous	CP132235.1:34107231-34108244
rna-OrsajCp060_3	0.0	0.9930555555555556	0.9976851851851852	0.9930555555555556	miniprot_truncated	nonsynonymous	CP132239.1:12954453-12954884
rna-OrsajCp063_4	0.0	0.9927007299270072	0.9975669099756692	0.9927007299270072	miniprot_truncated	nonsynonymous	CP132246.1:5690915-5691325
rna-OrsajCp064_4	0.0	1.0	0.9973118279569892	1.0	miniprot_identical	synonymous	CP132235.1:34110146-34110517
rna-OrsajCp064_5	0.0	0.9919354838709676	0.9973118279569892	0.9919354838709676	miniprot_truncated	nonsynonymous	CP132241.1:28203924-28204295
rna-OrsajCp064_6	0.0	0.9919354838709676	0.9973118279569892	0.9919354838709676	miniprot_truncated	nonsynonymous	CP132246.1:5691465-5691836
rna-OrsajCp067_1	0.0	1.0	0.9977777777777778	1.0	miniprot_identical	synonymous	CP132241.1:28206784-28207233
rna-OrsajCp070_5	0.0	1.0	0.997584541062802	1.0	miniprot_identical	synonymous	CP132246.1:21053235-21053648
rna-OrsajCp071_4	0.0	1.0	0.9929078014184396	1.0	miniprot_identical	synonymous	CP132244.1:23463972-23464253
rna-OrsajCp071_5	0.0	1.0	1.0	1.0	miniprot_identical	identical	CP132243.1:18883264-18883545
rna-OrsajCp071_6	0.0	1.0	1.0	1.0	miniprot_identical	identical	CP132242.1:9316701-9316982
rna-OrsajCp079_5	0.0	1.0	1.0	1.0	miniprot_identical	identical	CP132244.1:11316148-11316549
rna-OrsajCp079_6	0.0	0.9925373134328358	0.9975124378109452	0.9925373134328358	miniprot_truncated	nonsynonymous	CP132242.1:9306022-9306423
rna-OrsajCp085_1	0.0	0.9809523809523808	0.99818676337262	0.9809523809523808	miniprot_truncated	frameshift	CP132246.1:5652083-5654287
rna-OrsajCp087_2	0.0	0.9968944099378882	0.9958592132505176	0.9968944099378882	miniprot_truncated	nonsynonymous	CP132240.1:29047158-29048123
rna-OrsajCp088_1	0.0	0.996007984031936	0.9986693280106452	0.996007984031936	miniprot_truncated	nonsynonymous	CP132240.1:29048320-29049822
rna-OrsajCp088_3	0.0	0.9920159680638724	0.9933598937583	0.9920159680638724	miniprot_truncated	inframe_insertion	CP132241.1:12815894-12817399
rna-OrsajCp092_1	0.0	1.0	0.988950276243094	1.0	miniprot_identical	synonymous	CP132246.1:5660652-5661194
rna-OrsajCp092_2	0.0	0.994413407821229	0.9871086556169428	0.994413407821229	miniprot_truncated	inframe_insertion	CP132236.1:14708812-14709354
rna-OrsajCp092_3	0.0	0.994413407821229	0.9871086556169428	0.994413407821229	miniprot_truncated	inframe_insertion	CP132246.1:11150064-11150606
rna-OrsajCp094_2	0.0	0.9974619289340102	0.9983079526226736	0.9974619289340102	miniprot_truncated	nonsynonymous	CP132238.1:9241408-9242589
rna-OrsajCp112_2	0.0	1.0	1.0	1.0	miniprot_identical	identical	CP132238.1:9323035-9323316
rna-OrsajM_p07_1	0.0	0.9959266802443992	0.9986422267481332	0.9959266802443992	miniprot_truncated	nonsynonymous	CP132246.1:21220457-21221929
rna-OrsajM_p08_1	0.0	0.9034749034749034	0.9961439588688946	0.9034749034749034	miniprot_truncated	frameshift;stop_missing	CP132246.1:21219476-21220253
rna-OrsajM_p10_3	0.0	0.9945054945054944	0.9963369963369964	0.9945054945054944	miniprot_truncated	nonsynonymous	CP132243.1:5550705-5551250
rna-OrsajM_p11_1	0.0	0.9660194174757282	0.982200647249191	0.9660194174757282	miniprot_truncated	nonsynonymous	CP132246.1:21208356-21208973
rna-OrsajM_p11_2	0.0	0.9660194174757282	0.9805825242718448	0.9660194174757282	miniprot_truncated	nonsynonymous	CP132246.1:21106271-21106888
rna-OrsajM_p12_2	0.0	1.0	0.9986168741355465	1.0	miniprot_identical	synonymous	CP132246.1:21105275-21105997
rna-OrsajM_p13_1	0.0	0.9945652173913044	0.9981884057971014	0.9945652173913044	miniprot_truncated	nonsynonymous	CP132246.1:21104489-21105040
rna-OrsajM_p13_2	0.0	0.9891304347826086	0.9963768115942028	0.9891304347826086	miniprot_truncated	nonsynonymous	CP132246.1:21206574-21207125
rna-OrsajM_p17_2	0.0	1.0	0.9982905982905984	1.0	miniprot_identical	synonymous	CP132246.1:21245354-21245938
rna-OrsajM_p22_1	0.0	0.9955555555555556	0.997037037037037	0.9955555555555556	miniprot_truncated	nonsynonymous	CP132246.1:21366727-21367401
rna-OrsajM_p22_2	0.0	0.9955555555555556	0.997037037037037	0.9955555555555556	miniprot_truncated	nonsynonymous	CP132246.1:20967407-20968081
rna-OrsajM_p22_3	0.0	0.9955555555555556	0.997037037037037	0.9955555555555556	miniprot_truncated	nonsynonymous	CP132246.1:21258324-21258998
rna-OrsajM_p38	0.0	0.2079207920792079	0.3234323432343234	0.2079207920792079	miniprot_truncated	frameshift;start_lost;stop_missing	CP132236.1:11393831-11393941
rna-OrsajM_p44_1	0.0	0.1444954128440367	0.146788990825688	0.1444954128440367	miniprot_truncated	start_lost;inframe_deletion;stop_missing	CP132246.1:13780208-13780399
