-------------- SCENARIOS ------------
LiftOn best						67
Liftoff best					0
miniprot best					14
LiftOn worse than Liftoff only	0
LiftOn worse than miniprot only	9
LiftOn worst					10
LiftOn equal to Liftoff only	3293
LiftOn equal to miniprot only	4538
All equal						51018
Total counts					58929

----------------- ALL ---------------
lifton=liftoff=miniprot	51018
lifton>liftoff=miniprot	21
lifton>liftoff>miniprot	17
lifton>miniprot>liftoff	29
lifton=liftoff>miniprot	3287
lifton=miniprot>liftoff	4538
liftoff>lifton>miniprot	0
miniprot>lifton>liftoff	3
liftoff>lifton=miniprot	0
miniprot>lifton=liftoff	6
liftoff=miniprot>lifton	5
liftoff>miniprot>lifton	0
miniprot>liftoff>lifton	5
all						58929

----------------- RAW ---------------
lifton_score>liftoff_score	4608
lifton_score=liftoff_score	54311
lifton_score>miniprot_score	3354
lifton_score=miniprot_score	55556
liftoff_score>lifton_score	10
liftoff_score=lifton_score	54311
liftoff_score>miniprot_score	3304
liftoff_score=miniprot_score	51044
miniprot_score>lifton_score	19
miniprot_score=lifton_score	55556
miniprot_score>liftoff_score	4581
miniprot_score=liftoff_score	51044
