rna-NM_001303456.1	0.998175182481752	0.9890510948905108	0.989255976363148	0.9963503649635036	LiftOn_chaining_algorithm	frameshift	NC_072398.1:124562875-124582841
rna-XM_047433954.1	0.9970501474926252	0.9823008849557522	0.9967558799675588	0.9941002949852508	LiftOn_chaining_algorithm	frameshift	NC_072398.1:124562875-124576638
rna-XM_047434013.1	0.9967948717948718	0.9807692307692308	0.9965277777777778	0.9935897435897436	LiftOn_chaining_algorithm	frameshift	NC_072398.1:124562875-124576638
rna-XM_011511018.4	0.9306872037914692	0.0	0.9384761904761904	0.9300947867298578	Liftoff_truncated	frameshift;start_lost	NC_072399.1:98970886-99010618
rna-XM_011511019.4	0.9296028880866426	0.0	0.9375483372003094	0.9290012033694344	Liftoff_truncated	frameshift;start_lost	NC_072399.1:98970886-99010618
rna-XM_011511020.4	0.9295605057194462	0.0	0.937904761904762	0.9289584587597832	Liftoff_truncated	frameshift;start_lost	NC_072399.1:98967206-99010618
rna-XM_017003898.2	0.91280353200883	0.0	0.9202898550724636	0.911699779249448	Liftoff_truncated	frameshift;start_lost	NC_072399.1:98978817-99010618
rna-XM_006712794.5	0.9040178571428572	0.0	0.9525	0.9029017857142856	Liftoff_truncated	frameshift;start_lost	NC_072399.1:101848228-101904146
rna-XM_017005081.3	0.9065255731922398	0.0	0.9539695945945946	0.9053497942386832	Liftoff_truncated	frameshift;start_lost	NC_072399.1:101848228-101887502
rna-XM_047445980.1	0.9035333707234996	0.0	0.962945914844649	0.9024116657319126	Liftoff_truncated	frameshift;start_lost	NC_072399.1:101848228-101902123
rna-NM_001384363.1	0.9296740994854202	0.0	0.9559274755927476	0.9285305889079474	Liftoff_truncated	frameshift;start_lost	NC_072399.1:109438689-109494635
rna-XM_011511769.3	0.9353293413173652	0.0	0.9528681650452868	0.934131736526946	Liftoff_truncated	frameshift;start_lost	NC_072399.1:109438689-109479242
rna-XM_011511770.3	0.9343065693430656	0.0	0.9522433718558804	0.9330900243309004	Liftoff_truncated	frameshift;start_lost	NC_072399.1:109438689-109479242
rna-XM_017004843.2	0.9348612786489746	0.0	0.957921491104208	0.9336550060313632	Liftoff_truncated	frameshift;start_lost	NC_072399.1:109438689-109477972
rna-XM_047445731.1	0.9293103448275862	0.0	0.966955351887665	0.9281609195402298	Liftoff_truncated	frameshift;start_lost	NC_072399.1:109438689-109491493
rna-XM_017004740.3	0.9227373068432672	0.0	0.925261996690568	0.9216335540838853	Liftoff_truncated	frameshift;start_lost	NC_072399.1:111672660-111704587
rna-XM_017005262.3	0.9980806142034548	0.9961612284069098	0.986073915372255	0.9961612284069098	LiftOn_chaining_algorithm	frameshift	NC_072400.1:139710437-139868717
rna-XM_047446295.1	0.9882478632478632	0.9871794871794872	0.9864516129032258	0.9871794871794872	LiftOn_chaining_algorithm	frameshift	NC_072400.1:139710437-139852998
rna-XM_047446296.1	0.9880823401950164	0.9869989165763814	0.9863370201691608	0.9869989165763814	LiftOn_chaining_algorithm	frameshift	NC_072400.1:139710437-139852998
rna-XM_047446297.1	0.987938596491228	0.986842105263158	0.9862385321100916	0.986842105263158	LiftOn_chaining_algorithm	frameshift	NC_072400.1:139710437-139852998
rna-XM_047446298.1	0.9878183831672204	0.9867109634551496	0.986156888595913	0.9867109634551496	LiftOn_chaining_algorithm	frameshift	NC_072400.1:139710437-139852998
rna-XM_047446299.1	0.9877641824249166	0.9866518353726362	0.9861202908129544	0.9866518353726362	LiftOn_chaining_algorithm	frameshift	NC_072400.1:139710437-139852998
rna-XM_047446301.1	0.9875141884222476	0.9863791146424518	0.9859531772575252	0.9863791146424518	LiftOn_chaining_algorithm	frameshift	NC_072400.1:139710437-139852998
rna-XM_047446302.1	0.987485779294653	0.9863481228668942	0.985934360348292	0.9863481228668942	LiftOn_chaining_algorithm	frameshift	NC_072400.1:139710437-139852998
rna-XM_047446303.1	0.9874141876430206	0.9862700228832952	0.9858870967741936	0.9862700228832952	LiftOn_chaining_algorithm	frameshift	NC_072400.1:139710437-139852998
rna-XM_047446306.1	0.9870588235294118	0.9858823529411764	0.985655737704918	0.9858823529411764	LiftOn_chaining_algorithm	frameshift	NC_072400.1:139710437-139852998
rna-XM_047446309.1	0.9869203329369798	0.985731272294887	0.9855670103092784	0.985731272294887	LiftOn_chaining_algorithm	frameshift	NC_072400.1:139710437-139852998
rna-XM_047446310.1	0.9868891537544696	0.9856972586412396	0.9855471438403304	0.9856972586412396	LiftOn_chaining_algorithm	frameshift	NC_072400.1:139710437-139852998
rna-XM_047446312.1	0.986857825567503	0.985663082437276	0.9855272226051	0.985663082437276	LiftOn_chaining_algorithm	frameshift	NC_072400.1:139710437-139852998
rna-XM_047446316.1	0.9865689865689866	0.9853479853479854	0.9853454291695743	0.9853479853479854	LiftOn_chaining_algorithm	frameshift	NC_072400.1:139710437-139852998
rna-XM_047446317.1	0.9865361077111384	0.98531211750306	0.9853249475890984	0.98531211750306	LiftOn_chaining_algorithm	frameshift	NC_072400.1:139710437-139852998
rna-XM_047446318.1	0.9865030674846624	0.985276073619632	0.9853044086773968	0.985276073619632	LiftOn_chaining_algorithm	frameshift	NC_072400.1:139710437-139852998
rna-XM_047446322.1	0.9861635220125786	0.9849056603773584	0.9850958126330732	0.9849056603773584	LiftOn_chaining_algorithm	frameshift	NC_072400.1:139710437-139852998
rna-NM_001400705.1	0.8695652173913043	0.862876254180602	0.9747228381374724	0.8662207357859532	LiftOn_chaining_algorithm	frameshift;stop_codon_gain	NC_072401.1:70172976-70332425
rna-NM_001400709.1	0.8293838862559242	0.8199052132701422	0.973797046212482	0.8246445497630331	LiftOn_chaining_algorithm	frameshift;stop_codon_gain	NC_072401.1:70172976-70332425
rna-NM_001253846.2	0.9970845481049564	0.9883381924198252	0.9916666666666668	0.9912536443148688	LiftOn_chaining_algorithm	frameshift	NC_072404.1:7568247-8124265
rna-XM_047443175.1	0.6016260162601627	0.0	0.9551122194513716	0.5934959349593496	Liftoff_truncated	frameshift;stop_codon_gain	NC_072406.1:24507273-24510400
rna-NM_212533.3	0.9971625456019456	0.9963518443453588	0.99288256227758	0.9963518443453588	LiftOn_chaining_algorithm	frameshift	NC_072407.1:117422746-117444669
rna-XM_047430231.1	0.9971738106453132	0.9962317475270844	0.9930892337536372	0.9962317475270844	LiftOn_chaining_algorithm	frameshift	NC_072411.1:99743126-100038083
rna-XM_017023113.2	0.8465473145780051	0.8388746803069054	0.978507229386479	0.8439897698209718	LiftOn_chaining_algorithm	frameshift;stop_missing	NC_072414.1:86994066-87037938
rna-XM_047433892.1	0.8465473145780051	0.8388746803069054	0.9743809932732216	0.8439897698209718	LiftOn_chaining_algorithm	frameshift;stop_missing	NC_072414.1:86994066-87023077
rna-XM_011527837.3	0.9905178701677608	0.9890590809628008	0.9860386621663086	0.9890590809628008	LiftOn_chaining_algorithm	frameshift	NC_072417.1:9759194-9884684
rna-XM_047439794.1	0.1160220994475138	0.0	0.7060333761232349	0.1123595505617977	Liftoff_truncated	frameshift;stop_codon_gain	NC_072417.1:23476973-23477651
id-IGLV3-12	0.0168067226890756	0.0	0.8362068965517241	0.0086206896551724	Liftoff_truncated	frameshift;start_lost;stop_codon_gain	NC_072420.1:17824905-17825205
rna-XM_017004738.2	0.0020100502512562	0.9332201471420488	0.9628955474656958	0.9292586304470856	LiftOn_chaining_algorithm	frameshift;start_lost;stop_missing	NC_072399.1:111648546-111704587
rna-XM_017004739.3	0.0021231422505307	0.9365269461077844	0.9546920074664856	0.9317365269461078	LiftOn_chaining_algorithm	frameshift;start_lost	NC_072399.1:111664156-111704587
rna-XM_047445674.1	0.019650655021834	0.9956331877729258	0.9956140350877192	0.9475982532751092	LiftOn_chaining_algorithm	frameshift;stop_codon_gain	NC_072400.1:121422097-121427128
rna-XM_011533781.3	0.0588235294117647	0.9704641350210972	0.9879032258064516	0.9620253164556962	LiftOn_chaining_algorithm	frameshift	NC_072401.1:54586500-54603180
rna-XM_047449415.1	0.0869061413673232	0.9675599435825106	0.4153947368421052	0.9590973201692524	LiftOn_chaining_algorithm	frameshift	NC_072401.1:104897780-104925374
rna-NM_001012414.3	0.8238095238095238	0.9285714285714286	0.7635092180546726	0.8809523809523809	LiftOn_chaining_algorithm	frameshift;stop_missing	NC_072402.1:166575591-166583815
rna-XM_047419658.1	0.2371134020618556	0.7052023121387283	0.9569874887562352	0.7023121387283237	LiftOn_chaining_algorithm	frameshift	NC_072404.1:89435758-89458671
rna-XM_047419659.1	0.2371134020618556	0.7052023121387283	0.9608175914994096	0.7023121387283237	LiftOn_chaining_algorithm	frameshift	NC_072404.1:89434026-89458671
rna-XM_047419660.1	0.2371134020618556	0.7052023121387283	0.9192294096854012	0.7023121387283237	LiftOn_chaining_algorithm	frameshift	NC_072404.1:89375344-89458671
rna-XM_047419661.1	0.2371134020618556	0.7052023121387283	0.9186415376002984	0.7023121387283237	LiftOn_chaining_algorithm	frameshift	NC_072404.1:89435024-89458671
rna-XM_047419662.1	0.2371134020618556	0.7052023121387283	0.918467029870374	0.7023121387283237	LiftOn_chaining_algorithm	frameshift	NC_072404.1:89446657-89458671
rna-XM_047442838.1	0.0209125475285171	0.0646387832699619	0.3365019011406844	0.0551330798479087	LiftOn_chaining_algorithm	frameshift;start_lost;stop_codon_gain	NC_072406.1:158017344-158017435
rna-XM_047421330.1	0.0135135135135135	0.9778699861687412	0.9852295409181636	0.9723374827109268	LiftOn_chaining_algorithm	frameshift	NC_072406.1:158264525-158314316
rna-XM_047421333.1	0.0153846153846153	0.9781931464174456	0.9861111111111112	0.97196261682243	LiftOn_chaining_algorithm	frameshift	NC_072406.1:158264344-158314316
rna-XM_047421345.1	0.0171339563862928	0.9736842105263158	0.9797307996832938	0.9666666666666668	LiftOn_chaining_algorithm	frameshift	NC_072406.1:158265244-158314316
rna-NM_001080512.3	0.7231075697211156	0.9969230769230768	0.9905956112852664	0.7497435897435898	LiftOn_chaining_algorithm	frameshift;stop_codon_gain	NC_072408.1:61386960-61702644
rna-XM_011540185.3	0.7295719844357976	0.996996996996997	0.9907120743034056	0.7557557557557557	LiftOn_chaining_algorithm	frameshift;stop_codon_gain	NC_072408.1:61386960-61702644
rna-XM_011540191.3	0.682648401826484	0.9952774498229044	0.9901403109594236	0.7119244391971665	LiftOn_chaining_algorithm	frameshift;stop_codon_gain	NC_072408.1:61656231-61702644
rna-XM_017016677.2	0.7104166666666667	0.9967776584317938	0.9841973023009786	0.7379162191192267	LiftOn_chaining_algorithm	frameshift;stop_codon_gain	NC_072408.1:61479100-61702644
rna-XM_017016678.2	0.7092050209205021	0.9967637540453076	0.990302432610125	0.7367853290183387	LiftOn_chaining_algorithm	frameshift;stop_codon_gain	NC_072408.1:61386960-61702644
rna-XM_024448174.1	0.8090614886731392	0.99010989010989	0.991652754590985	0.8296703296703297	LiftOn_chaining_algorithm	frameshift;stop_codon_gain	NC_072408.1:61464159-61685570
rna-XM_024448175.2	0.6991341991341992	0.9966480446927374	0.9906919564453812	0.7273743016759776	LiftOn_chaining_algorithm	frameshift;stop_codon_gain	NC_072408.1:61386960-61702644
rna-XM_047425777.1	0.7415730337078652	0.996842105263158	0.9949206349206348	0.7673684210526316	LiftOn_chaining_algorithm	frameshift;stop_codon_gain	NC_072408.1:61386960-61694540
rna-XM_047425778.1	0.7104166666666667	0.9967776584317938	0.9904214559386972	0.7379162191192267	LiftOn_chaining_algorithm	frameshift;stop_codon_gain	NC_072408.1:61386960-61702644
rna-XM_047425779.1	0.6991341991341992	0.9966480446927374	0.9907550077041604	0.7273743016759776	LiftOn_chaining_algorithm	frameshift;stop_codon_gain	NC_072408.1:61386960-61702644
rna-XM_047425780.1	0.6991341991341992	0.9966480446927374	0.9903249361080686	0.7273743016759776	LiftOn_chaining_algorithm	frameshift;stop_codon_gain	NC_072408.1:61386307-61702644
rna-XM_047425781.1	0.6991341991341992	0.9966480446927374	0.9902621722846442	0.7273743016759776	LiftOn_chaining_algorithm	frameshift;stop_codon_gain	NC_072408.1:61386307-61702644
rna-NM_001244682.2	0.0160642570281124	0.9635535307517084	0.9836009566108644	0.9567198177676538	LiftOn_chaining_algorithm	frameshift	NC_072409.1:121395526-121480498
rna-XM_011542828.3	0.00542888165038	0.9863013698630136	0.9896185962536672	0.9813200498132004	LiftOn_chaining_algorithm	frameshift	NC_072409.1:125271192-125303427
rna-XM_047428447.1	0.0016233766233766	0.9685767097966728	0.9714352066883418	0.9611829944547134	LiftOn_chaining_algorithm	frameshift	NC_072410.1:63043246-63073785
rna-XM_047428448.1	0.0017497812773403	0.9686888454011742	0.9706737760542898	0.9608610567514676	LiftOn_chaining_algorithm	frameshift	NC_072410.1:63043246-63073785
rna-XM_047428452.1	0.0018867924528301	0.9519832985386222	0.9714216517316542	0.9446764091858038	LiftOn_chaining_algorithm	frameshift;stop_codon_gain	NC_072410.1:63043246-63073785
rna-XM_047428461.1	0.0021119324181626	0.9743589743589745	0.9711182424092816	0.965034965034965	LiftOn_chaining_algorithm	frameshift	NC_072410.1:63043246-63073785
rna-XM_047430838.1	0.3427991886409736	0.5030425963488844	0.7455284552845528	0.4989858012170385	LiftOn_chaining_algorithm	frameshift;start_lost;stop_missing	NC_072411.1:114321843-114323684
rna-NM_001042494.2-2	0.3983050847457627	0.4351851851851852	0.9747474747474748	0.4299065420560747	LiftOn_chaining_algorithm	frameshift;stop_codon_gain	NC_072413.1:26191546-26260353
rna-NM_001042495.2-2	0.3983050847457627	0.4351851851851852	0.9664268585131894	0.4299065420560747	LiftOn_chaining_algorithm	frameshift;stop_codon_gain	NC_072413.1:26191546-26260629
rna-NM_001042496.2-2	0.5773809523809523	0.6139240506329114	0.9760765550239234	0.6114649681528662	LiftOn_chaining_algorithm	frameshift;stop_codon_gain	NC_072413.1:26191546-26260353
rna-NM_001365088.1-2	0.5988700564971752	0.6347305389221557	0.9783258594917787	0.6325301204819277	LiftOn_chaining_algorithm	frameshift;stop_codon_gain	NC_072413.1:26191546-26260353
rna-NM_005135.2-2	0.4365079365079365	0.4741379310344827	0.9638766519823788	0.4695652173913043	LiftOn_chaining_algorithm	frameshift;stop_codon_gain	NC_072413.1:26187603-26241387
rna-NM_133647.2-2	0.5988700564971752	0.6347305389221557	0.9748263888888888	0.6325301204819277	LiftOn_chaining_algorithm	frameshift;stop_codon_gain	NC_072413.1:26191546-26259588
rna-XM_011523043.3	0.0417910447761194	0.9881456392887384	0.9691837214772996	0.9635901778154108	LiftOn_chaining_algorithm	frameshift;stop_codon_gain	NC_072414.1:65275436-65292829
rna-XM_047433999.1	0.0427807486631016	0.9887445887445888	0.9690647482014388	0.9636363636363636	LiftOn_chaining_algorithm	frameshift;stop_codon_gain	NC_072414.1:65275436-65292827
rna-XM_017009906.1	0.0	0.9884196185286104	0.528402223833696	0.9802452316076294	miniprot_truncated	frameshift;start_lost	NC_072403.1:79213972-79437759
rna-NM_001197221.2_1	0.0	0.9901574803149606	0.1983568075117371	0.984251968503937	miniprot_truncated	frameshift;start_lost	NC_072403.1:56053269-56071988
rna-NM_144497.2_1	0.0	0.9792284866468842	0.6049787492410443	0.96973293768546	miniprot_truncated	frameshift;start_lost	NC_072404.1:163304265-163309295
rna-NM_173683.4	0.0	0.602803738317757	0.2681912681912682	0.5950155763239875	miniprot_truncated	frameshift;start_lost	NC_072406.1:20030900-20057821
rna-XM_017014554.2_1	0.0	0.9828009828009828	0.1940705128205128	0.9803439803439804	miniprot_truncated	frameshift;start_lost	NC_072407.1:37849877-37856648
rna-NM_030817.3_1	0.0	0.9959839357429718	0.1610095735422106	0.9919678714859438	miniprot_truncated	frameshift;start_lost	NC_072410.1:18595935-18596681
rna-XM_005255859.6_1	0.0	0.6272066458982347	0.3715138417206957	0.6240913811007269	miniprot_truncated	frameshift;start_lost	NC_072414.1:83801807-83840438
rna-XM_011524114.4_1	0.0	0.9951923076923076	0.0603682170542635	0.9855769230769232	miniprot_truncated	frameshift;start_lost	NC_072415.1:55385657-55386280
rna-NM_001330471.2_1	0.0	0.9746192893401016	0.2156203288490284	0.9695431472081218	miniprot_truncated	frameshift;start_lost	NC_072415.1:85919238-85923908
rna-NM_001011544.2_1	0.0	0.9825436408977556	0.6194919647485744	0.9750623441396508	miniprot_truncated	frameshift;start_lost	NC_072421.1:147190416-147192720
rna-XM_011541179.3	0.9904761904761904	0.9904761904761904	0.9882835383714118	0.982312925170068	LiftOn_chaining_algorithm	frameshift	NC_072398.1:19777776-19898969
rna-XM_011541180.3	0.9904761904761904	0.9904761904761904	0.9873317498020586	0.982312925170068	LiftOn_chaining_algorithm	frameshift	NC_072398.1:19777776-19898969
rna-XM_011541181.2	0.9904761904761904	0.9904761904761904	0.9879518072289156	0.982312925170068	LiftOn_chaining_algorithm	frameshift	NC_072398.1:19777776-19898969
rna-XM_047416922.1	0.9904761904761904	0.9904761904761904	0.9883898564008556	0.982312925170068	LiftOn_chaining_algorithm	frameshift	NC_072398.1:19777776-19898399
rna-XM_047416926.1	0.9904761904761904	0.9904761904761904	0.9873377651155428	0.982312925170068	LiftOn_chaining_algorithm	frameshift	NC_072398.1:19777776-19898969
rna-XM_047416933.1	0.9899280575539569	0.9899280575539569	0.9888579387186628	0.981294964028777	LiftOn_chaining_algorithm	frameshift	NC_072398.1:19777776-19898399
rna-XM_011540872.3	0.9910141206675224	0.9910141206675224	0.9864934176782356	0.9897304236200256	LiftOn_chaining_algorithm	frameshift	NC_072398.1:21315122-21427094
rna-XM_011540516.4	0.9366812227074236	0.9366812227074236	0.987303506650544	0.9323144104803494	LiftOn_chaining_algorithm	frameshift;stop_missing	NC_072398.1:78928409-78942309
rna-NM_001282692.1	0.9906890130353816	0.9906890130353816	0.9936334697589814	0.9851024208566108	LiftOn_chaining_algorithm	frameshift	NC_072398.1:153500104-153528161
rna-NM_001385161.1	0.9912280701754386	0.9912280701754386	0.9890024582740328	0.9824561403508772	LiftOn_chaining_algorithm	frameshift	NC_072398.1:163248339-163275720
rna-NM_001385162.1	0.9904153354632588	0.9904153354632588	0.9888772572624968	0.9808306709265175	LiftOn_chaining_algorithm	frameshift	NC_072398.1:163248339-163275720
rna-NM_001531.3	0.9912280701754386	0.9912280701754386	0.9888663967611336	0.9824561403508772	LiftOn_chaining_algorithm	frameshift	NC_072398.1:163247740-163275720
rna-XM_047418899.1	0.9904153354632588	0.9904153354632588	0.9887424843290264	0.9808306709265175	LiftOn_chaining_algorithm	frameshift	NC_072398.1:163247740-163275720
rna-NM_022552.5	0.9967141292442496	0.9967141292442496	0.9904600381598474	0.9945235487404164	LiftOn_chaining_algorithm	frameshift	NC_072399.1:25219703-25333778
rna-NM_175629.2	0.9967141292442496	0.9967141292442496	0.9959090909090909	0.9945235487404164	LiftOn_chaining_algorithm	frameshift	NC_072399.1:25224767-25334443
rna-XM_005264175.6	0.9967141292442496	0.9967141292442496	0.9905958792852868	0.9945235487404164	LiftOn_chaining_algorithm	frameshift	NC_072399.1:25219703-25308461
rna-XM_017003526.2	0.9967141292442496	0.9967141292442496	0.9907192575406032	0.9945235487404164	LiftOn_chaining_algorithm	frameshift	NC_072399.1:25219703-25306346
rna-NM_001137550.2	0.9968798751950078	0.9968798751950078	0.986809965803615	0.9953198127925116	LiftOn_chaining_algorithm	frameshift	NC_072400.1:139710437-139868717
rna-XM_005246141.5	0.9976689976689976	0.9976689976689976	0.9849624060150376	0.9953379953379954	LiftOn_chaining_algorithm	frameshift	NC_072400.1:139710437-139868717
rna-XM_005246142.3	0.9975308641975308	0.9975308641975308	0.9846426461901948	0.9950617283950616	LiftOn_chaining_algorithm	frameshift	NC_072400.1:139710437-139868717
rna-XM_017005257.3	0.9967585089141004	0.9967585089141004	0.9865738438587768	0.9951377633711508	LiftOn_chaining_algorithm	frameshift	NC_072400.1:139710437-139868717
rna-XM_017005260.3	0.996309963099631	0.996309963099631	0.9857782459836714	0.9944649446494463	LiftOn_chaining_algorithm	frameshift	NC_072400.1:139710437-139868717
rna-XM_017005263.3	0.9978586723768736	0.9978586723768736	0.9854423292273236	0.9957173447537472	LiftOn_chaining_algorithm	frameshift	NC_072400.1:139710437-139868717
rna-XM_047446293.1	0.987987987987988	0.987987987987988	0.9865674726183096	0.986986986986987	LiftOn_chaining_algorithm	frameshift	NC_072400.1:139710437-139852998
rna-XM_047446294.1	0.9878296146044624	0.9878296146044624	0.9864583333333332	0.986815415821501	LiftOn_chaining_algorithm	frameshift	NC_072400.1:139710437-139852998
rna-XM_047446307.1	0.9870435806831568	0.9870435806831568	0.985645933014354	0.9858657243816256	LiftOn_chaining_algorithm	frameshift	NC_072400.1:139710437-139852998
rna-XM_047446315.1	0.9866666666666668	0.9866666666666668	0.985406532314107	0.9854545454545456	LiftOn_chaining_algorithm	frameshift	NC_072400.1:139710437-139852998
rna-XM_047446323.1	0.9860228716645488	0.9860228716645488	0.9850107066381156	0.9847522236340532	LiftOn_chaining_algorithm	frameshift	NC_072400.1:139710437-139852998
rna-XM_047446325.1	0.9855832241153342	0.9855832241153342	0.9847494553376906	0.9842726081258192	LiftOn_chaining_algorithm	frameshift	NC_072400.1:139710437-139852998
rna-XM_047446513.1	0.98562874251497	0.98562874251497	0.990983606557377	0.9784431137724552	LiftOn_chaining_algorithm	frameshift	NC_072400.1:143621072-143708549
rna-XM_005247284.4	0.992112676056338	0.992112676056338	0.980383415069104	0.9887323943661972	LiftOn_chaining_algorithm	frameshift	NC_072401.1:103977890-104222214
rna-XM_005247285.4	0.992108229988726	0.992108229988726	0.9803746654772524	0.9887260428410372	LiftOn_chaining_algorithm	frameshift	NC_072401.1:103977890-104222214
rna-XM_005247287.4	0.9920993227990972	0.9920993227990972	0.9805059523809524	0.9887133182844244	LiftOn_chaining_algorithm	frameshift	NC_072401.1:103977890-104222214
rna-XM_005247288.4	0.992090395480226	0.992090395480226	0.9803395889186772	0.9887005649717514	LiftOn_chaining_algorithm	frameshift	NC_072401.1:103977890-104222214
rna-XM_005247289.4	0.9920859242509892	0.9920859242509892	0.9803308001788108	0.9886941775014132	LiftOn_chaining_algorithm	frameshift	NC_072401.1:103977890-104222214
rna-XM_005247290.4	0.9920859242509892	0.9920859242509892	0.9803308001788108	0.9886941775014132	LiftOn_chaining_algorithm	frameshift	NC_072401.1:103977890-104222214
rna-XM_005247291.4	0.9920814479638008	0.9920814479638008	0.9804710793082886	0.98868778280543	LiftOn_chaining_algorithm	frameshift	NC_072401.1:103977890-104222214
rna-XM_005247293.4	0.9920364050056882	0.9920364050056882	0.9802336028751124	0.9886234357224118	LiftOn_chaining_algorithm	frameshift	NC_072401.1:103977890-104222214
rna-XM_005247295.4	0.9919908466819222	0.9919908466819222	0.98014440433213	0.988558352402746	LiftOn_chaining_algorithm	frameshift	NC_072401.1:103977890-104222214
rna-XM_005247296.4	0.9925586720091586	0.9925586720091586	0.980285929270128	0.9891242129364624	LiftOn_chaining_algorithm	frameshift	NC_072401.1:103977890-104222214
rna-XM_005247298.4	0.9919816723940436	0.9919816723940436	0.980126467931346	0.9885452462772052	LiftOn_chaining_algorithm	frameshift	NC_072401.1:103977890-104222214
rna-XM_005247299.5	0.9925501432664756	0.9925501432664756	0.9802681126675704	0.9891117478510028	LiftOn_chaining_algorithm	frameshift	NC_072401.1:103977890-104222214
rna-XM_005247301.4	0.9918934568616096	0.9918934568616096	0.980106302201974	0.988419224088014	LiftOn_chaining_algorithm	frameshift	NC_072401.1:103977890-104222214
rna-XM_005247303.4	0.9923842999414176	0.9923842999414176	0.9799233716475096	0.9888693614528412	LiftOn_chaining_algorithm	frameshift	NC_072401.1:103977890-104222214
rna-XM_006713569.4	0.9919678714859438	0.9919678714859438	0.9802502638323534	0.9885255306942052	LiftOn_chaining_algorithm	frameshift	NC_072401.1:103977890-104222214
rna-XM_006713571.4	0.9924506387921022	0.9924506387921022	0.9802130898021308	0.9889663182346108	LiftOn_chaining_algorithm	frameshift	NC_072401.1:103977890-104222214
rna-XM_006713572.4	0.9924418604651164	0.9924418604651164	0.9800426569165144	0.9889534883720932	LiftOn_chaining_algorithm	frameshift	NC_072401.1:103977890-104222214
rna-XM_011512639.3	0.992108229988726	0.992108229988726	0.9803746654772524	0.9887260428410372	LiftOn_chaining_algorithm	frameshift	NC_072401.1:103977890-104222214
rna-XM_011512640.3	0.992663656884876	0.992663656884876	0.980654761904762	0.9892776523702032	LiftOn_chaining_algorithm	frameshift	NC_072401.1:103977890-104222214
rna-XM_011512641.3	0.9926512153759186	0.9926512153759186	0.9804798092683654	0.9892594686263426	LiftOn_chaining_algorithm	frameshift	NC_072401.1:103977890-104222214
rna-XM_011512643.3	0.9920769666100736	0.9920769666100736	0.9803131991051454	0.9886813808715336	LiftOn_chaining_algorithm	frameshift	NC_072401.1:103977890-104222214
rna-XM_011512644.3	0.992638731596829	0.992638731596829	0.98045359594151	0.9892412231030576	LiftOn_chaining_algorithm	frameshift	NC_072401.1:103977890-104222214
rna-XM_011512645.3	0.9920724801812004	0.9920724801812004	0.9803043867502238	0.9886749716874292	LiftOn_chaining_algorithm	frameshift	NC_072401.1:103977890-104222214
rna-XM_011512646.3	0.9920589903573456	0.9920589903573456	0.9802779022859704	0.9886557005104936	LiftOn_chaining_algorithm	frameshift	NC_072401.1:103977890-104222214
rna-XM_011512647.3	0.99199542595769	0.99199542595769	0.9801533603969328	0.9885648942252716	LiftOn_chaining_algorithm	frameshift	NC_072401.1:103977890-104222214
rna-XM_011512648.3	0.9925629290617848	0.9925629290617848	0.980445246690734	0.9891304347826086	LiftOn_chaining_algorithm	frameshift	NC_072401.1:103977890-104222214
rna-XM_011512649.3	0.9925544100801832	0.9925544100801832	0.9802770249924722	0.9891179839633448	LiftOn_chaining_algorithm	frameshift	NC_072401.1:103977890-104222214
rna-XM_011512651.3	0.9924724956572092	0.9924724956572092	0.980106302201974	0.9889982628836133	LiftOn_chaining_algorithm	frameshift	NC_072401.1:103977890-104222214
rna-XM_017006105.3	0.992112676056338	0.992112676056338	0.980383415069104	0.9887323943661972	LiftOn_chaining_algorithm	frameshift	NC_072401.1:103977890-104222214
rna-XM_017006106.3	0.9926512153759186	0.9926512153759186	0.9804798092683654	0.9892594686263426	LiftOn_chaining_algorithm	frameshift	NC_072401.1:103977890-104222214
rna-XM_024453444.2	0.99199542595769	0.99199542595769	0.9801533603969328	0.9885648942252716	LiftOn_chaining_algorithm	frameshift	NC_072401.1:103977890-104222214
rna-XM_024453445.2	0.9923529411764704	0.9923529411764704	0.9798585485854858	0.9888235294117648	LiftOn_chaining_algorithm	frameshift	NC_072401.1:103977890-104222214
rna-XM_047447911.1	0.9920499716070414	0.9920499716070414	0.9802602063705698	0.9886428165814878	LiftOn_chaining_algorithm	frameshift	NC_072401.1:103977890-104222214
rna-XM_047447912.1	0.992040932347925	0.992040932347925	0.9802424786708576	0.9886299033541786	LiftOn_chaining_algorithm	frameshift	NC_072401.1:103977890-104222214
rna-XM_047447914.1	0.9920273348519362	0.9920273348519362	0.9802158273381296	0.9886104783599088	LiftOn_chaining_algorithm	frameshift	NC_072401.1:103977890-104222214
rna-XM_047447915.1	0.9920045688178184	0.9920045688178184	0.9801712483100496	0.9885779554540264	LiftOn_chaining_algorithm	frameshift	NC_072401.1:103977890-104222214
rna-XM_047447917.1	0.9919770773638968	0.9919770773638968	0.9801174875734298	0.988538681948424	LiftOn_chaining_algorithm	frameshift	NC_072401.1:103977890-104222214
rna-XM_047447918.1	0.9919308357348704	0.9919308357348704	0.9800272355878348	0.9884726224783862	LiftOn_chaining_algorithm	frameshift	NC_072401.1:103977890-104222214
rna-XM_047447919.1	0.9919121894858464	0.9919121894858464	0.9799909049567984	0.9884459849797804	LiftOn_chaining_algorithm	frameshift	NC_072401.1:103977890-104222214
rna-XM_047447920.1	0.992468134414832	0.992468134414832	0.9800972348830144	0.9889918887601392	LiftOn_chaining_algorithm	frameshift	NC_072401.1:103977890-104222214
rna-XM_047447921.1	0.9924418604651164	0.9924418604651164	0.9800426569165144	0.9889534883720932	LiftOn_chaining_algorithm	frameshift	NC_072401.1:103977890-104222214
rna-XM_047447922.1	0.9923574368018812	0.9923574368018812	0.9798678346396188	0.9888300999412112	LiftOn_chaining_algorithm	frameshift	NC_072401.1:103977890-104222214
rna-XM_047447923.1	0.991764705882353	0.991764705882353	0.9797047970479704	0.9882352941176472	LiftOn_chaining_algorithm	frameshift	NC_072401.1:103977890-104222214
rna-XM_047447924.1	0.9923122412773506	0.9923122412773506	0.9797745870001544	0.9887640449438202	LiftOn_chaining_algorithm	frameshift	NC_072401.1:103977890-104222214
rna-XM_047447925.1	0.9922015596880625	0.9922015596880625	0.9795472287275566	0.9886022795440912	LiftOn_chaining_algorithm	frameshift	NC_072401.1:103977890-104222214
rna-XM_047447926.1	0.9921921921921922	0.9921921921921922	0.979528051258009	0.9885885885885886	LiftOn_chaining_algorithm	frameshift	NC_072401.1:103977890-104222214
rna-NM_001012659.2	0.981012658227848	0.981012658227848	0.9820051413881749	0.971518987341772	LiftOn_chaining_algorithm	frameshift	NC_072401.1:124763768-124786403
rna-XM_047416061.1	0.9959294436906376	0.9932157394843962	0.9601943057617056	0.989145183175034	LiftOn_chaining_algorithm	frameshift	NC_072402.1:8089033-8235866
rna-NM_024830.5-2	0.9877800407331976	0.9877800407331976	0.9762803234501348	0.979633401221996	LiftOn_chaining_algorithm	frameshift	NC_072403.1:2396829-2437965
rna-XM_011543570.3	0.9872881355932204	0.9872881355932204	0.9899425287356322	0.9830508474576272	LiftOn_chaining_algorithm	frameshift	NC_072403.1:136690251-136938367
rna-XM_047417496.1	0.9872881355932204	0.9872881355932204	0.9901168014375562	0.9830508474576272	LiftOn_chaining_algorithm	frameshift	NC_072403.1:136690251-136938367
rna-XM_011537551.3	0.985941893158388	0.9831302717900656	0.9918166939443536	0.979381443298969	LiftOn_chaining_algorithm	frameshift	NC_072403.1:145809016-145888381
rna-NM_001195291.3	0.994750656167979	0.994750656167979	0.9924242424242424	0.9868766404199476	LiftOn_chaining_algorithm	frameshift	NC_072404.1:8894770-8918205
rna-NM_001374515.1	0.994750656167979	0.994750656167979	0.9926372155287818	0.9868766404199476	LiftOn_chaining_algorithm	frameshift	NC_072404.1:8894770-8918205
rna-XM_047418889.1	0.994750656167979	0.994750656167979	0.9814929056138186	0.9868766404199476	LiftOn_chaining_algorithm	frameshift	NC_072404.1:8894770-8917371
rna-XM_047418890.1	0.994750656167979	0.994750656167979	0.9810794044665012	0.9868766404199476	LiftOn_chaining_algorithm	frameshift	NC_072404.1:8894770-8917371
rna-XM_017011087.1	0.9865689865689866	0.9865689865689866	0.988090760937696	0.9829059829059827	LiftOn_chaining_algorithm	frameshift	NC_072404.1:150268070-150417318
rna-XM_047419114.1	0.9864197530864196	0.9864197530864196	0.988009592326139	0.982716049382716	LiftOn_chaining_algorithm	frameshift	NC_072404.1:150268070-150417318
rna-XM_047419116.1	0.9860406091370558	0.9860406091370558	0.9878064433320498	0.9822335025380712	LiftOn_chaining_algorithm	frameshift	NC_072404.1:150268070-150417318
rna-XM_047420521.1	0.997584541062802	0.9951690821256038	0.9863126197645772	0.9927536231884058	LiftOn_chaining_algorithm	frameshift	NC_072405.1:11220180-11247283
rna-XM_047420522.1	0.997584541062802	0.9951690821256038	0.986309184255562	0.9927536231884058	LiftOn_chaining_algorithm	frameshift;start_lost	NC_072405.1:11220029-11247283
rna-XM_047420523.1	0.997584541062802	0.9951690821256038	0.9861660079051384	0.9927536231884058	LiftOn_chaining_algorithm	frameshift	NC_072405.1:11220180-11247283
rna-ND1	0.2570532915360501	0.2570532915360501	0.922675026123302	0.2507836990595611	LiftOn_chaining_algorithm	frameshift;stop_codon_gain	NC_072405.1:79611732-79612687
rna-NM_014957.5	0.976072607260726	0.976072607260726	0.9623992837958818	0.9661716171617162	LiftOn_chaining_algorithm	frameshift	NC_072406.1:156011186-156078836
rna-XM_047423533.1	0.9924324324324324	0.9924324324324324	0.9947518368571	0.9864864864864864	LiftOn_chaining_algorithm	frameshift	NC_072407.1:23641744-23954772
rna-XM_047423536.1	0.9923705722070844	0.9923705722070844	0.9947161835748792	0.9863760217983653	LiftOn_chaining_algorithm	frameshift	NC_072407.1:23641744-23954772
rna-XM_011518641.4	0.9900727994705492	0.9900727994705492	0.9702451561882168	0.9834546657842488	LiftOn_chaining_algorithm	frameshift	NC_072407.1:76233262-76375808
rna-XM_011518646.4	0.9898734177215188	0.9898734177215188	0.9933645589383294	0.9814345991561182	LiftOn_chaining_algorithm	frameshift	NC_072407.1:76233262-76338506
rna-XM_047423357.1	0.9900249376558604	0.9900249376558604	0.986548556430446	0.9817123857024106	LiftOn_chaining_algorithm	frameshift	NC_072407.1:76233262-76398044
rna-NM_001161584.2	0.9978118161925602	0.9978118161925602	0.995	0.9956236323851204	LiftOn_chaining_algorithm	frameshift	NC_072407.1:80655599-80706093
rna-XM_047422921.1	0.997161394971614	0.997161394971614	0.9928799410753744	0.9963503649635036	LiftOn_chaining_algorithm	frameshift	NC_072407.1:117422746-117444669
rna-XM_047425168.1	0.5109797297297297	0.5118243243243243	0.5935251798561151	0.5071851225697379	LiftOn_chaining_algorithm	frameshift;start_lost;stop_codon_gain	NC_072408.1:22414727-22595746
rna-NM_001270695.1	0.997624703087886	0.997624703087886	0.993324170430002	0.996437054631829	LiftOn_chaining_algorithm	frameshift	NC_072408.1:35125911-35255113
rna-NM_001270696.2	0.9975520195838432	0.9975520195838432	0.9931630806354314	0.996328029375765	LiftOn_chaining_algorithm	frameshift	NC_072408.1:35125911-35255068
rna-NM_001270697.1	0.9975	0.9975	0.9931548218240388	0.99625	LiftOn_chaining_algorithm	frameshift	NC_072408.1:35125911-35255113
rna-NM_001270698.2	0.9974025974025974	0.9974025974025974	0.9929635761589404	0.9961038961038962	LiftOn_chaining_algorithm	frameshift	NC_072408.1:35125911-35255068
rna-NM_001270699.1	0.9974842767295596	0.9974842767295596	0.993217465027554	0.9962264150943396	LiftOn_chaining_algorithm	frameshift	NC_072408.1:35125911-35229092
rna-NM_018287.7	0.9976387249114522	0.9976387249114522	0.9932846138652972	0.9964580873671782	LiftOn_chaining_algorithm	frameshift	NC_072408.1:35125911-35255068
rna-XM_005252644.3	0.9974842767295596	0.9974842767295596	0.9931340872374798	0.9962264150943396	LiftOn_chaining_algorithm	frameshift	NC_072408.1:35125911-35255113
rna-XM_011519761.3	0.9974126778783958	0.9974126778783958	0.9932460090053212	0.9961190168175936	LiftOn_chaining_algorithm	frameshift	NC_072408.1:35125911-35255113
rna-XM_017016954.3	0.9973082099596232	0.9973082099596232	0.993119266055046	0.9959623149394348	LiftOn_chaining_algorithm	frameshift	NC_072408.1:35125911-35255113
rna-XM_047426021.1	0.9973958333333334	0.9973958333333334	0.99322521042907	0.99609375	LiftOn_chaining_algorithm	frameshift	NC_072408.1:35125911-35255113
rna-NM_001352488.2	0.9908256880733946	0.9908256880733946	0.236676568233444	0.7155963302752294	LiftOn_chaining_algorithm	frameshift;stop_codon_gain	NC_072408.1:41175984-41204867
rna-NM_001352489.2	0.9908256880733946	0.9908256880733946	0.2282406998321109	0.7155963302752294	LiftOn_chaining_algorithm	frameshift;stop_codon_gain	NC_072408.1:41175984-41204867
rna-NM_001352491.2	0.9908256880733946	0.9908256880733946	0.3625701172870984	0.7155963302752294	LiftOn_chaining_algorithm	frameshift;stop_codon_gain	NC_072408.1:41175984-41204867
rna-NM_001323587.2	0.9978165938864628	0.9978165938864628	0.9925342181667358	0.9934497816593888	LiftOn_chaining_algorithm	frameshift	NC_072408.1:72004942-72033838
rna-NM_001323588.2	0.9978165938864628	0.9978165938864628	0.9926799511996748	0.9934497816593888	LiftOn_chaining_algorithm	frameshift	NC_072408.1:72004942-72033838
rna-NM_001002907.1-2	0.971875	0.971875	0.9854166666666668	0.96875	LiftOn_chaining_algorithm	start_lost	NC_072409.1:57699710-57700669
rna-XM_017019233.3	0.9921630094043888	0.9921630094043888	0.994412292955498	0.9905956112852664	LiftOn_chaining_algorithm	frameshift	NC_072410.1:46430091-46492599
rna-XM_017019234.3	0.9921630094043888	0.9921630094043888	0.9943971778377256	0.9905956112852664	LiftOn_chaining_algorithm	frameshift	NC_072410.1:46430228-46492599
rna-XM_017019235.2	0.9921630094043888	0.9921630094043888	0.9944084097517334	0.9905956112852664	LiftOn_chaining_algorithm	frameshift	NC_072410.1:46430004-46492599
rna-NM_001319244.2	0.9920948616600792	0.9881422924901184	0.9850746268656716	0.984189723320158	LiftOn_chaining_algorithm	frameshift;start_lost	NC_072410.1:128917724-128966868
rna-NM_001319302.2	0.9920948616600792	0.9881422924901184	0.9842093390480487	0.984189723320158	LiftOn_chaining_algorithm	frameshift	NC_072410.1:128917724-128971477
rna-XM_024449416.2	0.993127147766323	0.993127147766323	0.8970304856959336	0.9873997709049256	LiftOn_chaining_algorithm	frameshift	NC_072411.1:61375181-61540512
rna-XM_047430681.1	0.9931350114416476	0.9931350114416476	0.8970457464677404	0.9874141876430206	LiftOn_chaining_algorithm	frameshift	NC_072411.1:61375181-61540512
rna-XM_047430683.1	0.992583436341162	0.9913473423980222	0.8950660881848451	0.9864029666254636	LiftOn_chaining_algorithm	frameshift	NC_072411.1:61375181-61534269
rna-XM_017022134.3	0.9901112484548824	0.9901112484548824	0.9806509007339314	0.9839307787391842	LiftOn_chaining_algorithm	frameshift	NC_072413.1:24679374-25069280
rna-NM_001324343.2	0.9823008849557522	0.9823008849557522	0.9878716744913928	0.9805309734513274	LiftOn_chaining_algorithm	frameshift	NC_072414.1:6032944-6051847
rna-XM_017022914.3	0.3792134831460674	0.3792134831460674	0.8148893360160966	0.3764044943820224	LiftOn_chaining_algorithm	frameshift;start_lost;stop_codon_gain	NC_072414.1:23219874-23278623
rna-NM_001172669.2	0.9984447900466564	0.9984447900466564	0.9950980392156864	0.9922239502332816	LiftOn_chaining_algorithm	frameshift	NC_072414.1:35088640-35092811
rna-XM_005256301.4	0.8923611111111112	0.8923611111111112	0.9782608695652174	0.890625	LiftOn_chaining_algorithm	frameshift;stop_missing	NC_072414.1:86994066-87037938
rna-XM_011522982.3	0.8883161512027491	0.8883161512027491	0.968898646176363	0.8865979381443299	LiftOn_chaining_algorithm	frameshift;stop_missing	NC_072414.1:86994066-87037938
rna-NM_001385131.1	0.9434628975265018	0.9434628975265018	0.9843646041250832	0.941696113074205	LiftOn_chaining_algorithm	frameshift;stop_missing	NC_072415.1:92615100-92690057
rna-NM_001353899.1	0.9168141592920354	0.9168141592920354	0.8018096906012843	0.913274336283186	LiftOn_chaining_algorithm	frameshift;start_lost	NC_072416.1:56074550-56130410
rna-NM_001353900.1	0.9166666666666666	0.9166666666666666	0.8016359918200409	0.9131205673758864	LiftOn_chaining_algorithm	frameshift;start_lost	NC_072416.1:56074550-56130410
rna-NM_001367621.1	0.961038961038961	0.961038961038961	0.9488773747841104	0.9573283858998144	LiftOn_chaining_algorithm	frameshift;start_lost	NC_072416.1:56074550-56130410
rna-NM_001387690.1	0.961038961038961	0.961038961038961	0.7444444444444445	0.9573283858998144	LiftOn_chaining_algorithm	frameshift;start_lost	NC_072416.1:56074550-56130410
rna-XM_011526219.4	0.8733205374280231	0.8733205374280231	0.6946050096339114	0.8730769230769231	LiftOn_chaining_algorithm	frameshift;start_lost;stop_codon_gain	NC_072416.1:56074550-56106503
rna-XM_011526221.4	0.8507462686567164	0.8507462686567164	0.858053302433372	0.8486140724946695	LiftOn_chaining_algorithm	frameshift;start_lost;stop_codon_gain	NC_072416.1:56074550-56115870
rna-XM_011526223.4	0.8980044345898004	0.8980044345898004	0.6702954898911353	0.893569844789357	LiftOn_chaining_algorithm	frameshift;start_lost	NC_072416.1:56074550-56112598
rna-XM_047437877.1	0.8730769230769231	0.8730769230769231	0.6941630487216595	0.8728323699421965	LiftOn_chaining_algorithm	frameshift;start_lost;stop_codon_gain	NC_072416.1:56074550-56106503
rna-NM_144616.4	0.9819277108433736	0.9819277108433736	0.9903508771929824	0.9789156626506024	LiftOn_chaining_algorithm	frameshift	NC_072417.1:4557464-4561637
rna-NM_001385680.1	0.995991983967936	0.995991983967936	0.5233082706766917	0.9218436873747496	LiftOn_chaining_algorithm	frameshift;stop_codon_gain	NC_072417.1:7163409-7179263
rna-XM_005272464.5	0.9894884372810092	0.9894884372810092	0.9872367581365666	0.9880868955851436	LiftOn_chaining_algorithm	frameshift	NC_072417.1:9759194-9884684
rna-XM_011527836.3	0.9894884372810092	0.9894884372810092	0.9860867215993516	0.9880868955851436	LiftOn_chaining_algorithm	frameshift	NC_072417.1:9759194-9892179
rna-XM_011527841.3	0.9947916666666666	0.9947916666666666	0.9902467010900746	0.9927083333333332	LiftOn_chaining_algorithm	frameshift	NC_072417.1:9759194-9876053
rna-XM_005272502.3	0.9548022598870056	0.9548022598870056	0.9588209796272216	0.9449152542372882	LiftOn_chaining_algorithm	frameshift	NC_072417.1:10894644-10906998
rna-NM_001076678.3	0.9058064516129032	0.9058064516129032	0.7111509180474698	0.896774193548387	LiftOn_chaining_algorithm	frameshift	NC_072417.1:23827338-23859231
rna-XM_047438677.1	0.9059278350515464	0.9059278350515464	0.7112802148612355	0.8969072164948454	LiftOn_chaining_algorithm	frameshift	NC_072417.1:23827338-23859231
rna-NM_001300951.2	0.9879310344827588	0.9879310344827588	0.9894558463566184	0.9810344827586208	LiftOn_chaining_algorithm	frameshift	NC_072417.1:25718083-25755391
rna-NM_003430.4	0.9874161073825504	0.9874161073825504	0.989458109857592	0.9807046979865772	LiftOn_chaining_algorithm	frameshift	NC_072417.1:25718083-25755391
rna-XM_005259223.4	0.9935897435897436	0.9935897435897436	0.9665261591867096	0.9919871794871796	LiftOn_chaining_algorithm	frameshift	NC_072417.1:47088538-47094213
rna-XM_011529194.3	0.980411361410382	0.980411361410382	0.9782170968332418	0.9784524975514202	LiftOn_chaining_algorithm	frameshift	NC_072418.1:32019195-32060696
rna-XM_047440034.1	0.981132075471698	0.981132075471698	0.9777651083238312	0.979035639412998	LiftOn_chaining_algorithm	frameshift	NC_072418.1:32019195-32060696
rna-NM_001353824.2	0.9926578560939796	0.9926578560939796	0.9928691275167784	0.9911894273127754	LiftOn_chaining_algorithm	frameshift	NC_072418.1:52817370-52831291
rna-NM_138636.5	0.9952015355086372	0.9952015355086372	0.9921782412894052	0.9932821497120922	LiftOn_chaining_algorithm	frameshift	NC_072421.1:13479811-13496695
rna-NM_001282202.3	0.6014492753623188	0.6014492753623188	0.3149425287356321	0.601123595505618	LiftOn_chaining_algorithm	frameshift;stop_codon_gain	NC_072421.1:48485898-48499197
