-------------- SCENARIOS ------------
LiftOn best						2508
Liftoff best					66
miniprot best					86
LiftOn worse than Liftoff only	60
LiftOn worse than miniprot only	83
LiftOn worst					71
LiftOn equal to Liftoff only	8931
LiftOn equal to miniprot only	1804
All equal						20282
Total counts					33732

----------------- ALL ---------------
lifton=liftoff=miniprot	20282
lifton>liftoff=miniprot	897
lifton>liftoff>miniprot	943
lifton>miniprot>liftoff	668
lifton=liftoff>miniprot	8929
lifton=miniprot>liftoff	1799
liftoff>lifton>miniprot	55
miniprot>lifton>liftoff	81
liftoff>lifton=miniprot	5
miniprot>lifton=liftoff	2
liftoff=miniprot>lifton	62
liftoff>miniprot>lifton	6
miniprot>liftoff>lifton	3
all						33732

----------------- RAW ---------------
lifton_score>liftoff_score	4388
lifton_score=liftoff_score	29213
lifton_score>miniprot_score	11492
lifton_score=miniprot_score	22086
liftoff_score>lifton_score	131
liftoff_score=lifton_score	29213
liftoff_score>miniprot_score	9938
liftoff_score=miniprot_score	21241
miniprot_score>lifton_score	154
miniprot_score=lifton_score	22086
miniprot_score>liftoff_score	2553
miniprot_score=liftoff_score	21241
