CHS.46.10	0.9930555555555556	1.0	0.9984779299847792	1.0	LiftOn_chaining_algorithm	synonymous	chr1:431300-444566
CHS.248.20	0.9964285714285714	1.0	0.9977011494252872	1.0	LiftOn_chaining_algorithm	synonymous	chr1:5806774-5877891
CHS.1363.4	0.6735849056603773	0.9959349593495936	0.9982674982674984	0.9959349593495936	LiftOn_chaining_algorithm	frameshift	chr1:41230844-41253232
CHS.1363.2	0.6565656565656566	0.9946428571428572	0.9970833333333332	0.9946428571428572	LiftOn_chaining_algorithm	frameshift	chr1:41231332-41253232
CHS.1531.11	0.5185873605947955	0.9919517102615694	0.9934548854604957	0.9919517102615694	LiftOn_chaining_algorithm	frameshift	chr1:46676425-46696812
CHS.1531.8	0.5316455696202531	0.9921875	0.9935897435897436	0.9921875	LiftOn_chaining_algorithm	frameshift	chr1:46676425-46696812
CHS.1531.9	0.5307971014492754	0.9921722113502937	0.9935809261806512	0.9921722113502937	LiftOn_chaining_algorithm	frameshift	chr1:46676425-46696812
CHS.1886.14	0.991150442477876	1.0	0.9971014492753624	1.0	LiftOn_chaining_algorithm	synonymous	chr1:67563195-67564105
CHS.2405.3	0.9082969432314412	0.945414847161572	0.945753033547466	0.945414847161572	LiftOn_chaining_algorithm	frameshift;start_lost;stop_missing	chr1:108171581-108223492
CHS.2471.5	0.0044843049327354	0.9865470852017936	0.9975290338522362	0.9865470852017936	LiftOn_chaining_algorithm	frameshift	chr1:109744083-109751183
CHS.3071.2	0.055	0.160621761658031	1.0	0.160621761658031	LiftOn_chaining_algorithm	identical	chr1:150886358-150894807
CHS.3071.18	0.2263374485596707	0.3193277310924369	0.9988738738738738	0.3193277310924369	LiftOn_chaining_algorithm	frameshift;stop_codon_gain	chr1:150890041-150894807
CHS.3102.1	0.0003161555485298	0.9842105263157894	0.888785046728972	0.9842105263157894	LiftOn_chaining_algorithm	frameshift	chr1:151348107-151359749
CHS.3261.43	0.908130081300813	0.9796747967479674	0.9909113239990176	0.9796747967479674	LiftOn_chaining_algorithm	frameshift;stop_missing	chr1:154325440-154331472
CHS.131138.0	0.0027027027027027	0.975	0.9940476190476192	0.975	LiftOn_chaining_algorithm	frameshift	chr1:247716221-247729507
CHS.5572.4	0.1117647058823529	0.9823529411764704	0.996265172735761	0.9823529411764704	LiftOn_chaining_algorithm	inframe_deletion;stop_missing	chr10:14531882-14546038
CHS.6429.3	0.9954853273137696	1.0	0.9997118985883032	1.0	LiftOn_chaining_algorithm	synonymous	chr10:72082165-72172427
CHS.7401.3	0.849859943977591	1.0	0.9993000874890638	1.0	LiftOn_chaining_algorithm	synonymous	chr10:123456615-123518779
CHS.7740.3	0.9804804804804804	1.0	0.9709562109025917	1.0	LiftOn_chaining_algorithm	synonymous	chr11:977278-1051772
CHS.7745.21	0.9942238267148016	0.9961492178098676	0.997550181760708	0.9961492178098676	LiftOn_chaining_algorithm	inframe_insertion;inframe_deletion	chr11:1144675-1182053
CHS.7748.2	0.9157226227257124	0.9961818812912184	0.997377524829818	0.9961818812912184	LiftOn_chaining_algorithm	frameshift	chr11:1294310-1333348
CHS.8028.48	0.9735449735449736	0.9761904761904762	0.988593155893536	0.9761904761904762	LiftOn_chaining_algorithm	frameshift;stop_codon_gain	chr11:8513919-8675722
CHS.8028.49	0.9735449735449736	0.9761904761904762	0.989102564102564	0.9761904761904762	LiftOn_chaining_algorithm	frameshift;stop_codon_gain	chr11:8513919-8675722
CHS.8028.50	0.9735449735449736	0.9761904761904762	0.9887899769205408	0.9761904761904762	LiftOn_chaining_algorithm	frameshift;stop_codon_gain	chr11:8513919-8675974
CHS.8583.19	0.993006993006993	1.0	0.9974259974259976	1.0	LiftOn_chaining_algorithm	synonymous	chr11:46537787-46538846
CHS.141882.1	0.3941176470588235	0.9748427672955976	0.9975617189881134	0.9748427672955976	LiftOn_chaining_algorithm	frameshift	chr11:74627813-74631091
CHS.9583.4	0.9913793103448276	1.0	0.5974304068522484	1.0	LiftOn_chaining_algorithm	synonymous	chr11:78107450-78121881
CHS.9734.28	0.9965217391304348	0.9982608695652174	0.9988888888888888	0.9982608695652174	LiftOn_chaining_algorithm	stop_missing	chr11:93253554-93337701
CHS.10747.50	0.99581589958159	1.0	0.9969296173830892	1.0	LiftOn_chaining_algorithm	synonymous	chr12:5642334-5819332
CHS.10840.1	0.9916943521594684	0.9983388704318936	0.9990683229813664	0.9983388704318936	LiftOn_chaining_algorithm	frameshift;stop_missing	chr12:7201809-7224842
CHS.10840.5	0.9921752738654148	0.9984350547730828	0.9988548525622674	0.9984350547730828	LiftOn_chaining_algorithm	frameshift;stop_missing	chr12:7202369-7224842
CHS.10840.6	0.9921752738654148	0.9984350547730828	0.9992432841468027	0.9984350547730828	LiftOn_chaining_algorithm	frameshift;stop_missing	chr12:7202369-7231939
CHS.10840.7	0.9916943521594684	0.9983388704318936	0.9988172678888232	0.9983388704318936	LiftOn_chaining_algorithm	frameshift;stop_missing	chr12:7202369-7224842
CHS.10840.10	0.9921752738654148	0.9984350547730828	0.9986508364813816	0.9984350547730828	LiftOn_chaining_algorithm	frameshift;stop_missing	chr12:7202842-7224842
CHS.10840.11	0.9755351681957186	0.9984709480122324	0.9990862016448372	0.9984709480122324	LiftOn_chaining_algorithm	frameshift;stop_missing	chr12:7202842-7224842
CHS.10840.12	0.9916943521594684	0.9983388704318936	0.9990406140070356	0.9983388704318936	LiftOn_chaining_algorithm	frameshift;stop_missing	chr12:7202842-7224842
CHS.10840.13	0.9921752738654148	0.9984350547730828	0.9984907938424388	0.9984350547730828	LiftOn_chaining_algorithm	frameshift;stop_missing	chr12:7202842-7224842
CHS.10840.14	0.9916943521594684	0.9983388704318936	0.9984384759525295	0.9983388704318936	LiftOn_chaining_algorithm	frameshift;stop_missing	chr12:7202842-7224842
CHS.10840.15	0.9921752738654148	0.9984350547730828	0.999126128750364	0.9984350547730828	LiftOn_chaining_algorithm	frameshift;stop_missing	chr12:7202842-7224842
CHS.10840.16	0.9916943521594684	0.9983388704318936	0.9990969295605056	0.9983388704318936	LiftOn_chaining_algorithm	frameshift;stop_missing	chr12:7202842-7224842
CHS.10840.17	0.9915824915824916	0.9983164983164984	0.9990903577926016	0.9983164983164984	LiftOn_chaining_algorithm	frameshift;stop_missing	chr12:7202842-7224842
CHS.10840.19	0.9921752738654148	0.9984350547730828	0.9990735021618284	0.9984350547730828	LiftOn_chaining_algorithm	frameshift;stop_missing	chr12:7202842-7224842
CHS.10840.20	0.9920760697305864	0.9984152139461172	0.9990665836963286	0.9984152139461172	LiftOn_chaining_algorithm	frameshift;stop_missing	chr12:7202842-7224842
CHS.10840.21	0.9915824915824916	0.9983164983164984	0.999033193683532	0.9983164983164984	LiftOn_chaining_algorithm	frameshift;stop_missing	chr12:7202842-7224842
CHS.10840.24	0.9921752738654148	0.9984350547730828	0.9988469299509946	0.9984350547730828	LiftOn_chaining_algorithm	frameshift;stop_missing	chr12:7202842-7224842
CHS.10840.25	0.9916943521594684	0.9983388704318936	0.9988088147706968	0.9983388704318936	LiftOn_chaining_algorithm	frameshift;stop_missing	chr12:7202842-7224842
CHS.10840.27	0.9915824915824916	0.9983164983164984	0.9989232839838492	0.9983164983164984	LiftOn_chaining_algorithm	frameshift;stop_missing	chr12:7202842-7224842
CHS.10840.30	0.9921752738654148	0.9984350547730828	0.9989610389610388	0.9984350547730828	LiftOn_chaining_algorithm	frameshift;stop_missing	chr12:7202842-7224842
CHS.10840.31	0.9916943521594684	0.9983388704318936	0.9989301952393688	0.9983388704318936	LiftOn_chaining_algorithm	frameshift;stop_missing	chr12:7202842-7224842
CHS.10840.33	0.974068071312804	0.9983792544570502	0.9988245665589186	0.9983792544570502	LiftOn_chaining_algorithm	frameshift;stop_missing	chr12:7202842-7224842
CHS.10840.37	0.9921383647798742	0.9984276729559748	0.9990709197894084	0.9984276729559748	LiftOn_chaining_algorithm	frameshift;stop_missing	chr12:7202842-7224842
CHS.10840.39	0.9916943521594684	0.9983388704318936	0.9986091794158554	0.9983388704318936	LiftOn_chaining_algorithm	frameshift;stop_missing	chr12:7202842-7224842
CHS.10840.41	0.9916943521594684	0.9983388704318936	0.999519692603266	0.9983388704318936	LiftOn_chaining_algorithm	stop_missing	chr12:7202842-7231939
CHS.10840.59	0.9916943521594684	0.9983388704318936	0.9984010233450592	0.9983388704318936	LiftOn_chaining_algorithm	frameshift;stop_missing	chr12:7202842-7224842
CHS.10840.9	0.974068071312804	0.9983792544570502	0.9990542244640606	0.9983792544570502	LiftOn_chaining_algorithm	frameshift;stop_missing	chr12:7202842-7224842
CHS.10840.34	0.9920760697305864	0.9984152139461172	0.9987389659520808	0.9984152139461172	LiftOn_chaining_algorithm	frameshift;stop_missing	chr12:7203517-7224863
CHS.11012.1	0.9255663430420712	0.9870550161812298	0.9954586739327884	0.9870550161812298	LiftOn_chaining_algorithm	nonsynonymous	chr12:11135147-11138817
CHS.11068.18	0.9963503649635036	1.0	1.0	1.0	LiftOn_chaining_algorithm	identical	chr12:12765574-12782665
CHS.11404.30	0.5985966610210501	0.9870510627901294	0.975816059089826	0.9870510627901294	LiftOn_chaining_algorithm	frameshift	chr12:40345593-40530490
CHS.11469.33	0.9940476190476192	1.0	1.0	1.0	LiftOn_chaining_algorithm	identical	chr12:47184272-47196342
CHS.11505.15	0.9949494949494948	1.0	0.9986282578875172	1.0	LiftOn_chaining_algorithm	synonymous	chr12:48110803-48112732
CHS.11618.36	0.992337164750958	0.9961685823754788	0.9975579975579976	0.9961685823754788	LiftOn_chaining_algorithm	stop_missing	chr12:51011204-51020938
CHS.13021.8	0.1473988439306358	0.9966887417218544	0.995336442371752	0.9966887417218544	LiftOn_chaining_algorithm	frameshift	chr12:121619745-121635254
CHS.13273.37	0.9974025974025974	0.9987012987012988	0.9986057859881492	0.9987012987012988	LiftOn_chaining_algorithm	frameshift;stop_missing	chr12:130993251-131177005
CHS.14121.2	0.5464684014869888	1.0	0.9872935196950444	1.0	LiftOn_chaining_algorithm	synonymous	chr13:51347480-51374286
CHS.14121.5	0.5464684014869888	1.0	0.9851851851851852	1.0	LiftOn_chaining_algorithm	synonymous	chr13:51347480-51374428
CHS.14121.24	0.4927536231884058	1.0	0.9866310160427808	1.0	LiftOn_chaining_algorithm	synonymous	chr13:51347484-51374692
CHS.14827.1	0.7757575757575758	0.806060606060606	0.6819672131147541	0.806060606060606	LiftOn_chaining_algorithm	frameshift;start_lost	chr13:112951111-112963076
CHS.14829.30	0.6142857142857143	1.0	0.9590520715782686	1.0	LiftOn_chaining_algorithm	synonymous	chr13:112968205-113025166
CHS.14829.6	0.5043988269794721	1.0	0.959981093429967	1.0	LiftOn_chaining_algorithm	synonymous	chr13:112968205-113025166
CHS.14928.15	0.993006993006993	1.0	0.9974747474747476	1.0	LiftOn_chaining_algorithm	synonymous	chr14:14781172-14806998
CHS.127738.1	0.991150442477876	1.0	0.9970760233918128	1.0	LiftOn_chaining_algorithm	synonymous	chr14:16050191-16050639
CHS.127778.1	0.9904761904761904	1.0	0.9968553459119496	1.0	LiftOn_chaining_algorithm	synonymous	chr14:16512240-16512669
CHS.172068.1	0.9473684210526316	1.0	0.9833333333333332	1.0	LiftOn_chaining_algorithm	synonymous	chr14:16702862-16702920
CHS.172098.1	0.95	1.0	0.984126984126984	1.0	LiftOn_chaining_algorithm	synonymous	chr14:16736820-16736881
CHS.172101.1	0.95	1.0	0.984126984126984	1.0	LiftOn_chaining_algorithm	synonymous	chr14:16740926-16740987
CHS.15335.12	0.9948717948717948	1.0	0.9817578772802652	1.0	LiftOn_chaining_algorithm	synonymous	chr14:33303008-33317024
CHS.15451.26	0.991869918699187	1.0	0.9982578397212544	1.0	LiftOn_chaining_algorithm	synonymous	chr14:44547391-44570206
CHS.16011.15	0.9936305732484076	1.0	0.9988674971687428	1.0	LiftOn_chaining_algorithm	synonymous	chr14:71308150-71323355
CHS.16239.12	0.1518987341772152	0.9746835443037974	0.9782178217821782	0.9746835443037974	LiftOn_chaining_algorithm	frameshift	chr14:88338053-88343998
CHS.16455.1	0.9961538461538462	1.0	0.643254817987152	1.0	LiftOn_chaining_algorithm	synonymous	chr14:96743013-96745137
CHS.16586.9	0.9966996699669968	1.0	0.9982547993019196	1.0	LiftOn_chaining_algorithm	synonymous	chr14:99739492-99748060
CHS.128139.1	0.9915966386554622	1.0	0.9972222222222222	1.0	LiftOn_chaining_algorithm	synonymous	chr14:100425170-100425631
CHS.128153.1	0.9914529914529916	1.0	0.9971751412429378	1.0	LiftOn_chaining_algorithm	synonymous	chr14:100548048-100548485
CHS.172450.1	0.96	1.0	0.9871794871794872	1.0	LiftOn_chaining_algorithm	synonymous	chr14:100761366-100761442
CHS.128208.1	0.9914529914529916	1.0	0.9971751412429378	1.0	LiftOn_chaining_algorithm	synonymous	chr14:100942876-100943313
CHS.17191.23	0.9936708860759492	1.0	0.9980392156862744	1.0	LiftOn_chaining_algorithm	synonymous	chr15:40317871-40337488
CHS.17668.15	0.996031746031746	1.0	0.997716894977169	1.0	LiftOn_chaining_algorithm	synonymous	chr15:66026967-66048439
CHS.142605.1	0.3953488372093023	0.9962121212121212	0.9952657628577576	0.9962121212121212	LiftOn_chaining_algorithm	frameshift	chr15:82101568-82111473
CHS.18664.2	0.0420560747663551	0.9891891891891892	0.996031746031746	0.9891891891891892	LiftOn_chaining_algorithm	start_lost	chr16:362256-365098
CHS.18791.8	0.993006993006993	1.0	0.997983870967742	1.0	LiftOn_chaining_algorithm	synonymous	chr16:1979516-1981799
CHS.18800.23	0.0233977619532044	0.995575221238938	0.9613180515759312	0.995575221238938	LiftOn_chaining_algorithm	frameshift	chr16:2017608-2029776
CHS.18895.12	0.4826589595375722	0.9813664596273292	0.8908117016893284	0.9813664596273292	LiftOn_chaining_algorithm	frameshift	chr16:3079924-3085972
CHS.18895.20	0.4826589595375722	0.9813664596273292	0.882560706401766	0.9813664596273292	LiftOn_chaining_algorithm	frameshift	chr16:3079924-3085972
CHS.19026.2	0.9376391982182628	0.9929245283018868	0.95	0.9929245283018868	LiftOn_chaining_algorithm	frameshift	chr16:8654289-8678891
CHS.19031.26	0.992063492063492	1.0	0.9929453262786596	1.0	LiftOn_chaining_algorithm	synonymous	chr16:8887990-8900624
CHS.19306.24	0.8003533568904594	0.995579133510168	0.9970068027210884	0.995579133510168	LiftOn_chaining_algorithm	frameshift	chr16:21337400-21360419
CHS.19519.2	0.9906542056074766	1.0	0.9974259974259976	1.0	LiftOn_chaining_algorithm	synonymous	chr16:30183011-30188523
CHS.142713.1	0.2222222222222222	0.9953917050691244	0.997262149212868	0.9953917050691244	LiftOn_chaining_algorithm	frameshift	chr16:35841972-35844892
CHS.20673.15	0.7115009746588694	0.9839357429718876	0.9855907780979828	0.9839357429718876	LiftOn_chaining_algorithm	frameshift;stop_missing	chr16:94775640-94785854
CHS.20673.1	0.7201986754966887	0.9914675767918087	0.9953488372093025	0.9914675767918087	LiftOn_chaining_algorithm	frameshift	chr16:94775662-94785864
CHS.20673.2	0.6848030018761726	0.9922330097087378	0.9953542392566784	0.9922330097087378	LiftOn_chaining_algorithm	frameshift	chr16:94775662-94785864
CHS.20673.3	0.7314629258517034	0.9917525773195875	0.9957882069795428	0.9917525773195875	LiftOn_chaining_algorithm	nonsynonymous	chr16:94775662-94785864
CHS.20673.4	0.6233183856502242	0.9906542056074766	0.9945255474452556	0.9906542056074766	LiftOn_chaining_algorithm	frameshift	chr16:94775662-94785864
CHS.20715.14	0.6965317919075145	0.9940828402366864	0.9978494623655914	0.9940828402366864	LiftOn_chaining_algorithm	nonsynonymous	chr16:95275967-95280246
CHS.20715.26	0.6965317919075145	0.9940828402366864	0.9975308641975308	0.9940828402366864	LiftOn_chaining_algorithm	nonsynonymous	chr16:95275967-95280662
CHS.20715.30	0.7591743119266054	0.9953271028037384	0.9961612284069098	0.9953271028037384	LiftOn_chaining_algorithm	frameshift	chr16:95275967-95280662
CHS.20715.37	0.5912698412698413	1.0	0.9970193740685545	1.0	LiftOn_chaining_algorithm	synonymous	chr16:95275967-95281802
CHS.20715.38	0.7286821705426356	0.9947229551451188	0.9966618979494516	0.9947229551451188	LiftOn_chaining_algorithm	frameshift	chr16:95275967-95281802
CHS.20715.39	0.8706896551724138	0.9942528735632185	0.9972144846796658	0.9942528735632185	LiftOn_chaining_algorithm	frameshift	chr16:95275967-95281802
CHS.20715.40	0.6965317919075145	0.9940828402366864	0.9965329370975732	0.9940828402366864	LiftOn_chaining_algorithm	frameshift	chr16:95275967-95281802
CHS.20715.43	0.7687224669603524	0.9955156950672646	0.9962894248608536	0.9955156950672646	LiftOn_chaining_algorithm	frameshift	chr16:95275967-95280662
CHS.20715.44	0.5912698412698413	1.0	0.9974358974358974	1.0	LiftOn_chaining_algorithm	synonymous	chr16:95275967-95281802
CHS.20715.47	0.5912698412698413	1.0	0.9963898916967509	1.0	LiftOn_chaining_algorithm	synonymous	chr16:95275967-95280662
CHS.20715.6	0.7005649717514124	0.9942196531791908	0.9974302496328928	0.9942196531791908	LiftOn_chaining_algorithm	frameshift	chr16:95275967-95280662
CHS.20715.7	0.6965317919075145	0.9940828402366864	0.99645390070922	0.9940828402366864	LiftOn_chaining_algorithm	frameshift	chr16:95275967-95281802
CHS.20715.8	0.6965317919075145	0.9940828402366864	0.9968652037617556	0.9940828402366864	LiftOn_chaining_algorithm	frameshift	chr16:95275967-95281802
CHS.20736.23	0.9960629921259844	1.0	0.9658166033640804	1.0	LiftOn_chaining_algorithm	synonymous	chr16:95656210-95677486
CHS.20736.25	0.9968944099378882	1.0	0.9655459849958322	1.0	LiftOn_chaining_algorithm	synonymous	chr16:95656210-95677486
CHS.21171.15	0.9942528735632185	1.0	0.9983498349834984	1.0	LiftOn_chaining_algorithm	synonymous	chr17:7161412-7164123
CHS.21198.22	0.9401015228426396	1.0	0.9991111111111112	1.0	LiftOn_chaining_algorithm	synonymous	chr17:7388413-7418678
CHS.21459.3	0.0022338049143708	0.9957912457912458	0.9988807576409816	0.9957912457912458	LiftOn_chaining_algorithm	frameshift	chr17:16988540-17138696
CHS.21472.20	0.9953051643192488	1.0	0.993993993993994	1.0	LiftOn_chaining_algorithm	synonymous	chr17:17455393-17538243
CHS.21682.9	0.9924242424242424	1.0	1.0	1.0	LiftOn_chaining_algorithm	identical	chr17:29299496-29323549
CHS.21709.14	0.993975903614458	1.0	0.9968992248062016	1.0	LiftOn_chaining_algorithm	synonymous	chr17:29668704-29678169
CHS.166152.2	0.9230769230769232	1.0	0.8196286472148541	1.0	LiftOn_chaining_algorithm	synonymous	chr17:32324253-32327466
CHS.21965.1	0.985858585858586	0.987878787878788	0.993862134088763	0.987878787878788	LiftOn_chaining_algorithm	frameshift;stop_missing	chr17:37325499-37336446
CHS.22109.27	0.9971098265895952	1.0	0.9990503323836656	1.0	LiftOn_chaining_algorithm	synonymous	chr17:41214899-41219725
CHS.22166.1	0.7642276422764228	1.0	0.8726190476190476	1.0	LiftOn_chaining_algorithm	synonymous	chr17:41919008-41919845
CHS.22322.16	0.7916666666666666	1.0	0.9938556067588326	1.0	LiftOn_chaining_algorithm	synonymous	chr17:44080199-44083358
CHS.22541.14	0.9942528735632185	1.0	0.997539975399754	1.0	LiftOn_chaining_algorithm	synonymous	chr17:48933290-48964713
CHS.134644.19	0.6666666666666666	0.9166666666666666	0.981264637002342	0.9166666666666666	LiftOn_chaining_algorithm	frameshift	chr18:53683963-53709320
CHS.134644.3	0.6666666666666666	0.9166666666666666	0.9985148514851484	0.9166666666666666	LiftOn_chaining_algorithm	frameshift	chr18:53683963-53756813
CHS.134644.5	0.8837209302325582	0.9689922480620154	0.9871959026888604	0.9689922480620154	LiftOn_chaining_algorithm	frameshift	chr18:53683963-53771741
CHS.134644.22	0.8571428571428571	0.9682539682539684	0.9897567221510885	0.9682539682539684	LiftOn_chaining_algorithm	frameshift	chr18:53690900-53771741
CHS.134644.8	0.5555555555555556	0.9111111111111112	0.9961702127659574	0.9111111111111112	LiftOn_chaining_algorithm	frameshift	chr18:53690900-53751080
CHS.134644.13	0.4912280701754385	0.9285714285714286	0.9976348155156102	0.9285714285714286	LiftOn_chaining_algorithm	frameshift	chr18:53698972-53753107
CHS.25046.1	0.7772727272727272	0.968181818181818	0.9244791666666666	0.968181818181818	LiftOn_chaining_algorithm	frameshift;stop_missing	chr18:79598694-79600472
CHS.25168.8	0.9956521739130436	1.0	1.0	1.0	LiftOn_chaining_algorithm	identical	chr19:966689-967948
CHS.25482.24	0.9218009478672986	0.924170616113744	0.9982693971733488	0.924170616113744	LiftOn_chaining_algorithm	frameshift;stop_missing	chr19:6729105-6740925
CHS.25957.10	0.8524229074889867	0.9977973568281938	0.9895724713242962	0.9977973568281938	LiftOn_chaining_algorithm	frameshift;stop_missing	chr19:16043596-16060810
CHS.26163.7	0.9932885906040269	1.0	0.9965095986038396	1.0	LiftOn_chaining_algorithm	synonymous	chr19:19932915-19959425
CHS.26916.1	0.0015948963317384	0.9944444444444444	0.3945723977861096	0.9944444444444444	LiftOn_chaining_algorithm	frameshift	chr19:46650221-46674916
CHS.26916.13	0.001592356687898	0.9944547134935304	0.9933774834437086	0.9944547134935304	LiftOn_chaining_algorithm	frameshift	chr19:46650221-46674916
CHS.26916.22	0.001592356687898	0.9944547134935304	0.994192799070848	0.9944547134935304	LiftOn_chaining_algorithm	frameshift	chr19:46650221-46674916
CHS.26916.28	0.001592356687898	0.9944547134935304	0.9941955259896954	0.9944547134935304	LiftOn_chaining_algorithm	frameshift	chr19:46650221-46674916
CHS.26916.30	0.001592356687898	0.9944547134935304	0.994144144144144	0.9944547134935304	LiftOn_chaining_algorithm	frameshift	chr19:46650221-46674916
CHS.26916.39	0.001592356687898	0.9944547134935304	0.9942107294480896	0.9944547134935304	LiftOn_chaining_algorithm	frameshift	chr19:46650295-46674916
CHS.27250.14	0.9927007299270072	0.9963503649635036	0.994994994994995	0.9963503649635036	LiftOn_chaining_algorithm	stop_missing	chr19:52443866-52449059
CHS.27415.20	0.9927007299270072	1.0	1.0	1.0	LiftOn_chaining_algorithm	identical	chr19:54848392-54856262
CHS.27443.1	0.0030581039755351	0.994392523364486	0.9989464812473662	0.994392523364486	LiftOn_chaining_algorithm	frameshift	chr19:55384358-55413100
CHS.27443.2	0.0032102728731942	0.9939024390243902	0.9989170457006714	0.9939024390243902	LiftOn_chaining_algorithm	frameshift	chr19:55384358-55413100
CHS.143191.1	0.5629139072847682	0.7991169977924945	0.8737201365187713	0.7991169977924945	LiftOn_chaining_algorithm	frameshift;stop_codon_gain	chr19:59330433-59335590
CHS.29398.2	0.9954337899543378	1.0	0.9444444444444444	1.0	LiftOn_chaining_algorithm	synonymous	chr2:46484583-46489482
CHS.29687.21	0.995475113122172	1.0	0.9970781592403214	1.0	LiftOn_chaining_algorithm	synonymous	chr2:65323175-65387390
CHS.29912.5	0.0282485875706214	0.990625	0.9975859987929994	0.990625	LiftOn_chaining_algorithm	frameshift	chr2:74535217-74538272
CHS.29935.19	0.993006993006993	1.0	0.9982456140350876	1.0	LiftOn_chaining_algorithm	synonymous	chr2:75502551-75570638
CHS.124089.1	0.9916666666666668	1.0	0.9972451790633609	1.0	LiftOn_chaining_algorithm	synonymous	chr2:90503067-90503796
CHS.124090.1	0.9831932773109244	0.9915966386554622	0.9944444444444444	0.9915966386554622	LiftOn_chaining_algorithm	frameshift;stop_missing	chr2:90515540-90516272
CHS.124092.1	0.9916666666666668	1.0	0.9972451790633609	1.0	LiftOn_chaining_algorithm	synonymous	chr2:90541473-90542225
CHS.124101.1	0.991304347826087	1.0	0.9971264367816092	1.0	LiftOn_chaining_algorithm	synonymous	chr2:90625260-90625812
CHS.30382.4	0.995049504950495	1.0	0.9968798751950078	1.0	LiftOn_chaining_algorithm	synonymous	chr2:105499329-105561123
CHS.31284.1	0.9838709677419356	0.989247311827957	0.6695402298850575	0.989247311827957	LiftOn_chaining_algorithm	frameshift	chr2:169348048-169364887
CHS.32726.21	0.0097560975609756	0.994475138121547	0.9854060913705583	0.994475138121547	LiftOn_chaining_algorithm	frameshift	chr20:1610569-1627878
CHS.32726.22	0.0042826552462526	0.9949748743718592	0.9868005205428518	0.9949748743718592	LiftOn_chaining_algorithm	frameshift	chr20:1610569-1627878
CHS.32726.13	0.0097087378640776	0.9945054945054944	0.9623931623931624	0.9945054945054944	LiftOn_chaining_algorithm	frameshift	chr20:1613567-1627878
CHS.32726.26	0.0047393364928909	0.9944903581267218	0.6986301369863014	0.9944903581267218	LiftOn_chaining_algorithm	frameshift;stop_missing	chr20:1615581-1627878
CHS.32726.28	0.0045977011494252	0.9973958333333334	0.8541305603697285	0.9973958333333334	LiftOn_chaining_algorithm	frameshift	chr20:1615678-1627878
CHS.33211.39	0.0007153075822603	0.9957081545064378	0.9965850882185544	0.9957081545064378	LiftOn_chaining_algorithm	frameshift;stop_missing	chr20:25517773-25605422
CHS.34196.11	0.9878048780487804	1.0	1.0	1.0	LiftOn_chaining_algorithm	identical	chr20:65360488-65368505
CHS.34485.11	0.0041152263374485	0.9931412894375856	0.9943181818181818	0.9931412894375856	LiftOn_chaining_algorithm	frameshift;stop_missing	chr21:25194376-25201868
CHS.35040.13	0.0385026737967914	0.997584541062802	0.99768115942029	0.997584541062802	LiftOn_chaining_algorithm	frameshift	chr21:44476193-44507888
CHS.35040.14	0.0348499515972894	0.9978213507625272	0.9980988593155894	0.9978213507625272	LiftOn_chaining_algorithm	nonsynonymous	chr21:44476193-44507888
CHS.35040.15	0.0316901408450704	0.998037291462218	0.9976791412822744	0.998037291462218	LiftOn_chaining_algorithm	frameshift	chr21:44476193-44510935
CHS.129593.1	0.9743589743589745	0.9829059829059827	0.9915254237288136	0.9829059829059827	LiftOn_chaining_algorithm	frameshift;stop_missing	chr22:22628340-22628804
CHS.129595.1	0.9918032786885246	1.0	0.997289972899729	1.0	LiftOn_chaining_algorithm	synonymous	chr22:22732405-22732965
CHS.129596.1	0.9914529914529916	1.0	0.9971751412429378	1.0	LiftOn_chaining_algorithm	synonymous	chr22:22736243-22736704
CHS.129597.1	0.9830508474576272	0.9915254237288136	0.9943977591036416	0.9915254237288136	LiftOn_chaining_algorithm	frameshift;stop_missing	chr22:22741089-22741554
CHS.129600.1	0.982608695652174	0.991304347826087	0.9942528735632185	0.991304347826087	LiftOn_chaining_algorithm	frameshift;stop_missing	chr22:22771512-22771979
CHS.129603.1	0.991304347826087	1.0	0.9971264367816092	1.0	LiftOn_chaining_algorithm	synonymous	chr22:22794594-22795061
CHS.129611.1	0.991304347826087	1.0	0.9971264367816092	1.0	LiftOn_chaining_algorithm	synonymous	chr22:22854835-22855302
CHS.35456.9	0.9919354838709676	0.995967741935484	0.9879154078549848	0.995967741935484	LiftOn_chaining_algorithm	frameshift;stop_missing	chr22:26946277-26953472
CHS.35973.5	0.7931034482758621	1.0	0.9116022099447514	1.0	LiftOn_chaining_algorithm	synonymous	chr22:42417598-42418057
CHS.36084.1	0.4191780821917808	0.9943977591036416	0.9977011494252872	0.9943977591036416	LiftOn_chaining_algorithm	nonsynonymous	chr22:45794190-45826857
CHS.36084.67	0.6169354838709677	0.995967741935484	0.9969016266460108	0.995967741935484	LiftOn_chaining_algorithm	frameshift	chr22:45794190-45826857
CHS.36084.18	0.4207650273224044	0.994413407821229	0.9975744975744976	0.994413407821229	LiftOn_chaining_algorithm	nonsynonymous	chr22:45795164-45826857
CHS.36084.60	0.4406332453825857	0.9946091644204852	0.997229916897507	0.9946091644204852	LiftOn_chaining_algorithm	nonsynonymous	chr22:45795164-45826857
CHS.36084.7	0.4191780821917808	0.9943977591036416	0.997571973638571	0.9943977591036416	LiftOn_chaining_algorithm	nonsynonymous	chr22:45795164-45826857
CHS.36084.62	0.4191780821917808	0.9943977591036416	0.9964614295824488	0.9943977591036416	LiftOn_chaining_algorithm	frameshift	chr22:45803679-45826857
CHS.36282.51	0.0412267471091	0.9988845510317904	0.9945397815912635	0.9988845510317904	LiftOn_chaining_algorithm	frameshift	chr22:51186790-51246792
CHS.37184.8	0.9978021978021978	1.0	0.9985347985347984	1.0	LiftOn_chaining_algorithm	synonymous	chr3:47427459-47429220
CHS.37187.34	0.9956140350877192	1.0	0.9985835694050992	1.0	LiftOn_chaining_algorithm	synonymous	chr3:47517332-47530434
CHS.37423.22	0.9965753424657534	1.0	0.9977477477477478	1.0	LiftOn_chaining_algorithm	synonymous	chr3:53136951-53163294
CHS.37467.14	0.0068376068376068	0.9900199600798404	0.9945172098690224	0.9900199600798404	LiftOn_chaining_algorithm	frameshift	chr3:56597679-56662164
CHS.37467.15	0.0068376068376068	0.9900199600798404	0.9951174855050352	0.9900199600798404	LiftOn_chaining_algorithm	frameshift	chr3:56597679-56662164
CHS.37467.19	0.0057553956834532	0.9917763157894736	0.994685839324789	0.9917763157894736	LiftOn_chaining_algorithm	frameshift	chr3:56597679-56662164
CHS.37467.20	0.0037037037037037	0.9947589098532494	0.9949748743718592	0.9947589098532494	LiftOn_chaining_algorithm	frameshift	chr3:56597679-56662164
CHS.37467.22	0.0038022813688212	0.9955801104972376	0.9950609153770168	0.9955801104972376	LiftOn_chaining_algorithm	frameshift	chr3:56597679-56662164
CHS.37467.24	0.0067453625632377	0.9904761904761904	0.9942875277689622	0.9904761904761904	LiftOn_chaining_algorithm	frameshift	chr3:56597679-56662164
CHS.37467.26	0.0038022813688212	0.9946865037194474	0.994912559618442	0.9946865037194474	LiftOn_chaining_algorithm	frameshift	chr3:56597679-56662164
CHS.37467.27	0.0039800995024875	0.9955456570155902	0.995026525198939	0.9955456570155902	LiftOn_chaining_algorithm	frameshift	chr3:56597679-56662164
CHS.37467.73	0.0038022813688212	0.9945945945945946	0.994833710041976	0.9945945945945946	LiftOn_chaining_algorithm	frameshift	chr3:56597679-56662164
CHS.37467.91	0.0037418147801683	0.994692144373673	0.9949174078780176	0.994692144373673	LiftOn_chaining_algorithm	frameshift	chr3:56597679-56662164
CHS.37467.16	0.0037209302325581	0.9947257383966244	0.994599745870394	0.9947257383966244	LiftOn_chaining_algorithm	frameshift	chr3:56597698-56662164
CHS.37467.43	0.0117302052785923	0.9861111111111112	0.9918181818181818	0.9861111111111112	LiftOn_chaining_algorithm	frameshift	chr3:56597751-56611221
CHS.37808.31	0.9959183673469388	1.0	0.9976851851851852	1.0	LiftOn_chaining_algorithm	synonymous	chr3:101220371-101226289
CHS.38184.13	0.9965397923875432	1.0	0.99901185770751	1.0	LiftOn_chaining_algorithm	synonymous	chr3:125922022-125991747
CHS.38367.2	0.988914373088685	0.9896710022953328	0.9943295530353568	0.9896710022953328	LiftOn_chaining_algorithm	frameshift;stop_codon_gain	chr3:133089679-133228818
CHS.39407.1	0.6360201511335013	0.9310850439882696	0.9562647754137116	0.9310850439882696	LiftOn_chaining_algorithm	frameshift	chr3:198538879-198542352
CHS.39478.93	0.0135900339750849	0.9912170639899625	0.9972579624551784	0.9912170639899625	LiftOn_chaining_algorithm	frameshift	chr3:199768554-199947540
CHS.39487.29	0.9940828402366864	1.0	0.9984848484848484	1.0	LiftOn_chaining_algorithm	synonymous	chr3:200246907-200271128
CHS.39926.4	0.9879518072289156	1.0	0.9979674796747968	1.0	LiftOn_chaining_algorithm	synonymous	chr4:11375816-11404656
CHS.40090.56	0.9978448275862069	1.0	0.998849252013809	1.0	LiftOn_chaining_algorithm	synonymous	chr4:26328167-26415979
CHS.40586.16	0.9936708860759492	1.0	0.99812734082397	1.0	LiftOn_chaining_algorithm	synonymous	chr4:73998831-74009352
CHS.42139.6	0.988322065150584	0.9975414874001228	0.9912663755458516	0.9975414874001228	LiftOn_chaining_algorithm	frameshift;stop_missing	chr5:104255-181320
CHS.42718.12	0.963949843260188	0.9655172413793104	0.9910259025086682	0.9655172413793104	LiftOn_chaining_algorithm	frameshift;stop_missing	chr5:42678916-42974806
CHS.42718.18	0.963949843260188	0.9655172413793104	0.9900476881608956	0.9655172413793104	LiftOn_chaining_algorithm	frameshift;stop_missing	chr5:42679937-42974806
CHS.42718.20	0.963949843260188	0.9655172413793104	0.9905223716111968	0.9655172413793104	LiftOn_chaining_algorithm	frameshift;stop_missing	chr5:42680466-42974806
CHS.42718.22	0.963949843260188	0.9655172413793104	0.9904338153503892	0.9655172413793104	LiftOn_chaining_algorithm	frameshift;stop_missing	chr5:42803485-42974806
CHS.42718.23	0.963949843260188	0.9655172413793104	0.9899283795881826	0.9655172413793104	LiftOn_chaining_algorithm	frameshift;stop_missing	chr5:42803892-42974806
CHS.42718.25	0.963949843260188	0.9655172413793104	0.9905035335689046	0.9655172413793104	LiftOn_chaining_algorithm	frameshift;stop_missing	chr5:42804998-42974806
CHS.42718.26	0.963949843260188	0.9655172413793104	0.9902780917929008	0.9655172413793104	LiftOn_chaining_algorithm	frameshift;stop_missing	chr5:42805522-42974806
CHS.42718.27	0.963949843260188	0.9655172413793104	0.9908122781373984	0.9655172413793104	LiftOn_chaining_algorithm	frameshift;stop_missing	chr5:42820795-42974806
CHS.43616.19	0.9992337164750956	1.0	0.9992614475627768	1.0	LiftOn_chaining_algorithm	synonymous	chr5:113248906-113350040
CHS.44234.44	0.9934640522875816	1.0	0.9955357142857144	1.0	LiftOn_chaining_algorithm	synonymous	chr5:142495094-142510859
CHS.45201.8	0.989247311827957	0.992831541218638	0.999194198227236	0.992831541218638	LiftOn_chaining_algorithm	frameshift;stop_missing	chr6:2986765-3020282
CHS.46904.1	0.9877300613496932	0.9938650306748468	0.9947643979057592	0.9938650306748468	LiftOn_chaining_algorithm	frameshift;stop_missing	chr6:88493234-88500797
CHS.47625.1	0.8814814814814815	0.8888888888888888	0.99561578318055	0.8888888888888888	LiftOn_chaining_algorithm	frameshift;stop_missing	chr6:139404452-139406958
CHS.47973.1	0.7152428810720268	0.9965095986038396	0.9975235264982664	0.9965095986038396	LiftOn_chaining_algorithm	frameshift	chr6:161367903-161404908
CHS.47973.2	0.8819875776397516	0.9958592132505176	0.9976608187134502	0.9958592132505176	LiftOn_chaining_algorithm	frameshift	chr6:161367910-161404908
CHS.47973.7	0.7400346620450606	0.9963898916967509	0.997919916796672	0.9963898916967509	LiftOn_chaining_algorithm	frameshift	chr6:161367910-161404908
CHS.47973.8	0.8405511811023622	0.9960474308300395	0.9983416252072967	0.9960474308300395	LiftOn_chaining_algorithm	nonsynonymous	chr6:161367910-161404908
CHS.47973.13	0.5222222222222223	0.9976076555023924	0.9975530179445352	0.9976076555023924	LiftOn_chaining_algorithm	frameshift	chr6:161368427-161406778
CHS.47981.11	0.3975609756097561	0.9872549019607844	0.7248110120726616	0.9872549019607844	LiftOn_chaining_algorithm	frameshift	chr6:161783172-162011762
CHS.48075.16	0.9960629921259844	1.0	0.9979253112033196	1.0	LiftOn_chaining_algorithm	synonymous	chr6:168312345-168339897
CHS.125809.1	0.9914529914529916	1.0	0.9971751412429378	1.0	LiftOn_chaining_algorithm	synonymous	chr7:38491923-38492396
CHS.51208.12	0.1200564971751412	0.4604519774011299	0.9996977938954368	0.4604519774011299	LiftOn_chaining_algorithm	frameshift;stop_codon_gain	chr7:95892249-95905573
CHS.51208.2	0.1239892183288409	0.4851752021563342	0.9996977938954368	0.4851752021563342	LiftOn_chaining_algorithm	frameshift;stop_codon_gain	chr7:95892249-95905573
CHS.51393.45	0.9974874371859296	1.0	0.998326359832636	1.0	LiftOn_chaining_algorithm	synonymous	chr7:102130293-102134317
CHS.51393.16	0.9983277591973244	1.0	0.9988851727982164	1.0	LiftOn_chaining_algorithm	synonymous	chr7:102131337-102134472
CHS.51396.1	0.5918554406180437	0.993626991565136	0.9942675936089768	0.993626991565136	LiftOn_chaining_algorithm	frameshift	chr7:102274808-102341752
CHS.51661.17	0.9871794871794872	1.0	0.9863945578231292	1.0	LiftOn_chaining_algorithm	synonymous	chr7:119499903-119504141
CHS.51773.3	0.9979166666666668	1.0	0.9973516949152542	1.0	LiftOn_chaining_algorithm	synonymous	chr7:129663873-129673433
CHS.126044.1	0.991304347826087	1.0	0.9971264367816092	1.0	LiftOn_chaining_algorithm	synonymous	chr7:143647287-143647775
CHS.126083.1	0.9912280701754386	1.0	0.9942028985507246	1.0	LiftOn_chaining_algorithm	synonymous	chr7:143958522-143959254
CHS.126084.1	0.982608695652174	0.991304347826087	0.9942528735632185	0.991304347826087	LiftOn_chaining_algorithm	frameshift;stop_missing	chr7:143972599-143973218
CHS.170017.1	0.9375	1.0	0.9803921568627452	1.0	LiftOn_chaining_algorithm	synonymous	chr7:144152716-144152765
CHS.170019.1	0.9411764705882352	1.0	0.9814814814814816	1.0	LiftOn_chaining_algorithm	synonymous	chr7:144152957-144153009
CHS.52132.4	0.9933554817275748	0.9966777408637874	0.9977851605758582	0.9966777408637874	LiftOn_chaining_algorithm	stop_missing	chr7:145577682-145583861
CHS.52133.36	0.2680965147453083	0.99250936329588	0.9969262295081968	0.99250936329588	LiftOn_chaining_algorithm	frameshift;stop_missing	chr7:145633763-146016849
CHS.52133.68	0.994011976047904	1.0	0.9982817869415808	1.0	LiftOn_chaining_algorithm	synonymous	chr7:145771879-146017190
CHS.52538.13	0.9926470588235294	1.0	0.997610513739546	1.0	LiftOn_chaining_algorithm	synonymous	chr8:1534446-1550152
CHS.53922.3	0.99601593625498	1.0	0.9976190476190476	1.0	LiftOn_chaining_algorithm	synonymous	chr8:92120639-92165758
CHS.54319.13	0.9932432432432432	1.0	0.9937205651491364	1.0	LiftOn_chaining_algorithm	synonymous	chr8:121542739-121573837
CHS.54613.1	0.2860892388451443	0.7769028871391076	0.663643605613089	0.7769028871391076	LiftOn_chaining_algorithm	frameshift;stop_missing	chr8:141732589-141748605
CHS.166728.2	0.9930555555555556	1.0	0.9929824561403509	1.0	LiftOn_chaining_algorithm	synonymous	chr8:145634035-145635190
CHS.54932.11	0.3913978494623656	1.0	0.9823151125401928	1.0	LiftOn_chaining_algorithm	synonymous	chr9:8314-23585
CHS.54932.15	0.3913978494623656	1.0	0.9865591397849462	1.0	LiftOn_chaining_algorithm	synonymous	chr9:8314-23877
CHS.54932.24	0.6066666666666667	1.0	0.9849012775842044	1.0	LiftOn_chaining_algorithm	synonymous	chr9:8314-18808
CHS.54932.32	0.5874125874125874	1.0	0.9967396974439228	1.0	LiftOn_chaining_algorithm	synonymous	chr9:8314-23877
CHS.54932.34	0.6066666666666667	1.0	0.9859989229940764	1.0	LiftOn_chaining_algorithm	synonymous	chr9:8314-23877
CHS.126488.1	0.991304347826087	1.0	0.9971264367816092	1.0	LiftOn_chaining_algorithm	synonymous	chr9:33656544-33657015
CHS.55535.40	0.0027855153203342	0.9944289693593314	0.9978034047226798	0.9944289693593314	LiftOn_chaining_algorithm	frameshift;stop_missing	chr9:42105633-42163690
CHS.55806.11	0.991304347826087	0.9971014492753624	0.9954337899543378	0.9971014492753624	LiftOn_chaining_algorithm	frameshift	chr9:88049363-88334170
CHS.56108.1	0.1811145510835913	0.7786377708978328	0.3684883349312879	0.7786377708978328	LiftOn_chaining_algorithm	frameshift;start_lost	chr9:105835293-105841086
CHS.56108.2	0.1793313069908814	0.7826747720364742	0.3742409715564078	0.7826747720364742	LiftOn_chaining_algorithm	frameshift;start_lost	chr9:105835293-105841086
CHS.56108.3	0.1795665634674922	0.7972136222910217	0.376406300225008	0.7972136222910217	LiftOn_chaining_algorithm	frameshift;start_lost	chr9:105835293-105841086
CHS.57030.19	0.9778761061946902	0.9970501474926252	0.9865489701555276	0.9970501474926252	LiftOn_chaining_algorithm	frameshift	chr9:145276137-145285985
CHS.57127.2	0.8583690987124464	0.9473684210526316	0.9702842377260982	0.9473684210526316	LiftOn_chaining_algorithm	frameshift	chr9:147774075-147777763
CHS.57164.1	0.9212253829321664	0.9234135667396062	0.9954771596562642	0.9234135667396062	LiftOn_chaining_algorithm	frameshift;stop_missing	chr9:148556955-148571245
CHS.59146.5	0.9277566539923956	0.9878542510121456	0.967536600891152	0.9878542510121456	LiftOn_chaining_algorithm	frameshift	chrX:132979-149874
CHS.58037.2	0.0	1.0	0.9370541334452372	1.0	LiftOn_chaining_algorithm	synonymous	chrX:50761304-50767871
CHS.244.9	0.0	1.0	0.2298288508557457	1.0	miniprot_identical	synonymous	chr1:5760532-5761555
CHS.499.1	0.0	1.0	0.3115763546798029	1.0	miniprot_identical	synonymous	chr1:14659172-14663827
CHS.499.11	0.0	1.0	0.2052631578947368	1.0	miniprot_identical	synonymous	chr1:14663477-14663827
CHS.564.1	0.0	1.0	0.501984126984127	1.0	miniprot_identical	synonymous	chr1:16449562-16450071
CHS.564.1	0.0	1.0	0.5029761904761905	1.0	miniprot_identical	synonymous	chr1:16307816-16308325
CHS.598.1	0.0	1.0	0.5960912052117264	1.0	miniprot_identical	synonymous	chr1:17638396-17641906
CHS.736.2	0.0	1.0	0.3805405405405405	1.0	miniprot_identical	synonymous	chr1:22778822-22779880
CHS.1124.13	0.0	0.984375	0.3055555555555556	0.984375	miniprot_truncated	frameshift	chr2:10452596-10456422
CHS.1708.2	0.0	1.0	0.0572390572390572	1.0	miniprot_identical	synonymous	chr1:55763400-55763603
CHS.1792.4	0.0	0.943661971830986	0.1867030965391621	0.943661971830986	miniprot_truncated	frameshift;stop_missing	chr1:61603783-61603989
CHS.2002.15	0.0	1.0	0.0104343881138709	1.0	miniprot_identical	synonymous	chr1:78375260-78375535
CHS.2077.3	0.0	1.0	0.0896184560780834	1.0	miniprot_identical	synonymous	chr1:85100154-85100752
CHS.2173.15	0.0	1.0	0.1014766686355581	1.0	miniprot_identical	synonymous	chr1:89776287-89778863
CHS.2373.17	0.0	0.9968253968253968	0.6182056319580878	0.9968253968253968	miniprot_truncated	frameshift	chr1:103750941-103757011
CHS.2373.17	0.0	0.9968253968253968	0.6182056319580878	0.9968253968253968	miniprot_truncated	frameshift	chr1:103656811-103662881
CHS.2787.4	0.0	1.0	0.1240698557327258	1.0	miniprot_identical	synonymous	chr1:142405999-142406820
CHS.123613.1	0.0	1.0	0.6119402985074627	1.0	miniprot_identical	synonymous	chr1:142318143-142318638
CHS.123613.1	0.0	0.991869918699187	0.6086235489220564	0.991869918699187	miniprot_truncated	inframe_deletion;stop_missing	chr2:89926523-89927018
CHS.123613.1	0.0	0.991869918699187	0.6086235489220564	0.991869918699187	miniprot_truncated	inframe_deletion;stop_missing	chr2:89774349-89774844
CHS.123613.1	0.0	0.991869918699187	0.6086235489220564	0.991869918699187	miniprot_truncated	inframe_deletion;stop_missing	chr2:91673428-91673923
CHS.3022.1	0.0	1.0	0.1341463414634146	1.0	miniprot_identical	synonymous	chr1:150035986-150036153
CHS.3133.1	0.0	1.0	0.4513618677042801	1.0	miniprot_identical	synonymous	chr1:152021070-152021420
CHS.3218.4	0.0	0.9642857142857144	0.1874163319946452	0.9642857142857144	miniprot_truncated	frameshift;start_lost	chr1:153681484-153684837
CHS.3550.1	0.0	0.953846153846154	0.1931931931931932	0.953846153846154	miniprot_truncated	frameshift;start_lost;stop_missing	chr1:160887072-160892602
CHS.3697.7	0.0	0.9927536231884058	0.18994928538497	0.9927536231884058	miniprot_truncated	frameshift	chr1:169522511-169523658
CHS.3842.2	0.0	1.0	0.167	1.0	miniprot_identical	synonymous	chr1:179168853-179169944
CHS.4071.3	0.0	0.9822485207100592	0.0859441876391028	0.9822485207100592	miniprot_truncated	inframe_deletion	chr1:196089929-196093734
CHS.4202.14	0.0	1.0	0.2621951219512195	1.0	miniprot_identical	synonymous	chr1:202427876-202428652
CHS.4690.3	0.0	1.0	0.1201780415430267	1.0	miniprot_identical	synonymous	chr1:223919304-223928154
CHS.4925.4	0.0	1.0	0.2346820809248554	1.0	miniprot_identical	synonymous	chr1:233706747-233713357
CHS.5017.14	0.0	1.0	0.0673828125	1.0	miniprot_identical	synonymous	chr1:235882211-235882417
CHS.5044.1	0.0	1.0	0.1927474681476641	1.0	miniprot_identical	synonymous	chr1:239320606-239322378
CHS.28610.2	0.0	0.9826839826839828	0.4222222222222222	0.9826839826839828	miniprot_truncated	start_lost;inframe_deletion	chr2:3664129-3667010
CHS.28858.1	0.0	1.0	0.6125676238035789	1.0	miniprot_identical	synonymous	chr2:17962761-17964236
CHS.28942.18	0.0	1.0	0.2515905147484095	1.0	miniprot_identical	synonymous	chr2:23728358-23741733
CHS.28951.10	0.0	1.0	0.1503496503496503	1.0	miniprot_identical	synonymous	chr2:24097749-24097877
CHS.29069.4	0.0	0.8148148148148148	0.3706467661691542	0.8148148148148148	miniprot_truncated	frameshift;start_lost;stop_missing	chr2:27822551-27822709
CHS.29141.9	0.0	0.8529411764705882	0.1581632653061224	0.8529411764705882	miniprot_truncated	frameshift;stop_missing	chr2:32087669-32087855
CHS.29411.1	0.0	1.0	0.3356307435254804	1.0	miniprot_identical	synonymous	chr2:46763363-46764973
CHS.167703.1	0.0	0.9166666666666666	0.9230769230769232	0.9166666666666666	miniprot_truncated	inframe_deletion;stop_missing	chr2:88870896-88870931
CHS.139768.1	0.0	0.9932659932659932	0.3966131907308378	0.9932659932659932	miniprot_truncated	inframe_deletion;stop_missing	chr2:94713880-94715007
CHS.30235.12	0.0	0.97196261682243	0.1343283582089552	0.97196261682243	miniprot_truncated	frameshift;stop_missing	chr2:97244569-97246678
CHS.30277.8	0.0	1.0	0.1050955414012738	1.0	miniprot_identical	synonymous	chr2:99066535-99066732
CHS.31062.47	0.0	1.0	0.0159972770592239	1.0	miniprot_identical	synonymous	chr2:149664951-149665091
CHS.31599.68	0.0	1.0	0.1142595978062157	1.0	miniprot_identical	synonymous	chr2:189058888-189082846
CHS.32059.1	0.0	0.9846547314578004	0.546742209631728	0.9846547314578004	miniprot_truncated	frameshift;start_lost;stop_missing	chr2:219298769-219301588
CHS.139954.1	0.0	0.996031746031746	0.2899385560675883	0.996031746031746	miniprot_truncated	inframe_deletion;stop_missing	chr2:231195654-231196412
CHS.32630.4	0.0	0.943661971830986	0.1982248520710059	0.943661971830986	miniprot_truncated	frameshift;stop_missing	chr2:242189139-242190115
CHS.36559.4	0.0	0.9847328244274808	0.2999611951882033	0.9847328244274808	miniprot_truncated	start_lost;inframe_deletion	chr3:9924600-9925583
CHS.36794.12	0.0	1.0	0.1745711402623612	1.0	miniprot_identical	synonymous	chr3:25596392-25599463
CHS.36808.1	0.0	1.0	0.4488734835355286	1.0	miniprot_identical	synonymous	chr3:26712280-26713059
CHS.36827.11	0.0	0.9318181818181818	0.0204081632653061	0.9318181818181818	miniprot_truncated	start_lost;inframe_deletion	chr3:28321573-28321695
CHS.36983.2	0.0	0.9932203389830508	0.7728070175438596	0.9932203389830508	miniprot_truncated	inframe_deletion;stop_missing	chr19:23967647-23968534
CHS.37145.6	0.0	1.0	0.6308724832214765	1.0	miniprot_identical	synonymous	chr3:46280266-46282088
CHS.37353.3	0.0	0.8809523809523809	0.1659973226238286	0.8809523809523809	miniprot_truncated	frameshift;start_lost;stop_missing	chr3:51935893-51936018
CHS.37467.86	0.0	1.0	0.3538315988647114	1.0	miniprot_identical	synonymous	chr3:56656268-56661945
CHS.37583.34	0.0	0.945054945054945	0.1426356589147286	0.945054945054945	miniprot_truncated	frameshift;start_lost	chr3:66414029-66422377
CHS.37665.8	0.0	1.0	0.1561904761904761	1.0	miniprot_identical	synonymous	chr3:73105202-73107220
CHS.37755.4	0.0	0.9782016348773842	0.8149796069707081	0.9782016348773842	miniprot_truncated	frameshift;stop_codon_gain	chr3:88541539-88543743
CHS.37827.7	0.0	1.0	0.4002151694459386	1.0	miniprot_identical	synonymous	chr3:102495744-102501197
CHS.38113.24	0.0	0.9820359281437124	0.287215411558669	0.9820359281437124	miniprot_truncated	frameshift;stop_missing	chr3:122379632-122380123
CHS.38623.1	0.0	1.0	0.4521410579345088	1.0	miniprot_identical	synonymous	chr3:151492066-151493145
CHS.38836.16	0.0	1.0	0.0273783185840707	1.0	miniprot_identical	synonymous	chr3:163843598-163843894
CHS.38925.4	0.0	1.0	0.5168195718654435	1.0	miniprot_identical	synonymous	chr3:172868639-172869655
CHS.38990.1	0.0	0.7387606318347509	0.1130321621119167	0.7387606318347509	miniprot_truncated	frameshift;start_lost;stop_missing	chr3:177062266-177068255
CHS.140196.1	0.0	0.9815668202764976	0.3070716658756526	0.9815668202764976	miniprot_truncated	frameshift;stop_missing	chr3:198338503-198346418
CHS.39593.5	0.0	1.0	0.4692230070635722	1.0	miniprot_identical	synonymous	chr4:85483-86880
CHS.140211.1	0.0	1.0	0.4790076335877862	1.0	miniprot_identical	synonymous	chr4:2007524-2008279
CHS.131259.0	0.0	0.9439655172413792	0.5391095066185319	0.9439655172413792	miniprot_truncated	inframe_deletion;stop_missing	chr8:7010562-7013572
CHS.131259.0	0.0	0.9418103448275862	0.5391095066185319	0.9418103448275862	miniprot_truncated	inframe_deletion;stop_missing	chr8:11899634-11902644
CHS.131259.0	0.0	0.9418103448275862	0.5387083834737264	0.9418103448275862	miniprot_truncated	inframe_deletion;stop_missing	chr8:11716078-11719088
CHS.131259.0	0.0	0.9418103448275862	0.5391095066185319	0.9418103448275862	miniprot_truncated	inframe_deletion;stop_missing	chr8:11891986-11894996
CHS.131259.0	0.0	0.9418103448275862	0.5387083834737264	0.9418103448275862	miniprot_truncated	inframe_deletion;stop_missing	chr8:11708430-11711440
CHS.131259.0	0.0	0.9418103448275862	0.5391095066185319	0.9418103448275862	miniprot_truncated	inframe_deletion;stop_missing	chr8:11907282-11910292
CHS.131259.0	0.0	0.9418103448275862	0.5391095066185319	0.9418103448275862	miniprot_truncated	inframe_deletion;stop_missing	chr8:11807854-11810864
CHS.39869.1	0.0	0.9716981132075472	0.9811676082862524	0.9716981132075472	miniprot_truncated	inframe_deletion;stop_missing	chr4:9359921-9361513
CHS.39869.1	0.0	0.9716981132075472	0.9817953546767106	0.9716981132075472	miniprot_truncated	inframe_deletion;stop_missing	chr4:9355175-9356767
CHS.39869.1	0.0	0.9716981132075472	0.9817953546767106	0.9716981132075472	miniprot_truncated	inframe_deletion;stop_missing	chr4:9350429-9352021
CHS.39869.1	0.0	0.9716981132075472	0.9817953546767106	0.9716981132075472	miniprot_truncated	inframe_deletion;stop_missing	chr4:9336191-9337783
CHS.39869.1	0.0	0.9716981132075472	0.9817953546767106	0.9716981132075472	miniprot_truncated	inframe_deletion;stop_missing	chr4:9288734-9290326
CHS.39869.1	0.0	0.969811320754717	0.9824231010671688	0.969811320754717	miniprot_truncated	inframe_deletion;stop_missing	chr4:9279244-9280836
CHS.39869.1	0.0	0.969811320754717	0.9792843691148776	0.969811320754717	miniprot_truncated	inframe_deletion;stop_missing	chr4:9160554-9162146
CHS.39869.1	0.0	0.969811320754717	0.9786566227244192	0.969811320754717	miniprot_truncated	inframe_deletion;stop_missing	chr4:9155804-9157396
CHS.39869.1	0.0	0.969811320754717	0.9811676082862524	0.969811320754717	miniprot_truncated	inframe_deletion;stop_missing	chr4:9331445-9333037
CHS.39869.1	0.0	0.9679245283018868	0.980539861895794	0.9679245283018868	miniprot_truncated	inframe_deletion;stop_missing	chr4:9255524-9257116
CHS.39870.1	0.0	0.9943396226415094	0.992467043314501	0.9943396226415094	miniprot_truncated	inframe_deletion;stop_missing	chr4:9136804-9138396
CHS.39870.1	0.0	0.8830188679245283	0.9956057752667922	0.8830188679245283	miniprot_truncated	inframe_deletion;stop_codon_gain	chr4:9151054-9152646
CHS.39871.1	0.0	0.9867924528301888	0.992467043314501	0.9867924528301888	miniprot_truncated	inframe_deletion;stop_missing	chr4:9146303-9147895
CHS.39872.1	0.0	0.981132075471698	0.9887005649717514	0.981132075471698	miniprot_truncated	inframe_deletion;stop_missing	chr4:9283990-9285582
CHS.39881.1	0.0	0.9886792452830188	0.992467043314501	0.9886792452830188	miniprot_truncated	inframe_deletion;stop_missing	chr4:9174798-9176390
CHS.39941.14	0.0	0.9157894736842104	0.1702127659574468	0.9157894736842104	miniprot_truncated	frameshift;stop_missing	chr4:13454001-13463833
CHS.40239.5	0.0	1.0	0.0574985180794309	1.0	miniprot_identical	synonymous	chr4:39744480-39748071
CHS.40247.1	0.0	1.0	0.137410071942446	1.0	miniprot_identical	synonymous	chr4:40213464-40214039
CHS.40305.1	0.0	0.678646934460888	0.3710982658959537	0.678646934460888	miniprot_truncated	frameshift;stop_missing	chr4:44415285-44416247
CHS.40468.3	0.0	1.0	0.4014598540145985	1.0	miniprot_identical	synonymous	chr4:60309245-60309574
CHS.140265.1	0.0	0.9928571428571428	0.056241610738255	0.9928571428571428	miniprot_truncated	inframe_deletion;stop_missing	chr4:64637027-64639254
CHS.40581.3	0.0	1.0	0.2516339869281045	1.0	miniprot_identical	synonymous	chr4:73749378-73749608
CHS.40756.2	0.0	1.0	0.3343065693430657	1.0	miniprot_identical	synonymous	chr4:82660973-82661662
CHS.41094.4	0.0	0.9857142857142858	0.2777777777777778	0.9857142857142858	miniprot_truncated	frameshift;stop_missing	chr4:113031510-113031719
CHS.41721.14	0.0	0.9787234042553192	0.0845410628019323	0.9787234042553192	miniprot_truncated	frameshift	chr4:166867248-166867388
CHS.42090.1	0.0	0.99375	0.625	0.99375	miniprot_truncated	inframe_deletion;stop_missing	chr4:193534978-193535457
CHS.42090.1	0.0	0.99375	0.625	0.99375	miniprot_truncated	inframe_deletion;stop_missing	chr4:193521792-193522271
CHS.42090.1	0.0	0.99375	0.625	0.99375	miniprot_truncated	inframe_deletion;stop_missing	chr4:193508603-193509082
CHS.42090.1	0.0	0.99375	0.625	0.99375	miniprot_truncated	inframe_deletion;stop_missing	chr4:193449245-193449724
CHS.42090.1	0.0	0.99375	0.625	0.99375	miniprot_truncated	inframe_deletion;stop_missing	chr4:193452541-193453020
CHS.42090.2	0.0	1.0	0.7432748538011696	1.0	miniprot_identical	synonymous	chr4:193525089-193526363
CHS.42090.2	0.0	1.0	0.7432748538011696	1.0	miniprot_identical	synonymous	chr4:193498712-193499986
CHS.42090.2	0.0	1.0	0.7432748538011696	1.0	miniprot_identical	synonymous	chr4:193442653-193443927
CHS.42397.1	0.0	0.936	0.4489144316730523	0.936	miniprot_truncated	frameshift;stop_missing	chr5:16117037-16118898
CHS.42423.2	0.0	1.0	0.3996478873239437	1.0	miniprot_identical	synonymous	chr5:17214598-17215281
CHS.140454.1	0.0	0.9949494949494948	0.9899497487437184	0.9949494949494948	miniprot_truncated	inframe_deletion;stop_missing	chr5:17570708-17571304
CHS.140454.1	0.0	0.9949494949494948	0.9899497487437184	0.9949494949494948	miniprot_truncated	inframe_deletion;stop_missing	chr5:17574142-17574738
CHS.43453.2	0.0	1.0	0.22	1.0	miniprot_identical	synonymous	chr5:96323673-96323903
CHS.43603.11	0.0	1.0	0.0785219399538106	1.0	miniprot_identical	synonymous	chr5:158529422-158529628
CHS.43720.4	0.0	0.8256578947368421	0.440538957234915	0.8256578947368421	miniprot_truncated	frameshift;start_lost;stop_missing	chr5:121203946-121204701
CHS.44131.4	0.0	1.0	0.1361867704280155	1.0	miniprot_identical	synonymous	chr5:141172885-141172989
CHS.44413.1	0.0	1.0	0.1183431952662721	1.0	miniprot_identical	synonymous	chr5:151331956-151332138
CHS.44677.7	0.0	0.8755555555555555	0.314873417721519	0.8755555555555555	miniprot_truncated	frameshift;start_lost;stop_missing	chr5:171257488-171274450
CHS.44923.1	0.0	1.0	0.5733830845771144	1.0	miniprot_identical	synonymous	chr5:179484583-179485968
CHS.45110.1	0.0	1.0	0.1996747967479674	1.0	miniprot_identical	synonymous	chr16:34968576-35025049
CHS.45110.3	0.0	1.0	0.1017509084902543	1.0	miniprot_identical	synonymous	chr16:34968576-34969378
CHS.45454.2	0.0	1.0	0.2011400651465798	1.0	miniprot_identical	synonymous	chr6:13849570-13850313
CHS.45789.16	0.0	0.9958762886597938	0.4867671691792294	0.9958762886597938	miniprot_truncated	inframe_deletion	chr6:28172559-28174013
CHS.131249.0	0.0	1.0	0.4010152284263959	1.0	miniprot_identical	synonymous	chr6:33150388-33150627
CHS.46900.5	0.0	1.0	0.5993431855500821	1.0	miniprot_identical	synonymous	chr6:88224047-88225144
CHS.140818.1	0.0	0.896551724137931	0.9222222222222224	0.896551724137931	miniprot_truncated	frameshift;start_lost;stop_missing	chr6:88277674-88277850
CHS.47073.10	0.0	1.0	0.0505104782375067	1.0	miniprot_identical	synonymous	chr6:106254592-106254873
CHS.47390.8	0.0	0.971830985915493	0.1533333333333333	0.971830985915493	miniprot_truncated	inframe_deletion;stop_missing	chr6:126488947-126490364
CHS.47421.14	0.0	0.9972144846796658	0.516546762589928	0.9972144846796658	miniprot_truncated	frameshift;start_lost;stop_missing	chr6:128475572-128476651
CHS.48067.27	0.0	0.7666666666666667	0.08984375	0.7666666666666667	miniprot_truncated	frameshift;stop_missing	chr6:167759727-167759795
CHS.49724.1	0.0	1.0	0.6199750312109863	1.0	miniprot_identical	synonymous	chr7:1857157-1859643
CHS.166731.1	0.0	0.9264705882352942	0.0851351351351351	0.9264705882352942	miniprot_truncated	frameshift;stop_missing	chr7:6467962-6468150
CHS.49892.1	0.0	0.9372693726937268	0.234159779614325	0.9372693726937268	miniprot_truncated	frameshift;start_lost;stop_missing	chr7:8871850-8872617
CHS.50090.14	0.0	0.84	0.2222222222222222	0.84	miniprot_truncated	frameshift;stop_missing	chr7:22958632-22958709
CHS.50102.29	0.0	0.9846938775510204	0.0571262022733896	0.9846938775510204	miniprot_truncated	frameshift;start_lost	chr7:23336684-23337271
CHS.50382.17	0.0	1.0	0.23828125	1.0	miniprot_identical	synonymous	chr7:37880883-37881800
CHS.50392.20	0.0	1.0	0.1701081612586037	1.0	miniprot_identical	synonymous	chr7:38406398-38406574
CHS.50392.23	0.0	0.990990990990991	0.3254670599803343	0.990990990990991	miniprot_truncated	frameshift;stop_missing	chr7:38400996-38406401
CHS.50512.28	0.0	0.9941176470588236	0.0592825529932448	0.9941176470588236	miniprot_truncated	frameshift;stop_missing	chr7:44644699-44650335
CHS.50538.1	0.0	0.986013986013986	0.2363636363636363	0.986013986013986	miniprot_truncated	frameshift;start_lost	chr7:45234819-45236615
CHS.50593.11	0.0	0.9479768786127168	0.3387755102040816	0.9479768786127168	miniprot_truncated	frameshift;start_lost;stop_missing	chr7:48269103-48270591
CHS.141005.1	0.0	0.9945054945054944	0.3148148148148148	0.9945054945054944	miniprot_truncated	frameshift;stop_missing	chr7:57059267-57059815
CHS.141006.1	0.0	0.9830508474576272	0.6446886446886447	0.9830508474576272	miniprot_truncated	frameshift;stop_missing	chr7:64967523-64968056
CHS.141008.1	0.0	0.9830508474576272	0.4174603174603175	0.9830508474576272	miniprot_truncated	frameshift;stop_missing	chr7:64956683-64957216
CHS.50729.1	0.0	0.987878787878788	0.9627450980392156	0.987878787878788	miniprot_truncated	inframe_deletion;stop_missing	chr7:64957435-64957932
CHS.50729.1	0.0	0.9818181818181818	0.9607843137254902	0.9818181818181818	miniprot_truncated	inframe_deletion;stop_missing	chr7:64966548-64967045
CHS.50755.31	0.0	1.0	0.2066905615292712	1.0	miniprot_identical	synonymous	chr7:66040096-66040614
CHS.50786.5	0.0	1.0	0.05175983436853	1.0	miniprot_identical	synonymous	chr7:67374288-67374437
CHS.50967.17	0.0	1.0	0.175233644859813	1.0	miniprot_identical	synonymous	chr7:77175256-77175480
CHS.51240.31	0.0	0.7714285714285715	0.0626262626262626	0.7714285714285715	miniprot_truncated	frameshift;stop_missing	chr7:97945314-97945406
CHS.51299.8	0.0	1.0	0.532258064516129	1.0	miniprot_identical	synonymous	chr7:100725404-100726396
CHS.51455.1	0.0	0.994186046511628	0.8293075684380032	0.994186046511628	miniprot_truncated	inframe_deletion;stop_missing	chr7:103891326-103897331
CHS.51826.1	0.0	0.9846153846153848	0.2012383900928792	0.9846153846153848	miniprot_truncated	start_lost;inframe_deletion;stop_missing	chr7:130825308-130825505
CHS.51921.1	0.0	0.9945945945945946	0.2772772772772773	0.9945945945945946	miniprot_truncated	frameshift;stop_missing	chr7:136472292-136472849
CHS.170007.1	0.0	0.8666666666666667	0.9375	0.8666666666666667	miniprot_truncated	inframe_deletion;stop_codon_gain	chr7:144142735-144142782
CHS.170015.1	0.0	0.9333333333333332	0.9375	0.9333333333333332	miniprot_truncated	inframe_deletion;stop_missing	chr7:144152415-144152459
CHS.52208.14	0.0	0.996138996138996	0.3849975161450571	0.996138996138996	miniprot_truncated	frameshift;stop_missing	chr7:151515114-151515893
CHS.52622.2	0.0	1.0	0.56047197640118	1.0	miniprot_identical	synonymous	chr8:12581288-12583174
CHS.52624.7	0.0	1.0	0.6457142857142857	1.0	miniprot_identical	synonymous	chr8:11994063-11996159
CHS.52627.1	0.0	1.0	0.7289719626168224	1.0	miniprot_identical	synonymous	chr8:7216739-7218566
CHS.52628.1	0.0	1.0	0.6481481481481481	1.0	miniprot_identical	synonymous	chr8:11957771-11961598
CHS.52628.1	0.0	1.0	0.6481481481481481	1.0	miniprot_identical	synonymous	chr8:12498295-12502145
CHS.52630.3	0.0	0.992831541218638	0.5238993710691824	0.992831541218638	miniprot_truncated	frameshift;stop_missing	chr8:7259369-7261444
CHS.131257.0	0.0	0.980603448275862	0.9863799283154122	0.980603448275862	miniprot_truncated	inframe_deletion;stop_missing	chr8:12394307-12397317
CHS.131257.0	0.0	0.980603448275862	0.9870967741935484	0.980603448275862	miniprot_truncated	inframe_deletion;stop_missing	chr8:12432541-12435551
CHS.131258.0	0.0	0.9870689655172412	0.9913978494623656	0.9870689655172412	miniprot_truncated	inframe_deletion;stop_missing	chr8:11815502-11818512
CHS.131258.0	0.0	0.9849137931034484	0.9921146953405018	0.9849137931034484	miniprot_truncated	inframe_deletion;stop_missing	chr8:12417245-12420255
CHS.131258.0	0.0	0.9849137931034484	0.9921146953405018	0.9849137931034484	miniprot_truncated	inframe_deletion;stop_missing	chr8:12447832-12450842
CHS.131258.0	0.0	0.9849137931034484	0.9921146953405018	0.9849137931034484	miniprot_truncated	inframe_deletion;stop_missing	chr8:12386661-12389671
CHS.131258.0	0.0	0.9827586206896552	0.989247311827957	0.9827586206896552	miniprot_truncated	inframe_deletion;stop_missing	chr8:11884338-11887348
CHS.131255.0	0.0	0.9827586206896552	0.9899641577060933	0.9827586206896552	miniprot_truncated	inframe_deletion;stop_missing	chr8:7268610-7271620
CHS.131253.0	0.0	0.9827586206896552	0.9885304659498207	0.9827586206896552	miniprot_truncated	inframe_deletion;stop_missing	chr8:7322170-7325180
CHS.131253.0	0.0	0.980603448275862	0.9885304659498207	0.980603448275862	miniprot_truncated	inframe_deletion;stop_missing	chr8:7329821-7332831
CHS.131253.0	0.0	0.980603448275862	0.9885304659498207	0.980603448275862	miniprot_truncated	inframe_deletion;stop_missing	chr8:11777267-11780277
CHS.131253.0	0.0	0.980603448275862	0.989247311827957	0.980603448275862	miniprot_truncated	inframe_deletion;stop_missing	chr8:11876686-11879696
CHS.131253.0	0.0	0.980603448275862	0.9885304659498207	0.980603448275862	miniprot_truncated	inframe_deletion;stop_missing	chr8:11869043-11872053
CHS.131253.0	0.0	0.980603448275862	0.9885304659498207	0.980603448275862	miniprot_truncated	inframe_deletion;stop_missing	chr8:11861390-11864400
CHS.131253.0	0.0	0.980603448275862	0.9885304659498207	0.980603448275862	miniprot_truncated	inframe_deletion;stop_missing	chr8:11853747-11856757
CHS.131253.0	0.0	0.980603448275862	0.989247311827957	0.980603448275862	miniprot_truncated	inframe_deletion;stop_missing	chr8:11846099-11849109
CHS.131253.0	0.0	0.980603448275862	0.9885304659498207	0.980603448275862	miniprot_truncated	inframe_deletion;stop_missing	chr8:11784915-11787925
CHS.52719.1	0.0	0.6037441497659907	0.2681912681912682	0.6037441497659907	miniprot_truncated	frameshift;start_lost;stop_missing	chr8:8814205-8841084
CHS.52770.2	0.0	0.9966216216216216	0.3674573449854348	0.9966216216216216	miniprot_truncated	inframe_deletion;stop_missing	chr8:7540527-7550956
CHS.52983.27	0.0	1.0	0.0514479359211337	1.0	miniprot_identical	synonymous	chr8:23846221-23846721
CHS.53038.6	0.0	0.9969230769230768	0.4157063593683312	0.9969230769230768	miniprot_truncated	frameshift	chr8:27135970-27141822
CHS.53416.4	0.0	0.9276315789473684	0.2748538011695906	0.9276315789473684	miniprot_truncated	frameshift;start_lost;stop_missing	chr8:54331470-54335854
CHS.53492.2	0.0	1.0	0.3312444046553268	1.0	miniprot_identical	synonymous	chr8:58567747-58568859
CHS.53626.3	0.0	1.0	0.272180881511162	1.0	miniprot_identical	synonymous	chr8:67089858-67092713
CHS.53669.15	0.0	1.0	0.1857529305680793	1.0	miniprot_identical	synonymous	chr8:71162408-71163025
CHS.55431.10	0.0	1.0	0.0776545166402535	1.0	miniprot_identical	synonymous	chr9:36184382-36184528
CHS.55464.5	0.0	1.0	0.3183391003460207	1.0	miniprot_identical	synonymous	chr9:37615961-37616239
CHS.141417.1	0.0	0.7729257641921398	0.4490466798159105	0.7729257641921398	miniprot_truncated	frameshift;stop_missing	chr9:80167538-80168225
CHS.56089.1	0.0	1.0	0.0794270833333333	1.0	miniprot_identical	synonymous	chr9:105278841-105279725
CHS.56122.1	0.0	1.0	0.4507658643326039	1.0	miniprot_identical	synonymous	chr9:106468124-106469362
CHS.56507.3	0.0	1.0	0.4779319041614123	1.0	miniprot_identical	synonymous	chr9:125168874-125170013
CHS.56796.3	0.0	1.0	0.5560652395514781	1.0	miniprot_identical	synonymous	chr9:139651052-139652146
CHS.56797.1	0.0	0.9803921568627452	0.1736111111111111	0.9803921568627452	miniprot_truncated	frameshift	chr22:23950929-23951081
CHS.56812.24	0.0	1.0	0.171434131153921	1.0	miniprot_identical	synonymous	chr9:139937968-139938849
CHS.5390.2	0.0	0.9937888198757764	0.38714859437751	0.9937888198757764	miniprot_truncated	frameshift;stop_missing	chr10:5376992-5377477
CHS.6093.1	0.0	0.982570806100218	0.1448165869218501	0.982570806100218	miniprot_truncated	frameshift	chr10:48682429-48683814
CHS.6124.1	0.0	1.0	0.2266666666666666	1.0	miniprot_identical	synonymous	chr10:87908223-87908309
CHS.6124.1	0.0	1.0	0.232	1.0	miniprot_identical	synonymous	chr10:47259466-47259552
CHS.6170.6	0.0	1.0	0.4766110565914295	1.0	miniprot_identical	synonymous	chr10:50858372-50859829
CHS.6480.1	0.0	1.0	0.1063829787234042	1.0	miniprot_identical	synonymous	chr10:73742830-73757203
CHS.6534.12	0.0	1.0	0.1953290870488322	1.0	miniprot_identical	synonymous	chr10:75981653-75982656
CHS.6644.16	0.0	0.5	0.2764227642276423	0.5	miniprot_truncated	frameshift;start_lost;stop_missing	chr10:83824835-83858981
CHS.6736.7	0.0	0.5523809523809524	0.240919540229885	0.5523809523809524	miniprot_truncated	frameshift;stop_missing	chr10:89456995-89467264
CHS.6848.8	0.0	1.0	0.1798063623789765	1.0	miniprot_identical	synonymous	chr10:94676328-94676717
CHS.7696.12	0.0	1.0	0.351010101010101	1.0	miniprot_identical	synonymous	chr11:534019-536396
CHS.7860.13	0.0	0.9876543209876544	0.1410934744268077	0.9876543209876544	miniprot_truncated	start_lost;inframe_deletion	chr11:3890347-3890785
CHS.7864.33	0.0	1.0	0.182258064516129	1.0	miniprot_identical	synonymous	chr11:4148670-4157063
CHS.7936.1	0.0	0.9937694704049844	0.7191011235955056	0.9937694704049844	miniprot_truncated	frameshift;stop_missing	chr11:5878135-5879100
CHS.8224.14	0.0	0.9382716049382716	0.1078293483356774	0.9382716049382716	miniprot_truncated	frameshift;stop_missing	chr11:18362415-18364861
CHS.8249.1	0.0	1.0	0.6407702523240372	1.0	miniprot_identical	synonymous	chr11:19053966-19054934
CHS.8761.1	0.0	1.0	0.3734939759036144	1.0	miniprot_identical	synonymous	chr11:58128866-58129798
CHS.8839.1	0.0	0.9976076555023924	0.4004474272930649	0.9976076555023924	miniprot_truncated	frameshift	chr11:60366987-60368240
CHS.9090.5	0.0	1.0	0.3153846153846154	1.0	miniprot_identical	synonymous	chr11:65037764-65038009
CHS.9233.1	0.0	0.965034965034965	0.3740053050397878	0.965034965034965	miniprot_truncated	frameshift;stop_missing	chr11:66672905-66673327
CHS.9744.2	0.0	1.0	0.3152654867256637	1.0	miniprot_identical	synonymous	chr11:94095358-94097756
CHS.9763.1	0.0	1.0	0.5315040650406504	1.0	miniprot_identical	synonymous	chr11:95004385-95005956
CHS.141911.2	0.0	0.983358547655068	0.7859143657462985	0.983358547655068	miniprot_truncated	frameshift;stop_missing	chr19:30157186-30159168
CHS.9946.3	0.0	0.9915254237288136	0.6742857142857143	0.9915254237288136	miniprot_truncated	frameshift;start_lost;stop_missing	chr11:111294252-111296237
CHS.10019.25	0.0	1.0	0.1129032258064516	1.0	miniprot_identical	synonymous	chr11:114322637-114322846
CHS.10326.10	0.0	0.9497206703910616	0.2408450704225352	0.9497206703910616	miniprot_truncated	frameshift;stop_missing	chr11:124828539-124829051
CHS.10338.46	0.0	1.0	0.152135231316726	1.0	miniprot_identical	synonymous	chr11:125440539-125460089
CHS.10624.16	0.0	1.0	0.2919331911869225	1.0	miniprot_identical	synonymous	chr12:549243-557417
CHS.166673.4	0.0	1.0	0.264297385620915	1.0	miniprot_identical	synonymous	chr12:12930079-12954116
CHS.166414.1	0.0	1.0	0.4625078764965343	1.0	miniprot_identical	synonymous	chr12:14700301-14701038
CHS.11469.1	0.0	1.0	0.561038961038961	1.0	miniprot_identical	synonymous	chr12:47195840-47197138
CHS.11569.2	0.0	0.97196261682243	0.1056744818212708	0.97196261682243	miniprot_truncated	inframe_deletion;stop_missing	chr12:49500649-49500960
CHS.11598.2	0.0	1.0	0.2511013215859031	1.0	miniprot_identical	synonymous	chr12:50083134-50083307
CHS.11909.36	0.0	1.0	0.2	1.0	miniprot_identical	synonymous	chr12:56755020-56755226
CHS.12137.1	0.0	1.0	0.2231005709266579	1.0	miniprot_identical	synonymous	chr12:69547939-69553863
CHS.12164.11	0.0	1.0	0.2263759086188992	1.0	miniprot_identical	synonymous	chr12:71557793-71562239
CHS.12456.2	0.0	0.9047619047619048	0.360759493670886	0.9047619047619048	miniprot_truncated	frameshift;stop_missing	chr12:94983443-94984386
CHS.12885.16	0.0	1.0	0.2198952879581152	1.0	miniprot_identical	synonymous	chr12:116557139-116557516
CHS.12900.5	0.0	1.0	0.0471502590673575	1.0	miniprot_identical	synonymous	chr12:116862100-116862375
CHS.13195.1	0.0	1.0	0.1252566735112936	1.0	miniprot_identical	synonymous	chr12:127156359-127156910
CHS.13624.9	0.0	1.0	0.1740696278511404	1.0	miniprot_identical	synonymous	chr13:25894074-25899794
CHS.13650.4	0.0	0.946808510638298	0.1268758526603001	0.946808510638298	miniprot_truncated	frameshift;start_lost;stop_missing	chr13:26886779-26887063
CHS.13738.8	0.0	1.0	0.0665813060179257	1.0	miniprot_identical	synonymous	chr13:30546921-30552837
CHS.13810.5	0.0	1.0	0.2225352112676056	1.0	miniprot_identical	synonymous	chr13:36214624-36218496
CHS.13848.4	0.0	0.645	0.1946545637922339	0.645	miniprot_truncated	frameshift;stop_missing	chr13:38819299-38819685
CHS.13932.1	0.0	1.0	0.2098765432098765	1.0	miniprot_identical	synonymous	chr13:43380367-43380621
CHS.165976.1	0.0	0.975438596491228	0.4143070044709389	0.975438596491228	miniprot_truncated	frameshift;stop_missing	chr13:43794194-43795861
CHS.14042.1	0.0	1.0	0.2121397915389331	1.0	miniprot_identical	synonymous	chr13:47927078-47928118
CHS.14664.11	0.0	0.8243243243243243	0.0985824742268041	0.8243243243243243	miniprot_truncated	frameshift;stop_missing	chr13:107091723-107092640
CHS.14805.14	0.0	1.0	0.1712765957446808	1.0	miniprot_identical	synonymous	chr13:112423295-112423777
CHS.172080.1	0.0	0.05	0.9365079365079364	0.05	miniprot_truncated	inframe_deletion;stop_codon_gain	chr14:16717720-16717779
CHS.15005.3	0.0	0.9102564102564102	0.4897959183673469	0.9102564102564102	miniprot_truncated	frameshift;stop_missing	chr14:16786669-16786884
CHS.166250.2	0.0	1.0	0.2472727272727272	1.0	miniprot_identical	synonymous	chr14:25654777-25654983
CHS.15360.1	0.0	1.0	0.3083929733246584	1.0	miniprot_identical	synonymous	chr14:36077394-36079150
CHS.15566.1	0.0	1.0	0.6370967741935484	1.0	miniprot_identical	synonymous	chr14:49556142-49558277
CHS.15633.24	0.0	0.9952380952380953	0.0417831004657352	0.9952380952380953	miniprot_truncated	frameshift	chr14:53690616-53691248
CHS.15820.16	0.0	1.0	0.0651358950328022	1.0	miniprot_identical	synonymous	chr14:63916380-63918645
CHS.15977.6	0.0	1.0	0.2547770700636942	1.0	miniprot_identical	synonymous	chr14:70291822-70292763
CHS.16238.10	0.0	0.936842105263158	0.4523809523809524	0.936842105263158	miniprot_truncated	frameshift;start_lost;stop_missing	chr14:88328031-88329858
CHS.16301.3	0.0	1.0	0.05	1.0	miniprot_identical	synonymous	chr14:90154326-90154472
CHS.172392.1	0.0	0.9047619047619048	0.8939393939393939	0.9047619047619048	miniprot_truncated	inframe_deletion;stop_missing	chr14:100134754-100134816
CHS.172433.1	0.0	0.4444444444444444	0.9833333333333332	0.4444444444444444	miniprot_truncated	inframe_deletion;stop_codon_gain	chr16:32425989-32426285
CHS.142471.1	0.0	0.9924242424242424	0.6840277777777778	0.9924242424242424	miniprot_truncated	inframe_deletion;stop_missing	chr15:19310184-19344566
CHS.16758.1	0.0	0.998502994011976	0.5183747412008282	0.998502994011976	miniprot_truncated	frameshift;stop_missing	chr15:20812553-20820534
CHS.16888.4	0.0	0.9942528735632185	0.1090871021775544	0.9942528735632185	miniprot_truncated	inframe_deletion	chr15:30241644-30242427
CHS.16900.1	0.0	0.9526627218934912	0.3974663499604117	0.9526627218934912	miniprot_truncated	frameshift;start_lost;stop_missing	chr15:28594485-28596125
CHS.16958.1	0.0	1.0	0.2916666666666667	1.0	miniprot_identical	synonymous	chr15:31860908-31862506
CHS.17099.3	0.0	0.9390243902439024	0.5342465753424658	0.9390243902439024	miniprot_truncated	frameshift;start_lost;stop_missing	chr15:38162925-38163161
CHS.17688.10	0.0	0.9972222222222222	0.2426900584795321	0.9972222222222222	miniprot_truncated	inframe_deletion;stop_missing	chr15:67083733-67091707
CHS.142580.1	0.0	0.9986282578875172	0.8678571428571429	0.9986282578875172	miniprot_truncated	frameshift;stop_missing	chr15:71193223-71195498
CHS.17868.10	0.0	0.972972972972973	0.0675300647548566	0.972972972972973	miniprot_truncated	frameshift;stop_missing	chr15:72776463-72776681
CHS.17925.34	0.0	0.8648648648648649	0.0930851063829787	0.8648648648648649	miniprot_truncated	frameshift;start_lost;stop_missing	chr15:73879916-73880020
CHS.18044.10	0.0	0.9863013698630136	0.2136498516320474	0.9863013698630136	miniprot_truncated	frameshift;stop_missing	chr15:78853220-78853435
CHS.142603.1	0.0	0.9940828402366864	0.3917445482866044	0.9940828402366864	miniprot_truncated	frameshift;stop_missing	chr15:82117153-82118378
CHS.142603.1	0.0	0.9940828402366864	0.3925233644859813	0.9940828402366864	miniprot_truncated	frameshift;stop_missing	chr15:80308952-80310178
CHS.18988.10	0.0	0.971830985915493	0.2313147845062738	0.971830985915493	miniprot_truncated	frameshift;stop_missing	chr16:4795000-4795425
CHS.19025.2	0.0	0.970873786407767	0.5490196078431373	0.970873786407767	miniprot_truncated	frameshift;stop_missing	chr16:8621726-8622359
CHS.19079.3	0.0	1.0	0.2043010752688172	1.0	miniprot_identical	synonymous	chr16:10977695-10977982
CHS.19292.15	0.0	1.0	0.0701030927835051	1.0	miniprot_identical	synonymous	chr16:20854929-20855030
CHS.19351.3	0.0	1.0	0.2922636103151863	1.0	miniprot_identical	synonymous	chr16:23192736-23193347
CHS.19380.33	0.0	1.0	0.3544086021505376	1.0	miniprot_identical	synonymous	chr16:25186734-25191162
CHS.19403.7	0.0	0.9949238578680204	0.7609819121447028	0.9949238578680204	miniprot_truncated	inframe_deletion;stop_missing	chr16:26412002-26412592
CHS.19446.12	0.0	0.972972972972973	0.5057471264367817	0.972972972972973	miniprot_truncated	inframe_deletion	chr16:28803324-28803667
CHS.142697.1	0.0	1.0	0.8418079096045198	1.0	miniprot_identical	synonymous	chr16:28644791-28646607
CHS.19655.2	0.0	0.9979508196721312	0.4417270531400966	0.9979508196721312	miniprot_truncated	inframe_deletion	chr16:32302474-32303937
CHS.20155.37	0.0	1.0	0.5097529258777633	1.0	miniprot_identical	synonymous	chr16:73621753-73623775
CHS.20228.2	0.0	0.984304932735426	0.6495349975526187	0.984304932735426	miniprot_truncated	frameshift;stop_missing	chr16:80341359-80353624
CHS.20230.22	0.0	0.9917763157894736	0.2012850337875263	0.9917763157894736	miniprot_truncated	inframe_deletion	chr16:80256578-80282974
CHS.20230.56	0.0	0.9971830985915492	0.1231304347826087	0.9971830985915492	miniprot_truncated	frameshift	chr16:80370980-80385199
CHS.20233.20	0.0	1.0	0.1417218543046357	1.0	miniprot_identical	synonymous	chr16:75769190-75770413
CHS.20438.2	0.0	0.9942196531791908	0.3288461538461538	0.9942196531791908	miniprot_truncated	inframe_deletion;stop_missing	chr19:23995344-23995865
CHS.21271.1	0.0	0.998062015503876	0.4503639010189229	0.998062015503876	miniprot_truncated	frameshift	chr17:8135078-8154257
CHS.21309.15	0.0	0.9473684210526316	0.45	0.9473684210526316	miniprot_truncated	frameshift;stop_missing	chr17:9452844-9483504
CHS.21369.10	0.0	0.9903381642512076	0.1372418387741505	0.9903381642512076	miniprot_truncated	frameshift;start_lost;stop_missing	chr17:14251204-14251821
CHS.21422.2	0.0	0.967741935483871	0.0734597156398104	0.967741935483871	miniprot_truncated	frameshift;stop_missing	chr17:15901718-15901810
CHS.21512.18	0.0	0.992619926199262	0.5277234181343771	0.992619926199262	miniprot_truncated	frameshift;stop_missing	chr17:16724167-16741616
CHS.142851.1	0.0	1.0	0.1832959641255605	1.0	miniprot_identical	synonymous	chr17:20945122-20947089
CHS.21957.10	0.0	1.0	0.2696629213483146	1.0	miniprot_identical	synonymous	chr17:37384505-37385927
CHS.21988.4	0.0	1.0	0.4024390243902439	1.0	miniprot_identical	synonymous	chr17:38498956-38499552
CHS.22036.4	0.0	1.0	0.1143317230273752	1.0	miniprot_identical	synonymous	chr17:39704235-39704447
CHS.22237.14	0.0	1.0	0.1695108077360637	1.0	miniprot_identical	synonymous	chr17:42821536-42821982
CHS.22742.2	0.0	1.0	0.2039473684210526	1.0	miniprot_identical	synonymous	chr17:56387148-56387429
CHS.23185.4	0.0	1.0	0.1608072916666666	1.0	miniprot_identical	synonymous	chr17:75262777-75263271
CHS.23336.20	0.0	1.0	0.2716981132075471	1.0	miniprot_identical	synonymous	chr17:77630315-77630673
CHS.23587.12	0.0	1.0	0.1394422310756972	1.0	miniprot_identical	synonymous	chr17:82889916-82890020
CHS.23649.1	0.0	0.9945054945054944	0.922165820642978	0.9945054945054944	miniprot_truncated	frameshift;stop_missing	chr17:83961119-83961667
CHS.23650.25	0.0	0.4102564102564102	0.5818692902319045	0.4102564102564102	miniprot_truncated	frameshift;start_lost;stop_codon_gain	chr17:83888294-83925819
CHS.24303.2	0.0	1.0	0.1056283731688512	1.0	miniprot_identical	synonymous	chr18:23447106-23451467
CHS.24963.1	0.0	0.999031007751938	0.6252022653721683	0.999031007751938	miniprot_truncated	frameshift;stop_missing	chr18:75514926-75518024
CHS.25065.48	0.0	0.9852941176470588	0.0838548185231539	0.9852941176470588	miniprot_truncated	frameshift;stop_missing	chr18:80226294-80226494
CHS.25264.5	0.0	0.8857142857142857	0.2007797270955165	0.8857142857142857	miniprot_truncated	frameshift;start_lost;stop_missing	chr19:2302052-2302156
CHS.25429.7	0.0	1.0	0.0714285714285714	1.0	miniprot_identical	synonymous	chr19:5554346-5554606
CHS.25629.1	0.0	1.0	0.0988700564971751	1.0	miniprot_identical	synonymous	chr19:9975260-9975364
CHS.25967.3	0.0	1.0	0.2219419924337957	1.0	miniprot_identical	synonymous	chr19:16291332-16291859
CHS.25993.7	0.0	0.8367346938775511	0.0960187353629976	0.8367346938775511	miniprot_truncated	frameshift;stop_missing	chr19:16794185-16794902
CHS.26223.2	0.0	1.0	0.3703422053231939	1.0	miniprot_identical	synonymous	chr19:22226374-22227837
CHS.26275.3	0.0	1.0	0.4322289156626506	1.0	miniprot_identical	synonymous	chr19:24276445-24278169
CHS.26570.2	0.0	0.9979508196721312	0.4618055555555556	0.9979508196721312	miniprot_truncated	frameshift;stop_missing	chr19:39552514-39553980
CHS.26573.10	0.0	1.0	0.4702743902439024	1.0	miniprot_identical	synonymous	chr19:39802179-39804032
CHS.26732.14	0.0	1.0	0.0943708609271523	1.0	miniprot_identical	synonymous	chr19:43046800-43047141
CHS.27056.16	0.0	0.9495798319327732	0.5621890547263682	0.9495798319327732	miniprot_truncated	frameshift;start_lost;stop_missing	chr19:48987786-48988460
CHS.134949.1	0.0	0.9967948717948718	0.3529856386999244	0.9967948717948718	miniprot_truncated	inframe_deletion;stop_missing	chr19:59661484-59662422
CHS.27774.22	0.0	1.0	0.1576500422654269	1.0	miniprot_identical	synonymous	chr19:61308013-61309605
CHS.32928.8	0.0	0.9836065573770492	0.1229219143576826	0.9836065573770492	miniprot_truncated	frameshift;start_lost	chr20:10665662-10666393
CHS.32971.1	0.0	1.0	0.0718954248366013	1.0	miniprot_identical	synonymous	chr20:13342310-13342804
CHS.33028.10	0.0	0.998211091234347	0.7380008806693087	0.998211091234347	miniprot_truncated	frameshift;stop_missing	chr20:18366225-18367904
CHS.33307.39	0.0	1.0	0.5339354132457581	1.0	miniprot_identical	synonymous	chr20:34156185-34162200
CHS.33359.12	0.0	1.0	0.1413881748071979	1.0	miniprot_identical	synonymous	chr20:35992118-35992282
CHS.33374.14	0.0	1.0	0.3056994818652849	1.0	miniprot_identical	synonymous	chr20:36644004-36647868
CHS.143312.1	0.0	0.9916434540389972	0.2292202227934875	0.9916434540389972	miniprot_truncated	start_lost;inframe_deletion;stop_missing	chr21:41747681-41748754
CHS.34303.4	0.0	0.9669669669669668	0.1647940074906367	0.9669669669669668	miniprot_truncated	inframe_deletion;stop_missing	chr21:32787869-32788840
CHS.34339.1	0.0	1.0	0.0344827586206896	1.0	miniprot_identical	synonymous	chr13:5279471-5280466
CHS.34339.1	0.0	1.0	0.0344827586206896	1.0	miniprot_identical	synonymous	chr15:1791307-1792284
CHS.34339.1	0.0	0.9914529914529916	0.034286275665586	0.9914529914529916	miniprot_truncated	start_lost;inframe_deletion	chr21:7543846-7544789
CHS.34339.1	0.0	0.9914529914529916	0.034286275665586	0.9914529914529916	miniprot_truncated	start_lost;inframe_deletion	chr22:10576539-10577482
CHS.34339.1	0.0	0.9914529914529916	0.034286275665586	0.9914529914529916	miniprot_truncated	start_lost;inframe_deletion	chr14:5746433-5747376
CHS.143381.1	0.0	0.982608695652174	0.7628635346756152	0.982608695652174	miniprot_truncated	inframe_deletion;stop_missing	chr22:11294096-11296373
CHS.35238.11	0.0	0.9690721649484536	0.313034188034188	0.9690721649484536	miniprot_truncated	frameshift;stop_missing	chr22:20700939-20701311
CHS.174550.1	0.0	0.2105263157894736	0.9479166666666666	0.2105263157894736	miniprot_truncated	frameshift;stop_missing	chr22:23197282-23197565
CHS.174570.1	0.0	1.0	0.9230769230769232	1.0	miniprot_identical	synonymous	chr22:23344308-23344343
CHS.36023.3	0.0	1.0	0.2368	1.0	miniprot_identical	synonymous	chr22:43624059-43624502
CHS.143466.1	0.0	1.0	0.5531697341513292	1.0	miniprot_identical	synonymous	chrY:1255896-1260300
CHS.57438.2	0.0	1.0	0.4472383408553621	1.0	miniprot_identical	synonymous	chrY:2165379-2167463
CHS.57565.1	0.0	1.0	0.2964601769911504	1.0	miniprot_identical	synonymous	chrX:13290143-13290748
CHS.57733.3	0.0	1.0	0.4996041171813143	1.0	miniprot_identical	synonymous	chrX:27337683-27339581
CHS.57742.4	0.0	0.6278735632183908	0.362655601659751	0.6278735632183908	miniprot_truncated	frameshift;start_lost;stop_missing	chrX:29509638-29548001
CHS.57854.1	0.0	0.9852941176470588	0.5120087336244541	0.9852941176470588	miniprot_truncated	frameshift;start_lost;stop_missing	chrX:40877578-40878987
CHS.57921.5	0.0	1.0	0.4854260089686099	1.0	miniprot_identical	synonymous	chrX:46820581-46823472
CHS.58018.1	0.0	0.9396551724137931	0.6200716845878136	0.9396551724137931	miniprot_truncated	frameshift;stop_missing	chrX:48906490-48910123
CHS.58037.2	0.0	1.0	0.2065491183879093	1.0	miniprot_identical	synonymous	chrX:50767243-50767737
CHS.58071.1	0.0	1.0	0.0544412607449856	1.0	miniprot_identical	synonymous	chrX:52410519-52410749
CHS.58087.9	0.0	0.9789915966386554	0.628032345013477	0.9789915966386554	miniprot_truncated	frameshift;stop_missing	chrX:53472389-53473087
CHS.58136.1	0.0	1.0	0.0422535211267605	1.0	miniprot_identical	synonymous	chrX:56978908-56979045
CHS.58156.23	0.0	1.0	0.3032281465360899	1.0	miniprot_identical	synonymous	chrX:63915247-63929654
CHS.58426.5	0.0	0.9375	0.0453929539295392	0.9375	miniprot_truncated	inframe_deletion;stop_missing	chrX:99792651-99792785
CHS.58516.3	0.0	1.0	0.5072886297376094	1.0	miniprot_identical	synonymous	chrX:104637414-104639504
CHS.58524.2	0.0	0.970954356846473	0.1047917599641737	0.970954356846473	miniprot_truncated	frameshift;stop_missing	chrX:105549916-105555061
CHS.131107.1	0.0	1.0	0.2537313432835821	1.0	miniprot_identical	synonymous	chrX:106230957-106231418
CHS.58579.1	0.0	1.0	0.287037037037037	1.0	miniprot_identical	synonymous	chrX:110904841-110905773
CHS.58797.7	0.0	0.512987012987013	0.2281588447653429	0.512987012987013	miniprot_truncated	frameshift;stop_missing	chrX:131281521-131283316
CHS.58837.3	0.0	1.0	0.0830670926517571	1.0	miniprot_identical	synonymous	chrX:133423765-133424001
CHS.143556.1	0.0	1.0	0.9969325153374232	1.0	miniprot_identical	synonymous	chrY:103021-104724
CHS.59191.1	0.0	0.974025974025974	0.7763496143958869	0.974025974025974	miniprot_truncated	frameshift;stop_missing	chrY:9146605-9148455
CHS.59191.1	0.0	0.974025974025974	0.7763496143958869	0.974025974025974	miniprot_truncated	frameshift;stop_missing	chrY:9126322-9128172
CHS.59191.1	0.0	0.974025974025974	0.7763496143958869	0.974025974025974	miniprot_truncated	frameshift;stop_missing	chrY:9613251-9615101
CHS.59191.1	0.0	0.974025974025974	0.7772065124250214	0.974025974025974	miniprot_truncated	frameshift;stop_missing	chrY:9410317-9412167
CHS.59191.1	0.0	0.974025974025974	0.7772065124250214	0.974025974025974	miniprot_truncated	frameshift;stop_missing	chrY:9390025-9391875
CHS.59191.1	0.0	0.974025974025974	0.7763496143958869	0.974025974025974	miniprot_truncated	frameshift;stop_missing	chrY:9329152-9331002
CHS.59191.1	0.0	0.974025974025974	0.7763496143958869	0.974025974025974	miniprot_truncated	frameshift;stop_missing	chrY:9248017-9249867
CHS.59191.1	0.0	0.974025974025974	0.7763496143958869	0.974025974025974	miniprot_truncated	frameshift;stop_missing	chrY:9207457-9209307
CHS.59191.1	0.0	0.974025974025974	0.7763496143958869	0.974025974025974	miniprot_truncated	frameshift;stop_missing	chrY:9106045-9107895
CHS.59191.1	0.0	0.974025974025974	0.7763496143958869	0.974025974025974	miniprot_truncated	frameshift;stop_missing	chrY:9085765-9087615
CHS.59191.1	0.0	0.974025974025974	0.7763496143958869	0.974025974025974	miniprot_truncated	frameshift;stop_missing	chrY:9816288-9818138
CHS.59191.1	0.0	0.974025974025974	0.7763496143958869	0.974025974025974	miniprot_truncated	frameshift;stop_missing	chrY:9775652-9777502
CHS.59191.1	0.0	0.974025974025974	0.7772065124250214	0.974025974025974	miniprot_truncated	frameshift;stop_missing	chrY:9735065-9736915
CHS.59191.1	0.0	0.974025974025974	0.7763496143958869	0.974025974025974	miniprot_truncated	frameshift;stop_missing	chrY:9227734-9229584
CHS.59191.4	0.0	0.9930555555555556	0.7407407407407407	0.9930555555555556	miniprot_truncated	frameshift;stop_missing	chrY:9572637-9574452
CHS.59229.2	0.0	0.9966666666666668	0.7539882451721243	0.9966666666666668	miniprot_truncated	frameshift;stop_missing	chrY:9653868-9655701
CHS.59231.2	0.0	0.9965986394557824	0.7510656436487638	0.9965986394557824	miniprot_truncated	frameshift;stop_missing	chrY:8943673-8945488
CHS.59231.2	0.0	0.9931972789115646	0.7502131287297528	0.9931972789115646	miniprot_truncated	frameshift;stop_missing	chrY:8984308-8986123
CHS.59236.1	0.0	0.9931972789115646	0.7485080988917306	0.9931972789115646	miniprot_truncated	frameshift;stop_missing	chrY:9511774-9513589
CHS.131309.1	0.0	0.9745222929936306	0.7845631891433418	0.9745222929936306	miniprot_truncated	frameshift;stop_missing	chrY:9045212-9047080
CHS.57373.1	0.0	0.9156626506024096	0.3543543543543543	0.9156626506024096	miniprot_truncated	frameshift;stop_missing	chr13:5296742-5316822
CHS.57376.1	0.0	0.9274193548387096	0.7573839662447257	0.9274193548387096	miniprot_truncated	frameshift;stop_missing	chr14:2929123-2929497
CHS.143576.3	0.0	0.971802618328298	0.62143310082435	0.971802618328298	miniprot_truncated	inframe_deletion;stop_missing	chr14:29183-32164
CHS.143576.3	0.0	0.971802618328298	0.62143310082435	0.971802618328298	miniprot_truncated	inframe_deletion;stop_missing	chr14:60581-63562
CHS.143576.3	0.0	0.971802618328298	0.62143310082435	0.971802618328298	miniprot_truncated	inframe_deletion;stop_missing	chr14:85709-88690
CHS.143576.3	0.0	0.971802618328298	0.62143310082435	0.971802618328298	miniprot_truncated	inframe_deletion;stop_missing	chr14:54303-57284
CHS.143576.3	0.0	0.971802618328298	0.62143310082435	0.971802618328298	miniprot_truncated	inframe_deletion;stop_missing	chr14:35463-38444
CHS.143576.3	0.0	0.971802618328298	0.62143310082435	0.971802618328298	miniprot_truncated	inframe_deletion;stop_missing	chr14:91989-94970
CHS.143576.3	0.0	0.971802618328298	0.62143310082435	0.971802618328298	miniprot_truncated	inframe_deletion;stop_missing	chr14:66861-69842
CHS.143576.3	0.0	0.9748237663645518	0.62143310082435	0.9748237663645518	miniprot_truncated	inframe_deletion;stop_missing	chr22:146284-149265
CHS.143576.3	0.0	0.9748237663645518	0.6216444726273516	0.9748237663645518	miniprot_truncated	inframe_deletion;stop_missing	chr22:95234-98215
CHS.143576.3	0.0	0.9748237663645518	0.62143310082435	0.9748237663645518	miniprot_truncated	inframe_deletion;stop_missing	chr22:107959-110940
CHS.143576.3	0.0	0.9748237663645518	0.62143310082435	0.9748237663645518	miniprot_truncated	inframe_deletion;stop_missing	chr22:82521-85502
CHS.143576.3	0.0	0.648539778449144	0.6231240752483619	0.648539778449144	miniprot_truncated	inframe_deletion;stop_codon_gain	chr14:161065-164046
CHS.143576.3	0.0	0.971802618328298	0.6216444726273516	0.971802618328298	miniprot_truncated	inframe_deletion;stop_missing	chr14:179954-182935
CHS.143576.3	0.0	0.1711983887210473	0.621855844430353	0.1711983887210473	miniprot_truncated	inframe_deletion;stop_codon_gain	chr14:186239-189220
CHS.143576.3	0.0	0.9697885196374624	0.6203762418093426	0.9697885196374624	miniprot_truncated	inframe_deletion;stop_missing	chr14:41743-44724
CHS.143576.3	0.0	0.9697885196374624	0.6210103572183471	0.9697885196374624	miniprot_truncated	inframe_deletion;stop_missing	chr14:198803-201784
CHS.143576.3	0.0	0.9687814702920444	0.6207989854153456	0.9687814702920444	miniprot_truncated	inframe_deletion;stop_missing	chr14:148497-151478
CHS.143576.3	0.0	0.9677744209466264	0.6205876136123442	0.9677744209466264	miniprot_truncated	inframe_deletion;stop_missing	chr14:205079-208060
CHS.143576.3	0.0	0.9697885196374624	0.6210103572183471	0.9697885196374624	miniprot_truncated	inframe_deletion;stop_missing	chr14:142221-145202
CHS.143576.3	0.0	0.9697885196374624	0.6210103572183471	0.9697885196374624	miniprot_truncated	inframe_deletion;stop_missing	chr14:117106-120087
CHS.143576.3	0.0	0.9697885196374624	0.6210103572183471	0.9697885196374624	miniprot_truncated	inframe_deletion;stop_missing	chr14:104548-107529
CHS.143576.3	0.0	0.0956696878147029	0.6207989854153456	0.0956696878147029	miniprot_truncated	inframe_deletion;stop_codon_gain	chr14:22903-25884
CHS.143576.3	0.0	0.6455186304128903	0.6224899598393574	0.6455186304128903	miniprot_truncated	inframe_deletion;stop_codon_gain	chr14:217643-220624
CHS.143576.3	0.0	0.9667673716012084	0.6201648700063411	0.9667673716012084	miniprot_truncated	inframe_deletion;stop_missing	chr14:192527-195508
CHS.143576.3	0.0	0.0956696878147029	0.6205876136123442	0.0956696878147029	miniprot_truncated	inframe_deletion;stop_codon_gain	chr14:79429-82410
CHS.143576.3	0.0	0.1701913393756294	0.6212217290213485	0.1701913393756294	miniprot_truncated	inframe_deletion;stop_codon_gain	chr14:211352-214333
CHS.143576.3	0.0	0.1701913393756294	0.6212217290213485	0.1701913393756294	miniprot_truncated	inframe_deletion;stop_codon_gain	chr14:154770-157751
CHS.126711.1	0.0	1.0	0.3121998078770413	1.0	miniprot_identical	synonymous	chr13:12793998-12794327
