-------------- SCENARIOS ------------
LiftOn best						15808
Liftoff best					0
miniprot best					0
LiftOn worse than Liftoff only	0
LiftOn worse than miniprot only	0
LiftOn worst					0
LiftOn equal to Liftoff only	16602
LiftOn equal to miniprot only	507
All equal						123671
Total counts					156588

----------------- ALL ---------------
lifton=liftoff=miniprot	123671
lifton>liftoff=miniprot	12316
lifton>liftoff>miniprot	3228
lifton>miniprot>liftoff	264
lifton=liftoff>miniprot	16602
lifton=miniprot>liftoff	507
liftoff>lifton>miniprot	0
miniprot>lifton>liftoff	0
liftoff>lifton=miniprot	0
miniprot>lifton=liftoff	0
liftoff=miniprot>lifton	0
liftoff>miniprot>lifton	0
miniprot>liftoff>lifton	0
all						156588

----------------- RAW ---------------
lifton_score>liftoff_score	16315
lifton_score=liftoff_score	140273
lifton_score>miniprot_score	32410
lifton_score=miniprot_score	124178
liftoff_score>lifton_score	0
liftoff_score=lifton_score	140273
liftoff_score>miniprot_score	19830
liftoff_score=miniprot_score	135987
miniprot_score>lifton_score	0
miniprot_score=lifton_score	124178
miniprot_score>liftoff_score	771
miniprot_score=liftoff_score	135987
