rna-NM_104070.2	0.6841463414634147	0.9961290322580644	0.9950310559006212	0.9961290322580644	LiftOn_chaining_algorithm	frameshift	CP096024.1:21422045-21425134
rna-NM_105209.4	0.99375	0.996875	0.9846153846153848	0.996875	LiftOn_chaining_algorithm	frameshift	CP096024.1:26374890-26379640
rna-NM_001334742.1	0.8347895154884829	0.9910204081632652	0.9928343949044586	0.9910204081632652	LiftOn_chaining_algorithm	frameshift	CP096024.1:30896658-30901391
rna-NM_106322.4	0.8303425774877651	0.9907718120805368	0.8736183524504693	0.9907718120805368	LiftOn_chaining_algorithm	frameshift	CP096024.1:30896658-30902917
rna-NM_001335312.1	0.4352941176470588	0.8588235294117647	0.652863436123348	0.8588235294117647	LiftOn_chaining_algorithm	frameshift	CP096025.1:3308865-3309868
rna-NM_001202796.1	0.7523809523809524	0.9904761904761904	0.9882005899705014	0.9904761904761904	LiftOn_chaining_algorithm	frameshift	CP096025.1:19707784-19708406
rna-NM_129877.3	0.1895910780669145	1.0	0.9582448690728944	1.0	LiftOn_chaining_algorithm	synonymous	CP096025.1:20458156-20462774
rna-NM_113404.3	0.9978165938864628	0.9989082969432316	0.9992383853769992	0.9989082969432316	LiftOn_chaining_algorithm	inframe_deletion	CP096026.1:9112973-9116908
rna-NM_115130.6	0.0571428571428571	0.967741935483871	0.9897142857142858	0.967741935483871	LiftOn_chaining_algorithm	frameshift	CP096026.1:21806374-21812583
rna-NM_001203243.2	0.050314465408805	0.9722222222222222	0.986254295532646	0.9722222222222222	LiftOn_chaining_algorithm	frameshift;start_lost	CP096026.1:25732903-25734050
rna-NM_001341034.1	0.705045278137128	0.9973579920739762	0.9982409850483728	0.9973579920739762	LiftOn_chaining_algorithm	frameshift	CP096027.1:11753419-11759321
rna-NM_117625.2	0.7061855670103093	0.9973684210526316	0.997863247863248	0.9973684210526316	LiftOn_chaining_algorithm	frameshift	CP096027.1:11753363-11759321
rna-NM_117689.5	0.4224598930481283	0.8440111420612814	0.9676595744680851	0.8440111420612814	LiftOn_chaining_algorithm	frameshift;stop_codon_gain	CP096027.1:12028983-12031031
rna-NM_117720.2	0.0465116279069767	0.7209302325581395	0.9002849002849003	0.7209302325581395	LiftOn_chaining_algorithm	frameshift;start_lost	CP096027.1:12171720-12172036
rna-NM_120487.7	0.9900166389351082	0.9916805324459236	0.9960435212660732	0.9916805324459236	LiftOn_chaining_algorithm	frameshift;stop_missing	CP096028.1:1099445-1102475
rna-NM_001203325.1	0.2820655191560244	1.0	0.9944178628389154	1.0	LiftOn_chaining_algorithm	synonymous	CP096028.1:2537243-2544395
rna-NM_001203326.1	0.2820655191560244	1.0	0.9944145222421704	1.0	LiftOn_chaining_algorithm	synonymous	CP096028.1:2537243-2544395
rna-NM_001342969.1	0.2886363636363636	1.0	0.9942460317460318	1.0	LiftOn_chaining_algorithm	synonymous	CP096028.1:2537100-2544395
rna-NM_001342970.1	0.2886363636363636	1.0	0.994277539341917	1.0	LiftOn_chaining_algorithm	synonymous	CP096028.1:2537243-2544395
rna-NM_120876.3	0.2820655191560244	1.0	0.994756554307116	1.0	LiftOn_chaining_algorithm	synonymous	CP096028.1:2537113-2544586
rna-NM_001203354.2	0.8874172185430463	1.0	0.999304105775922	1.0	LiftOn_chaining_algorithm	synonymous	CP096028.1:3375692-3377412
rna-NM_100666.4_1	0.0	1.0	0.7231182795698925	1.0	miniprot_identical	synonymous	CP096024.1:2459845-2461287
rna-NM_001332023.1_1	0.0	1.0	0.0794258373205741	1.0	miniprot_identical	synonymous	CP096024.1:4148176-4148424
rna-NM_001332625.1_1	0.0	1.0	0.6111111111111112	1.0	miniprot_identical	synonymous	CP096027.1:17272931-17273438
rna-NM_102326.3_4	0.0	1.0	0.9763888888888888	1.0	miniprot_identical	synonymous	CP096024.1:8771645-8772349
rna-NM_102326.3_5	0.0	0.9957446808510638	0.9777777777777776	0.9957446808510638	miniprot_truncated	inframe_deletion	CP096024.1:8825473-8826177
rna-NM_001160915.1_1	0.0	1.0	0.3391812865497076	1.0	miniprot_identical	synonymous	CP096028.1:9995446-9995619
rna-NM_001333176.1_1	0.0	0.9534883720930232	0.3585434173669468	0.9534883720930232	miniprot_truncated	frameshift;start_lost	CP096025.1:12598725-12598982
rna-NM_001333176.1_2	0.0	0.9534883720930232	0.3585434173669468	0.9534883720930232	miniprot_truncated	frameshift;start_lost	CP096027.1:8926521-8926778
rna-NM_001333193.1_1	0.0	0.9871794871794872	0.9871794871794872	0.9871794871794872	miniprot_truncated	start_lost	CP096024.1:14580374-14589170
rna-NM_001084214.2_1	0.0	0.9913793103448276	0.5945017182130584	0.9913793103448276	miniprot_truncated	frameshift	CP096024.1:19272791-19273138
rna-NM_001084214.2_2	0.0	0.9913793103448276	0.5927835051546392	0.9913793103448276	miniprot_truncated	frameshift	CP096024.1:19265810-19266157
rna-NM_001202562.2_1	0.0	0.9666666666666668	0.3218390804597701	0.9666666666666668	miniprot_truncated	frameshift	CP096025.1:100722-101808
rna-NM_001124771.1_17	0.0	1.0	0.9803921568627452	1.0	miniprot_identical	synonymous	CP096025.1:106318-106419
rna-NM_001335030.1_3	0.0	0.9945054945054944	0.9038142620232172	0.9945054945054944	miniprot_truncated	inframe_deletion	CP096025.1:169887-171027
rna-NM_001335127.1_1	0.0	0.9166666666666666	0.2291666666666666	0.9166666666666666	miniprot_truncated	inframe_deletion;stop_missing	CP096025.1:850489-850711
rna-NM_201708.2_1	0.0	1.0	0.3728813559322034	1.0	miniprot_identical	synonymous	CP096029.1:147282-147611
rna-NM_201708.2_2	0.0	1.0	0.3728813559322034	1.0	miniprot_identical	synonymous	CP096025.1:3624332-3624661
rna-NM_147269.5_1	0.0	0.9878542510121456	0.3463529411764706	0.9878542510121456	miniprot_truncated	frameshift;start_lost	CP096029.1:283034-283774
rna-NM_201709.2_1	0.0	0.9923954372623576	0.3658763365876336	0.9923954372623576	miniprot_truncated	inframe_deletion	CP096029.1:279463-280251
rna-NM_001335351.1_1	0.0	1.0	0.1893939393939394	1.0	miniprot_identical	synonymous	CP096029.1:275956-276231
rna-NM_001335343.1_1	0.0	0.99375	0.3628787878787878	0.99375	miniprot_truncated	frameshift	CP096029.1:272944-273423
rna-NM_001335314.1_1	0.0	1.0	0.6137566137566137	1.0	miniprot_identical	synonymous	CP096029.1:266815-267389
rna-NM_126730.3_1	0.0	0.9906542056074766	0.4558404558404558	0.9906542056074766	miniprot_truncated	frameshift	CP096029.1:264113-264433
rna-NM_147273.3_1	0.0	1.0	0.5939086294416244	1.0	miniprot_identical	synonymous	CP096029.1:226359-227003
rna-NM_001335324.1_1	0.0	1.0	0.182	1.0	miniprot_identical	synonymous	CP096029.1:336296-336734
rna-NM_126745.3_1	0.0	0.9965753424657534	0.4602422327540811	0.9965753424657534	miniprot_truncated	frameshift	CP096029.1:318588-319463
rna-NM_126752.4_1	0.0	1.0	0.3249427917620137	1.0	miniprot_identical	synonymous	CP096029.1:130968-131393
rna-NM_001335330.1_1	0.0	0.9519230769230768	0.5469613259668509	0.9519230769230768	miniprot_truncated	start_lost;inframe_deletion	CP096029.1:148611-148983
rna-NM_001335331.1_1	0.0	1.0	0.2845528455284553	1.0	miniprot_identical	synonymous	CP096029.1:149222-149326
rna-NM_001335350.1_1	0.0	1.0	0.1624418003103983	1.0	miniprot_identical	synonymous	CP096025.1:3646943-3647884
rna-NM_001335333.1_1	0.0	1.0	0.2288557213930348	1.0	miniprot_identical	synonymous	CP096029.1:174777-174914
rna-NM_126758.2_1	0.0	1.0	0.4666666666666667	1.0	miniprot_identical	synonymous	CP096029.1:178014-178526
rna-NM_126759.1_1	0.0	0.9928571428571428	0.9976190476190476	0.9928571428571428	miniprot_truncated	nonsynonymous	CP096029.1:182278-182697
rna-NM_126759.1_2	0.0	0.9928571428571428	0.9976190476190476	0.9928571428571428	miniprot_truncated	nonsynonymous	CP096029.1:48113-48532
rna-NM_126759.1_3	0.0	0.9928571428571428	0.9976190476190476	0.9928571428571428	miniprot_truncated	nonsynonymous	CP096025.1:3471612-3472031
rna-NM_001335334.1_1	0.0	1.0	0.2911877394636015	1.0	miniprot_identical	synonymous	CP096029.1:50059-50516
rna-NM_126760.2_1	0.0	0.9907407407407408	0.4938837920489297	0.9907407407407408	miniprot_truncated	inframe_deletion	CP096029.1:55767-56090
rna-NM_126763.1_1	0.0	0.9965156794425089	0.9976771196283392	0.9965156794425089	miniprot_truncated	nonsynonymous	CP096029.1:63058-65498
rna-NM_001335335.1_1	0.0	0.9896907216494846	0.9965635738831616	0.9896907216494846	miniprot_truncated	nonsynonymous	CP096029.1:66118-66497
rna-NM_001202591.2_1	0.0	1.0	0.3348837209302325	1.0	miniprot_identical	synonymous	CP096029.1:94259-95297
rna-NM_126767.2_1	0.0	0.995	0.6745495495495496	0.995	miniprot_truncated	inframe_deletion	CP096029.1:104954-105553
rna-NM_126768.1_1	0.0	0.9974093264248703	0.9991364421416234	0.9974093264248703	miniprot_truncated	nonsynonymous	CP096025.1:3588766-3589923
rna-NM_001124821.1_1	0.0	1.0	0.9942528735632185	1.0	miniprot_identical	synonymous	CP096025.1:6557777-6557950
rna-NM_001335379.1_1	0.0	0.9534883720930232	0.9612403100775194	0.9534883720930232	miniprot_truncated	inframe_deletion;stop_missing	CP096024.1:14976024-14976272
rna-NM_111785.1_1	0.0	0.9958762886597938	0.9979381443298968	0.9958762886597938	miniprot_truncated	nonsynonymous	CP096025.1:13388788-13390242
rna-NM_111785.1_2	0.0	0.9958762886597938	0.9986254295532646	0.9958762886597938	miniprot_truncated	nonsynonymous	CP096025.1:15932579-15934033
rna-NM_001340072.1_1	0.0	1.0	0.5069582504970179	1.0	miniprot_identical	synonymous	CP096026.1:24804961-24806341
rna-NM_001341443.1_1	0.0	0.9831460674157304	0.6653992395437263	0.9831460674157304	miniprot_truncated	inframe_deletion;stop_missing	CP096027.1:14071454-14072050
rna-NM_001341443.1_2	0.0	0.9831460674157304	0.6653992395437263	0.9831460674157304	miniprot_truncated	inframe_deletion;stop_missing	CP096027.1:14047056-14047652
rna-NM_001341443.1_3	0.0	0.9831460674157304	0.6653992395437263	0.9831460674157304	miniprot_truncated	inframe_deletion;stop_missing	CP096027.1:14037284-14037880
rna-NM_001341443.1_4	0.0	0.9831460674157304	0.6653992395437263	0.9831460674157304	miniprot_truncated	inframe_deletion;stop_missing	CP096027.1:14058417-14059013
rna-NM_001341443.1_5	0.0	0.9775280898876404	0.6641318124207858	0.9775280898876404	miniprot_truncated	inframe_deletion;stop_missing	CP096027.1:14050314-14050910
rna-NM_120452.2_1	0.0	0.9390243902439024	0.5347222222222222	0.9390243902439024	miniprot_truncated	frameshift;start_lost	CP096028.1:974826-975056
rna-NM_001343123.1_1	0.0	1.0	0.0917874396135265	1.0	miniprot_identical	synonymous	CP096028.1:3358405-3358575
rna-NM_001036794.2_1	0.0	1.0	0.8326612903225806	1.0	miniprot_identical	synonymous	CP096028.1:4015734-4021177
rna-NM_001343617.1_3	0.0	0.984375	0.9947916666666666	0.984375	miniprot_truncated	nonsynonymous	CP096026.1:9617358-9617637
rna-NM_001344106.1_1	0.0	1.0	0.2280701754385964	1.0	miniprot_identical	synonymous	CP096028.1:16221941-16222057
rna-NM_123278.4_1	0.0	0.9955156950672646	0.6472868217054264	0.9955156950672646	miniprot_truncated	inframe_deletion	CP096028.1:18152565-18153340
rna-NM_001344367.1_1	0.0	1.0	0.563302752293578	1.0	miniprot_identical	synonymous	CP096028.1:18888328-18891274
rna-NM_124441.4_1	0.0	1.0	0.3551401869158878	1.0	miniprot_identical	synonymous	CP096028.1:23100661-23101002
rna-NM_124587.1_1	0.0	1.0	0.9907407407407408	1.0	miniprot_identical	synonymous	CP096025.1:10465208-10465315
rna-DA397_mgp38_1	0.0	0.9947643979057592	0.9965095986038396	0.9947643979057592	miniprot_truncated	nonsynonymous	CP096029.1:23663-24235
rna-DA397_mgp04_1	0.0	0.99009900990099	0.9966996699669968	0.99009900990099	miniprot_truncated	nonsynonymous	CP096025.1:3465088-3465390
