rna-NM_001331688.1	0.5464190981432361	0.5464190981432361	0.998949027850762	0.5830985915492958	LiftOn_chaining_algorithm	frameshift;stop_codon_gain	CP096024.1:2246294-2249275
rna-NM_100763.5	0.3486842105263157	0.3410087719298245	0.9993129508759876	0.5855421686746988	LiftOn_chaining_algorithm	frameshift;stop_codon_gain	CP096024.1:2860445-2865454
rna-NM_001123782.1	0.9503239740820736	0.9503239740820736	0.999061473486626	0.9546436285097192	LiftOn_chaining_algorithm	frameshift;stop_codon_gain	CP096024.1:3007790-3012508
rna-NM_100800.4	0.9534412955465588	0.9534412955465588	0.9994874423372628	0.95748987854251	LiftOn_chaining_algorithm	frameshift;stop_codon_gain	CP096024.1:3008058-3012676
rna-NM_001332275.1	0.9394904458598726	0.9394904458598726	0.9994952044422007	0.9522292993630572	LiftOn_chaining_algorithm	frameshift;stop_missing	CP096024.1:5836413-5839808
rna-NM_001332276.1	0.76953125	0.4295532646048109	0.9986893840104848	0.7834645669291339	LiftOn_chaining_algorithm	frameshift;stop_codon_gain	CP096024.1:5836622-5838350
rna-NM_102194.3	0.9736842105263158	0.9736842105263158	0.9985014985014984	0.986842105263158	LiftOn_chaining_algorithm	frameshift;stop_missing	CP096024.1:8329804-8331804
rna-NM_001332640.1	0.9774011299435028	0.9774011299435028	0.9992795389048992	0.9887005649717514	LiftOn_chaining_algorithm	frameshift;stop_missing	CP096024.1:8554439-8557315
rna-NM_001333031.1	0.0315500685871056	0.0315500685871056	0.9995988768551946	0.7955625990491284	LiftOn_chaining_algorithm	frameshift;stop_codon_gain	CP096024.1:12073919-12076492
rna-NM_103179.2	0.994475138121547	0.994475138121547	0.9984496124031008	1.0	LiftOn_chaining_algorithm	frameshift;stop_missing	CP096024.1:12676513-12677330
rna-NM_001333194.1	0.0645933014354067	0.0297397769516728	0.9968010236724248	0.0854126679462572	LiftOn_chaining_algorithm	frameshift;stop_codon_gain	CP096024.1:14518106-14530555
rna-NM_001160924.1	0.9854604200323102	0.0	0.9983844911147012	0.9870759289176092	Liftoff_truncated	stop_codon_gain	CP096024.1:14841195-14845136
rna-NM_001036068.2	0.959119496855346	0.959119496855346	0.9976114649681528	0.9685534591194968	LiftOn_chaining_algorithm	frameshift;stop_codon_gain	CP096024.1:18277526-18279311
rna-NM_001333206.1	0.959119496855346	0.959119496855346	0.9975293390982088	0.9685534591194968	LiftOn_chaining_algorithm	frameshift;stop_codon_gain	CP096024.1:18277526-18279979
rna-NM_001333454.1	0.4647201946472019	0.4647201946472019	0.9987253027405992	0.4671532846715328	LiftOn_chaining_algorithm	frameshift;stop_codon_gain	CP096024.1:20951095-20952733
rna-NM_001333525.1	0.983739837398374	0.983739837398374	0.9983669025585192	0.989159891598916	LiftOn_chaining_algorithm	frameshift;stop_missing	CP096024.1:21525319-21527844
rna-NM_001333526.1	0.983739837398374	0.983739837398374	0.9990258158792013	0.989159891598916	LiftOn_chaining_algorithm	frameshift;stop_missing	CP096024.1:21525349-21527844
rna-NM_001333642.1	0.2761732851985559	0.2761732851985559	0.9987365761212889	0.7628083491461101	LiftOn_chaining_algorithm	frameshift;stop_codon_gain	CP096024.1:22434192-22436754
rna-NM_001333643.1	0.2940140845070422	0.2940140845070422	0.9981572481572482	0.7319778188539742	LiftOn_chaining_algorithm	frameshift;stop_codon_gain	CP096024.1:22434148-22436754
rna-NM_001333754.1	0.01	0.0	0.6601049868766404	0.7014925373134329	Liftoff_truncated	frameshift;start_lost;stop_codon_gain	CP096024.1:23082677-23084507
rna-NM_001333775.1	0.4507042253521127	0.4507042253521127	0.9993016759776536	0.5652173913043478	LiftOn_chaining_algorithm	frameshift;stop_codon_gain	CP096024.1:23216798-23218821
rna-NM_104507.4	0.4347826086956521	0.4347826086956521	0.9991568296795952	0.582089552238806	LiftOn_chaining_algorithm	frameshift;stop_codon_gain	CP096024.1:23216798-23218821
rna-NM_001334286.1	0.979757085020243	0.1200787401574803	0.999472851871376	0.9838056680161944	LiftOn_chaining_algorithm	frameshift;stop_missing	CP096024.1:27285388-27288309
rna-NM_001334776.1	0.8899803536345776	0.8899803536345776	0.9997146932952924	0.9051896207584832	LiftOn_chaining_algorithm	frameshift;stop_codon_gain	CP096024.1:31159031-31165500
rna-NM_001334994.1	0.8367346938775511	0.3349282296650718	0.9937694704049844	0.8520408163265306	LiftOn_chaining_algorithm	frameshift;stop_codon_gain	CP096024.1:32395837-32396620
rna-NM_001202582.1	0.1506550218340611	0.1506550218340611	0.9994871794871796	0.7575757575757576	LiftOn_chaining_algorithm	frameshift;stop_codon_gain	CP096025.1:1961599-1966623
rna-NM_001161030.1	0.2363636363636363	0.2363636363636363	0.9978540772532188	0.7741935483870968	LiftOn_chaining_algorithm	frameshift;stop_codon_gain	CP096025.1:3395100-3395671
rna-NM_179615.2	0.4910650464617584	0.0721357850070721	0.849232201023732	0.5652173913043478	LiftOn_chaining_algorithm	frameshift;stop_codon_gain	CP096025.1:6034814-6044457
rna-NM_127128.1	0.9329896907216496	0.9329896907216496	0.9982847341337908	0.9381443298969072	LiftOn_chaining_algorithm	frameshift;stop_codon_gain	CP096025.1:9332054-9333543
rna-NM_001161052.2	0.8701298701298701	0.9025974025974026	0.9992050874403816	0.9415584415584416	LiftOn_chaining_algorithm	frameshift;stop_missing	CP096025.1:11077709-11078966
rna-NM_001335648.1	0.649746192893401	0.1775793650793651	0.9987929993964996	0.6833156216790648	LiftOn_chaining_algorithm	frameshift;stop_codon_gain	CP096025.1:11110966-11116162
rna-NM_001335649.1	0.6446961894953656	0.1670020120724346	0.9987297554779296	0.6785329018338727	LiftOn_chaining_algorithm	frameshift;stop_codon_gain	CP096025.1:11110966-11115997
rna-NM_001335650.1	0.6446961894953656	0.1659959758551308	0.9985734664764622	0.6785329018338727	LiftOn_chaining_algorithm	frameshift;stop_codon_gain	CP096025.1:11111330-11116016
rna-NM_127550.3	0.6450617283950617	0.1668341708542713	0.9993612264452252	0.6788793103448276	LiftOn_chaining_algorithm	frameshift;stop_codon_gain	CP096025.1:11110985-11115997
rna-NM_001335653.1	0.019271948608137	0.9769230769230768	0.991698948533481	0.9794871794871794	LiftOn_chaining_algorithm	frameshift	CP096025.1:11122036-11125228
rna-NM_127552.8	0.019271948608137	0.9769230769230768	0.9912177985948478	0.9794871794871794	LiftOn_chaining_algorithm	frameshift	CP096025.1:11122036-11125228
rna-NM_001335934.1	0.0414827890556045	0.0414827890556045	0.9993418887792036	0.957788944723618	LiftOn_chaining_algorithm	frameshift;stop_codon_gain	CP096025.1:12924715-12929536
rna-NM_128123.3	0.9946380697050938	0.9946380697050938	0.9996706192358368	0.9973190348525468	LiftOn_chaining_algorithm	frameshift;stop_missing	CP096025.1:13420491-13424576
rna-NM_128666.5	0.2746987951807229	0.2746987951807229	0.999198717948718	0.6168674698795181	LiftOn_chaining_algorithm	frameshift;stop_codon_gain	CP096025.1:15767377-15768815
rna-NM_129694.5	0.1990846681922196	0.1990846681922196	0.9992181391712276	0.8227848101265823	LiftOn_chaining_algorithm	frameshift;stop_codon_gain	CP096025.1:19726711-19728786
rna-NM_001125081.1	0.3166666666666666	0.3166666666666666	0.9884393063583816	0.7719298245614035	LiftOn_chaining_algorithm	frameshift;stop_codon_gain	CP096026.1:328533-328705
rna-NM_001337465.1	0.1502890173410404	0.1502890173410404	0.9971799210377892	0.896049896049896	LiftOn_chaining_algorithm	frameshift;stop_codon_gain	CP096026.1:789565-793447
rna-NM_111357.4	0.5737704918032787	0.55	0.999205718824464	0.6078125	LiftOn_chaining_algorithm	frameshift;stop_codon_gain	CP096026.1:1335237-1339416
rna-NM_114123.1	0.2702702702702703	0.2410714285714285	0.9966442953020134	0.797979797979798	LiftOn_chaining_algorithm	frameshift;stop_codon_gain	CP096026.1:16934345-16934841
rna-NM_114354.2	0.9981308411214952	0.9981308411214952	0.998703543647364	1.0	LiftOn_chaining_algorithm	frameshift;stop_missing	CP096026.1:18648380-18651401
rna-NM_001203168.1	0.0643274853801169	0.9953161592505856	0.9474030243261012	0.9976580796252928	LiftOn_chaining_algorithm	frameshift;stop_codon_gain	CP096026.1:22832298-22834293
rna-NM_001339766.1	0.9436893203883496	0.9436893203883496	0.999165971643036	0.9611650485436892	LiftOn_chaining_algorithm	frameshift;stop_missing	CP096026.1:23091114-23093710
rna-NM_001203076.2	0.8818181818181818	0.0	0.9955237242614146	0.9090909090909092	Liftoff_truncated	frameshift;stop_missing	CP096027.1:83982-85401
rna-NM_001160734.1	0.0046620046620046	0.0	0.9627039627039627	0.6923076923076923	Liftoff_truncated	start_lost;stop_codon_gain	CP096027.1:3093827-3099374
rna-NM_001160735.1	0.0051546391752577	0.1301020408163265	0.6033549783549783	0.4922680412371134	LiftOn_chaining_algorithm	frameshift;stop_codon_gain	CP096027.1:3093827-3099374
rna-NM_001340987.1	0.3131313131313131	0.3131313131313131	0.9964664310954064	0.3404255319148936	LiftOn_chaining_algorithm	frameshift;stop_codon_gain	CP096027.1:11554996-11555278
rna-NM_001340989.1	0.637155297532656	0.637155297532656	0.9981167608286252	0.6438953488372093	LiftOn_chaining_algorithm	frameshift;stop_codon_gain	CP096027.1:11560968-11563922
rna-NM_117591.2	0.637155297532656	0.637155297532656	0.9985486211901308	0.6438953488372093	LiftOn_chaining_algorithm	frameshift;stop_codon_gain	CP096027.1:11560968-11563723
rna-NM_117604.2	0.970873786407767	0.970873786407767	0.9897119341563786	0.9805825242718448	LiftOn_chaining_algorithm	frameshift;stop_missing	CP096027.1:11621110-11621893
rna-NM_117606.5	0.2974417716685757	0.2974417716685757	0.9992364469330618	0.6669520547945206	LiftOn_chaining_algorithm	frameshift;stop_codon_gain	CP096027.1:11631024-11642203
rna-NM_001203807.2	0.9892933618843684	0.8891213389121339	0.9989357928343384	0.9957173447537472	LiftOn_chaining_algorithm	frameshift;stop_missing	CP096027.1:11642440-11645668
rna-NM_001340997.1	0.9892703862660944	0.8888888888888888	0.9984326018808778	0.9957081545064378	LiftOn_chaining_algorithm	frameshift;stop_missing	CP096027.1:11642474-11645437
rna-NM_117624.6	0.9545454545454546	0.9545454545454546	0.9988228369629194	0.956439393939394	LiftOn_chaining_algorithm	frameshift;stop_codon_gain	CP096027.1:11749809-11751590
rna-NM_001203809.1	0.0079207920792079	0.0079207920792079	0.9993589743589744	0.942528735632184	LiftOn_chaining_algorithm	frameshift;stop_codon_gain	CP096027.1:11952322-11954339
rna-NM_117667.9	0.0081466395112016	0.0081466395112016	0.9981549815498156	0.9408983451536644	LiftOn_chaining_algorithm	frameshift;stop_codon_gain	CP096027.1:11952299-11954416
rna-NM_001341071.1	0.1473214285714285	0.1473214285714285	0.9978401727861772	0.4874371859296482	LiftOn_chaining_algorithm	frameshift;stop_codon_gain	CP096027.1:11954926-11957090
rna-NM_001341072.1	0.1473214285714285	0.1473214285714285	0.9971910112359552	0.4874371859296482	LiftOn_chaining_algorithm	frameshift;stop_codon_gain	CP096027.1:11954926-11957090
rna-NM_001341073.1	0.1473214285714285	0.1473214285714285	0.9977142857142856	0.4874371859296482	LiftOn_chaining_algorithm	frameshift;stop_codon_gain	CP096027.1:11954926-11957090
rna-NM_001341074.1	0.1473214285714285	0.1473214285714285	0.9969879518072288	0.4874371859296482	LiftOn_chaining_algorithm	frameshift;stop_codon_gain	CP096027.1:11954927-11957073
rna-NM_148336.4	0.152027027027027	0.0721003134796238	0.996658312447786	0.3566176470588235	LiftOn_chaining_algorithm	frameshift;stop_codon_gain	CP096027.1:11955050-11956849
rna-NM_117669.8	0.9675675675675676	0.9675675675675676	0.9971830985915492	0.9783783783783784	LiftOn_chaining_algorithm	frameshift;stop_missing	CP096027.1:11959457-11961461
rna-NM_117673.6	0.0890346766635426	0.0897072710103871	0.9989740082079344	0.4352557127312296	LiftOn_chaining_algorithm	frameshift;stop_codon_gain	CP096027.1:11968769-11972365
rna-NM_117674.7	0.0677290836653386	0.0677290836653386	0.9974226804123713	0.3535791757049891	LiftOn_chaining_algorithm	frameshift;stop_codon_gain	CP096027.1:11972579-11974799
rna-NM_001084929.5	0.9728260869565216	0.9728260869565216	0.975548060708263	0.9891304347826086	LiftOn_chaining_algorithm	frameshift;stop_missing	CP096027.1:12023333-12025242
rna-NM_117690.3	0.8305084745762712	0.8305084745762712	0.9847715736040608	0.8516949152542372	LiftOn_chaining_algorithm	frameshift;stop_codon_gain	CP096027.1:12031533-12032904
rna-NM_148342.8	0.9408983451536644	0.9408983451536644	0.9981290926099158	0.950354609929078	LiftOn_chaining_algorithm	frameshift;stop_missing	CP096027.1:12117452-12121436
rna-NM_001203811.1	0.1540284360189573	0.1540284360189573	0.9954233409610984	0.7068493150684931	LiftOn_chaining_algorithm	frameshift;stop_codon_gain	CP096027.1:12207173-12209003
rna-NM_001341126.1	0.0022026431718061	0.9974905897114178	0.9870410367170628	0.998745294855709	LiftOn_chaining_algorithm	frameshift	CP096027.1:12371973-12375675
rna-NM_117769.3	0.1625683060109289	0.9969558599695586	0.8639512330285397	1.0	LiftOn_chaining_algorithm	frameshift	CP096027.1:12371295-12374879
rna-NM_001341450.1	0.2583025830258302	0.0	0.9981735159817352	0.6309963099630996	Liftoff_truncated	frameshift;stop_codon_gain	CP096027.1:14084668-14086003
rna-NM_001341572.1	0.9695652173913044	0.9695652173913044	0.9980652294085128	0.9717391304347828	LiftOn_chaining_algorithm	frameshift;stop_missing	CP096027.1:15043531-15049331
rna-NM_118429.7	0.9695652173913044	0.9695652173913044	0.9982416478271792	0.9717391304347828	LiftOn_chaining_algorithm	frameshift;stop_missing	CP096027.1:15043622-15049329
rna-NM_001341608.1	0.7719869706840391	0.7719869706840391	0.997931747673216	0.7785016286644951	LiftOn_chaining_algorithm	frameshift;stop_codon_gain	CP096027.1:15200744-15202599
rna-NM_001341719.1	0.495049504950495	0.4854368932038835	0.9953325554259044	0.5204081632653061	LiftOn_chaining_algorithm	frameshift;stop_codon_gain	CP096027.1:15808464-15810117
rna-NM_001341833.1	0.7357357357357357	0.1424287856071964	0.9996262148018938	0.7623300970873786	LiftOn_chaining_algorithm	frameshift;stop_codon_gain	CP096027.1:16547131-16557597
rna-NM_118835.3	0.7256493506493507	0.0842787682333873	0.9997435239805078	0.7541052631578947	LiftOn_chaining_algorithm	frameshift;stop_codon_gain	CP096027.1:16547131-16557454
rna-NM_001085020.5	0.823170731707317	0.823170731707317	0.9974293059125964	0.85	LiftOn_chaining_algorithm	frameshift;stop_codon_gain	CP096027.1:19130726-19131502
rna-NM_119820.5	0.9322033898305084	0.9322033898305084	0.9987745098039216	0.9661016949152542	LiftOn_chaining_algorithm	frameshift;stop_missing	CP096027.1:20243503-20244974
rna-NM_119842.7	0.8270676691729323	0.8270676691729323	0.996998799519808	0.8308270676691729	LiftOn_chaining_algorithm	frameshift;stop_missing	CP096027.1:20321515-20323605
rna-NM_120176.1	0.1440329218106996	0.1450980392156863	0.9671428571428572	0.163716814159292	LiftOn_chaining_algorithm	frameshift;stop_codon_gain	CP096027.1:21572540-21573833
rna-NM_121148.3	0.1245614035087719	0.1193277310924369	0.9994152046783624	0.156140350877193	LiftOn_chaining_algorithm	frameshift;stop_codon_gain	CP096028.1:3538129-3540948
rna-NM_121876.5	0.0519480519480519	0.0519480519480519	0.9994791666666668	0.1601731601731601	LiftOn_chaining_algorithm	frameshift;stop_codon_gain	CP096028.1:6251909-6254254
rna-NM_122720.3	0.9821428571428572	0.9821428571428572	0.9992537313432835	0.9876373626373628	LiftOn_chaining_algorithm	frameshift;stop_missing	CP096028.1:10346884-10349562
rna-NM_001036890.1	0.4915254237288136	0.0	0.7853107344632768	0.5084745762711864	Liftoff_truncated	frameshift;stop_codon_gain	CP096028.1:15977469-15977626
rna-NM_001085173.1	0.1764705882352941	0.1764705882352941	0.9971988795518208	0.5630252100840336	LiftOn_chaining_algorithm	stop_codon_gain	CP096028.1:16859585-16859941
rna-NM_001085198.1	0.2941176470588235	0.0	0.9663865546218487	0.5042016806722689	Liftoff_truncated	stop_codon_gain	CP096028.1:16905670-16906026
rna-NM_001344284.1	0.2645739910313901	0.0	0.9975308641975308	0.5874439461883408	Liftoff_truncated	frameshift;stop_codon_gain	CP096028.1:18126493-18127396
rna-NM_001344307.1	0.4149659863945578	0.98932384341637	0.996969696969697	0.99288256227758	LiftOn_chaining_algorithm	frameshift	CP096028.1:18419530-18422241
rna-NM_001344983.1	0.1969696969696969	0.1666666666666666	0.9974025974025974	0.8125	LiftOn_chaining_algorithm	frameshift;stop_codon_gain	CP096028.1:23666550-23668087
rna-NM_001203597.1	0.9899497487437184	0.9597989949748744	0.9980732177263968	1.0	LiftOn_chaining_algorithm	frameshift;stop_missing	CP096028.1:24015748-24021142
rna-NM_001345052.1	0.0514511873350923	0.0514511873350923	0.9994866529774128	0.9423076923076924	LiftOn_chaining_algorithm	frameshift;stop_codon_gain	CP096028.1:24150407-24152438
rna-NM_125415.2	0.8293413173652695	0.8293413173652695	0.998139534883721	0.8475609756097561	LiftOn_chaining_algorithm	frameshift;stop_codon_gain	CP096028.1:26750153-26751351
rna-NM_001345434.1	0.3865546218487395	0.3860911270983213	0.999652052887961	0.4057623049219688	LiftOn_chaining_algorithm	frameshift;stop_codon_gain	CP096028.1:26999602-27003003
rna-NM_001160924.1_1	0.0	0.0167664670658682	0.7007560684440908	0.1340872374798061	miniprot_truncated	frameshift;stop_codon_gain	CP096028.1:13666976-13687618
rna-NM_001335332.1_1	0.0	0.7325581395348837	0.957610789980732	0.7650602409638554	miniprot_truncated	inframe_insertion;stop_codon_gain	CP096029.1:152083-153305
rna-NM_001160734.1_1	0.0	0.0682819383259911	0.8904515173945226	0.4289044289044289	miniprot_truncated	frameshift;stop_codon_gain	CP096027.1:3031611-3090656
rna-NM_001036890.1_1	0.0	0.576271186440678	0.768361581920904	0.5932203389830508	miniprot_truncated	inframe_deletion;stop_codon_gain	CP096028.1:15971795-15971950
