rna-NM_100232.5	0.9855907780979828	0.9855907780979828	0.9992378048780488	0.9855907780979828	LiftOn_chaining_algorithm	frameshift;stop_missing	CP096024.1:877415-878726
rna-NM_001331421.1	0.9753694581280788	0.9753694581280788	0.9983606557377048	0.9753694581280788	LiftOn_chaining_algorithm	frameshift;stop_missing	CP096024.1:890778-892030
rna-NM_001331688.1	0.5464190981432361	0.5464190981432361	0.998949027850762	0.5830985915492958	LiftOn_chaining_algorithm	frameshift;stop_codon_gain	CP096024.1:2246294-2249275
rna-NM_100763.5	0.3486842105263157	0.3410087719298245	0.9993129508759876	0.5855421686746988	LiftOn_chaining_algorithm	frameshift;stop_codon_gain	CP096024.1:2860445-2865454
rna-NM_001123782.1	0.9503239740820736	0.9503239740820736	0.999061473486626	0.9546436285097192	LiftOn_chaining_algorithm	frameshift;stop_codon_gain	CP096024.1:3007790-3012508
rna-NM_100800.4	0.9534412955465588	0.9534412955465588	0.9994874423372628	0.95748987854251	LiftOn_chaining_algorithm	frameshift;stop_codon_gain	CP096024.1:3008058-3012676
rna-NM_101560.5	0.6530612244897959	0.6297662976629766	0.9995748299319728	0.6530612244897959	LiftOn_chaining_algorithm	frameshift;stop_codon_gain	CP096024.1:5817047-5820981
rna-NM_001332275.1	0.9394904458598726	0.9394904458598726	0.9994952044422007	0.9522292993630572	LiftOn_chaining_algorithm	frameshift;stop_missing	CP096024.1:5836413-5839808
rna-NM_001332276.1	0.76953125	0.4295532646048109	0.9986893840104848	0.7834645669291339	LiftOn_chaining_algorithm	frameshift;stop_codon_gain	CP096024.1:5836622-5838350
rna-NM_101690.3	0.3776223776223776	0.3776223776223776	1.0	0.3776223776223776	LiftOn_chaining_algorithm	identical	CP096024.1:6308687-6310016
rna-NM_001332384.1	0.625	0.625	0.9988057324840764	0.625	LiftOn_chaining_algorithm	frameshift	CP096024.1:6594171-6597099
rna-NM_001084107.2	0.9893617021276596	0.9893617021276596	0.9957537154989384	0.9893617021276596	LiftOn_chaining_algorithm	frameshift	CP096024.1:7680498-7680967
rna-NM_102194.3	0.9736842105263158	0.9736842105263158	0.9985014985014984	0.986842105263158	LiftOn_chaining_algorithm	frameshift;stop_missing	CP096024.1:8329804-8331804
rna-NM_001332639.1	0.7120418848167539	0.7120418848167539	0.9989039093898427	0.7120418848167539	LiftOn_chaining_algorithm	frameshift	CP096024.1:8554499-8557335
rna-NM_001332640.1	0.9774011299435028	0.9774011299435028	0.9992795389048992	0.9887005649717514	LiftOn_chaining_algorithm	frameshift;stop_missing	CP096024.1:8554439-8557315
rna-NM_102315.2	0.9806949806949808	0.9806949806949808	0.9954545454545456	0.9806949806949808	LiftOn_chaining_algorithm	frameshift	CP096024.1:8783532-8785509
rna-NM_102325.1	0.996138996138996	0.996138996138996	0.9987129987129988	0.996138996138996	LiftOn_chaining_algorithm	nonsynonymous	CP096024.1:8837358-8838134
rna-NM_001123912.1	0.99815157116451	0.5834829443447038	0.998953427524856	0.99815157116451	LiftOn_chaining_algorithm	frameshift	CP096024.1:10460171-10463092
rna-NM_102722.4	0.99815157116451	0.5834829443447038	0.9989350372736954	0.99815157116451	LiftOn_chaining_algorithm	frameshift	CP096024.1:10459963-10463092
rna-NM_001333031.1	0.0315500685871056	0.0315500685871056	0.9995988768551946	0.7955625990491284	LiftOn_chaining_algorithm	frameshift;stop_codon_gain	CP096024.1:12073919-12076492
rna-NM_001198202.2	0.9978070175438596	0.9978070175438596	0.9990649836372136	0.9978070175438596	LiftOn_chaining_algorithm	frameshift	CP096024.1:12213682-12215819
rna-NM_103179.2	0.994475138121547	0.994475138121547	0.9984496124031008	1.0	LiftOn_chaining_algorithm	frameshift;stop_missing	CP096024.1:12676513-12677330
rna-NM_103282.2	0.9965277777777778	0.9965277777777778	0.9988425925925926	0.9965277777777778	LiftOn_chaining_algorithm	nonsynonymous	CP096024.1:13316996-13318134
rna-NM_001333194.1	0.0645933014354067	0.0297397769516728	0.9968010236724248	0.0854126679462572	LiftOn_chaining_algorithm	frameshift;stop_codon_gain	CP096024.1:14518106-14530555
rna-NM_001160924.1	0.9854604200323102	0.0	0.9983844911147012	0.9870759289176092	Liftoff_truncated	stop_codon_gain	CP096024.1:14841195-14845136
rna-NM_001036068.2	0.959119496855346	0.959119496855346	0.9976114649681528	0.9685534591194968	LiftOn_chaining_algorithm	frameshift;stop_codon_gain	CP096024.1:18277526-18279311
rna-NM_001333206.1	0.959119496855346	0.959119496855346	0.9975293390982088	0.9685534591194968	LiftOn_chaining_algorithm	frameshift;stop_codon_gain	CP096024.1:18277526-18279979
rna-NM_103935.4	0.99812734082397	0.99812734082397	0.9988603988603988	0.99812734082397	LiftOn_chaining_algorithm	frameshift	CP096024.1:20861615-20863456
rna-NM_001333454.1	0.4647201946472019	0.4647201946472019	0.9987253027405992	0.4671532846715328	LiftOn_chaining_algorithm	frameshift;stop_codon_gain	CP096024.1:20951095-20952733
rna-NM_001333525.1	0.983739837398374	0.983739837398374	0.9983669025585192	0.989159891598916	LiftOn_chaining_algorithm	frameshift;stop_missing	CP096024.1:21525319-21527844
rna-NM_001333526.1	0.983739837398374	0.983739837398374	0.9990258158792013	0.989159891598916	LiftOn_chaining_algorithm	frameshift;stop_missing	CP096024.1:21525349-21527844
rna-NM_001036110.1	0.3895582329317269	0.3895582329317269	0.9981938591210114	0.3895582329317269	LiftOn_chaining_algorithm	frameshift	CP096024.1:22434190-22436918
rna-NM_001198292.1	0.350104821802935	0.3312368972746331	0.9980494148244472	0.350104821802935	LiftOn_chaining_algorithm	frameshift	CP096024.1:22434192-22436860
rna-NM_001333642.1	0.2761732851985559	0.2761732851985559	0.9987365761212889	0.7628083491461101	LiftOn_chaining_algorithm	frameshift;stop_codon_gain	CP096024.1:22434192-22436754
rna-NM_001333643.1	0.2940140845070422	0.2940140845070422	0.9981572481572482	0.7319778188539742	LiftOn_chaining_algorithm	frameshift;stop_codon_gain	CP096024.1:22434148-22436754
rna-NM_104314.6	0.3861386138613861	0.3861386138613861	0.9976004799040192	0.3861386138613861	LiftOn_chaining_algorithm	frameshift	CP096024.1:22434148-22436860
rna-NM_202295.2	0.4128787878787879	0.4128787878787879	0.9988358556461	0.4128787878787879	LiftOn_chaining_algorithm	frameshift	CP096024.1:22434164-22436860
rna-NM_001333754.1	0.01	0.0	0.6601049868766404	0.7014925373134329	Liftoff_truncated	frameshift;start_lost;stop_codon_gain	CP096024.1:23082677-23084507
rna-NM_001333775.1	0.4507042253521127	0.4507042253521127	0.9993016759776536	0.5652173913043478	LiftOn_chaining_algorithm	frameshift;stop_codon_gain	CP096024.1:23216798-23218821
rna-NM_104507.4	0.4347826086956521	0.4347826086956521	0.9991568296795952	0.582089552238806	LiftOn_chaining_algorithm	frameshift;stop_codon_gain	CP096024.1:23216798-23218821
rna-NM_001333858.1	0.1750278706800446	0.1750278706800446	1.0	0.1750278706800446	LiftOn_chaining_algorithm	identical	CP096024.1:24002940-24006393
rna-NM_001333890.1	0.654690618762475	0.6223908918406073	0.999388379204893	0.654690618762475	LiftOn_chaining_algorithm	frameshift;stop_codon_gain	CP096024.1:24321128-24323774
rna-NM_104773.7	0.5325803649000869	0.018754688672168	0.9997420686097498	0.5325803649000869	LiftOn_chaining_algorithm	frameshift	CP096024.1:24533191-24541222
rna-NM_104812.3	0.9989200863930886	0.9989200863930886	0.9991119005328596	0.9989200863930886	LiftOn_chaining_algorithm	frameshift	CP096024.1:24715351-24718726
rna-NM_001198366.2	0.9773156899810964	0.9773156899810964	0.9994591671173608	0.9773156899810964	LiftOn_chaining_algorithm	frameshift;stop_missing	CP096024.1:25403668-25405516
rna-NM_105121.3	0.3883847549909255	0.3883847549909255	0.999553770638108	0.3883847549909255	LiftOn_chaining_algorithm	frameshift;stop_codon_gain	CP096024.1:26045852-26048178
rna-NM_001334286.1	0.979757085020243	0.1200787401574803	0.999472851871376	0.9838056680161944	LiftOn_chaining_algorithm	frameshift;stop_missing	CP096024.1:27285388-27288309
rna-NM_001334742.1	0.8347895154884829	0.9910204081632652	0.9928343949044586	0.9910204081632652	LiftOn_chaining_algorithm	frameshift	CP096024.1:30896658-30901391
rna-NM_106332.6	0.2287917737789203	0.2287917737789203	0.9997407983411094	0.2287917737789203	LiftOn_chaining_algorithm	frameshift;stop_codon_gain	CP096024.1:30940086-30945079
rna-NM_001334776.1	0.8899803536345776	0.8899803536345776	0.9997146932952924	0.9051896207584832	LiftOn_chaining_algorithm	frameshift;stop_codon_gain	CP096024.1:31159031-31165500
rna-NM_001334936.1	0.8778833107191316	0.8778833107191316	0.9996066089693156	0.8778833107191316	LiftOn_chaining_algorithm	frameshift;stop_missing	CP096024.1:32168178-32171505
rna-NM_001334937.1	0.8778833107191316	0.8778833107191316	0.9991971095945404	0.8778833107191316	LiftOn_chaining_algorithm	frameshift;stop_missing	CP096024.1:32168178-32171599
rna-NM_106641.8	0.8778833107191316	0.8778833107191316	0.9991511035653652	0.8778833107191316	LiftOn_chaining_algorithm	frameshift;stop_missing	CP096024.1:32168178-32171599
rna-NM_180653.7	0.8778833107191316	0.8765264586160109	0.999186330349878	0.8778833107191316	LiftOn_chaining_algorithm	frameshift;stop_missing	CP096024.1:32168178-32171701
rna-NM_001334994.1	0.8367346938775511	0.3349282296650718	0.9937694704049844	0.8520408163265306	LiftOn_chaining_algorithm	frameshift;stop_codon_gain	CP096024.1:32395837-32396620
rna-NM_001202562.2	0.9944444444444444	0.9666666666666668	0.9993757802746568	0.9944444444444444	LiftOn_chaining_algorithm	nonsynonymous	CP096025.1:111063-113211
rna-NM_001202564.1	0.9882352941176472	0.9882352941176472	0.9945130315500684	0.9882352941176472	LiftOn_chaining_algorithm	frameshift	CP096025.1:204960-207722
rna-NM_126174.5	0.9880668257756564	0.9880668257756564	0.9946236559139784	0.9880668257756564	LiftOn_chaining_algorithm	frameshift	CP096025.1:204945-207940
rna-NM_001202582.1	0.1506550218340611	0.1506550218340611	0.9994871794871796	0.7575757575757576	LiftOn_chaining_algorithm	frameshift;stop_codon_gain	CP096025.1:1961599-1966623
rna-NM_126631.7	0.3269230769230769	0.2595486111111111	0.9997206703910616	0.3269230769230769	LiftOn_chaining_algorithm	frameshift	CP096025.1:2549155-2556940
rna-NM_001335303.1	0.9925925925925926	0.9925925925925926	0.9975308641975308	0.9925925925925926	LiftOn_chaining_algorithm	nonsynonymous	CP096025.1:2650038-2650513
rna-NM_001161027.1	0.9983136593591906	0.9983136593591906	0.9994378864530636	0.9983136593591906	LiftOn_chaining_algorithm	nonsynonymous	CP096025.1:2718817-2720921
rna-NM_001161028.1	0.9982300884955752	0.9982300884955752	0.9994100294985252	0.9982300884955752	LiftOn_chaining_algorithm	nonsynonymous	CP096025.1:2718817-2720921
rna-NM_001335343.1	0.99375	0.99375	0.9992424242424244	0.99375	LiftOn_chaining_algorithm	nonsynonymous	CP096025.1:3378725-3380044
rna-NM_126730.3	0.9906542056074766	0.9906542056074766	0.9971509971509972	0.9906542056074766	LiftOn_chaining_algorithm	frameshift	CP096025.1:3387936-3388636
rna-NM_126733.2	0.9915966386554622	0.9915966386554622	0.9971988795518208	0.9915966386554622	LiftOn_chaining_algorithm	nonsynonymous	CP096025.1:3394135-3394491
rna-NM_001161030.1	0.2363636363636363	0.2363636363636363	0.9978540772532188	0.7741935483870968	LiftOn_chaining_algorithm	frameshift;stop_codon_gain	CP096025.1:3395100-3395671
rna-NM_126735.3	0.9959349593495936	0.9959349593495936	0.9990167158308751	0.9959349593495936	LiftOn_chaining_algorithm	frameshift	CP096025.1:3402615-3404647
rna-NM_126737.4	0.9959294436906376	0.9959294436906376	0.9978411053540588	0.9959294436906376	LiftOn_chaining_algorithm	frameshift	CP096025.1:3409047-3413884
rna-DA397_mgp03	0.9896373056994818	0.9896373056994818	0.9982758620689656	0.9896373056994818	LiftOn_chaining_algorithm	frameshift;stop_missing	CP096025.1:3465657-3466236
rna-DA397_mgp38	0.9947643979057592	0.9947643979057592	0.9982547993019196	0.9947643979057592	LiftOn_chaining_algorithm	nonsynonymous	CP096025.1:3495903-3496475
rna-NM_001335326.1	0.990990990990991	0.963963963963964	0.996996996996997	0.990990990990991	LiftOn_chaining_algorithm	stop_missing	CP096025.1:3561012-3561675
rna-NM_126745.3	0.9965753424657534	0.9965753424657534	0.9984202211690364	0.9965753424657534	LiftOn_chaining_algorithm	frameshift	CP096025.1:3566544-3568441
rna-NM_001335328.1	0.996	0.4944237918215613	0.9986666666666668	0.996	LiftOn_chaining_algorithm	nonsynonymous	CP096025.1:3597778-3598828
rna-NM_126759.1	0.9928571428571428	0.9928571428571428	0.9976190476190476	0.9928571428571428	LiftOn_chaining_algorithm	nonsynonymous	CP096025.1:3659422-3659841
rna-NM_126760.2	0.9907407407407408	0.9907407407407408	0.9984709480122324	0.9907407407407408	LiftOn_chaining_algorithm	nonsynonymous	CP096025.1:3667074-3667727
rna-NM_001161034.1	0.99438202247191	0.3924731182795699	0.99812734082397	0.99438202247191	LiftOn_chaining_algorithm	nonsynonymous	CP096025.1:3695675-3697524
rna-NM_001161035.1	0.9944444444444444	0.9833333333333332	0.998148148148148	0.9944444444444444	LiftOn_chaining_algorithm	nonsynonymous	CP096025.1:3695675-3697524
rna-NM_001335341.1	0.9933333333333332	0.9933333333333332	0.9945945945945946	0.9933333333333332	LiftOn_chaining_algorithm	frameshift	CP096025.1:3717756-3719463
rna-NM_179615.2	0.4910650464617584	0.0721357850070721	0.849232201023732	0.5652173913043478	LiftOn_chaining_algorithm	frameshift;stop_codon_gain	CP096025.1:6034814-6044457
rna-NM_001335409.1	0.99079754601227	0.99079754601227	0.9990467111534796	0.99079754601227	LiftOn_chaining_algorithm	frameshift;stop_missing	CP096025.1:8412551-8417421
rna-NM_127044.5	0.9968354430379748	0.9968354430379748	0.9989451476793249	0.9968354430379748	LiftOn_chaining_algorithm	frameshift;stop_missing	CP096025.1:8859793-8860739
rna-NM_127128.1	0.9329896907216496	0.9329896907216496	0.9982847341337908	0.9381443298969072	LiftOn_chaining_algorithm	frameshift;stop_codon_gain	CP096025.1:9332054-9333543
rna-NM_001161052.2	0.8701298701298701	0.9025974025974026	0.9992050874403816	0.9415584415584416	LiftOn_chaining_algorithm	frameshift;stop_missing	CP096025.1:11077709-11078966
rna-NM_001335648.1	0.649746192893401	0.1775793650793651	0.9987929993964996	0.6833156216790648	LiftOn_chaining_algorithm	frameshift;stop_codon_gain	CP096025.1:11110966-11116162
rna-NM_001335649.1	0.6446961894953656	0.1670020120724346	0.9987297554779296	0.6785329018338727	LiftOn_chaining_algorithm	frameshift;stop_codon_gain	CP096025.1:11110966-11115997
rna-NM_001335650.1	0.6446961894953656	0.1659959758551308	0.9985734664764622	0.6785329018338727	LiftOn_chaining_algorithm	frameshift;stop_codon_gain	CP096025.1:11111330-11116016
rna-NM_127550.3	0.6450617283950617	0.1668341708542713	0.9993612264452252	0.6788793103448276	LiftOn_chaining_algorithm	frameshift;stop_codon_gain	CP096025.1:11110985-11115997
rna-NM_001335653.1	0.019271948608137	0.9769230769230768	0.991698948533481	0.9794871794871794	LiftOn_chaining_algorithm	frameshift	CP096025.1:11122036-11125228
rna-NM_127552.8	0.019271948608137	0.9769230769230768	0.9912177985948478	0.9794871794871794	LiftOn_chaining_algorithm	frameshift	CP096025.1:11122036-11125228
rna-NM_179662.6	0.1965174129353233	0.1965174129353233	0.9981389578163772	0.1965174129353233	LiftOn_chaining_algorithm	frameshift	CP096025.1:11122144-11125129
rna-NM_001335662.1	0.9962825278810408	0.9962825278810408	0.999168744804655	0.9962825278810408	LiftOn_chaining_algorithm	nonsynonymous	CP096025.1:11197113-11199973
rna-NM_127570.5	0.9962825278810408	0.9962825278810408	0.9984126984126984	0.9962825278810408	LiftOn_chaining_algorithm	frameshift	CP096025.1:11197089-11199294
rna-NM_001335934.1	0.0414827890556045	0.0414827890556045	0.9993418887792036	0.957788944723618	LiftOn_chaining_algorithm	frameshift;stop_codon_gain	CP096025.1:12924715-12929536
rna-NM_001202671.1	0.9981718464351006	0.9981718464351006	0.9994481236203092	0.9981718464351006	LiftOn_chaining_algorithm	nonsynonymous	CP096025.1:13316711-13319976
rna-NM_128095.2	0.9983443708609272	0.9983443708609272	0.9994481236203092	0.9983443708609272	LiftOn_chaining_algorithm	nonsynonymous	CP096025.1:13316731-13319825
rna-NM_128123.3	0.9946380697050938	0.9946380697050938	0.9996706192358368	0.9973190348525468	LiftOn_chaining_algorithm	frameshift;stop_missing	CP096025.1:13420491-13424576
rna-NM_001124921.2	0.9961089494163424	0.4199288256227758	0.9991181657848324	0.9961089494163424	LiftOn_chaining_algorithm	nonsynonymous	CP096025.1:13943766-13946307
rna-NM_001124922.2	0.9952380952380953	0.5108225108225108	0.9984276729559748	0.9952380952380953	LiftOn_chaining_algorithm	frameshift	CP096025.1:13943695-13946324
rna-NM_001336087.1	0.9952380952380953	0.5108225108225108	0.9985724482512492	0.9952380952380953	LiftOn_chaining_algorithm	frameshift	CP096025.1:13943695-13946324
rna-NM_001336088.1	0.9954128440366972	0.5271966527196653	0.9992769342010124	0.9954128440366972	LiftOn_chaining_algorithm	nonsynonymous	CP096025.1:13943695-13946324
rna-NM_001336089.1	0.9954128440366972	0.5271966527196653	0.998	0.9954128440366972	LiftOn_chaining_algorithm	frameshift	CP096025.1:13943718-13946333
rna-NM_001336090.1	0.9952380952380953	0.5108225108225108	0.996551724137931	0.9952380952380953	LiftOn_chaining_algorithm	frameshift	CP096025.1:13944311-13946310
rna-NM_128238.4	0.9961089494163424	0.4199288256227758	0.9990079365079364	0.9961089494163424	LiftOn_chaining_algorithm	nonsynonymous	CP096025.1:13943766-13946310
rna-NM_128425.3	0.9983498349834984	0.9983498349834984	0.9987293519695044	0.9983498349834984	LiftOn_chaining_algorithm	frameshift	CP096025.1:14794329-14796890
rna-NM_128666.5	0.2746987951807229	0.2746987951807229	0.999198717948718	0.6168674698795181	LiftOn_chaining_algorithm	frameshift;stop_codon_gain	CP096025.1:15767377-15768815
rna-NM_179869.2	0.9813084112149532	0.9813084112149532	0.9841954022988506	0.9813084112149532	LiftOn_chaining_algorithm	frameshift;stop_missing	CP096025.1:16469004-16469688
rna-NM_001336694.1	0.9975124378109452	0.9975124378109452	0.9994182664339732	0.9975124378109452	LiftOn_chaining_algorithm	nonsynonymous	CP096025.1:18520306-18523347
rna-NM_129379.2	0.9975308641975308	0.9975308641975308	0.9994212962962964	0.9975308641975308	LiftOn_chaining_algorithm	nonsynonymous	CP096025.1:18520306-18523347
rna-NM_129694.5	0.1990846681922196	0.1990846681922196	0.9992181391712276	0.8227848101265823	LiftOn_chaining_algorithm	frameshift;stop_codon_gain	CP096025.1:19726711-19728786
rna-NM_001336974.1	0.923809523809524	0.923809523809524	0.9970501474926252	0.923809523809524	LiftOn_chaining_algorithm	frameshift;stop_missing	CP096025.1:20188896-20189233
rna-NM_001337303.1	0.9992805755395684	0.9992805755395684	0.9993935718617344	0.9992805755395684	LiftOn_chaining_algorithm	frameshift	CP096025.1:22205208-22212691
rna-NM_180154.7	0.9992684711046086	0.9992684711046086	0.999375	0.9992684711046086	LiftOn_chaining_algorithm	frameshift	CP096025.1:22205194-22212691
rna-NM_001125081.1	0.3166666666666666	0.3166666666666666	0.9884393063583816	0.7719298245614035	LiftOn_chaining_algorithm	frameshift;stop_codon_gain	CP096026.1:328533-328705
rna-NM_001337465.1	0.1502890173410404	0.1502890173410404	0.9971799210377892	0.896049896049896	LiftOn_chaining_algorithm	frameshift;stop_codon_gain	CP096026.1:789565-793447
rna-NM_111357.4	0.5737704918032787	0.55	0.999205718824464	0.6078125	LiftOn_chaining_algorithm	frameshift;stop_codon_gain	CP096026.1:1335237-1339416
rna-NM_001161125.2	0.588302752293578	0.588302752293578	0.9993684875276286	0.588302752293578	LiftOn_chaining_algorithm	frameshift	CP096026.1:2724757-2728503
rna-NM_001337844.1	0.9944444444444444	0.9777777777777776	0.9993112947658402	0.9944444444444444	LiftOn_chaining_algorithm	nonsynonymous	CP096026.1:3012397-3014494
rna-NM_001337845.1	0.9944444444444444	0.9777777777777776	0.99822695035461	0.9944444444444444	LiftOn_chaining_algorithm	frameshift	CP096026.1:3012397-3014494
rna-NM_001337846.1	0.9961538461538462	0.9961538461538462	0.9980842911877394	0.9961538461538462	LiftOn_chaining_algorithm	frameshift	CP096026.1:3012397-3014494
rna-NM_111815.5	0.9944444444444444	0.9777777777777776	0.998015873015873	0.9944444444444444	LiftOn_chaining_algorithm	frameshift	CP096026.1:3012312-3014373
rna-NM_001161139.2	0.3102189781021898	0.3102189781021898	0.999239832763208	0.3102189781021898	LiftOn_chaining_algorithm	stop_codon_gain	CP096026.1:4118726-4121600
rna-NM_112270.2	0.9641350210970464	0.9641350210970464	0.999297259311314	0.9641350210970464	LiftOn_chaining_algorithm	frameshift;stop_missing	CP096026.1:4694546-4696405
rna-NM_001338122.1	0.997229916897507	0.997229916897507	0.9991759373712402	0.997229916897507	LiftOn_chaining_algorithm	frameshift	CP096026.1:4890561-4893485
rna-NM_001338123.1	0.997229916897507	0.997229916897507	0.9996036464526358	0.997229916897507	LiftOn_chaining_algorithm	nonsynonymous	CP096026.1:4890561-4893485
rna-NM_112315.4	0.997229916897507	0.997229916897507	0.9977324263038548	0.997229916897507	LiftOn_chaining_algorithm	frameshift	CP096026.1:4890564-4891993
rna-NM_112697.3	0.3719912472647702	0.3719912472647702	0.99927060539752	0.3719912472647702	LiftOn_chaining_algorithm	stop_codon_gain	CP096026.1:6223980-6225551
rna-NM_148737.1	0.9791666666666666	0.9583333333333334	0.9930555555555556	0.9791666666666666	LiftOn_chaining_algorithm	nonsynonymous	CP096026.1:7109880-7110314
rna-NM_001338580.1	0.9950980392156864	0.9950980392156864	0.9983660130718954	0.9950980392156864	LiftOn_chaining_algorithm	nonsynonymous	CP096026.1:7902209-7902820
rna-NM_001125215.2	0.9984152139461172	0.9984152139461172	0.9986449864498644	0.9984152139461172	LiftOn_chaining_algorithm	inframe_deletion	CP096026.1:8701032-8703263
rna-NM_001338667.1	0.9984051036682616	0.9984051036682616	0.9986376021798364	0.9984051036682616	LiftOn_chaining_algorithm	inframe_deletion	CP096026.1:8701032-8703263
rna-NM_113355.2	0.9353535353535354	0.8955823293172691	0.9441473559120618	0.9353535353535354	LiftOn_chaining_algorithm	frameshift;stop_missing	CP096026.1:8908216-8909810
rna-NM_113404.3	0.9978165938864628	0.9989082969432316	0.9992383853769992	0.9989082969432316	LiftOn_chaining_algorithm	inframe_deletion	CP096026.1:9112973-9116908
rna-NM_001339048.1	0.9850746268656716	0.9850746268656716	0.9933110367892976	0.9850746268656716	LiftOn_chaining_algorithm	frameshift;stop_missing	CP096026.1:11933254-11934222
rna-NM_148780.2	0.9957081545064378	0.9957081545064378	0.9985693848354792	0.9957081545064378	LiftOn_chaining_algorithm	nonsynonymous	CP096026.1:13377877-13378575
rna-NM_114123.1	0.2702702702702703	0.2410714285714285	0.9966442953020134	0.797979797979798	LiftOn_chaining_algorithm	frameshift;stop_codon_gain	CP096026.1:16934345-16934841
rna-NM_114351.5	0.9984662576687116	0.9984662576687116	0.9993033786137234	0.9984662576687116	LiftOn_chaining_algorithm	frameshift	CP096026.1:18635429-18638890
rna-NM_114354.2	0.9981308411214952	0.9981308411214952	0.998703543647364	1.0	LiftOn_chaining_algorithm	frameshift;stop_missing	CP096026.1:18648380-18651401
rna-NM_001339470.1	0.9730290456431536	0.9730290456431536	0.9979770734996628	0.9730290456431536	LiftOn_chaining_algorithm	frameshift;stop_missing	CP096026.1:20987877-20989905
rna-NM_001339568.1	0.571236559139785	0.571236559139785	0.9991820040899796	0.571236559139785	LiftOn_chaining_algorithm	frameshift;stop_codon_gain	CP096026.1:21673363-21677156
rna-NM_115130.6	0.0571428571428571	0.967741935483871	0.9897142857142858	0.967741935483871	LiftOn_chaining_algorithm	frameshift	CP096026.1:21806374-21812583
rna-NM_115267.2	0.9961089494163424	0.9961089494163424	0.9974059662775616	0.9961089494163424	LiftOn_chaining_algorithm	stop_missing	CP096026.1:22296833-22297794
rna-NM_115385.7	0.3668789808917197	0.3668789808917197	0.999042451324609	0.3668789808917197	LiftOn_chaining_algorithm	frameshift	CP096026.1:22770275-22774214
rna-NM_001339765.1	0.7452229299363057	0.7452229299363057	0.9993021632937892	0.7452229299363057	LiftOn_chaining_algorithm	frameshift	CP096026.1:23091059-23094012
rna-NM_001339766.1	0.9436893203883496	0.9436893203883496	0.999165971643036	0.9611650485436892	LiftOn_chaining_algorithm	frameshift;stop_missing	CP096026.1:23091114-23093710
rna-NM_115578.5	0.4114977307110439	0.4114977307110439	0.999552171965965	0.4114977307110439	LiftOn_chaining_algorithm	frameshift	CP096026.1:23437741-23440335
rna-NM_001203243.2	0.050314465408805	0.9722222222222222	0.986254295532646	0.9722222222222222	LiftOn_chaining_algorithm	frameshift;start_lost	CP096026.1:25732903-25734050
rna-NM_001203076.2	0.8818181818181818	0.0	0.9955237242614146	0.9090909090909092	Liftoff_truncated	frameshift;stop_missing	CP096027.1:83982-85401
rna-NM_116365.4	0.998468606431853	0.998468606431853	0.9986928104575163	0.998468606431853	LiftOn_chaining_algorithm	frameshift	CP096027.1:656714-659006
rna-NM_001160734.1	0.0046620046620046	0.0	0.9627039627039627	0.6923076923076923	Liftoff_truncated	start_lost;stop_codon_gain	CP096027.1:3093827-3099374
rna-NM_001160735.1	0.0051546391752577	0.1301020408163265	0.6033549783549783	0.4922680412371134	LiftOn_chaining_algorithm	frameshift;stop_codon_gain	CP096027.1:3093827-3099374
rna-NM_117020.5	0.9979716024340772	0.9979716024340772	0.9994481236203092	0.9979716024340772	LiftOn_chaining_algorithm	nonsynonymous	CP096027.1:9004428-9006747
rna-NM_117241.2	0.9985835694050992	0.9985835694050992	0.9986666666666668	0.9985835694050992	LiftOn_chaining_algorithm	frameshift	CP096027.1:10042824-10046447
rna-NM_001036558.6	0.8888888888888888	0.8888888888888888	0.9958847736625516	0.8888888888888888	LiftOn_chaining_algorithm	frameshift;stop_missing	CP096027.1:11199213-11199576
rna-NM_001160762.2	0.9986996098829648	0.9986996098829648	0.9989733059548256	0.9986996098829648	LiftOn_chaining_algorithm	frameshift	CP096027.1:11554932-11558321
rna-NM_117589.6	0.9986996098829648	0.9986996098829648	0.999007279947055	0.9986996098829648	LiftOn_chaining_algorithm	frameshift	CP096027.1:11554999-11558280
rna-NM_001340987.1	0.3131313131313131	0.3131313131313131	0.9964664310954064	0.3404255319148936	LiftOn_chaining_algorithm	frameshift;stop_codon_gain	CP096027.1:11554996-11555278
rna-NM_001340989.1	0.637155297532656	0.637155297532656	0.9981167608286252	0.6438953488372093	LiftOn_chaining_algorithm	frameshift;stop_codon_gain	CP096027.1:11560968-11563922
rna-NM_117591.2	0.637155297532656	0.637155297532656	0.9985486211901308	0.6438953488372093	LiftOn_chaining_algorithm	frameshift;stop_codon_gain	CP096027.1:11560968-11563723
rna-NM_117602.9	0.6262295081967213	0.6262295081967213	0.9935535858178888	0.6262295081967213	LiftOn_chaining_algorithm	frameshift	CP096027.1:11617272-11619190
rna-NM_117604.2	0.970873786407767	0.970873786407767	0.9897119341563786	0.9805825242718448	LiftOn_chaining_algorithm	frameshift;stop_missing	CP096027.1:11621110-11621893
rna-NM_117606.5	0.2974417716685757	0.2974417716685757	0.9992364469330618	0.6669520547945206	LiftOn_chaining_algorithm	frameshift;stop_codon_gain	CP096027.1:11631024-11642203
rna-NM_001203807.2	0.9892933618843684	0.8891213389121339	0.9989357928343384	0.9957173447537472	LiftOn_chaining_algorithm	frameshift;stop_missing	CP096027.1:11642440-11645668
rna-NM_001340997.1	0.9892703862660944	0.8888888888888888	0.9984326018808778	0.9957081545064378	LiftOn_chaining_algorithm	frameshift;stop_missing	CP096027.1:11642474-11645437
rna-NM_117608.5	0.6705882352941176	0.5102040816326531	0.9995644599303136	0.6705882352941176	LiftOn_chaining_algorithm	frameshift	CP096027.1:11642608-11645377
rna-NM_148328.3	0.9992810927390366	0.7664543524416136	0.9997603642463456	0.9992810927390366	LiftOn_chaining_algorithm	nonsynonymous	CP096027.1:11676296-11682346
rna-NM_117624.6	0.9545454545454546	0.9545454545454546	0.9988228369629194	0.956439393939394	LiftOn_chaining_algorithm	frameshift;stop_codon_gain	CP096027.1:11749809-11751590
rna-NM_001341034.1	0.705045278137128	0.9973579920739762	0.9982409850483728	0.9973579920739762	LiftOn_chaining_algorithm	frameshift	CP096027.1:11753419-11759321
rna-NM_117625.2	0.7061855670103093	0.9973684210526316	0.997863247863248	0.9973684210526316	LiftOn_chaining_algorithm	frameshift	CP096027.1:11753363-11759321
rna-NM_001203809.1	0.0079207920792079	0.0079207920792079	0.9993589743589744	0.942528735632184	LiftOn_chaining_algorithm	frameshift;stop_codon_gain	CP096027.1:11952322-11954339
rna-NM_117667.9	0.0081466395112016	0.0081466395112016	0.9981549815498156	0.9408983451536644	LiftOn_chaining_algorithm	frameshift;stop_codon_gain	CP096027.1:11952299-11954416
rna-NM_001341071.1	0.1473214285714285	0.1473214285714285	0.9978401727861772	0.4874371859296482	LiftOn_chaining_algorithm	frameshift;stop_codon_gain	CP096027.1:11954926-11957090
rna-NM_001341072.1	0.1473214285714285	0.1473214285714285	0.9971910112359552	0.4874371859296482	LiftOn_chaining_algorithm	frameshift;stop_codon_gain	CP096027.1:11954926-11957090
rna-NM_001341073.1	0.1473214285714285	0.1473214285714285	0.9977142857142856	0.4874371859296482	LiftOn_chaining_algorithm	frameshift;stop_codon_gain	CP096027.1:11954926-11957090
rna-NM_001341074.1	0.1473214285714285	0.1473214285714285	0.9969879518072288	0.4874371859296482	LiftOn_chaining_algorithm	frameshift;stop_codon_gain	CP096027.1:11954927-11957073
rna-NM_148336.4	0.152027027027027	0.0721003134796238	0.996658312447786	0.3566176470588235	LiftOn_chaining_algorithm	frameshift;stop_codon_gain	CP096027.1:11955050-11956849
rna-NM_117669.8	0.9675675675675676	0.9675675675675676	0.9971830985915492	0.9783783783783784	LiftOn_chaining_algorithm	frameshift;stop_missing	CP096027.1:11959457-11961461
rna-NM_117673.6	0.0890346766635426	0.0897072710103871	0.9989740082079344	0.4352557127312296	LiftOn_chaining_algorithm	frameshift;stop_codon_gain	CP096027.1:11968769-11972365
rna-NM_117674.7	0.0677290836653386	0.0677290836653386	0.9974226804123713	0.3535791757049891	LiftOn_chaining_algorithm	frameshift;stop_codon_gain	CP096027.1:11972579-11974799
rna-NM_117684.6	0.9917355371900828	0.9917355371900828	0.9976689976689976	0.9917355371900828	LiftOn_chaining_algorithm	nonsynonymous	CP096027.1:12010095-12013257
rna-NM_117687.2	0.6086956521739131	0.6086956521739131	0.9950980392156864	0.6086956521739131	LiftOn_chaining_algorithm	frameshift	CP096027.1:12020299-12021743
rna-NM_001084929.5	0.9728260869565216	0.9728260869565216	0.975548060708263	0.9891304347826086	LiftOn_chaining_algorithm	frameshift;stop_missing	CP096027.1:12023333-12025242
rna-NM_117688.8	0.9973404255319148	0.9973404255319148	0.9980430528375732	0.9973404255319148	LiftOn_chaining_algorithm	frameshift	CP096027.1:12025260-12027099
rna-NM_117689.5	0.4224598930481283	0.8440111420612814	0.9676595744680851	0.8440111420612814	LiftOn_chaining_algorithm	frameshift;stop_codon_gain	CP096027.1:12028983-12031031
rna-NM_117690.3	0.8305084745762712	0.8305084745762712	0.9847715736040608	0.8516949152542372	LiftOn_chaining_algorithm	frameshift;stop_codon_gain	CP096027.1:12031533-12032904
rna-NM_117704.6	0.4887218045112781	0.4827586206896552	0.998126639190708	0.4887218045112781	LiftOn_chaining_algorithm	frameshift	CP096027.1:12092335-12095811
rna-NM_001160767.2	0.9981343283582088	0.9981343283582088	0.999613750482812	0.9981343283582088	LiftOn_chaining_algorithm	nonsynonymous	CP096027.1:12113406-12117078
rna-NM_117708.6	0.9981343283582088	0.9981343283582088	0.9995944849959448	0.9981343283582088	LiftOn_chaining_algorithm	nonsynonymous	CP096027.1:12113406-12117078
rna-NM_148342.8	0.9408983451536644	0.9408983451536644	0.9981290926099158	0.950354609929078	LiftOn_chaining_algorithm	frameshift;stop_missing	CP096027.1:12117452-12121436
rna-NM_117710.6	0.7424242424242424	0.7424242424242424	0.9987441130298274	0.7424242424242424	LiftOn_chaining_algorithm	frameshift	CP096027.1:12127718-12132954
rna-NM_001341088.1	0.983739837398374	0.4382022471910112	0.9905149051490516	0.983739837398374	LiftOn_chaining_algorithm	nonsynonymous	CP096027.1:12161947-12165178
rna-NM_001341089.1	0.9407407407407408	0.0	0.9659442724458204	0.9407407407407408	Liftoff_truncated	frameshift	CP096027.1:12167608-12168341
rna-NM_117720.2	0.0465116279069767	0.7209302325581395	0.9002849002849003	0.7209302325581395	LiftOn_chaining_algorithm	frameshift;start_lost	CP096027.1:12171720-12172036
rna-NM_001203811.1	0.1540284360189573	0.1540284360189573	0.9954233409610984	0.7068493150684931	LiftOn_chaining_algorithm	frameshift;stop_codon_gain	CP096027.1:12207173-12209003
rna-NM_117731.7	0.1546391752577319	0.0451977401129943	0.995850622406639	0.1546391752577319	LiftOn_chaining_algorithm	frameshift	CP096027.1:12226178-12228253
rna-NM_001341101.1	0.9948453608247424	0.9948453608247424	0.997835497835498	0.9948453608247424	LiftOn_chaining_algorithm	frameshift	CP096027.1:12235454-12237275
rna-NM_202830.6	0.996078431372549	0.9725490196078432	0.9986477349560514	0.996078431372549	LiftOn_chaining_algorithm	frameshift	CP096027.1:12235253-12237276
rna-NM_117734.8	0.9971550497866288	0.9971550497866288	0.9987809833401056	0.9971550497866288	LiftOn_chaining_algorithm	frameshift	CP096027.1:12238911-12241370
rna-NM_117745.4	0.99601593625498	0.99601593625498	0.9984552008238928	0.99601593625498	LiftOn_chaining_algorithm	frameshift	CP096027.1:12268540-12270653
rna-NM_001341109.1	0.9878472222222222	0.9878472222222222	0.9994517543859648	0.9878472222222222	LiftOn_chaining_algorithm	frameshift;stop_missing	CP096027.1:12292397-12294219
rna-NM_117752.6	0.9960474308300395	0.9881422924901184	0.998193315266486	0.9960474308300395	LiftOn_chaining_algorithm	frameshift	CP096027.1:12294633-12296813
rna-NM_001341112.1	0.9953917050691244	0.9907834101382488	0.9985569985569984	0.9953917050691244	LiftOn_chaining_algorithm	nonsynonymous	CP096027.1:12297064-12298236
rna-NM_117753.2	0.9957081545064378	0.9914163090128756	0.9987834549878344	0.9957081545064378	LiftOn_chaining_algorithm	nonsynonymous	CP096027.1:12296941-12298194
rna-NM_117814.4	0.1784897025171624	0.1784897025171624	0.9964850615114236	0.1784897025171624	LiftOn_chaining_algorithm	frameshift	CP096027.1:12593858-12596597
rna-NM_001341195.1	0.9981132075471698	0.9981132075471698	0.9990867579908675	0.9981132075471698	LiftOn_chaining_algorithm	frameshift	CP096027.1:12644926-12647735
rna-NM_117828.8	0.9981132075471698	0.9981132075471698	0.998371335504886	0.9981132075471698	LiftOn_chaining_algorithm	frameshift	CP096027.1:12644532-12647750
rna-NM_117911.4	0.9984544049459042	0.9984544049459042	0.9988276670574444	0.9984544049459042	LiftOn_chaining_algorithm	frameshift	CP096027.1:12974928-12978450
rna-NM_117923.8	0.9991015274034142	0.9991015274034142	0.9997443762781186	0.9991015274034142	LiftOn_chaining_algorithm	nonsynonymous	CP096027.1:13026056-13030265
rna-NM_118078.5	0.9968051118210862	0.9968051118210862	0.9989350372736954	0.9968051118210862	LiftOn_chaining_algorithm	nonsynonymous	CP096027.1:13652285-13653370
rna-NM_118146.5	0.998992950654582	0.998992950654582	0.9994146912496342	0.998992950654582	LiftOn_chaining_algorithm	nonsynonymous	CP096027.1:13933478-13937018
rna-NM_001341446.1	0.9831460674157304	0.9831460674157304	0.99873417721519	0.9831460674157304	LiftOn_chaining_algorithm	frameshift;stop_missing	CP096027.1:14033773-14034634
rna-NM_118179.3	0.9961089494163424	0.9961089494163424	0.9987029831387808	0.9961089494163424	LiftOn_chaining_algorithm	nonsynonymous	CP096027.1:14039049-14040059
rna-NM_001341447.1	0.9831460674157304	0.9831460674157304	0.99873417721519	0.9831460674157304	LiftOn_chaining_algorithm	frameshift;stop_missing	CP096027.1:14043543-14044404
rna-NM_001341449.1	0.9922178988326849	0.0	0.9974059662775616	0.9922178988326849	Liftoff_truncated	nonsynonymous	CP096027.1:14048821-14049831
rna-NM_118174.3	0.996309963099631	0.996309963099631	0.9981735159817352	0.996309963099631	LiftOn_chaining_algorithm	frameshift	CP096027.1:14053473-14054806
rna-NM_001341443.1	0.9831460674157304	0.9831460674157304	0.99873417721519	0.9831460674157304	LiftOn_chaining_algorithm	frameshift;stop_missing	CP096027.1:14061423-14062284
rna-NM_001341448.1	0.9831460674157304	0.9831460674157304	0.99873417721519	0.9831460674157304	LiftOn_chaining_algorithm	frameshift;stop_missing	CP096027.1:14064684-14065545
rna-NM_118178.3	0.9961089494163424	0.9961089494163424	0.9987029831387808	0.9961089494163424	LiftOn_chaining_algorithm	nonsynonymous	CP096027.1:14066704-14067714
rna-NM_001341445.1	0.9831460674157304	0.9831460674157304	0.99873417721519	0.9831460674157304	LiftOn_chaining_algorithm	frameshift;stop_missing	CP096027.1:14067942-14068803
rna-NM_001341450.1	0.2583025830258302	0.0	0.9981735159817352	0.6309963099630996	Liftoff_truncated	frameshift;stop_codon_gain	CP096027.1:14084668-14086003
rna-NM_118273.8	0.9987146529562982	0.9987146529562982	0.999625468164794	0.9987146529562982	LiftOn_chaining_algorithm	nonsynonymous	CP096027.1:14434517-14439971
rna-NM_001341572.1	0.9695652173913044	0.9695652173913044	0.9980652294085128	0.9717391304347828	LiftOn_chaining_algorithm	frameshift;stop_missing	CP096027.1:15043531-15049331
rna-NM_118429.7	0.9695652173913044	0.9695652173913044	0.9982416478271792	0.9717391304347828	LiftOn_chaining_algorithm	frameshift;stop_missing	CP096027.1:15043622-15049329
rna-NM_001341608.1	0.7719869706840391	0.7719869706840391	0.997931747673216	0.7785016286644951	LiftOn_chaining_algorithm	frameshift;stop_codon_gain	CP096027.1:15200744-15202599
rna-NM_001341719.1	0.495049504950495	0.4854368932038835	0.9953325554259044	0.5204081632653061	LiftOn_chaining_algorithm	frameshift;stop_codon_gain	CP096027.1:15808464-15810117
rna-NM_001125589.5	0.9962406015037594	0.8408304498269896	0.99664147774979	0.9962406015037594	LiftOn_chaining_algorithm	frameshift	CP096027.1:16339978-16341618
rna-NM_001341798.1	0.996138996138996	0.996138996138996	0.9977628635346756	0.996138996138996	LiftOn_chaining_algorithm	nonsynonymous	CP096027.1:16340449-16341716
rna-NM_001341800.1	0.9926470588235294	0.9926470588235294	0.9935064935064936	0.9926470588235294	LiftOn_chaining_algorithm	frameshift	CP096027.1:16358633-16359166
rna-NM_118779.5	0.9913793103448276	0.9913793103448276	0.9975308641975308	0.9913793103448276	LiftOn_chaining_algorithm	nonsynonymous	CP096027.1:16358688-16359166
rna-NM_001341833.1	0.7357357357357357	0.1424287856071964	0.9996262148018938	0.7623300970873786	LiftOn_chaining_algorithm	frameshift;stop_codon_gain	CP096027.1:16547131-16557597
rna-NM_118835.3	0.7256493506493507	0.0842787682333873	0.9997435239805078	0.7541052631578947	LiftOn_chaining_algorithm	frameshift;stop_codon_gain	CP096027.1:16547131-16557454
rna-NM_001085020.5	0.823170731707317	0.823170731707317	0.9974293059125964	0.85	LiftOn_chaining_algorithm	frameshift;stop_codon_gain	CP096027.1:19130726-19131502
rna-NM_148400.6	0.3852691218130311	0.3852691218130311	0.998439937597504	0.3852691218130311	LiftOn_chaining_algorithm	frameshift	CP096027.1:19796465-19799417
rna-NM_119820.5	0.9322033898305084	0.9322033898305084	0.9987745098039216	0.9661016949152542	LiftOn_chaining_algorithm	frameshift;stop_missing	CP096027.1:20243503-20244974
rna-NM_119842.7	0.8270676691729323	0.8270676691729323	0.996998799519808	0.8308270676691729	LiftOn_chaining_algorithm	frameshift;stop_missing	CP096027.1:20321515-20323605
rna-NM_001342426.1	0.99822695035461	0.99822695035461	0.998993288590604	0.99822695035461	LiftOn_chaining_algorithm	frameshift	CP096027.1:20358441-20363194
rna-NM_001342427.1	0.9981884057971014	0.9981884057971014	0.9982570806100218	0.9981884057971014	LiftOn_chaining_algorithm	frameshift	CP096027.1:20358582-20362192
rna-NM_119851.6	0.9986486486486488	0.9986486486486488	0.9988704819277108	0.9986486486486488	LiftOn_chaining_algorithm	frameshift	CP096027.1:20358457-20363194
rna-NM_120176.1	0.1440329218106996	0.1450980392156863	0.9671428571428572	0.163716814159292	LiftOn_chaining_algorithm	frameshift;stop_codon_gain	CP096027.1:21572540-21573833
rna-NM_120452.2	0.8292682926829268	0.0	0.9166666666666666	0.8292682926829268	Liftoff_truncated	frameshift;stop_missing	CP096028.1:973548-974219
rna-NM_120487.7	0.9900166389351082	0.9916805324459236	0.9960435212660732	0.9916805324459236	LiftOn_chaining_algorithm	frameshift;stop_missing	CP096028.1:1099445-1102475
rna-NM_120953.4	0.9982046678635548	0.9982046678635548	0.9985569985569984	0.9982046678635548	LiftOn_chaining_algorithm	frameshift	CP096028.1:2823297-2826457
rna-NM_120955.8	0.9961538461538462	0.9961538461538462	0.9986187845303868	0.9961538461538462	LiftOn_chaining_algorithm	frameshift	CP096028.1:2853559-2856741
rna-NM_120972.1	0.9929824561403509	0.1538461538461538	0.9964912280701754	0.9929824561403509	LiftOn_chaining_algorithm	nonsynonymous	CP096028.1:2911636-2913868
rna-NM_001343141.1	0.9968152866242038	0.9968152866242038	0.9982339955849888	0.9968152866242038	LiftOn_chaining_algorithm	frameshift	CP096028.1:3441669-3445104
rna-NM_001343142.1	0.99673735725938	0.99673735725938	0.9990904956798544	0.99673735725938	LiftOn_chaining_algorithm	nonsynonymous	CP096028.1:3441669-3445085
rna-NM_121128.4	0.9966722129783694	0.9966722129783694	0.9987146529562982	0.9966722129783694	LiftOn_chaining_algorithm	frameshift	CP096028.1:3441669-3445092
rna-NM_121148.3	0.1245614035087719	0.1193277310924369	0.9994152046783624	0.156140350877193	LiftOn_chaining_algorithm	frameshift;stop_codon_gain	CP096028.1:3538129-3540948
rna-NM_001125768.3	0.1564885496183206	0.0	0.2800734618916437	0.1564885496183206	Liftoff_truncated	frameshift;start_lost	CP096028.1:5788354-5789131
rna-NM_121768.5	0.996969696969697	0.996969696969697	0.9992753623188406	0.996969696969697	LiftOn_chaining_algorithm	nonsynonymous	CP096028.1:5816476-5819387
rna-NM_203077.2	0.9972826086956522	0.9972826086956522	0.9984164687252574	0.9972826086956522	LiftOn_chaining_algorithm	frameshift	CP096028.1:6221888-6223149
rna-NM_121876.5	0.0519480519480519	0.0519480519480519	0.9994791666666668	0.1601731601731601	LiftOn_chaining_algorithm	frameshift;stop_codon_gain	CP096028.1:6251909-6254254
rna-NM_001161261.1	0.9957983193277312	0.9915966386554622	0.9985994397759104	0.9957983193277312	LiftOn_chaining_algorithm	nonsynonymous	CP096028.1:7619026-7622375
rna-NM_001343767.1	0.995049504950495	0.9851485148514852	0.9973753280839897	0.995049504950495	LiftOn_chaining_algorithm	frameshift	CP096028.1:7619026-7622688
rna-NM_122562.2	0.5132743362831859	0.5132743362831859	0.9953125	0.5132743362831859	LiftOn_chaining_algorithm	frameshift	CP096028.1:9437117-9438678
rna-NM_122718.6	0.999113475177305	0.99822695035461	0.9997598463016332	0.999113475177305	LiftOn_chaining_algorithm	nonsynonymous	CP096028.1:10334890-10342150
rna-NM_203117.2	0.9990808823529412	0.9981617647058824	0.999423797176606	0.9990808823529412	LiftOn_chaining_algorithm	frameshift	CP096028.1:10334981-10341667
rna-NM_122720.3	0.9821428571428572	0.9821428571428572	0.9992537313432835	0.9876373626373628	LiftOn_chaining_algorithm	frameshift;stop_missing	CP096028.1:10346884-10349562
rna-NM_001036890.1	0.4915254237288136	0.0	0.7853107344632768	0.5084745762711864	Liftoff_truncated	frameshift;stop_codon_gain	CP096028.1:15977469-15977626
rna-NM_001085173.1	0.1764705882352941	0.1764705882352941	0.9971988795518208	0.5630252100840336	LiftOn_chaining_algorithm	stop_codon_gain	CP096028.1:16859585-16859941
rna-NM_001085177.1	0.9915966386554622	0.9915966386554622	0.9971988795518208	0.9915966386554622	LiftOn_chaining_algorithm	nonsynonymous	CP096028.1:16870547-16870903
rna-NM_001085179.1	0.9663865546218487	0.0	0.969187675070028	0.9663865546218487	Liftoff_truncated	inframe_deletion	CP096028.1:16877137-16877484
rna-NM_001085180.1	0.9831932773109244	0.0	0.9943977591036416	0.9831932773109244	Liftoff_truncated	start_lost	CP096028.1:16879325-16879681
rna-NM_001085200.1	0.9243697478991596	0.0	0.9439775910364144	0.9243697478991596	Liftoff_truncated	inframe_deletion	CP096028.1:16881522-16881869
rna-NM_001085183.1	0.957983193277311	0.0	0.9663865546218487	0.957983193277311	Liftoff_truncated	inframe_deletion	CP096028.1:16883709-16884056
rna-NM_001085185.2	0.9747899159663864	0.0	0.9868204283360792	0.9747899159663864	Liftoff_truncated	frameshift	CP096028.1:16903293-16903897
rna-NM_001085198.1	0.2941176470588235	0.0	0.9663865546218487	0.5042016806722689	Liftoff_truncated	stop_codon_gain	CP096028.1:16905670-16906026
rna-NM_123074.2	0.9988095238095238	0.9988095238095238	0.9996031746031746	0.9988095238095238	LiftOn_chaining_algorithm	nonsynonymous	CP096028.1:17174693-17177925
rna-NM_001344272.1	0.996	0.996	0.9977851605758582	0.996	LiftOn_chaining_algorithm	stop_missing	CP096028.1:18035256-18036248
rna-NM_001344273.1	0.9959183673469388	0.9959183673469388	0.9979736575481256	0.9959183673469388	LiftOn_chaining_algorithm	stop_missing	CP096028.1:18035271-18036347
rna-NM_001344284.1	0.2645739910313901	0.0	0.9975308641975308	0.5874439461883408	Liftoff_truncated	frameshift;stop_codon_gain	CP096028.1:18126493-18127396
rna-NM_001344307.1	0.4149659863945578	0.98932384341637	0.996969696969697	0.99288256227758	LiftOn_chaining_algorithm	frameshift	CP096028.1:18419530-18422241
rna-NM_123746.3	0.9978308026030368	0.9978308026030368	0.9982758620689656	0.9978308026030368	LiftOn_chaining_algorithm	frameshift	CP096028.1:20084084-20085821
rna-NM_001344983.1	0.1969696969696969	0.1666666666666666	0.9974025974025974	0.8125	LiftOn_chaining_algorithm	frameshift;stop_codon_gain	CP096028.1:23666550-23668087
rna-NM_001203597.1	0.9899497487437184	0.9597989949748744	0.9980732177263968	1.0	LiftOn_chaining_algorithm	frameshift;stop_missing	CP096028.1:24015748-24021142
rna-NM_001345052.1	0.0514511873350923	0.0514511873350923	0.9994866529774128	0.9423076923076924	LiftOn_chaining_algorithm	frameshift;stop_codon_gain	CP096028.1:24150407-24152438
rna-NM_125415.2	0.8293413173652695	0.8293413173652695	0.998139534883721	0.8475609756097561	LiftOn_chaining_algorithm	frameshift;stop_codon_gain	CP096028.1:26750153-26751351
rna-NM_001345434.1	0.3865546218487395	0.3860911270983213	0.999652052887961	0.4057623049219688	LiftOn_chaining_algorithm	frameshift;stop_codon_gain	CP096028.1:26999602-27003003
rna-DA397_mgp20	0.9984779299847792	0.9969558599695586	0.9989852866565196	0.9984779299847792	LiftOn_chaining_algorithm	nonsynonymous	CP096029.1:144294-146264
rna-NM_126747.3	0.9961439588688946	0.9961439588688946	0.9979550102249488	0.9961439588688946	LiftOn_chaining_algorithm	frameshift	CP096029.1:302067-304731
rna-ArthCp047	0.1129032258064516	0.0	0.260752688172043	0.1129032258064516	Liftoff_truncated	frameshift;stop_missing	CP096030.1:69611-69724
rna-NM_001160924.1_1	0.0	0.0167664670658682	0.7007560684440908	0.1340872374798061	miniprot_truncated	frameshift;stop_codon_gain	CP096028.1:13666976-13687618
rna-NM_001335332.1_1	0.0	0.7325581395348837	0.957610789980732	0.7650602409638554	miniprot_truncated	inframe_insertion;stop_codon_gain	CP096029.1:152083-153305
rna-NM_126759.1_1	0.0	0.9928571428571428	0.9976190476190476	0.9928571428571428	miniprot_truncated	nonsynonymous	CP096029.1:182278-182697
rna-NM_126759.1_2	0.0	0.9928571428571428	0.9976190476190476	0.9928571428571428	miniprot_truncated	nonsynonymous	CP096029.1:48113-48532
rna-NM_126759.1_3	0.0	0.9928571428571428	0.9976190476190476	0.9928571428571428	miniprot_truncated	nonsynonymous	CP096025.1:3471612-3472031
rna-NM_126763.1_1	0.0	0.9965156794425089	0.9976771196283392	0.9965156794425089	miniprot_truncated	nonsynonymous	CP096029.1:63058-65498
rna-NM_001335335.1_1	0.0	0.9896907216494846	0.9965635738831616	0.9896907216494846	miniprot_truncated	nonsynonymous	CP096029.1:66118-66497
rna-NM_126768.1_1	0.0	0.9974093264248703	0.9991364421416234	0.9974093264248703	miniprot_truncated	nonsynonymous	CP096025.1:3588766-3589923
rna-NM_001335379.1_1	0.0	0.9534883720930232	0.9612403100775194	0.9534883720930232	miniprot_truncated	inframe_deletion;stop_missing	CP096024.1:14976024-14976272
rna-NM_111785.1_1	0.0	0.9958762886597938	0.9979381443298968	0.9958762886597938	miniprot_truncated	nonsynonymous	CP096025.1:13388788-13390242
rna-NM_111785.1_2	0.0	0.9958762886597938	0.9986254295532646	0.9958762886597938	miniprot_truncated	nonsynonymous	CP096025.1:15932579-15934033
rna-NM_001160734.1_1	0.0	0.0682819383259911	0.8904515173945226	0.4289044289044289	miniprot_truncated	frameshift;stop_codon_gain	CP096027.1:3031611-3090656
rna-NM_001343617.1_3	0.0	0.984375	0.9947916666666666	0.984375	miniprot_truncated	nonsynonymous	CP096026.1:9617358-9617637
rna-NM_001036890.1_1	0.0	0.576271186440678	0.768361581920904	0.5932203389830508	miniprot_truncated	inframe_deletion;stop_codon_gain	CP096028.1:15971795-15971950
rna-DA397_mgp38_1	0.0	0.9947643979057592	0.9965095986038396	0.9947643979057592	miniprot_truncated	nonsynonymous	CP096029.1:23663-24235
rna-DA397_mgp04_1	0.0	0.99009900990099	0.9966996699669968	0.99009900990099	miniprot_truncated	nonsynonymous	CP096025.1:3465088-3465390
