rna-XM_026439518.1	0.2622107969151671	1.0	0.9984387197501952	1.0	LiftOn_chaining_algorithm	synonymous	CM033155.1:3166722-3169521	1.0
rna-XM_006563290.3	0.0075757575757575	0.97196261682243	0.9631093544137024	0.97196261682243	LiftOn_chaining_algorithm	frameshift	CM033155.1:22990577-22994277	0.97196261682243
rna-XM_623179.5	0.0	1.0	0.9929676511954992	1.0	LiftOn_chaining_algorithm	synonymous	CM033155.1:23621044-23622462	1.0
rna-XM_026443978.1	0.960470984020185	0.9613120269133726	0.7108064516129032	0.9613120269133726	LiftOn_chaining_algorithm	frameshift	CM033155.1:25217744-25224902	0.9613120269133726
rna-XM_395231.6	0.3852201257861635	0.9967105263157896	0.993897122929381	0.9967105263157896	LiftOn_chaining_algorithm	frameshift	CM033156.1:1063756-1071589	0.9967105263157896
rna-XM_006568865.3	0.033033033033033	1.0	0.9958847736625516	1.0	LiftOn_chaining_algorithm	synonymous	CM033156.1:1573866-1576895	1.0
rna-XM_392210.7	0.033033033033033	1.0	0.9973835688121402	1.0	LiftOn_chaining_algorithm	synonymous	CM033156.1:1573866-1576895	1.0
rna-XM_006568986.3	0.9975669099756692	1.0	0.99250936329588	1.0	LiftOn_chaining_algorithm	synonymous	CM033156.1:2721374-2725400	1.0
rna-XM_026446503.1	0.9977876106194692	1.0	0.9981981981981982	1.0	LiftOn_chaining_algorithm	synonymous	CM033156.1:9838204-9840291	1.0
rna-XM_026439652.1	0.9973070017953322	0.9991023339317774	0.9919865035849852	0.9991023339317774	LiftOn_chaining_algorithm	frameshift	CM033157.1:395387-529322	0.9991023339317774
rna-XM_006568395.3	0.0	0.9986513823331086	0.9954805996472664	0.9986513823331086	LiftOn_chaining_algorithm	frameshift	CM033157.1:2197531-2286423	0.9986513823331086
rna-XM_006568396.3	0.0	0.9986168741355465	0.9954246177881932	0.9986168741355465	LiftOn_chaining_algorithm	frameshift	CM033157.1:2197531-2286423	0.9986168741355465
rna-XM_006568397.3	0.0	0.9986023759608664	0.9953067381830372	0.9986023759608664	LiftOn_chaining_algorithm	frameshift	CM033157.1:2197531-2286424	0.9986023759608664
rna-XM_006568398.3	0.0	0.9985835694050992	0.9954731147178978	0.9985835694050992	LiftOn_chaining_algorithm	frameshift	CM033157.1:2197531-2286424	0.9985835694050992
rna-XM_026439475.1	0.0	0.9985785358919688	0.9980440967283072	0.9985785358919688	LiftOn_chaining_algorithm	frameshift	CM033157.1:2203192-2286424	0.9985785358919688
rna-XM_006567738.3	0.0	0.9987608426270136	0.9947898575894408	0.9987608426270136	LiftOn_chaining_algorithm	frameshift	CM033159.1:10652436-10659018	0.9987608426270136
rna-XM_006567739.3	0.0	0.9987562189054726	0.995017793594306	0.9987562189054726	LiftOn_chaining_algorithm	frameshift	CM033159.1:10652435-10658958	0.9987562189054726
rna-XM_026440816.1	0.0	0.9987593052109182	0.994324228449805	0.9987593052109182	LiftOn_chaining_algorithm	frameshift	CM033159.1:10652434-10658958	0.9987593052109182
rna-XM_016912893.2	0.0016339869281045	0.9967320261437908	0.9957609156422212	0.9967320261437908	LiftOn_chaining_algorithm	frameshift	CM033160.1:11841216-11848223	0.9967320261437908
rna-XM_026441387.1	0.0214077197534868	1.0	0.9982839982839984	1.0	LiftOn_chaining_algorithm	synonymous	CM033160.1:13351809-13471374	1.0
rna-XM_026441388.1	0.0214216163583252	1.0	0.9978438982319966	1.0	LiftOn_chaining_algorithm	synonymous	CM033160.1:13351809-13471373	1.0
rna-XM_026441429.1	0.3879849812265332	0.9986338797814208	0.9965206713057716	0.9986338797814208	LiftOn_chaining_algorithm	frameshift	CM033160.1:13727052-13736821	0.9986338797814208
rna-XM_016912799.2	0.8617021276595744	1.0	0.9830769230769232	1.0	LiftOn_chaining_algorithm	synonymous	CM033160.1:14374091-14473628	1.0
rna-XM_026441790.1	0.904494382022472	0.9101123595505618	0.7912457912457912	0.9101123595505618	LiftOn_chaining_algorithm	inframe_deletion;stop_missing	CM033161.1:6969020-6970905	0.9101123595505618
rna-XM_026441696.1	0.3402375875723423	0.9938222715032472	0.9886405615072036	0.9938222715032472	LiftOn_chaining_algorithm	frameshift	CM033161.1:10639899-10671546	0.9938222715032472
rna-XM_006560150.3	0.9969879518072288	1.0	0.9944576405384006	1.0	LiftOn_chaining_algorithm	synonymous	CM033161.1:11401171-11405676	1.0
rna-NM_001040203.1	0.991869918699187	1.0	0.9801223241590216	1.0	LiftOn_chaining_algorithm	synonymous	CM033162.1:4284207-4285027	1.0
rna-XM_006564502.3	0.991869918699187	1.0	0.9928425357873212	1.0	LiftOn_chaining_algorithm	synonymous	CM033162.1:4283464-4284939	1.0
rna-XM_026442120.1	0.0446428571428571	0.9902912621359224	0.9819391634980988	0.9902912621359224	LiftOn_chaining_algorithm	frameshift;start_lost	CM033162.1:9229014-9230184	0.9902912621359224
rna-XM_026442961.1	0.0200803212851405	0.986725663716814	0.9809384164222874	0.986725663716814	LiftOn_chaining_algorithm	frameshift;start_lost	CM033163.1:8650778-8651896	0.986725663716814
rna-XM_006561824.3	0.0216216216216216	0.9938900203665988	0.987045033929673	0.9938900203665988	LiftOn_chaining_algorithm	frameshift	CM033163.1:8827405-8886036	0.9938900203665988
rna-XM_006561827.3	0.0218181818181818	0.9936708860759492	0.9869077306733168	0.9936708860759492	LiftOn_chaining_algorithm	frameshift	CM033163.1:8827405-8886036	0.9936708860759492
rna-XM_016914084.2	0.9896373056994818	0.9948186528497408	0.994074074074074	0.9948186528497408	LiftOn_chaining_algorithm	frameshift	CM033163.1:9857722-9859264	0.9948186528497408
rna-XM_026442828.1	0.1387283236994219	1.0	0.9978662873399716	1.0	LiftOn_chaining_algorithm	synonymous	CM033163.1:10797894-10800199	1.0
rna-NM_001011589.1	0.978102189781022	0.9854014598540146	0.9609120521172638	0.9854014598540146	LiftOn_chaining_algorithm	frameshift	CM033163.1:12090496-12091804	0.9854014598540146
rna-XM_395179.6	0.8964102564102564	0.998963730569948	0.9982788296041308	0.998963730569948	LiftOn_chaining_algorithm	frameshift	CM033164.1:4431516-4437063	0.998963730569948
rna-XM_026443202.1	0.9927272727272728	0.9890909090909092	0.9882978723404257	0.9890909090909092	LiftOn_chaining_algorithm	frameshift	CM033164.1:7981002-7983623	0.9890909090909092
rna-NM_001011601.1	0.8909090909090909	0.9908088235294118	0.8284789644012945	0.9908088235294118	LiftOn_chaining_algorithm	frameshift	CM033165.1:2406929-2410419	0.9908088235294118
rna-XM_006559011.3	0.9915966386554622	1.0	0.9949748743718592	1.0	LiftOn_chaining_algorithm	synonymous	CM033165.1:2967249-2970370	1.0
rna-XM_026444094.1	0.919093851132686	0.9255663430420712	0.9009826152683296	0.9255663430420712	LiftOn_chaining_algorithm	frameshift;stop_missing	CM033165.1:6886713-6968319	0.9255663430420712
rna-XM_006572170.3	0.0	0.9827586206896552	0.9444444444444444	0.9827586206896552	LiftOn_chaining_algorithm	frameshift;start_lost	CM033165.1:7283976-7286417	0.9827586206896552
rna-XM_016917428.2	0.0	0.9818181818181818	0.9416666666666668	0.9818181818181818	LiftOn_chaining_algorithm	frameshift;start_lost	CM033165.1:7283976-7286417	0.9818181818181818
rna-XM_016914738.2	0.9541284403669724	0.9617737003058104	0.9469979296066252	0.9617737003058104	LiftOn_chaining_algorithm	frameshift	CM033165.1:16267987-16270768	0.9617737003058104
rna-XM_016914741.2	0.9524539877300614	0.955521472392638	0.9401815181518152	0.955521472392638	LiftOn_chaining_algorithm	frameshift	CM033165.1:16267987-16270768	0.955521472392638
rna-XM_016914746.2	0.9625	0.9703125	0.9398839137645107	0.9703125	LiftOn_chaining_algorithm	frameshift	CM033165.1:16267987-16270768	0.9703125
rna-XM_016914748.2	0.961904761904762	0.9714285714285714	0.9282752902155889	0.9714285714285714	LiftOn_chaining_algorithm	frameshift	CM033165.1:16267987-16270768	0.9714285714285714
rna-XM_016914749.2	0.9631410256410255	0.9727564102564102	0.9219593192195932	0.9727564102564102	LiftOn_chaining_algorithm	frameshift	CM033165.1:16267987-16270768	0.9727564102564102
rna-XM_016914755.2	0.96875	0.9722222222222222	0.9462659380692168	0.9722222222222222	LiftOn_chaining_algorithm	frameshift	CM033165.1:16267987-16270768	0.9722222222222222
rna-XM_026444113.1	0.9532710280373832	0.9641744548286604	0.9382255389718076	0.9641744548286604	LiftOn_chaining_algorithm	frameshift	CM033165.1:16267987-16270768	0.9641744548286604
rna-XM_026444114.1	0.9546875	0.9578125	0.9296066252587992	0.9578125	LiftOn_chaining_algorithm	frameshift	CM033165.1:16267987-16270768	0.9578125
rna-XM_026444115.1	0.9570063694267515	0.9585987261146496	0.9541720709035884	0.9585987261146496	LiftOn_chaining_algorithm	frameshift	CM033165.1:16267987-16270768	0.9585987261146496
rna-XM_026445182.1	0.0145631067961165	0.9894179894179894	0.988522238163558	0.9894179894179894	LiftOn_chaining_algorithm	frameshift;start_lost	CM033168.1:576161-581461	0.9894179894179894
rna-XM_001122512.4	0.9986139986139986	0.9993069993069992	0.9950155763239876	0.9993069993069992	LiftOn_chaining_algorithm	frameshift	CM033168.1:2595342-2600568	0.9993069993069992
rna-XM_026444893.1	0.9452459016393444	0.9524590163934428	0.947002961298887	0.9524590163934428	LiftOn_chaining_algorithm	frameshift	CM033168.1:2967711-2985716	0.9524590163934428
rna-XM_026445588.1	0.2588433464345873	0.996309963099631	0.9895374449339208	0.996309963099631	LiftOn_chaining_algorithm	start_lost;inframe_insertion;inframe_deletion	CM033169.1:3600163-3632694	0.996309963099631
rna-XM_026445589.1	0.2595936794582393	0.9993815708101422	0.9931746910164176	0.9993815708101422	LiftOn_chaining_algorithm	inframe_insertion	CM033169.1:3598167-3632694	0.9993815708101422
rna-XM_026445590.1	0.2508513053348468	0.9962663347853142	0.9894268224819144	0.9962663347853142	LiftOn_chaining_algorithm	start_lost;inframe_insertion;inframe_deletion	CM033169.1:3600163-3632694	0.9962663347853142
rna-XM_026445591.1	0.2647903503733486	0.99625468164794	0.9893973214285714	0.99625468164794	LiftOn_chaining_algorithm	start_lost;inframe_insertion;inframe_deletion	CM033169.1:3600163-3632694	0.99625468164794
rna-XM_026445592.1	0.2637299771167048	0.9962406015037594	0.9893617021276596	0.9962406015037594	LiftOn_chaining_algorithm	start_lost;inframe_insertion;inframe_deletion	CM033169.1:3600163-3632694	0.9962406015037594
rna-XM_026445593.1	0.2502857142857143	0.9993730407523512	0.9930590824445572	0.9993730407523512	LiftOn_chaining_algorithm	frameshift	CM033169.1:3566333-3632694	0.9993730407523512
rna-XM_026445594.1	0.2502857142857143	0.9993730407523512	0.9927777777777778	0.9993730407523512	LiftOn_chaining_algorithm	frameshift	CM033169.1:3566377-3632694	0.9993730407523512
rna-XM_026445595.1	0.265247410817031	0.9962335216572504	0.9893438025799216	0.9962335216572504	LiftOn_chaining_algorithm	start_lost;inframe_insertion;inframe_deletion	CM033169.1:3600163-3632694	0.9962335216572504
rna-XM_026445596.1	0.2640320733104238	0.9962240402769036	0.9893198426082068	0.9962240402769036	LiftOn_chaining_algorithm	start_lost;inframe_insertion;inframe_deletion	CM033169.1:3600163-3632694	0.9962240402769036
rna-XM_026445597.1	0.242056614673599	0.9993654822335024	0.992991452991453	0.9993654822335024	LiftOn_chaining_algorithm	frameshift	CM033169.1:3566333-3632694	0.9993654822335024
rna-XM_026445598.1	0.242056614673599	0.9993654822335024	0.992955135335558	0.9993654822335024	LiftOn_chaining_algorithm	frameshift	CM033169.1:3566325-3632694	0.9993654822335024
rna-XM_026445599.1	0.2714958775029446	0.9961759082217974	0.9891984081864696	0.9961759082217974	LiftOn_chaining_algorithm	start_lost;inframe_insertion;inframe_deletion	CM033169.1:3600163-3632694	0.9961759082217974
rna-XM_026445600.1	0.2683352735739231	0.99617102744097	0.9891861126920888	0.99617102744097	LiftOn_chaining_algorithm	start_lost;inframe_insertion;inframe_deletion	CM033169.1:3600163-3632694	0.99617102744097
rna-XM_026445601.1	0.268804664723032	0.9961612284069098	0.9891614375356532	0.9961612284069098	LiftOn_chaining_algorithm	start_lost;inframe_insertion;inframe_deletion	CM033169.1:3600163-3632694	0.9961612284069098
rna-XM_026445602.1	0.2692757009345794	0.9961513790891596	0.989136649514008	0.9961513790891596	LiftOn_chaining_algorithm	start_lost;inframe_insertion;inframe_deletion	CM033169.1:3600163-3632694	0.9961513790891596
rna-XM_026445603.1	0.2770432692307692	0.996116504854369	0.9890489913544668	0.996116504854369	LiftOn_chaining_algorithm	start_lost;inframe_insertion;inframe_deletion	CM033169.1:3600163-3632694	0.996116504854369
rna-XM_026445604.1	0.2748956469886702	0.9961013645224172	0.989010989010989	0.9961013645224172	LiftOn_chaining_algorithm	start_lost;inframe_insertion;inframe_deletion	CM033169.1:3600163-3632694	0.9961013645224172
rna-XM_026445605.1	0.2793939393939394	0.9960835509138382	0.9889663182346108	0.9960835509138382	LiftOn_chaining_algorithm	start_lost;inframe_insertion;inframe_deletion	CM033169.1:3600163-3632694	0.9960835509138382
rna-XM_026445606.1	0.2753882915173238	0.9960732984293194	0.9883252818035426	0.9960732984293194	LiftOn_chaining_algorithm	frameshift;start_lost	CM033169.1:3600163-3632347	0.9960732984293194
rna-XM_026445607.1	0.2765446910617876	0.995397764628534	0.9903478116159096	0.995397764628534	LiftOn_chaining_algorithm	frameshift;start_lost;stop_missing	CM033169.1:3600163-3629922	0.995397764628534
rna-XM_026445608.1	0.278886872353297	0.996039603960396	0.9888563049853372	0.996039603960396	LiftOn_chaining_algorithm	start_lost;inframe_insertion;inframe_deletion	CM033169.1:3600163-3632694	0.996039603960396
rna-XM_026445609.1	0.2809262644728824	0.9960264900662252	0.9888235294117648	0.9960264900662252	LiftOn_chaining_algorithm	start_lost;inframe_insertion;inframe_deletion	CM033169.1:3600163-3632694	0.9960264900662252
rna-XM_026445610.1	0.2787182587666263	0.996005326231691	0.9887706855791962	0.996005326231691	LiftOn_chaining_algorithm	start_lost;inframe_insertion;inframe_deletion	CM033169.1:3600163-3632694	0.996005326231691
rna-XM_026445611.1	0.2921419518377693	0.9959266802443992	0.9885748647023452	0.9959266802443992	LiftOn_chaining_algorithm	start_lost;inframe_insertion;inframe_deletion	CM033169.1:3600163-3632694	0.9959266802443992
rna-XM_026445612.1	0.299739921976593	0.9958592132505176	0.9884075655887736	0.9958592132505176	LiftOn_chaining_algorithm	start_lost;inframe_insertion;inframe_deletion	CM033169.1:3600163-3632694	0.9958592132505176
rna-XM_026445613.1	0.299545159194282	0.9958362248438584	0.9883507050889024	0.9958362248438584	LiftOn_chaining_algorithm	start_lost;inframe_insertion;inframe_deletion	CM033169.1:3600163-3632694	0.9958362248438584
rna-XM_026445340.1	0.9810834049871024	0.9836629406706792	0.9673351250775274	0.9836629406706792	LiftOn_chaining_algorithm	frameshift	CM033169.1:4466872-4491978	0.9836629406706792
rna-XM_395371.7	0.9967320261437908	1.0	0.998663101604278	1.0	LiftOn_chaining_algorithm	synonymous	CM033169.1:6974990-6992973	1.0
rna-NM_001040207.1	0.0	1.0	0.9974533106960952	1.0	LiftOn_chaining_algorithm	synonymous	CM033169.1:7692522-7694821	1.0
rna-XM_026445858.1	0.0015860428231562	0.998211091234347	0.9948842218632202	0.998211091234347	LiftOn_chaining_algorithm	frameshift;start_lost	CM033170.1:6247504-6263601	0.998211091234347
rna-XM_026444923.1	0.0172413793103448	0.9278846153846154	0.7112597547380156	0.9278846153846154	LiftOn_chaining_algorithm	frameshift;start_lost	JAHGQF010000026.1:745183-745820	0.9278846153846154
rna-XM_026445752.1	0.8093841642228738	0.9853372434017597	0.9473684210526316	0.9853372434017597	LiftOn_chaining_algorithm	frameshift	JAHGQF010000026.1:1923910-1926064	0.9853372434017597
rna-XM_026445753.1	0.7847682119205298	0.9834437086092715	0.943064182194617	0.9834437086092715	LiftOn_chaining_algorithm	frameshift	JAHGQF010000026.1:1923910-1926064	0.9834437086092715
rna-XM_006560711.3	0.0	0.9580022701475596	0.5534672715489306	0.9580022701475596	LiftOn_chaining_algorithm	frameshift;start_lost	JAHGQF010000031.1:90723-156350	0.9580022701475596
rna-XM_026441018.1	0.0	0.9486111111111112	0.5111268939393939	0.9486111111111112	LiftOn_chaining_algorithm	frameshift;start_lost	JAHGQF010000031.1:90723-156475	0.9486111111111112
rna-XM_396311.7	0.0	0.9594298245614036	0.6778763817530749	0.9594298245614036	LiftOn_chaining_algorithm	frameshift;start_lost	JAHGQF010000031.1:90723-143493	0.9594298245614036
rna-XM_016910856.2_1	0.0	0.956140350877193	0.2042813455657492	0.956140350877193	miniprot_truncated	frameshift;stop_missing	CM033155.1:28381743-28382078	0.956140350877193
rna-XM_026446242.1_1	0.0	0.7232558139534884	0.2089285714285714	0.7232558139534884	miniprot_truncated	frameshift;stop_missing	CM033155.1:28169273-28170563	0.7232558139534884
rna-XM_006567943.3_1	0.0	1.0	0.2623026926648096	1.0	miniprot_identical	synonymous	CM033155.1:19829280-19831329	1.0
rna-XM_001122688.5_1	0.0	0.998843930635838	0.3939393939393939	0.998843930635838	miniprot_truncated	frameshift	CM033155.1:16222013-16225726	0.998843930635838
rna-XM_006570089.3_1	0.0	1.0	0.431438127090301	1.0	miniprot_identical	synonymous	CM033155.1:15992595-15993072	1.0
rna-XM_026445792.1_1	0.0	0.912	0.077762619372442	0.912	miniprot_truncated	frameshift;start_lost	CM033155.1:14860437-14892020	0.912
rna-XM_001120512.5_1	0.0	0.7272727272727273	0.2975839717147908	0.7272727272727273	miniprot_truncated	frameshift;start_lost	CM033155.1:13804923-13811446	0.7272727272727273
rna-XM_026446208.1_1	0.0	0.9989224137931034	0.381365262868153	0.9989224137931034	miniprot_truncated	inframe_deletion	CM033155.1:12533722-12538214	0.9989224137931034
rna-XM_006571297.3_1	0.0	1.0	0.4425129612686794	1.0	miniprot_identical	synonymous	CM033155.1:344737-356984	1.0
rna-XM_395864.7_1	0.0	0.9977777777777778	0.8058542413381123	0.9977777777777778	miniprot_truncated	inframe_deletion	CM033155.1:360617-362539	0.9977777777777778
rna-XM_624508.6_1	0.0	0.9973333333333332	0.7332028701891715	0.9973333333333332	miniprot_truncated	inframe_deletion	CM033155.1:7627773-7629718	0.9973333333333332
rna-XM_006571435.3_1	0.0	1.0	0.1076791076791076	1.0	miniprot_identical	synonymous	CM033155.1:4954648-4955400	1.0
rna-XM_006571558.3_1	0.0	1.0	0.2491319444444444	1.0	miniprot_identical	synonymous	CM033155.1:3913855-3918573	1.0
rna-XM_001122332.5_1	0.0	1.0	0.8888888888888888	1.0	miniprot_identical	synonymous	CM033161.1:59548-60219	1.0
rna-XM_006571857.3_1	0.0	1.0	0.8783977110157367	1.0	miniprot_identical	synonymous	CM033161.1:136014-141882	1.0
rna-XM_026439034.1_1	0.0	0.3676880222841225	0.285097192224622	0.3676880222841225	miniprot_truncated	frameshift;start_lost	CM033156.1:14414141-14414672	0.3676880222841225
rna-NM_001270828.1_1	0.0	0.9701492537313432	0.3987730061349693	0.9701492537313432	miniprot_truncated	frameshift;start_lost	CM033156.1:13219450-13219839	0.9701492537313432
rna-XM_026439041.1_1	0.0	0.9848484848484848	0.1755793226381461	0.9848484848484848	miniprot_truncated	frameshift;start_lost	CM033156.1:5171292-5172253	0.9848484848484848
rna-XM_026439042.1_2	0.0	1.0	0.1766467065868263	1.0	miniprot_identical	synonymous	CM033156.1:5168913-5169766	1.0
rna-XM_006568173.3_1	0.0	1.0	0.902097902097902	1.0	miniprot_identical	synonymous	CM033156.1:4266173-4267969	1.0
rna-XM_026438988.1_1	0.0	0.9987623762376238	0.4801587301587302	0.9987623762376238	miniprot_truncated	inframe_deletion	CM033156.1:1355978-1359939	0.9987623762376238
rna-XM_006568779.3_1	0.0	1.0	0.2621483375959079	1.0	miniprot_identical	synonymous	CM033156.1:735368-742022	1.0
rna-XM_016918105.2_1	0.0	1.0	0.6434294871794872	1.0	miniprot_identical	synonymous	CM033156.1:81628-83266	1.0
rna-XM_026439760.1	0.0	0.0383275261324041	0.0171990171990172	0.0383275261324041	miniprot_truncated	frameshift;start_lost;stop_missing	CM033160.1:6221879-6221920	0.0383275261324041
rna-XM_006560876.3_1	0.0	1.0	0.2176975945017182	1.0	miniprot_identical	synonymous	CM033157.1:7402253-7403524	1.0
rna-XM_394419.7_1	0.0	1.0	0.5379537953795379	1.0	miniprot_identical	synonymous	CM033157.1:7321177-7323609	1.0
rna-XM_006563924.2_1	0.0	1.0	0.3049327354260089	1.0	miniprot_identical	synonymous	CM033157.1:5725940-5727015	1.0
rna-XM_016911187.2_1	0.0	1.0	0.8675595238095238	1.0	miniprot_identical	synonymous	CM033157.1:2586599-2588473	1.0
rna-XM_016911186.2_1	0.0	1.0	0.837863614687649	1.0	miniprot_identical	synonymous	CM033157.1:2610101-2614948	1.0
rna-XM_026439429.1	0.0	0.9876543209876544	0.545045045045045	0.9876543209876544	miniprot_truncated	frameshift	CM033157.1:1578052-1578294	0.9876543209876544
rna-XM_026440127.1_1	0.0	1.0	0.3643871820284109	1.0	miniprot_identical	synonymous	CM033158.1:6709581-6713338	1.0
rna-XM_026440331.1_1	0.0	1.0	0.5213623538895606	1.0	miniprot_identical	synonymous	CM033158.1:8652233-8657656	1.0
rna-XM_026440825.1_1	0.0	1.0	0.4593495934959349	1.0	miniprot_identical	synonymous	CM033159.1:3527317-3527658	1.0
rna-XM_026440641.1_1	0.0	1.0	0.0790978398983481	1.0	miniprot_identical	synonymous	CM033159.1:7505232-7505978	1.0
rna-XM_016912115.2	0.0	0.0612244897959183	0.0522388059701492	0.0612244897959183	miniprot_truncated	frameshift;start_lost;stop_missing	CM033156.1:5712328-5712369	0.0612244897959183
rna-XM_016912883.2_1	0.0	0.9285714285714286	0.3618843683083512	0.9285714285714286	miniprot_truncated	start_lost;inframe_deletion;stop_missing	CM033160.1:14007536-14009510	0.9285714285714286
rna-XM_026441432.1_1	0.0	0.98125	0.5782145782145782	0.98125	miniprot_truncated	frameshift;start_lost	CM033160.1:13769493-13776213	0.98125
rna-XM_006564093.3_1	0.0	0.965065502183406	0.3507157464212679	0.965065502183406	miniprot_truncated	frameshift;start_lost	CM033160.1:10618986-10622467	0.965065502183406
rna-XM_006565397.3_1	0.0	0.9866310160427808	0.6412478336221837	0.9866310160427808	miniprot_truncated	start_lost;inframe_deletion	CM033160.1:8994233-8996091	0.9866310160427808
rna-XM_026441357.1_1	0.0	0.9555555555555556	0.4056603773584906	0.9555555555555556	miniprot_truncated	inframe_deletion;stop_missing	CM033160.1:8634091-8634477	0.9555555555555556
rna-XM_006570502.3_1	0.0	1.0	0.4159482758620689	1.0	miniprot_identical	synonymous	CM033160.1:3366466-3368633	1.0
rna-XM_394618.6_1	0.0	1.0	0.7155425219941349	1.0	miniprot_identical	synonymous	CM033160.1:2432032-2433182	1.0
rna-XM_003249169.4	0.0	1.0	0.2547692307692307	1.0	miniprot_identical	synonymous	CM033161.1:13831276-13833089	1.0
rna-XM_003249518.4_1	0.0	0.9911894273127754	0.6569626394953906	0.9911894273127754	miniprot_truncated	frameshift	CM033161.1:12432190-12436398	0.9911894273127754
rna-XM_016913181.2_1	0.0	0.7271095152603232	0.6058358061325421	0.7271095152603232	miniprot_truncated	frameshift;start_lost	CM033161.1:7989599-8002810	0.7271095152603232
rna-XM_026441794.1_3	0.0	1.0	0.6125	1.0	miniprot_identical	synonymous	JAHGQF010000038.1:22089-22529	1.0
rna-XM_026441794.1_4	0.0	1.0	0.6111111111111112	1.0	miniprot_identical	synonymous	JAHGQF010000038.1:24680-25120	1.0
rna-XM_026441794.1_5	0.0	0.9931972789115646	0.6097222222222223	0.9931972789115646	miniprot_truncated	frameshift	JAHGQF010000038.1:23385-23825	0.9931972789115646
rna-XM_026441794.1_6	0.0	0.9931972789115646	0.6097222222222223	0.9931972789115646	miniprot_truncated	frameshift	JAHGQF010000038.1:11841-12281	0.9931972789115646
rna-XM_026441794.1_7	0.0	0.9931972789115646	0.6097222222222223	0.9931972789115646	miniprot_truncated	frameshift	JAHGQF010000038.1:13136-13576	0.9931972789115646
rna-XM_026441794.1_8	0.0	0.9931972789115646	0.6097222222222223	0.9931972789115646	miniprot_truncated	frameshift	JAHGQF010000038.1:27271-27711	0.9931972789115646
rna-XM_026441794.1_9	0.0	0.9931972789115646	0.6111111111111112	0.9931972789115646	miniprot_truncated	frameshift	JAHGQF010000038.1:32453-32893	0.9931972789115646
rna-XM_026441794.1_10	0.0	0.9931972789115646	0.6097222222222223	0.9931972789115646	miniprot_truncated	frameshift	JAHGQF010000038.1:35044-35484	0.9931972789115646
rna-XM_026441794.1_11	0.0	0.9931972789115646	0.6111111111111112	0.9931972789115646	miniprot_truncated	frameshift	JAHGQF010000038.1:31157-31597	0.9931972789115646
rna-XM_026441794.1_12	0.0	0.9931972789115646	0.6111111111111112	0.9931972789115646	miniprot_truncated	frameshift	JAHGQF010000038.1:37635-38075	0.9931972789115646
rna-XM_026441794.1_13	0.0	0.9931972789115646	0.6097222222222223	0.9931972789115646	miniprot_truncated	frameshift	JAHGQF010000038.1:29861-30301	0.9931972789115646
rna-XM_026441646.1_2	0.0	1.0	0.391705069124424	1.0	miniprot_identical	synonymous	CM033161.1:240554-240808	1.0
rna-XM_026442028.1_1	0.0	1.0	0.9787018255578094	1.0	miniprot_identical	synonymous	CM033162.1:12856151-12860293	1.0
rna-XM_006559648.3_1	0.0	0.9983164983164984	0.6599925843529848	0.9983164983164984	miniprot_truncated	frameshift	CM033162.1:9075998-9078482	0.9983164983164984
rna-XM_026442577.1_1	0.0	1.0	0.6410958904109589	1.0	miniprot_identical	synonymous	CM033162.1:8663324-8664222	1.0
rna-XM_001121610.5_1	0.0	1.0	0.6772712883823995	1.0	miniprot_identical	synonymous	CM033162.1:7556959-7561976	1.0
rna-XM_026442282.1_1	0.0	0.9842209072978304	0.5250521920668059	0.9842209072978304	miniprot_truncated	frameshift;start_lost	CM033162.1:4231190-4234155	0.9842209072978304
rna-XM_016913657.2_1	0.0	1.0	0.4377104377104377	1.0	miniprot_identical	synonymous	CM033162.1:3957506-3962917	1.0
rna-XM_016913657.2_2	0.0	1.0	0.4397306397306397	1.0	miniprot_identical	synonymous	CM033162.1:4035540-4040959	1.0
rna-XM_006566832.3_1	0.0	1.0	0.6150190114068441	1.0	miniprot_identical	synonymous	CM033162.1:4027208-4029772	1.0
rna-XM_016913661.2_1	0.0	1.0	0.5241635687732342	1.0	miniprot_identical	synonymous	CM033162.1:3996693-4000263	1.0
rna-XM_016913661.2_2	0.0	1.0	0.5241635687732342	1.0	miniprot_identical	synonymous	CM033162.1:3943867-3947474	1.0
rna-XM_016913660.2_1	0.0	1.0	0.7139722019019751	1.0	miniprot_identical	synonymous	CM033162.1:4012443-4019266	1.0
rna-XM_016913390.2_1	0.0	1.0	0.304653371320038	1.0	miniprot_identical	synonymous	CM033162.1:1733331-1750762	1.0
rna-XM_006569741.3_1	0.0	1.0	0.4463679565512559	1.0	miniprot_identical	synonymous	CM033162.1:697520-701976	1.0
rna-XM_003251802.3_1	0.0	1.0	0.4078762306610408	1.0	miniprot_identical	synonymous	CM033163.1:1186306-1187516	1.0
rna-XM_395405.4_1	0.0	1.0	0.626984126984127	1.0	miniprot_identical	synonymous	CM033163.1:3227379-3228002	1.0
rna-XM_016913867.2_1	0.0	1.0	0.5919615552643076	1.0	miniprot_identical	synonymous	CM033163.1:10969662-10976322	1.0
rna-XM_006558235.3_1	0.0	0.9754601226993864	0.4453781512605042	0.9754601226993864	miniprot_truncated	frameshift;start_lost	CM033164.1:11551577-11552053	0.9754601226993864
rna-XM_016914450.2_1	0.0	1.0	0.1664812754912866	1.0	miniprot_identical	synonymous	CM033164.1:10045840-10046468	1.0
rna-XM_006560103.3_1	0.0	1.0	0.3310907237512742	1.0	miniprot_identical	synonymous	CM033164.1:9735438-9739365	1.0
rna-XM_006560436.3_1	0.0	1.0	0.7450564971751412	1.0	miniprot_identical	synonymous	CM033164.1:9132333-9135806	1.0
rna-XM_006560435.3_1	0.0	1.0	0.5941043083900227	1.0	miniprot_identical	synonymous	CM033164.1:9136486-9137502	1.0
rna-XM_006561216.3_1	0.0	1.0	0.1059602649006622	1.0	miniprot_identical	synonymous	CM033164.1:8268591-8269374	1.0
rna-XM_006562357.3_1	0.0	0.9853300733496332	0.7618147448015122	0.9853300733496332	miniprot_truncated	frameshift;start_lost	CM033164.1:7666378-7668117	0.9853300733496332
rna-XM_006566005.3_1	0.0	1.0	0.4249462365591397	1.0	miniprot_identical	synonymous	CM033164.1:3145082-3147026	1.0
rna-XM_006566009.3_1	0.0	0.996039603960396	0.4669140383426097	0.996039603960396	miniprot_truncated	frameshift	CM033164.1:3154683-3159584	0.996039603960396
rna-XM_016914252.2_1	0.0	0.9971550497866288	0.8502824858757062	0.9971550497866288	miniprot_truncated	frameshift	CM033164.1:3136530-3142044	0.9971550497866288
rna-XM_393677.7_1	0.0	1.0	0.8658598083711548	1.0	miniprot_identical	synonymous	CM033164.1:1922573-1924739	1.0
rna-XM_393677.7_2	0.0	1.0	0.8653555219364599	1.0	miniprot_identical	synonymous	CM033164.1:1862891-1865057	1.0
rna-XM_003250762.4_1	0.0	0.998019801980198	0.8141545110750945	0.998019801980198	miniprot_truncated	frameshift	CM033164.1:1873070-1875487	0.998019801980198
rna-XM_003250762.4_2	0.0	0.998019801980198	0.8146947595894112	0.998019801980198	miniprot_truncated	frameshift	CM033164.1:1912143-1914561	0.998019801980198
rna-XM_006566214.3_1	0.0	1.0	0.3935018050541516	1.0	miniprot_identical	synonymous	CM033164.1:1417527-1418150	1.0
rna-XM_016915189.2_1	0.0	0.9771428571428572	0.4310344827586206	0.9771428571428572	miniprot_truncated	frameshift;start_lost	CM033165.1:1367980-1374505	0.9771428571428572
rna-XM_026443651.1	0.0	0.9965034965034965	0.2807363576594346	0.9965034965034965	miniprot_truncated	frameshift	CM033165.1:1902346-1923612	0.9965034965034965
rna-XM_006563303.3_1	0.0	1.0	0.4724489795918367	1.0	miniprot_identical	synonymous	CM033165.1:8269129-8270703	1.0
rna-XM_026444006.1_1	0.0	0.9870550161812298	0.6501416430594901	0.9870550161812298	miniprot_truncated	frameshift;start_lost	CM033165.1:9667211-9687407	0.9870550161812298
rna-XM_003250858.4_1	0.0	0.982646420824295	0.6512746512746512	0.982646420824295	miniprot_truncated	start_lost;inframe_deletion	CM033165.1:12676600-12680146	0.982646420824295
rna-XM_016915529.2_1	0.0	0.9988505747126436	0.48429076036438	0.9988505747126436	miniprot_truncated	frameshift	CM033166.1:4149877-4158412	0.9988505747126436
rna-XM_006565207.3_1	0.0	1.0	0.8805361305361306	1.0	miniprot_identical	synonymous	CM033166.1:3483827-3486619	1.0
rna-XM_016915440.2_1	0.0	1.0	0.783625730994152	1.0	miniprot_identical	synonymous	CM033166.1:3253848-3259683	1.0
rna-XM_026444341.1_1	0.0	0.949389179755672	0.4687320711417096	0.949389179755672	miniprot_truncated	frameshift;start_lost	CM033166.1:2188880-2208310	0.949389179755672
rna-XM_026444287.1_1	0.0	0.9936708860759492	0.1613566289825282	0.9936708860759492	miniprot_truncated	frameshift	CM033166.1:1419168-1419905	0.9936708860759492
rna-XM_006566851.3_1	0.0	1.0	0.4307633294975067	1.0	miniprot_identical	synonymous	CM033166.1:179853-181666	1.0
rna-XM_026444607.1_1	0.0	0.9331103678929766	0.3770053475935829	0.9331103678929766	miniprot_truncated	frameshift;start_lost	CM033167.1:11504159-11529386	0.9331103678929766
rna-XM_016917193.2_1	0.0	0.9933774834437086	0.907715582450832	0.9933774834437086	miniprot_truncated	inframe_deletion;stop_missing	CM033167.1:9470138-9472389	0.9933774834437086
rna-XM_026444698.1_1	0.0	0.9934782608695653	0.3115201090661213	0.9934782608695653	miniprot_truncated	frameshift;stop_missing	CM033167.1:7353464-7354834	0.9934782608695653
rna-XM_006560326.3_1	0.0	0.9972972972972972	0.4460547504025764	0.9972972972972972	miniprot_truncated	frameshift	CM033167.1:5117711-5124635	0.9972972972972972
rna-XM_006562742.3_1	0.0	1.0	0.4520766773162939	1.0	miniprot_identical	synonymous	CM033167.1:3988840-3989880	1.0
rna-XM_006559281.3_1	0.0	1.0	0.5057880676758683	1.0	miniprot_identical	synonymous	CM033168.1:7947559-7949268	1.0
rna-XM_026445102.1_1	0.0	0.9991166077738516	0.7137749737118823	0.9991166077738516	miniprot_truncated	inframe_deletion	CM033168.1:4009232-4013007	0.9991166077738516
rna-XM_003250168.4_1	0.0	0.9852507374631267	0.403869407496977	0.9852507374631267	miniprot_truncated	frameshift;start_lost	CM033168.1:3106056-3107057	0.9852507374631267
rna-XM_016916265.2_1	0.0	1.0	0.2770448548812665	1.0	miniprot_identical	synonymous	CM033168.1:1146574-1148170	1.0
rna-XM_016917359.2_1	0.0	1.0	0.6013986013986014	1.0	miniprot_identical	synonymous	CM033169.1:8709537-8709794	1.0
rna-XM_006559205.3_1	0.0	1.0	0.7904761904761904	1.0	miniprot_identical	synonymous	CM033169.1:6935331-6936439	1.0
rna-XM_026445503.1_1	0.0	0.973404255319149	0.6962962962962963	0.973404255319149	miniprot_truncated	frameshift;start_lost	CM033169.1:4053531-4054443	0.973404255319149
rna-XM_001120608.4_1	0.0	1.0	0.6133828996282528	1.0	miniprot_identical	synonymous	CM033169.1:1852252-1853140	1.0
rna-XM_026445849.1_1	0.0	0.9411764705882352	0.344047619047619	0.9411764705882352	miniprot_truncated	start_lost;inframe_deletion	CM033170.1:1152831-1153121	0.9411764705882352
rna-XM_016917070.2	0.0	0.9978392394122731	0.7125089937300854	0.9978392394122731	miniprot_truncated	frameshift;start_lost	CM033170.1:1184605-1223061	0.9978392394122731
rna-XM_006561358.3_1	0.0	0.9968404423380728	0.830255057167986	0.9968404423380728	miniprot_truncated	inframe_deletion	CM033170.1:4601514-4603412	0.9968404423380728
rna-XM_016916972.2_1	0.0	0.9931880108991824	0.8530676045330207	0.9931880108991824	miniprot_truncated	frameshift	CM033163.1:3423941-3432341	0.9931880108991824
rna-XM_016916972.2_2	0.0	0.9931880108991824	0.8530676045330207	0.9931880108991824	miniprot_truncated	frameshift	CM033170.1:4705723-4714119	0.9931880108991824
rna-XM_623478.6_1	0.0	0.9821428571428572	0.509683995922528	0.9821428571428572	miniprot_truncated	frameshift	CM033170.1:4730294-4732547	0.9821428571428572
rna-XM_026445737.1_1	0.0	1.0	0.2757148954332052	1.0	miniprot_identical	synonymous	CM033170.1:4778597-4780611	1.0
rna-XM_026445995.1_1	0.0	0.9960629921259844	0.7682186234817814	0.9960629921259844	miniprot_truncated	frameshift;stop_missing	CM033158.1:74971-85447	0.9960629921259844
rna-XM_026445995.1_2	0.0	0.9881889763779528	0.7631578947368421	0.9881889763779528	miniprot_truncated	frameshift;stop_missing	JAHGQF010000026.1:2980046-2990586	0.9881889763779528
