rna-NM_144992.5	0.0640432098765432	0.0027720027720027	0.0937993680884676	0.0555984555984555	LiftOn_chaining_algorithm	frameshift;start_lost;stop_codon_gain	NC_000067.7:37084039-37196532
rna-NM_152614.3	0.0201005025125628	0.0	0.2673267326732673	0.0126262626262626	Liftoff_truncated	frameshift;start_lost;stop_codon_gain	NC_000067.7:86355249-86355662
rna-NM_001317782.2	0.0038461538461538	0.0	0.0980392156862745	0.0	Liftoff_truncated	frameshift;start_lost;stop_codon_gain	NC_000067.7:123132883-123132995
rna-NM_033510.3	0.6569186875891584	0.0	0.2819903335710324	0.6483594864479315	Liftoff_truncated	frameshift;start_lost	NC_000068.8:118617753-118623966
rna-NM_144508.5	0.3646957272334916	0.0272688538559863	0.3888769824260609	0.3582218385843763	LiftOn_chaining_algorithm	frameshift;start_lost;stop_codon_gain	NC_000068.8:118898604-118924786
rna-NM_001395961.1	0.2906309751434034	0.0036764705882352	0.1192478970806531	0.2887189292543021	LiftOn_chaining_algorithm	frameshift;stop_codon_gain	NC_000068.8:127410318-127411689
rna-NM_001282860.2	0.0430346051464063	0.0	0.2513210465266142	0.0352363960749331	Liftoff_truncated	frameshift;start_lost;stop_codon_gain	NC_000069.7:88717976-88731841
rna-NM_007203.5	0.7934782608695652	0.1144631765749778	0.7453934262948207	0.7146739130434783	LiftOn_chaining_algorithm	frameshift;stop_codon_gain	NC_000070.7:57568068-57896987
rna-NM_001720.5	0.0074074074074074	0.0	0.0631862440439196	0.0	Liftoff_truncated	frameshift;start_lost;stop_codon_gain	NC_000070.7:123008361-123009087
rna-NM_001011658.4	0.226950354609929	0.0	0.0622362869198312	0.2198581560283688	Liftoff_truncated	frameshift;start_lost	NC_000070.7:143338141-143338326
rna-NM_001330672.2	0.3147138964577656	0.2885948330182735	0.6286699004340056	0.3121191604603927	LiftOn_chaining_algorithm	frameshift;start_lost;stop_codon_gain	NC_000071.7:67111012-67214499
rna-NM_001565.4	0.0594059405940594	0.0	0.1615646258503401	0.0505050505050505	Liftoff_truncated	frameshift;start_lost;stop_codon_gain	NC_000071.7:92495664-92496074
rna-NM_133636.5	0.132486388384755	0.0239808153477218	0.3177097951164749	0.131578947368421	LiftOn_chaining_algorithm	frameshift;start_lost;stop_codon_gain	NC_000071.7:100916148-100944925
rna-NM_025247.6	0.0150375939849624	0.0	0.1656686626746507	0.0141509433962264	Liftoff_truncated	frameshift;start_lost;stop_codon_gain	NC_000071.7:121743606-121748229
rna-NM_145715.3	0.8802281368821293	0.8783269961977186	0.5280373831775701	0.8783269961977186	LiftOn_chaining_algorithm	frameshift;stop_missing	NC_000072.7:59187056-59189038
rna-NM_001329752.2	0.4065040650406504	0.1048951048951049	0.1825509720246562	0.3983739837398374	LiftOn_chaining_algorithm	frameshift;start_lost	NC_000072.7:86343592-86345995
rna-NM_144670.6	0.0185567010309278	0.0	0.0707878315132605	0.0171821305841924	Liftoff_truncated	frameshift;start_lost;stop_codon_gain	NC_000072.7:122359795-122360676
rna-NM_003167.4	0.0069930069930069	0.0	0.100262467191601	0.0	Liftoff_truncated	frameshift;start_lost;stop_codon_gain	NC_000073.7:13359162-13359370
rna-NM_018111.3	0.217391304347826	0.0	0.690176322418136	0.2076923076923077	Liftoff_truncated	frameshift;stop_codon_gain	NC_000073.7:45016654-45017378
rna-NM_000746.6	0.0318091451292246	0.0	0.0370731707317073	0.0218687872763419	Liftoff_truncated	frameshift;start_lost;stop_codon_gain	NC_000073.7:62798331-62861995
rna-NM_018124.4	0.0993548387096774	0.0	0.0804040404040404	0.0980645161290322	Liftoff_truncated	frameshift;start_lost;stop_codon_gain	NC_000073.7:129954516-129955285
rna-NM_003411.4	0.6583541147132169	0.0	0.3453695042095416	0.6533665835411472	Liftoff_truncated	frameshift;start_lost	NC_000076.7:52418805-52421273
rna-NM_001101387.2	0.7898550724637681	0.782608695652174	0.2367205542725173	0.782608695652174	LiftOn_chaining_algorithm	frameshift;start_lost	NC_000077.7:66816564-66817487
rna-NM_006461.4	0.2328308207705192	0.1822620016273393	0.4183161784111903	0.2319932998324958	LiftOn_chaining_algorithm	frameshift;start_lost;stop_codon_gain	NC_000077.7:78192721-78212592
rna-NM_016098.4	0.009090909090909	0.0	0.1379690949227373	0.0	Liftoff_truncated	frameshift;start_lost;stop_codon_gain	NC_000078.7:77866438-77866570
rna-NM_003382.5	0.0341685649202733	0.0091116173120728	0.0428015564202334	0.0250569476082004	LiftOn_chaining_algorithm	frameshift;start_lost;stop_codon_gain	NC_000078.7:116106374-116106611
rna-NM_000742.4	0.0412186379928315	0.0315985130111524	0.2379891035165923	0.0320754716981132	LiftOn_chaining_algorithm	frameshift;start_lost;stop_codon_gain	NC_000080.7:66386236-66387268
rna-NM_016426.7	0.0295698924731182	0.01194743130227	0.135678391959799	0.0243243243243243	LiftOn_chaining_algorithm	frameshift;start_lost;stop_codon_gain	NC_000081.7:85746102-85746635
rna-NM_002282.3	0.0439121756487025	0.0	0.3984	0.034412955465587	Liftoff_truncated	frameshift;start_lost;stop_codon_gain	NC_000081.7:101371464-101375353
rna-NM_002795.4	0.5	0.0	0.4829396325459317	0.4951456310679611	Liftoff_truncated	frameshift;start_lost;stop_codon_gain	NC_000082.7:21715259-21715817
rna-NM_014700.4	0.1434210526315789	0.014723926380368	0.3940383830134749	0.1334214002642008	LiftOn_chaining_algorithm	frameshift;start_lost;stop_codon_gain	NC_000083.7:26208233-26288383
rna-NM_002606.3	0.2491582491582491	0.1447811447811448	0.2464692482915717	0.2407407407407407	LiftOn_chaining_algorithm	frameshift;start_lost;stop_missing	NC_000083.7:31633075-31695133
rna-NM_017910.4	0.0313807531380753	0.0	0.2547425474254742	0.0251046025104602	Liftoff_truncated	frameshift;start_lost;stop_codon_gain	NC_000083.7:71895549-71896159
rna-NM_005912.3	0.93993993993994	0.933933933933934	0.7014492753623188	0.933933933933934	LiftOn_chaining_algorithm	frameshift;start_lost	NC_000084.7:66991954-66993380
rna-NM_002860.4	0.114321608040201	0.0	0.1827668455575432	0.1055276381909547	Liftoff_truncated	frameshift;start_lost;stop_codon_gain	NC_000085.7:40551346-40566365
rna-NM_001171109.2	0.37109375	0.0	0.2584798994974874	0.3694779116465863	Liftoff_truncated	frameshift;stop_codon_gain	NC_000086.8:121307690-121362813
rna-NM_018897.3	0.0009903441445902	0.8864596273291926	0.8290563912798649	0.8847204968944099	LiftOn_chaining_algorithm	frameshift;start_lost	NC_000067.7:46553713-46846532
rna-NM_001142644.2	0.0598705501618122	0.7195767195767195	0.7484801357274141	0.7178130511463845	LiftOn_chaining_algorithm	frameshift;start_lost	NC_000067.7:83233168-83317363
rna-NM_001394639.1	0.1133651551312649	0.7946268656716418	0.7687569988801791	0.7892537313432836	LiftOn_chaining_algorithm	frameshift;start_lost	NC_000067.7:88162692-88185576
rna-NM_182915.3	0.6032064128256514	0.8557114228456913	0.3053273879371039	0.8537074148296593	LiftOn_chaining_algorithm	frameshift;start_lost	NC_000067.7:120169162-120171980
rna-NM_182663.4	0.2609699769053117	0.8544152744630071	0.7332989424813	0.8520286396181385	LiftOn_chaining_algorithm	frameshift;start_lost	NC_000067.7:131103978-131172894
rna-NM_005149.3	0.4524793388429752	0.9220489977728286	0.4682061579651941	0.9198218262806236	LiftOn_chaining_algorithm	frameshift;start_lost	NC_000067.7:164966516-164988346
rna-NM_007348.4	0.0014903129657228	0.8599105812220567	0.3124163767728124	0.8509687034277198	LiftOn_chaining_algorithm	frameshift;start_lost	NC_000067.7:170536811-170668453
rna-NM_080878.3	0.0214723926380368	0.7791411042944786	0.6789699570815451	0.7760736196319018	LiftOn_chaining_algorithm	frameshift;start_lost	NC_000067.7:171358602-171359321
rna-NM_001031685.3	0.0017605633802816	0.9039647577092512	0.7676615847111875	0.9030837004405288	LiftOn_chaining_algorithm	frameshift	NC_000067.7:182269187-182290097
rna-NM_003380.5	0.5389473684210526	0.974304068522484	0.6434540389972145	0.556745182012848	LiftOn_chaining_algorithm	frameshift;stop_codon_gain	NC_000068.8:13579120-13585049
rna-NM_003172.4	0.0099667774086378	0.7375415282392026	0.6043956043956044	0.7342192691029901	LiftOn_chaining_algorithm	frameshift;start_lost	NC_000068.8:26803925-26804259
rna-NM_001002913.3	0.7162790697674418	0.8046511627906977	0.5607476635514018	0.8	LiftOn_chaining_algorithm	frameshift;start_lost	NC_000068.8:32666316-32667297
rna-NM_177964.5	0.048076923076923	0.7307692307692307	0.605471562275018	0.7259615384615384	LiftOn_chaining_algorithm	frameshift;start_lost;stop_codon_gain	NC_000068.8:49793388-49838033
rna-NM_138803.4	0.0050675675675675	0.7162162162162162	0.5228862047043865	0.7111486486486487	LiftOn_chaining_algorithm	frameshift	NC_000068.8:58796367-58991019
rna-NM_152381.6	0.6709859154929577	0.6859154929577465	0.6644716211978676	0.6816901408450704	LiftOn_chaining_algorithm	frameshift;start_lost	NC_000068.8:67014787-67347517
rna-NM_001880.4	0.8260869565217391	0.9644268774703556	0.8336452971455312	0.9565217391304348	LiftOn_chaining_algorithm	frameshift	NC_000068.8:73646862-73722972
rna-NM_004171.4	0.0102389078498293	0.9391304347826088	0.6923507761241798	0.9356521739130436	LiftOn_chaining_algorithm	frameshift;stop_codon_gain	NC_000068.8:102489030-102621124
rna-NM_003710.4	0.2471042471042471	0.7996108949416343	0.4465661641541038	0.7937743190661478	LiftOn_chaining_algorithm	frameshift;start_lost	NC_000068.8:119068182-119077128
rna-NM_015341.5	0.0563758389261744	0.7803234501347709	0.3029450694904037	0.7776280323450134	LiftOn_chaining_algorithm	frameshift;start_lost	NC_000068.8:126955480-126967606
rna-NM_001008949.3	0.0015360983102918	0.8741007194244604	0.7143547607539874	0.8651079136690647	LiftOn_chaining_algorithm	frameshift;start_lost	NC_000068.8:126982421-126984134
rna-NM_006343.3	0.116	0.814	0.6551004435168275	0.813	LiftOn_chaining_algorithm	frameshift;start_lost	NC_000068.8:128600963-128636498
rna-NM_003245.4	0.1287553648068669	0.7636887608069164	0.6409193669932178	0.7564841498559077	LiftOn_chaining_algorithm	frameshift;start_lost	NC_000068.8:129871545-129883985
rna-NM_001174089.2	0.7557077625570776	0.8344748858447488	0.707205738506684	0.8333333333333334	LiftOn_chaining_algorithm	frameshift;start_lost	NC_000068.8:130526532-130533700
rna-NM_178468.6	0.5882352941176471	0.7807486631016043	0.5716975211797929	0.7767379679144385	LiftOn_chaining_algorithm	frameshift;start_lost	NC_000068.8:155671101-155673580
rna-NM_001029864.2	0.0356550580431177	0.6477935054121565	0.4454673115930722	0.6452955870108243	LiftOn_chaining_algorithm	frameshift;start_lost	NC_000068.8:158037878-158046728
rna-NM_001322799.2	0.5939278937381404	0.8519924098671727	0.2528398680835471	0.8500948766603416	LiftOn_chaining_algorithm	frameshift;start_lost	NC_000068.8:164009732-164010754
rna-NM_033421.4	0.5721925133689839	0.9197860962566844	0.5308832612723904	0.9144385026737968	LiftOn_chaining_algorithm	frameshift;start_lost	NC_000068.8:164633633-164635238
rna-NM_006038.4	0.0252525252525252	0.8560460652591171	0.5384237662656518	0.8464491362763915	LiftOn_chaining_algorithm	frameshift;start_lost	NC_000068.8:167324295-167327513
rna-NM_001290268.2	0.0052521008403361	0.7592008412197687	0.5183840217884703	0.7570977917981072	LiftOn_chaining_algorithm	frameshift;start_lost	NC_000068.8:167831174-167834980
rna-NM_006526.3	0.3498570066730219	0.7035271687321258	0.5921853856562923	0.7016205910390848	LiftOn_chaining_algorithm	frameshift;start_lost	NC_000068.8:169950565-169972812
rna-NM_020182.5	0.0	0.8819444444444444	0.3866639967961554	0.875	LiftOn_chaining_algorithm	frameshift	NC_000068.8:173068602-173118329
rna-NM_024947.4	0.0	0.9307228915662652	0.6526779503825644	0.923694779116466	LiftOn_chaining_algorithm	frameshift;start_lost	NC_000069.7:30953529-31020084
rna-NM_207361.6	0.5217665615141955	0.8829652996845426	0.5087654091556711	0.8823343848580442	LiftOn_chaining_algorithm	frameshift;start_lost	NC_000069.7:53429455-53564712
rna-NM_005141.5	0.0037105751391465	0.8292682926829268	0.3856244875649084	0.8211382113821138	LiftOn_chaining_algorithm	frameshift;start_lost	NC_000069.7:82949531-82954141
rna-NM_178229.5	0.0042449969678593	0.8486519607843137	0.6903932304629169	0.8443627450980392	LiftOn_chaining_algorithm	frameshift;start_lost	NC_000069.7:87996968-88025091
rna-NM_001668.4	0.00125	0.9088607594936708	0.7544847726324573	0.9075949367088608	LiftOn_chaining_algorithm	frameshift;start_lost	NC_000069.7:95359896-95404586
rna-NM_004284.6	0.0066815144766146	0.8663697104677061	0.773502843760455	0.8641425389755011	LiftOn_chaining_algorithm	frameshift;start_lost	NC_000069.7:97470773-97510439
rna-NM_001395426.1	0.0032976092333058	0.8135101533360961	0.7288213627992634	0.8101947782842934	LiftOn_chaining_algorithm	frameshift	NC_000069.7:97608874-97775564
rna-NM_000036.3	0.0252996005326231	0.9171122994652406	0.8383233532934131	0.9117647058823528	LiftOn_chaining_algorithm	frameshift;start_lost	NC_000069.7:102986345-103007024
rna-NM_007204.5	0.7018181818181818	0.8254545454545454	0.6237184815738431	0.8181818181818182	LiftOn_chaining_algorithm	frameshift;start_lost	NC_000069.7:105585717-105591769
rna-NM_145172.5	0.0627802690582959	0.8139013452914798	0.7163934426229508	0.8082959641255605	LiftOn_chaining_algorithm	frameshift;start_lost	NC_000069.7:145786977-145787166
rna-NM_153259.4	0.091710758377425	0.798941798941799	0.4484789008832188	0.7954144620811288	LiftOn_chaining_algorithm	frameshift;start_lost	NC_000069.7:145875687-145875860
rna-NM_152996.4	0.1699346405228758	0.5392156862745098	0.2461628416898114	0.5326797385620915	LiftOn_chaining_algorithm	frameshift;start_lost;stop_missing	NC_000069.7:152910031-153215134
rna-NM_020944.3	0.0185185185185185	0.8728448275862069	0.7032632743362832	0.8674568965517241	LiftOn_chaining_algorithm	frameshift;start_lost	NC_000070.7:43567057-43574119
rna-NM_002227.4	0.0519480519480519	0.948051948051948	0.6338605741066198	0.9385281385281384	LiftOn_chaining_algorithm	frameshift;start_lost	NC_000070.7:101010546-101048870
rna-NM_033067.3	0.0	0.565597667638484	0.4718162839248434	0.5597667638483965	LiftOn_chaining_algorithm	frameshift	NC_000070.7:107541114-107541427
rna-NM_153703.5	0.0226171243941841	0.9153094462540716	0.5614617940199336	0.9136807817589576	LiftOn_chaining_algorithm	frameshift	NC_000070.7:107878351-107889151
rna-NM_001048166.1	0.0007716049382716	0.7331264546159814	0.6151250496228662	0.7292474786656322	LiftOn_chaining_algorithm	frameshift;start_lost	NC_000070.7:114864333-114899161
rna-NM_001128425.2	0.6345454545454545	0.7454545454545455	0.708768267223382	0.7363636363636363	LiftOn_chaining_algorithm	frameshift;start_lost	NC_000070.7:116672757-116675234
rna-NM_012316.5	0.0037105751391465	0.9906890130353816	0.6420868158533297	0.9869646182495344	LiftOn_chaining_algorithm	frameshift;start_lost	NC_000070.7:129537778-129555232
rna-NM_001364857.2	0.4587478057343476	0.957124842370744	0.8922916304158691	0.9539722572509458	LiftOn_chaining_algorithm	frameshift	NC_000070.7:129878663-129916426
rna-NM_001048183.3	0.0297872340425531	0.8051209103840683	0.2887682946883736	0.7980085348506402	LiftOn_chaining_algorithm	frameshift;start_lost	NC_000070.7:132095213-132104865
rna-NM_001099625.2	0.8156996587030717	0.955631399317406	0.4060419866871479	0.9488054607508531	LiftOn_chaining_algorithm	frameshift;start_lost	NC_000070.7:134256400-134259559
rna-NM_022089.4	0.0032	0.8526672311600338	0.7952559300873908	0.8492802709568162	LiftOn_chaining_algorithm	frameshift;start_lost	NC_000070.7:140719443-140734627
rna-NM_004285.4	0.2219541616405307	0.8371212121212122	0.2204130696098787	0.8358585858585859	LiftOn_chaining_algorithm	frameshift;start_lost	NC_000070.7:150066015-150080838
rna-NM_024980.5	0.0373563218390804	0.8601190476190477	0.1655781790242028	0.8541666666666666	LiftOn_chaining_algorithm	frameshift;start_lost	NC_000070.7:150172224-150183428
rna-NM_022114.4	0.0876249039200614	0.874706342991386	0.7403856749311295	0.8692247454972593	LiftOn_chaining_algorithm	frameshift	NC_000070.7:154400579-154721273
rna-NM_001304360.2	0.0	0.6945121951219512	0.6925781972977976	0.6914634146341463	LiftOn_chaining_algorithm	frameshift;start_lost	NC_000070.7:155547188-155550653
rna-NM_152789.4	0.128	0.8467741935483871	0.7682421227197347	0.8387096774193549	LiftOn_chaining_algorithm	frameshift;start_lost	NC_000071.7:3604639-3620573
rna-NM_000786.4	0.392156862745098	0.9058823529411764	0.4292049414000634	0.9019607843137256	LiftOn_chaining_algorithm	frameshift;start_lost	NC_000071.7:4133125-4153026
rna-NM_018986.5	0.3103964098728496	0.7337322363500374	0.7344073647871117	0.7307404637247569	LiftOn_chaining_algorithm	frameshift;start_lost	NC_000071.7:35854662-35875720
rna-NM_004262.3	0.116945107398568	0.6610978520286396	0.3959154424937298	0.6587112171837709	LiftOn_chaining_algorithm	frameshift;start_lost	NC_000071.7:86451332-86451631
rna-NM_001105677.2	0.4376163873370577	0.839851024208566	0.5402567094515752	0.8361266294227188	LiftOn_chaining_algorithm	frameshift;start_lost	NC_000071.7:87608238-87622960
rna-NM_003503.4	0.0051903114186851	0.8052173913043478	0.468817871548247	0.7965217391304348	LiftOn_chaining_algorithm	frameshift;start_lost	NC_000071.7:107120613-107122562
rna-NM_003243.5	0.2992957746478873	0.8169014084507042	0.735103426983637	0.8145539906103286	LiftOn_chaining_algorithm	frameshift;start_lost	NC_000071.7:107254436-107437406
rna-NM_021115.5	0.0019512195121951	0.7951219512195122	0.3705614567526555	0.791219512195122	LiftOn_chaining_algorithm	frameshift;start_lost	NC_000071.7:112609013-112619648
rna-NM_031954.5	0.6273885350318471	0.9808917197452228	0.3073593073593073	0.9745222929936306	LiftOn_chaining_algorithm	frameshift;start_lost	NC_000071.7:114503329-114513170
rna-NM_030765.4	0.0	0.7361477572559367	0.5983662355343772	0.7282321899736148	LiftOn_chaining_algorithm	frameshift;start_lost;stop_missing	NC_000071.7:123648686-123650781
rna-NM_001366854.1	0.016873889875666	0.8597785977859779	0.2812003530450132	0.8579335793357934	LiftOn_chaining_algorithm	frameshift;start_lost	NC_000071.7:125699525-125865611
rna-NM_001136103.3	0.2736273627362736	0.7646528403967539	0.6104796763629359	0.7619477006311993	LiftOn_chaining_algorithm	frameshift;start_lost	NC_000071.7:127639970-127641872
rna-NM_015411.4	0.1530944625407166	0.7814569536423841	0.359437751004016	0.7748344370860927	LiftOn_chaining_algorithm	frameshift;start_lost	NC_000071.7:129883529-129889055
rna-NM_080744.2	0.0069324090121317	0.8802083333333334	0.6927157001414427	0.8732638888888888	LiftOn_chaining_algorithm	frameshift;start_lost	NC_000071.7:135989069-135992284
rna-NM_001040167.2	0.3554987212276215	0.8894736842105263	0.7414555689585847	0.5578947368421052	LiftOn_chaining_algorithm	frameshift;stop_codon_gain	NC_000071.7:140593099-140601300
rna-NM_032415.7	0.003457216940363	0.9194805194805196	0.7038246268656716	0.916017316017316	LiftOn_chaining_algorithm	frameshift	NC_000071.7:140859079-140899165
rna-NM_001145118.2	0.0090534979423868	0.9075907590759076	0.667379679144385	0.9067656765676568	LiftOn_chaining_algorithm	frameshift;start_lost;stop_codon_gain	NC_000071.7:143343308-143373950
rna-NM_001164665.2	0.0561510974987238	0.7293695540748334	0.6676051931800406	0.7273193234238852	LiftOn_chaining_algorithm	frameshift	NC_000072.7:38100109-38231066
rna-NM_000420.3	0.1732605729877216	0.732605729877217	0.7141143542582967	0.7244201909959073	LiftOn_chaining_algorithm	frameshift;start_lost	NC_000072.7:41664879-41665826
rna-NM_031414.5	0.0028873917228103	0.7774509803921569	0.8070602556299452	0.7725490196078432	LiftOn_chaining_algorithm	frameshift;start_lost;stop_missing	NC_000072.7:49374995-49446414
rna-NM_013322.3	0.0048543689320388	0.9257425742574258	0.389055472263868	0.9207920792079208	LiftOn_chaining_algorithm	frameshift;start_lost	NC_000072.7:51565196-51566528
rna-NM_001377500.1	0.2983333333333333	0.7033333333333334	0.4585398083911463	0.7016666666666667	LiftOn_chaining_algorithm	frameshift;start_lost	NC_000072.7:87707872-87708522
rna-NM_183352.3	0.1476923076923077	0.9659442724458204	0.6357615894039735	0.959752321981424	LiftOn_chaining_algorithm	start_lost;inframe_deletion	NC_000072.7:113707296-113712168
rna-NM_001394779.1	0.1606299212598425	0.7291338582677165	0.7467501203659124	0.721259842519685	LiftOn_chaining_algorithm	frameshift;start_lost	NC_000072.7:126857188-126869183
rna-NM_033113.3	0.0	0.8566037735849057	0.7798445308162132	0.8547169811320755	LiftOn_chaining_algorithm	frameshift	NC_000073.7:4918217-4925001
rna-NM_021913.5	0.0189098998887652	0.8782122905027933	0.7074401008827238	0.8770949720670391	LiftOn_chaining_algorithm	frameshift;start_lost	NC_000073.7:25456710-25486941
rna-NM_001320669.3	0.0163934426229508	0.8442307692307692	0.2217680122636688	0.8423076923076923	LiftOn_chaining_algorithm	frameshift;start_lost	NC_000073.7:29487479-29493141
rna-NM_001166037.2	0.0136363636363636	0.8595641646489104	0.2651558073654391	0.8571428571428571	LiftOn_chaining_algorithm	frameshift;start_lost	NC_000073.7:29803655-29805346
rna-NM_001238.4	0.4330900243309002	0.7785888077858881	0.750624687656172	0.7737226277372263	LiftOn_chaining_algorithm	frameshift	NC_000073.7:37797406-37806902
rna-NM_001292063.2	0.0066600066600066	0.8184625943719973	0.8087304231922693	0.8133150308853809	LiftOn_chaining_algorithm	frameshift;start_lost	NC_000073.7:45899357-45959617
rna-NM_004211.5	0.3717146433041302	0.9411027568922306	0.7263056092843327	0.9323308270676692	LiftOn_chaining_algorithm	frameshift;start_lost	NC_000073.7:49561449-49613610
rna-NM_213599.3	0.0	0.8074398249452954	0.3339754037635205	0.8008752735229759	LiftOn_chaining_algorithm	frameshift;start_lost	NC_000073.7:51216011-51224648
rna-NM_001348699.2	0.0	0.8235294117647058	0.3945619335347432	0.8191721132897604	LiftOn_chaining_algorithm	frameshift;start_lost;stop_codon_gain	NC_000073.7:82283555-82293057
rna-NM_014862.4	0.0	0.7910863509749304	0.3125	0.7896935933147632	LiftOn_chaining_algorithm	frameshift;start_lost;stop_codon_gain	NC_000073.7:83895487-83996763
rna-NM_152723.3	0.0102301790281329	0.7733333333333333	0.5137887144675435	0.7706666666666667	LiftOn_chaining_algorithm	frameshift	NC_000073.7:90075722-90077188
rna-NM_001300975.2	0.0151515151515151	0.7840909090909091	0.4100241545893719	0.7803030303030303	LiftOn_chaining_algorithm	frameshift;stop_codon_gain	NC_000073.7:92280707-92280870
rna-NM_000260.4	0.1759964173757277	0.9634476534296028	0.7944186046511628	0.9611913357400722	LiftOn_chaining_algorithm	frameshift;start_lost	NC_000073.7:97701402-97756312
rna-NM_007256.5	0.0154494382022471	0.7338028169014085	0.4982904034647823	0.723943661971831	LiftOn_chaining_algorithm	frameshift;start_lost;stop_codon_gain	NC_000073.7:99308715-99335324
rna-NM_176822.4	0.0008826125330979	0.5082266910420475	0.5748829953198128	0.5018281535648994	LiftOn_chaining_algorithm	frameshift;start_lost	NC_000073.7:106780878-106791823
rna-NM_001388022.1	0.0041465100207325	0.8248384781048098	0.4136740975655256	0.8169418521177315	LiftOn_chaining_algorithm	frameshift;start_lost	NC_000073.7:109052205-109085357
rna-NM_001502.4	0.1794392523364485	0.6766355140186916	0.3800770827156833	0.6747663551401869	LiftOn_chaining_algorithm	frameshift;start_lost	NC_000073.7:119049283-119050871
rna-NM_005622.4	0.0017035775127768	0.858603066439523	0.7137795275590552	0.8551959114139693	LiftOn_chaining_algorithm	frameshift;start_lost	NC_000073.7:119372911-119383923
rna-NM_003321.5	0.8245614035087719	0.9342105263157896	0.6050670640834576	0.9298245614035088	LiftOn_chaining_algorithm	frameshift;start_lost	NC_000073.7:126086606-126089083
rna-NM_001214909.2	0.0	0.8481421647819063	0.5811741554608069	0.8384491114701131	LiftOn_chaining_algorithm	frameshift;start_lost	NC_000073.7:126834541-126836467
rna-NM_001012302.3	0.2605363984674329	0.7139208173690932	0.6471200555170021	0.7100893997445722	LiftOn_chaining_algorithm	frameshift;start_lost	NC_000073.7:140683018-140688297
rna-NM_145886.4	0.3075396825396825	0.818880351262349	0.7705081368316175	0.3896816684961581	LiftOn_chaining_algorithm	frameshift;stop_codon_gain	NC_000073.7:141018490-141023266
rna-NM_000208.4	0.0021598272138228	0.9537237888647868	0.5668999588307946	0.9522776572668112	LiftOn_chaining_algorithm	frameshift;start_lost	NC_000074.7:3203061-3308934
rna-NM_001080826.3	0.0	0.7697228144989339	0.717435688035933	0.7654584221748401	LiftOn_chaining_algorithm	frameshift;start_lost	NC_000074.7:36566768-36614699
rna-NM_001395207.1	0.0051508462104488	0.8847040737893928	0.7942964678633468	0.8762490392006149	LiftOn_chaining_algorithm	frameshift	NC_000074.7:46080793-46280942
rna-NM_017631.6	0.0011641443538998	0.7495621716287215	0.689318783068783	0.7478108581436077	LiftOn_chaining_algorithm	frameshift;start_lost	NC_000074.7:62393637-62463080
rna-NM_030579.3	0.2582781456953642	0.7417218543046358	0.2025316455696202	0.7350993377483444	LiftOn_chaining_algorithm	frameshift;start_lost	NC_000074.7:107896443-107914093
rna-NM_001381984.1	0.0	0.7569141193595342	0.6267978803936411	0.7554585152838428	LiftOn_chaining_algorithm	frameshift;start_lost;stop_codon_gain	NC_000074.7:110815076-110816814
rna-NM_001270974.2	0.0485001947798987	0.7770402186645842	0.5928260045489007	0.775868801249512	LiftOn_chaining_algorithm	frameshift;start_lost	NC_000074.7:111026557-111336689
rna-NM_015386.3	0.2585119798234552	0.940506329113924	0.7799433026222538	0.9379746835443038	LiftOn_chaining_algorithm	frameshift;start_lost	NC_000074.7:111578918-111608579
rna-NM_014615.5	0.0632183908045977	0.9014778325123152	0.5446079092995006	0.9006568144499179	LiftOn_chaining_algorithm	frameshift	NC_000074.7:121264226-121306243
rna-NM_175876.5	0.931129476584022	0.9325068870523416	0.3616228929831439	0.931129476584022	LiftOn_chaining_algorithm	frameshift;start_lost	NC_000074.7:125622192-125624365
rna-NM_152434.3	0.0726256983240223	0.740782122905028	0.677960927960928	0.7385474860335196	LiftOn_chaining_algorithm	frameshift;start_lost	NC_000075.7:3442961-3477965
rna-NM_173812.5	0.0	0.7852437417654808	0.4854490717511289	0.7786561264822134	LiftOn_chaining_algorithm	frameshift;start_lost	NC_000075.7:24492426-24601437
rna-NM_001355219.1	0.0660919540229885	0.8648648648648649	0.8548548548548549	0.8558558558558559	LiftOn_chaining_algorithm	frameshift;start_lost;stop_missing	NC_000075.7:39933642-39934623
rna-NM_032873.5	0.0305343511450381	0.963076923076923	0.5683669095585083	0.96	LiftOn_chaining_algorithm	frameshift;start_lost	NC_000075.7:40923229-41068775
rna-NM_031938.7	0.0017123287671232	0.7551724137931034	0.4716006884681583	0.75	LiftOn_chaining_algorithm	frameshift;start_lost	NC_000075.7:50445910-50457376
rna-NM_018712.4	0.0	0.9492537313432836	0.6958694203864091	0.946268656716418	LiftOn_chaining_algorithm	frameshift	NC_000075.7:53818741-53882562
rna-NM_152450.3	0.3523035230352303	0.926829268292683	0.6437816544738323	0.9214092140921408	LiftOn_chaining_algorithm	frameshift	NC_000075.7:69996483-70048693
rna-NM_017661.4	0.0	0.7540816326530613	0.7796000898674456	0.7520408163265306	LiftOn_chaining_algorithm	frameshift	NC_000075.7:72182260-72271048
rna-NM_006219.3	0.1222014925373134	0.9561157796451916	0.6490308230060375	0.9533146591970122	LiftOn_chaining_algorithm	frameshift;start_lost	NC_000075.7:98920312-98987770
rna-NM_004441.5	0.0185365853658536	0.9715736040609138	0.8810078340038111	0.9685279187817258	LiftOn_chaining_algorithm	frameshift	NC_000075.7:101799325-102231891
rna-NM_002958.4	0.2655737704918032	0.9358552631578948	0.8020123336579033	0.930921052631579	LiftOn_chaining_algorithm	frameshift;start_lost	NC_000075.7:102712145-102785136
rna-NM_004393.6	0.0	0.9330357142857144	0.8560453630876166	0.9319196428571428	LiftOn_chaining_algorithm	frameshift	NC_000075.7:108082065-108140986
rna-NM_207359.3	0.0019120458891013	0.8793103448275862	0.512534059945504	0.8697318007662835	LiftOn_chaining_algorithm	frameshift;start_lost	NC_000075.7:115777727-115903823
rna-NM_001904.4	0.0	0.9936061381074168	0.8281122309997276	0.989769820971867	LiftOn_chaining_algorithm	frameshift;start_lost	NC_000075.7:120779588-120789572
rna-NM_016006.6	0.0602739726027397	0.9485714285714286	0.2316245759517527	0.9457142857142856	LiftOn_chaining_algorithm	frameshift	NC_000075.7:122180797-122208922
rna-NM_000426.4	0.1200378071833648	0.8747998719180275	0.8371949335804757	0.866474543707973	LiftOn_chaining_algorithm	frameshift;start_lost;stop_codon_gain	NC_000076.7:26857281-27298710
rna-NM_001029858.4	0.6150121065375302	0.8484107579462102	0.6975996975996976	0.843520782396088	LiftOn_chaining_algorithm	frameshift;start_lost	NC_000076.7:52566774-52987474
rna-NM_001358263.1	0.0605405405405405	0.901301518438178	0.7690807120214582	0.8937093275488069	LiftOn_chaining_algorithm	frameshift;start_lost;stop_missing	NC_000076.7:62104884-62211002
rna-NM_206962.4	0.3571428571428571	0.8663594470046083	0.4696390658174098	0.8594470046082949	LiftOn_chaining_algorithm	frameshift;start_lost	NC_000076.7:76044246-76056996
rna-NM_005481.3	0.2312072892938496	0.8712984054669703	0.7576071922544951	0.8690205011389521	LiftOn_chaining_algorithm	frameshift;start_lost;stop_codon_gain	NC_000076.7:79732593-79739262
rna-NM_133261.3	0.0412698412698412	0.865814696485623	0.190702947845805	0.8626198083067093	LiftOn_chaining_algorithm	frameshift;start_lost	NC_000076.7:81177022-81177506
rna-NM_012406.4	0.0	0.942643391521197	0.5678776290630975	0.9413965087281796	LiftOn_chaining_algorithm	frameshift;start_lost	NC_000076.7:85727828-85748835
rna-NM_001206979.2	0.0159045725646123	0.9287211740041929	0.5635701275045537	0.9266247379454928	LiftOn_chaining_algorithm	frameshift;start_lost	NC_000076.7:89290264-89352433
rna-NM_032147.5	0.5091164095371669	0.8036465638148668	0.4568729803629132	0.8022440392706872	LiftOn_chaining_algorithm	frameshift;start_lost	NC_000076.7:93681473-93692181
rna-NM_016122.3	0.1054131054131054	0.8347578347578347	0.6858513189448441	0.8304843304843305	LiftOn_chaining_algorithm	frameshift;start_lost	NC_000076.7:94573635-94626712
rna-NM_002392.6	0.0237154150197628	0.8152610441767069	0.1826295457572932	0.8132530120481928	LiftOn_chaining_algorithm	frameshift;start_lost	NC_000076.7:117526053-117545689
rna-NM_020401.4	0.0593952483801295	0.9114470842332614	0.3807686123170928	0.9071274298056156	LiftOn_chaining_algorithm	frameshift;start_lost	NC_000076.7:117593801-117609271
rna-NM_020143.4	0.4229249011857707	0.91699604743083	0.2962138084632517	0.9130434782608696	LiftOn_chaining_algorithm	frameshift;start_lost	NC_000077.7:17158789-17161137
rna-NM_015910.7	0.5876840696117804	0.7697456492637216	0.3918725750459465	0.7617135207496654	LiftOn_chaining_algorithm	frameshift;start_lost	NC_000077.7:21602226-21698941
rna-NM_005110.4	0.0014641288433382	0.9751098096632504	0.8194626474442989	0.9677891654465594	LiftOn_chaining_algorithm	frameshift;start_lost	NC_000077.7:49699861-49729426
rna-NM_001017974.2	0.0149812734082397	0.9269662921348316	0.3095185755111013	0.9213483146067416	LiftOn_chaining_algorithm	frameshift;start_lost	NC_000077.7:54004963-54017123
rna-NM_001365677.2	0.0149253731343283	0.9197761194029852	0.309262510974539	0.914179104477612	LiftOn_chaining_algorithm	frameshift;start_lost	NC_000077.7:54004963-54017237
rna-NM_001155.5	0.0835777126099706	0.9362017804154302	0.625822083766009	0.9332344213649852	LiftOn_chaining_algorithm	frameshift;start_lost	NC_000077.7:54872442-54892159
rna-NM_015510.5	0.0	0.7668711656441718	0.6348448687350835	0.7638036809815951	LiftOn_chaining_algorithm	frameshift;start_lost	NC_000077.7:60748544-60748747
rna-NM_020653.4	0.7244094488188977	0.8346456692913385	0.2933507170795306	0.8307086614173228	LiftOn_chaining_algorithm	frameshift;start_lost	NC_000077.7:62604448-62619711
rna-NM_001330063.2	0.0	0.946153846153846	0.7694317439581972	0.9384615384615383	LiftOn_chaining_algorithm	frameshift;start_lost;stop_codon_gain	NC_000077.7:72602983-72662135
rna-NM_015721.3	0.0008410428931875	0.8139754485363551	0.6969858628967724	0.8064211520302171	LiftOn_chaining_algorithm	frameshift;start_lost	NC_000077.7:76101582-76104749
rna-NM_058216.3	0.0159151193633952	0.8461538461538461	0.3819742489270386	0.843501326259947	LiftOn_chaining_algorithm	frameshift;start_lost	NC_000077.7:87279445-87293682
rna-NM_000250.2	0.0013245033112582	0.8337801608579088	0.5958372165268717	0.8324396782841823	LiftOn_chaining_algorithm	frameshift;start_lost;stop_missing	NC_000077.7:87686624-87694503
rna-NM_003110.6	0.0095087163232963	0.9348534201954396	0.8459555269094424	0.9315960912052116	LiftOn_chaining_algorithm	frameshift	NC_000077.7:96844155-96868504
rna-NM_000981.4	0.0101522842639593	0.9949238578680204	0.8113207547169812	0.9898477157360406	LiftOn_chaining_algorithm	frameshift;start_lost	NC_000077.7:97919172-97921295
rna-NM_000223.4	0.0	0.7919191919191919	0.6376122556788167	0.7858585858585858	LiftOn_chaining_algorithm	frameshift;start_lost	NC_000077.7:99308741-99310526
rna-NM_000226.4	0.2002989536621823	0.7003205128205128	0.6610535405872193	0.2179487179487179	LiftOn_chaining_algorithm	frameshift;stop_codon_gain	NC_000077.7:100079487-100084030
rna-NM_052935.5	0.0	0.8837209302325582	0.5645390070921986	0.8737541528239202	LiftOn_chaining_algorithm	frameshift	NC_000077.7:100321903-100323906
rna-NM_000342.4	0.0075512405609492	0.8256578947368421	0.4594432205087122	0.8157894736842105	LiftOn_chaining_algorithm	frameshift;start_lost	NC_000077.7:102241928-102251046
rna-NM_022552.5	0.0074946466809421	0.9616648411829136	0.5680311480585079	0.95947426067908	LiftOn_chaining_algorithm	frameshift	NC_000078.7:3857031-3960843
rna-NM_178425.4	0.0125673249551166	0.9149532710280374	0.5047820396657606	0.9074766355140188	LiftOn_chaining_algorithm	frameshift;start_lost	NC_000078.7:34100232-34578877
rna-NM_005589.4	0.3038674033149171	0.9440298507462688	0.3030746705710102	0.9347014925373134	LiftOn_chaining_algorithm	frameshift;start_lost	NC_000078.7:84478580-84487087
rna-NM_177438.3	0.0954028670291646	0.9292771710868436	0.5767602924201616	0.9245969838793552	LiftOn_chaining_algorithm	frameshift;start_lost	NC_000078.7:104657300-104718310
rna-NM_012294.5	0.1165158371040724	0.921945701357466	0.4372563176895306	0.920814479638009	LiftOn_chaining_algorithm	frameshift	NC_000078.7:117497548-117723470
rna-NM_003272.4	0.0099009900990099	0.92	0.6930596285434996	0.915	LiftOn_chaining_algorithm	frameshift;start_lost	NC_000079.7:13533462-13568088
rna-NM_024715.4	0.0082191780821917	0.775623268698061	0.276485788113695	0.7728531855955678	LiftOn_chaining_algorithm	frameshift;start_lost	NC_000079.7:55872321-55873666
rna-NM_001080478.3	0.0113636363636363	0.7980582524271844	0.4786324786324786	0.7961165048543689	LiftOn_chaining_algorithm	frameshift;start_lost	NC_000079.7:74508868-74509518
rna-NM_001040458.3	0.0948366701791359	0.8460721868365181	0.5010309278350515	0.8439490445859873	LiftOn_chaining_algorithm	frameshift;start_lost	NC_000079.7:74810428-74821898
rna-NM_001131066.2	0.3744075829383886	0.6635071090047393	0.1997677119628339	0.6540284360189573	LiftOn_chaining_algorithm	frameshift;start_lost;stop_codon_gain	NC_000079.7:76150882-76151207
rna-NM_032119.4	0.0371531588023201	0.8041858252735057	0.799438775510204	0.8033930553353417	LiftOn_chaining_algorithm	frameshift;start_lost	NC_000079.7:81251338-81727969
rna-NM_130767.3	0.0089928057553956	0.8111510791366906	0.7729007633587787	0.802158273381295	LiftOn_chaining_algorithm	frameshift;start_lost	NC_000079.7:91932400-91933234
rna-NM_002270.4	0.0439560439560439	0.9933259176863182	0.8325838810100311	0.9877641824249166	LiftOn_chaining_algorithm	frameshift;start_lost	NC_000079.7:98975527-99027298
rna-NM_001077199.3	0.2208	0.8864	0.5045272376428678	0.6336	LiftOn_chaining_algorithm	frameshift;stop_codon_gain	NC_000079.7:103878120-103911041
rna-NM_001365790.2	0.0	0.7907268170426065	0.373428102788409	0.7894736842105263	LiftOn_chaining_algorithm	frameshift;start_lost	NC_000080.7:51128786-51130756
rna-NM_001160308.3	0.0056338028169014	0.6709039548022598	0.2725225225225225	0.6610169491525424	LiftOn_chaining_algorithm	frameshift;start_lost	NC_000080.7:59656450-59657010
rna-NM_001166271.3	0.1025039123630672	0.7097026604068858	0.3503349394758491	0.7089201877934272	LiftOn_chaining_algorithm	frameshift;start_lost	NC_000080.7:60987412-60994033
rna-NM_001308476.3	0.0100755667506297	0.6570605187319885	0.214855224506924	0.6512968299711815	LiftOn_chaining_algorithm	frameshift;start_lost;stop_codon_gain	NC_000080.7:73266537-73267715
rna-NM_198968.4	0.0023041474654377	0.6797235023041475	0.3855261407476387	0.673963133640553	LiftOn_chaining_algorithm	frameshift	NC_000080.7:119159655-119162882
rna-NM_005073.4	0.080394922425952	0.8504936530324401	0.5747603833865814	0.849083215796897	LiftOn_chaining_algorithm	frameshift;start_lost	NC_000080.7:121717381-121718154
rna-NM_000949.7	0.0	0.6789727126805778	0.2312737314463238	0.6757624398073836	LiftOn_chaining_algorithm	frameshift;start_lost	NC_000081.7:10325953-10330595
rna-NM_001382508.1	0.0	0.952	0.6696774193548387	0.9505454545454546	LiftOn_chaining_algorithm	frameshift;start_lost	NC_000081.7:12833915-12929041
rna-NM_002514.4	0.0391061452513966	0.8072625698324022	0.7067551737602499	0.8044692737430168	LiftOn_chaining_algorithm	frameshift;start_lost	NC_000081.7:54611159-54617158
rna-NM_020863.4	0.1057993730407523	0.8786173633440515	0.7300347222222222	0.8737942122186495	LiftOn_chaining_algorithm	frameshift	NC_000081.7:67982293-68130705
rna-NM_032450.3	0.0182704019488428	0.7892813641900122	0.7436519790888723	0.7831912302070646	LiftOn_chaining_algorithm	frameshift;start_lost	NC_000081.7:76297102-76337115
rna-NM_002473.6	0.0838383838383838	0.9709331973482916	0.8446008766104396	0.6756756756756757	LiftOn_chaining_algorithm	frameshift;stop_codon_gain	NC_000081.7:77644788-77697431
rna-NM_031910.4	0.0446735395189003	0.6451612903225806	0.2113207547169811	0.6415770609318996	LiftOn_chaining_algorithm	frameshift;start_lost	NC_000081.7:78409050-78409598
rna-NM_001162501.2	0.0204188481675392	0.9640130861504908	0.7623339658444023	0.9580152671755724	LiftOn_chaining_algorithm	frameshift	NC_000081.7:80682793-80825287
rna-NM_152513.4	0.0	0.8031372549019608	0.7915325575637534	0.8023529411764706	LiftOn_chaining_algorithm	frameshift;start_lost	NC_000081.7:81996645-82009466
rna-NM_001267594.2	0.0092307692307692	0.8821705426356589	0.7414212973212309	0.875968992248062	LiftOn_chaining_algorithm	frameshift;start_lost	NC_000081.7:97938677-97974590
rna-NM_024109.4	0.0074074074074074	0.7753086419753087	0.1989959839357429	0.7728395061728395	LiftOn_chaining_algorithm	frameshift;start_lost	NC_000082.7:8299991-8300264
rna-NM_130446.4	0.5643086816720257	0.945337620578778	0.2639352072415435	0.9437299035369776	LiftOn_chaining_algorithm	frameshift;start_lost	NC_000082.7:19766835-19776103
rna-NM_000460.4	0.652542372881356	0.711864406779661	0.7614035087719299	0.7033898305084746	LiftOn_chaining_algorithm	frameshift;start_lost	NC_000082.7:20543605-20549383
rna-NM_025163.4	0.0099173553719008	0.756896551724138	0.5376903082064612	0.7551724137931034	LiftOn_chaining_algorithm	frameshift;start_lost;stop_missing	NC_000082.7:31763068-31764683
rna-NM_001378074.1	0.0062667860340196	0.8655913978494624	0.7056907037358818	0.8637992831541219	LiftOn_chaining_algorithm	frameshift	NC_000082.7:44307986-44379208
rna-NM_001395656.1	0.0784186649384316	0.8677069199457259	0.7877792378449409	0.7652645861601085	LiftOn_chaining_algorithm	frameshift;stop_codon_gain	NC_000082.7:73688948-74208474
rna-NM_016224.5	0.0673234811165845	0.901006711409396	0.3684957426679281	0.8959731543624161	LiftOn_chaining_algorithm	frameshift;start_lost	NC_000083.7:5949602-5978571
rna-NM_005575.3	0.0	0.8752436647173489	0.7003244440927435	0.8654970760233918	LiftOn_chaining_algorithm	frameshift;start_lost	NC_000083.7:17741672-17799634
rna-NM_001297436.2	0.129757785467128	0.9602076124567474	0.6948356807511737	0.9584775086505192	LiftOn_chaining_algorithm	frameshift;start_lost	NC_000083.7:18068410-18068635
rna-NM_002528.7	0.1573770491803278	0.7967213114754098	0.7091787439613526	0.7934426229508197	LiftOn_chaining_algorithm	frameshift;start_lost	NC_000083.7:24854562-24854721
rna-NM_001257370.2	0.0	0.6736842105263158	0.0	0.0	Liftoff_no_protein	no_protein	NC_000083.7:25109239-25114451
rna-NM_007058.4	0.0108108108108108	0.7121621621621622	0.6333333333333333	0.7108108108108108	LiftOn_chaining_algorithm	frameshift;start_lost	NC_000083.7:45949621-45950410
rna-NM_002821.5	0.0027522935779816	0.9215686274509804	0.8177374301675978	0.9187675070028012	LiftOn_chaining_algorithm	frameshift;start_lost	NC_000083.7:46875396-46940241
rna-NM_033112.4	0.0038461538461538	0.7269230769230769	0.4721753794266441	0.7230769230769231	LiftOn_chaining_algorithm	frameshift;start_lost;stop_codon_gain	NC_000083.7:46983451-46983770
rna-NM_139159.5	0.0693512304250559	0.8958566629339306	0.5750701590271281	0.8891377379619261	LiftOn_chaining_algorithm	frameshift;start_lost	NC_000083.7:56493681-56518754
rna-NM_005559.4	0.0533159947984395	0.7604031209362809	0.7514456836018174	0.7522756827048115	LiftOn_chaining_algorithm	frameshift;start_lost	NC_000083.7:68044469-68124675
rna-NM_004304.5	0.1749539594843462	0.7618753855644664	0.760321462338481	0.7600246761258482	LiftOn_chaining_algorithm	frameshift	NC_000083.7:72181113-72911634
rna-NM_001199138.2	0.0009523809523809	0.7492682926829268	0.7342222222222222	0.7395121951219512	LiftOn_chaining_algorithm	frameshift;start_lost	NC_000083.7:74752125-74754119
rna-NM_001145451.5	0.0011481056257175	0.9230769230769232	0.6406353408338848	0.9173363949483352	LiftOn_chaining_algorithm	frameshift;start_lost	NC_000083.7:80662408-80696415
rna-NM_001105528.4	0.032258064516129	0.4896313364055299	0.6728430804863926	0.488479262672811	LiftOn_chaining_algorithm	frameshift;start_lost	NC_000084.7:21943954-22157866
rna-NM_000591.4	0.5957446808510638	0.651595744680851	0.6102564102564103	0.648936170212766	LiftOn_chaining_algorithm	frameshift	NC_000084.7:36858480-36859654
rna-NM_018916.4	0.0069375619425173	0.8520900321543409	0.7675609256604546	0.84994640943194	LiftOn_chaining_algorithm	frameshift;start_lost	NC_000084.7:37807586-37974927
rna-NM_006747.4	0.6893576222435283	0.900287631831256	0.7831669044222539	0.8993288590604027	LiftOn_chaining_algorithm	frameshift;start_lost	NC_000085.7:5704027-5711109
rna-NM_015533.4	0.421875	0.8506944444444444	0.3123264259773552	0.8489583333333334	LiftOn_chaining_algorithm	frameshift;start_lost;stop_missing	NC_000085.7:10569988-10574752
rna-NM_014207.4	0.0564516129032258	0.6129032258064516	0.3495702005730659	0.6108870967741935	LiftOn_chaining_algorithm	frameshift;start_lost	NC_000085.7:10696899-10697701
rna-NM_178031.3	0.0027777777777777	0.8740234375	0.789563244469654	0.873046875	LiftOn_chaining_algorithm	frameshift;start_lost	NC_000085.7:10835231-10844508
rna-NM_152866.3	0.0125786163522012	0.738255033557047	0.2285233015160022	0.7348993288590604	LiftOn_chaining_algorithm	frameshift;start_lost	NC_000085.7:11228980-11236175
rna-NM_006258.4	0.2937771345875543	0.7074235807860262	0.7449993006014827	0.4119359534206696	LiftOn_chaining_algorithm	frameshift;stop_codon_gain	NC_000085.7:30541887-31641785
rna-NM_000235.4	0.03	0.7425	0.3945578231292517	0.74	LiftOn_chaining_algorithm	frameshift;start_lost	NC_000085.7:34472460-34488421
rna-NM_005398.7	0.021680216802168	0.8522012578616353	0.6825962910128388	0.8459119496855346	LiftOn_chaining_algorithm	frameshift;start_lost	NC_000085.7:36709139-36711754
rna-NM_018063.5	0.4231227651966627	0.902264600715137	0.8241094147582697	0.6555423122765197	LiftOn_chaining_algorithm	frameshift;start_lost;stop_codon_gain	NC_000085.7:38928915-38956724
rna-NM_001011663.2	0.0313390313390313	0.8803418803418803	0.4080357142857143	0.8746438746438746	LiftOn_chaining_algorithm	frameshift;start_lost	NC_000085.7:47028483-47036602
rna-NM_001008723.2	0.0034168564920273	0.8648339060710195	0.6849693251533743	0.86368843069874	LiftOn_chaining_algorithm	frameshift;start_lost	NC_000085.7:47929573-47972110
rna-NM_004132.5	0.0463458110516934	0.7825311942959001	0.7682445759368837	0.7789661319073083	LiftOn_chaining_algorithm	frameshift	NC_000085.7:56276346-56309254
rna-NM_001127898.4	0.7576499388004896	0.9657282741738066	0.7152922496774834	0.96328029375765	LiftOn_chaining_algorithm	frameshift;start_lost	NC_000086.8:7020055-7185538
rna-NM_015698.6	0.0230607966457023	0.7547169811320755	0.6833036244800951	0.750524109014675	LiftOn_chaining_algorithm	frameshift;start_lost	NC_000086.8:7564732-7565119
rna-NM_001034853.2	0.0077989601386481	0.5158597662771286	0.5601929530201343	0.5091066782307025	LiftOn_chaining_algorithm	frameshift;start_lost;stop_codon_gain	NC_000086.8:10041312-10075061
rna-NM_000828.5	0.5623608017817372	0.994413407821229	0.9115906053083828	0.988826815642458	LiftOn_chaining_algorithm	frameshift;start_lost	NC_000086.8:40490182-40767478
rna-NM_007325.5	0.5629877369007804	0.994413407821229	0.9115906053083828	0.988826815642458	LiftOn_chaining_algorithm	frameshift;start_lost	NC_000086.8:40490182-40767478
rna-NM_005393.3	0.6998956158663883	0.8413612565445027	0.7753846153846153	0.8392670157068063	LiftOn_chaining_algorithm	frameshift;start_lost	NC_000086.8:72800666-72815856
rna-NM_007250.5	0.3722222222222222	0.8305555555555556	0.6686991869918699	0.8277777777777777	LiftOn_chaining_algorithm	frameshift;start_lost	NC_000086.8:152142518-152181921
rna-NM_003611.3	0.0621915103652517	0.6683119447186574	0.6547878128400435	0.667324777887463	LiftOn_chaining_algorithm	frameshift;start_lost;stop_codon_gain	NC_000086.8:165218331-165218531
rna-NM_001145210.3	0.0	0.6275	0.4099409448818897	0.6175	miniprot_truncated	frameshift;start_lost;stop_codon_gain	NC_000070.7:155875799-155877665
rna-NM_033467.4	0.0	0.7807692307692308	0.6753201799930771	0.7717948717948718	miniprot_truncated	frameshift;start_lost	NC_000070.7:154956086-154979682
rna-NM_152492.3	0.0	0.5068493150684932	0.6110369381397419	0.5007610350076104	miniprot_truncated	frameshift;start_lost	NC_000070.7:154111191-154127057
rna-NM_207421.4	0.0	0.6719424460431654	0.6593269630245119	0.6690647482014388	miniprot_truncated	frameshift;start_lost	NC_000070.7:140454887-140469915
rna-NM_021233.3	0.0	0.6602209944751382	0.6381529144587433	0.6574585635359116	miniprot_truncated	frameshift;start_lost	NC_000069.7:146288029-146302158
rna-NM_001302371.3	0.0	0.0068493150684931	0.007366482504604	0.0	miniprot_truncated	frameshift;start_lost;stop_missing	NC_000070.7:117378209-117378304
rna-NM_003101.6	0.0	0.8638838475499092	0.2020172489402134	0.8548094373865699	miniprot_truncated	frameshift;start_lost	NC_000067.7:156258629-156294356
rna-NM_001367479.1	0.0	0.0447986215808744	0.7142857142857143	0.0389779125162408	miniprot_truncated	frameshift;start_lost;stop_codon_gain	NC_000067.7:181420993-181642281
rna-NM_145861.4_1	0.0	0.7407407407407407	0.1613423685059696	0.7314814814814815	miniprot_truncated	frameshift;start_lost	NC_000079.7:12493064-12523308
rna-NM_001134462.2	0.0	0.5595238095238095	0.2680623973727422	0.5555555555555556	miniprot_truncated	frameshift;start_lost	NC_000072.7:85400955-85405085
rna-NM_001320878.2	0.0	0.580327868852459	0.498804780876494	0.5770491803278689	miniprot_truncated	frameshift;start_lost	NC_000083.7:54269100-54281038
rna-NM_018897.3_1	0.0	0.8881987577639752	0.8289759472287025	0.8849689440993789	miniprot_truncated	frameshift;start_lost	NC_000067.7:46117668-46412599
rna-NM_018897.3_2	0.0	0.8864596273291926	0.8290309609971853	0.8827329192546584	miniprot_truncated	frameshift;start_lost	NC_000067.7:53436266-53741254
rna-NM_003212.4_1	0.0	0.6349206349206349	0.2331288343558282	0.6296296296296297	miniprot_truncated	frameshift;start_lost	NC_000082.7:3548359-3548889
rna-NM_001098540.3	0.0	0.7591911764705882	0.2967320261437908	0.7573529411764706	miniprot_truncated	frameshift;start_lost	NC_000071.7:100828737-100867496
rna-NM_000585.5	0.0	0.7177914110429447	0.2066402378592666	0.7116564417177914	miniprot_truncated	frameshift;start_lost	NC_000074.7:83058543-83071113
rna-NM_018359.5	0.0	0.8361702127659575	0.4964028776978417	0.8340425531914893	miniprot_truncated	frameshift;start_lost	NC_000074.7:46432266-46449825
rna-NM_024754.5	0.0	0.7275064267352185	0.0898896564097963	0.7249357326478149	miniprot_truncated	frameshift;start_lost	NC_000079.7:99456677-99481192
rna-NM_206836.3	0.0	0.7316455696202532	0.6905109489051094	0.7291139240506329	miniprot_truncated	frameshift;start_lost	NC_000079.7:35161894-35178046
rna-NM_207582.3_2	0.0	0.1929499072356215	0.2555590353899154	0.1873840445269016	miniprot_truncated	frameshift;start_lost;stop_codon_gain	NC_000074.7:81238854-81239740
rna-NM_000367.5	0.0	0.7845528455284553	0.1998744901160966	0.7764227642276422	miniprot_truncated	frameshift;start_lost	NC_000079.7:47178841-47195011
rna-NM_005074.5	0.0	0.655982905982906	0.5888463641334062	0.6538461538461539	miniprot_truncated	frameshift;start_lost	NC_000079.7:24056577-24076652
rna-NM_170783.4	0.0	0.8110236220472441	0.3708920187793427	0.8031496062992126	miniprot_truncated	frameshift;start_lost	NC_000083.7:37265420-37269185
rna-NM_032020.5	0.0	0.811965811965812	0.4932998324958124	0.8098290598290598	miniprot_truncated	frameshift;start_lost	NC_000076.7:13376915-13390591
rna-NM_001376852.1	0.0	0.907563025210084	0.2491674828599412	0.9012605042016808	miniprot_truncated	frameshift;start_lost	NC_000083.7:6330874-6355722
rna-NM_032250.5	0.0	0.1334894613583138	0.4328023892483822	0.1298543689320388	miniprot_truncated	frameshift;start_lost;stop_codon_gain	NC_000072.7:118499861-118538952
rna-NM_001010987.2_1	0.0	0.5726315789473684	0.532258064516129	0.5684210526315789	miniprot_truncated	frameshift;start_lost	NC_000085.7:34624866-34626257
rna-NM_001029888.3	0.0	0.4811320754716981	0.3251798561151079	0.4716981132075472	miniprot_truncated	frameshift;start_lost	NC_000073.7:130937235-130938408
rna-NM_001135054.2	0.0	0.8126520681265207	0.5812356979405034	0.805352798053528	miniprot_truncated	frameshift;start_lost	NC_000073.7:140671251-140673845
rna-NM_002458.3	0.0	0.0428254564067565	0.5751465673113803	0.0419920180461565	miniprot_truncated	frameshift;start_lost;stop_codon_gain	NC_000073.7:141395525-141426283
rna-NM_002555.6	0.0	0.7623529411764706	0.6340996168582376	0.76	miniprot_truncated	frameshift;start_lost	NC_000073.7:143029941-143053009
rna-NM_018272.5	0.0	0.6721991701244814	0.6128275322643724	0.669432918395574	miniprot_truncated	frameshift;start_lost	NC_000072.7:145120778-145151040
rna-NM_002178.3	0.0	0.6887966804979253	0.5815899581589958	0.6804979253112033	miniprot_truncated	frameshift;start_lost	NC_000081.7:102053010-102057737
rna-NM_001040443.3	0.0	0.2138554216867469	0.4923747276688453	0.2078313253012048	miniprot_truncated	frameshift;start_lost;stop_codon_gain	NC_000080.7:59618788-59630613
rna-NM_004855.5	0.0	0.1155866900175131	0.6590794132524026	0.1117117117117117	miniprot_truncated	frameshift;start_lost;stop_codon_gain	NC_000075.7:72923449-72953367
rna-NM_006040.3_1	0.0	0.4638949671772429	0.1760024487297214	0.4573304157549234	miniprot_truncated	frameshift;start_lost	NC_000073.7:123996047-123996685
rna-NM_003321.5_1	0.0	0.9320175438596492	0.6025832091405862	0.9276315789473684	miniprot_truncated	frameshift;start_lost	NC_000074.7:67966884-67968251
rna-NM_021197.4	0.0	0.8099547511312217	0.4203233256351039	0.8009049773755657	miniprot_truncated	frameshift;start_lost	NC_000074.7:120393259-120413058
rna-NM_033004.4_1	0.0	0.2251344086021505	0.4878729715581923	0.2191316146540027	miniprot_truncated	frameshift;start_lost;stop_codon_gain	NC_000077.7:70983089-71015101
rna-NM_001396008.1	0.0	0.460559796437659	0.6160689463441757	0.452078032230704	miniprot_truncated	frameshift;start_lost	NC_000077.7:72094778-72097711
rna-NM_002795.4_1	0.0	0.9805825242718448	0.7388451443569554	0.970873786407767	miniprot_truncated	frameshift;start_lost	NC_000077.7:97594611-97604267
rna-NM_145663.3_1	0.0	0.0081168831168831	0.0139303482587064	0.0	miniprot_truncated	frameshift;start_lost;stop_missing	NC_000073.7:53141761-53141802
rna-NM_000442.5	0.0	0.618403247631935	0.2660214107640416	0.6116373477672531	miniprot_truncated	frameshift;start_lost	NC_000077.7:106545959-106590715
rna-NM_032243.6	0.0	0.4702258726899384	0.388908638464273	0.4620123203285421	miniprot_truncated	frameshift;start_lost	NC_000083.7:65944523-65945932
rna-NM_031422.6_1	0.0	0.6441441441441441	0.0823374340949033	0.6373873873873874	miniprot_truncated	frameshift;start_lost	NC_000084.7:15585320-15586387
rna-NM_144616.4	0.0	0.5301204819277109	0.6081081081081081	0.5271084337349398	miniprot_truncated	frameshift	NC_000076.7:80644406-80648252
rna-NM_024898.4	0.0	0.7019950124688279	0.6491663710535651	0.7007481296758105	miniprot_truncated	frameshift;start_lost	NC_000083.7:57373111-57383995
rna-NM_005490.3	0.0	0.1044776119402985	0.4671993271656854	0.0987868284228769	miniprot_truncated	frameshift;start_lost;stop_codon_gain	NC_000083.7:57571261-57574925
rna-NM_198534.3	0.0	0.5909090909090909	0.6350407450523865	0.5889328063241107	miniprot_truncated	frameshift;start_lost	NC_000074.7:3525831-3537158
rna-NM_001282509.2	0.0	0.1935483870967742	0.3706640237859266	0.1877551020408163	miniprot_truncated	frameshift;start_lost;stop_codon_gain	NC_000075.7:21789276-21803440
rna-NM_152361.3	0.0	0.5246913580246914	0.2320471596998928	0.5185185185185185	miniprot_truncated	frameshift;start_lost	NC_000073.7:27977179-27977661
rna-NM_001382345.1	0.0	0.0301507537688442	0.0389294403892944	0.0251256281407035	miniprot_truncated	frameshift;start_lost;stop_missing	NC_000081.7:35157019-35157051
rna-NM_001736.4	0.0	0.6609686609686609	0.3501496365968362	0.6524216524216524	miniprot_truncated	frameshift;start_lost	NC_000073.7:15981963-15982985
rna-NM_001145402.2	0.0	0.3762057877813505	0.5449832265934736	0.3759479956663055	miniprot_truncated	frameshift;start_lost;stop_codon_gain	NC_000073.7:4760124-4774047
rna-NM_001394894.2	0.0	0.0077369439071566	0.0113735783027121	0.0	miniprot_truncated	frameshift;start_lost;stop_missing	NC_000079.7:31230650-31230688
rna-NM_001336.4	0.0	0.8223684210526315	0.4980132450331125	0.819078947368421	miniprot_truncated	frameshift;start_lost	NC_000068.8:174269665-174280655
rna-NM_001085455.3	0.0	0.596078431372549	0.3828883495145631	0.592156862745098	miniprot_truncated	frameshift;start_lost	NC_000082.7:88408378-88409139
rna-NM_001007467.3	0.0	0.6427996781979083	0.7055637616937469	0.6355591311343524	miniprot_truncated	frameshift;start_lost	NC_000077.7:3082027-3139026
rna-NM_030642.1	0.0	0.0092165898617511	0.0229166666666666	0.0	miniprot_truncated	frameshift;start_lost;stop_missing	NC_000072.7:50550960-50550992
rna-NM_021118.3	0.0	0.3987730061349693	0.5956184390689183	0.3895705521472393	miniprot_truncated	frameshift;start_lost	NC_000086.8:110164517-110169624
rna-NM_001367857.2	0.0	0.418103448275862	0.5286065286065286	0.4137931034482758	miniprot_truncated	frameshift;start_lost	NC_000086.8:111294156-111316474
rna-NM_001394962.1	0.0	0.3617992177314211	0.4380187416331995	0.3585397653194263	miniprot_truncated	frameshift;start_lost	NC_000086.8:35687521-35755516
rna-NM_001395254.1	0.0	0.2777777777777778	0.3966079582517938	0.2766251728907331	miniprot_truncated	frameshift;start_lost;stop_codon_gain	NC_000086.8:72040854-72072549
rna-NM_001354980.2	0.0	0.5371329879101899	0.4235152969406118	0.5284974093264249	miniprot_truncated	frameshift;start_lost	NC_000086.8:72440045-72442306
rna-NM_173858.1	0.0	0.1978021978021978	0.5415913200723327	0.1955307262569832	miniprot_truncated	frameshift;start_lost;stop_codon_gain	NC_000072.7:58025938-58026808
rna-NM_001099270.4	0.9287128712871288	0.9287128712871288	0.7863085680922494	0.9247524752475248	LiftOn_chaining_algorithm	frameshift	NC_000068.8:33296120-33321349
rna-NM_031942.5	0.1200873362445414	0.1180257510729613	0.1786733238231098	0.1152993348115299	LiftOn_chaining_algorithm	frameshift;start_lost;stop_codon_gain	NC_000068.8:72309250-72313905
rna-NM_030817.3	0.8795180722891566	0.8795180722891566	0.1453121601044159	0.8755020080321285	LiftOn_chaining_algorithm	frameshift;start_lost	NC_000072.7:134960545-134961297
rna-NM_001004756.3	0.8226299694189603	0.8226299694189603	0.2116324535679374	0.8134556574923547	LiftOn_chaining_algorithm	frameshift;start_lost;stop_missing	NC_000073.7:103577984-103578992
rna-NM_206899.1	0.8375796178343949	0.8375796178343949	0.8294491525423728	0.8343949044585988	LiftOn_chaining_algorithm	frameshift;stop_codon_gain	NC_000076.7:129443410-129444348
rna-NM_031308.4	0.366144668158091	0.3695003728560775	0.7335739173718268	0.3647081941442326	LiftOn_chaining_algorithm	frameshift;stop_codon_gain	NC_000081.7:75981936-75996741
rna-NM_001320466.2	0.8899082568807339	0.8899082568807339	0.5809768637532133	0.8830275229357798	LiftOn_chaining_algorithm	frameshift;start_lost	NC_000082.7:43785789-43799539
rna-NM_016940.3	0.75	0.75	0.3166992824527071	0.746875	LiftOn_chaining_algorithm	frameshift;start_lost	NC_000082.7:87231073-87234412
rna-NM_031422.6	0.6418918918918919	0.6441441441441441	0.5594067015063019	0.6373873873873874	LiftOn_chaining_algorithm	frameshift;start_lost	NC_000084.7:15574602-15586384
rna-NM_138636.5	0.7092130518234165	0.7092130518234165	0.5716981132075472	0.708253358925144	LiftOn_chaining_algorithm	frameshift;start_lost;stop_codon_gain	NC_000086.8:166025751-166028845
