-------------- SCENARIOS ------------
LiftOn best						122
Liftoff best					0
miniprot best					2
LiftOn worse than Liftoff only	0
LiftOn worse than miniprot only	2
LiftOn worst					1
LiftOn equal to Liftoff only	3083
LiftOn equal to miniprot only	378
All equal						16054
Total counts					19640

----------------- ALL ---------------
lifton=liftoff=miniprot	16054
lifton>liftoff=miniprot	77
lifton>liftoff>miniprot	27
lifton>miniprot>liftoff	18
lifton=liftoff>miniprot	3083
lifton=miniprot>liftoff	378
liftoff>lifton>miniprot	0
miniprot>lifton>liftoff	2
liftoff>lifton=miniprot	0
miniprot>lifton=liftoff	0
liftoff=miniprot>lifton	1
liftoff>miniprot>lifton	0
miniprot>liftoff>lifton	0
all						19640

----------------- RAW ---------------
lifton_score>liftoff_score	502
lifton_score=liftoff_score	19137
lifton_score>miniprot_score	3205
lifton_score=miniprot_score	16432
liftoff_score>lifton_score	1
liftoff_score=lifton_score	19137
liftoff_score>miniprot_score	3110
liftoff_score=miniprot_score	16132
miniprot_score>lifton_score	3
miniprot_score=lifton_score	16432
miniprot_score>liftoff_score	398
miniprot_score=liftoff_score	16132
