-------------- SCENARIOS ------------
LiftOn best						16940
Liftoff best					255
miniprot best					509
LiftOn worse than Liftoff only	189
LiftOn worse than miniprot only	497
LiftOn worst					320
LiftOn equal to Liftoff only	17219
LiftOn equal to miniprot only	11471
All equal						82941
Total counts					129534

----------------- ALL ---------------
lifton=liftoff=miniprot	82941
lifton>liftoff=miniprot	5511
lifton>liftoff>miniprot	5194
lifton>miniprot>liftoff	6235
lifton=liftoff>miniprot	17201
lifton=miniprot>liftoff	11446
liftoff>lifton>miniprot	164
miniprot>lifton>liftoff	479
liftoff>lifton=miniprot	25
miniprot>lifton=liftoff	18
liftoff=miniprot>lifton	242
liftoff>miniprot>lifton	66
miniprot>liftoff>lifton	12
all						129534

----------------- RAW ---------------
lifton_score>liftoff_score	28865
lifton_score=liftoff_score	100160
lifton_score>miniprot_score	34305
lifton_score=miniprot_score	94412
liftoff_score>lifton_score	509
liftoff_score=lifton_score	100160
liftoff_score>miniprot_score	22650
liftoff_score=miniprot_score	88694
miniprot_score>lifton_score	817
miniprot_score=lifton_score	94412
miniprot_score>liftoff_score	18190
miniprot_score=liftoff_score	88694
