rna-NM_001331921.1	0.983065198983912	0.9706621961441744	0.9813717188823032	LiftOn_chaining_algorithm	frameshift;stop_codon_gain	OX291666.1:3537903-3543307
rna-NM_001198035.1	0.9548133595284872	0.9467455621301776	0.9467455621301776	LiftOn_chaining_algorithm	frameshift;stop_codon_gain	OX291666.1:3908606-3911220
rna-NM_001160899.2	0.2121212121212121	0.1969696969696969	0.1969696969696969	LiftOn_chaining_algorithm	frameshift;stop_codon_gain	OX291666.1:9198329-9199189
rna-NM_001333753.1	0.6877857609405618	0.670219853431046	0.6808794137241839	LiftOn_chaining_algorithm	frameshift;stop_codon_gain	OX291666.1:26521333-26527176
rna-NM_129122.3	0.9194139194139194	0.7608695652173914	0.7944664031620553	LiftOn_chaining_algorithm	inframe_insertion;inframe_deletion;stop_codon_gain	OX291667.1:18261039-18265459
rna-NM_001125177.1	0.8333333333333334	0.8292682926829268	0.8292682926829268	LiftOn_chaining_algorithm	inframe_insertion	OX291668.1:5944639-5944735
rna-NM_001339864.1	0.9537712895377128	0.9153936545240892	0.951338199513382	LiftOn_chaining_algorithm	frameshift;stop_codon_gain	OX291668.1:26490262-26498246
rna-NM_001333321.1	0.7161290322580646	0.7124183006535948	0.7124183006535948	LiftOn_chaining_algorithm	frameshift;start_lost;stop_missing	OX291669.1:1538133-1538665
rna-NM_117217.1	0.536745406824147	0.4467805519053876	0.4978601997146933	LiftOn_chaining_algorithm	frameshift;stop_codon_gain	OX291669.1:10646913-10649543
rna-NM_001125496.2	0.8502994011976048	0.832381940840685	0.8447368421052631	LiftOn_chaining_algorithm	frameshift;stop_codon_gain	OX291669.1:10892447-10900525
rna-NM_001340762.1	0.8496993987975952	0.8316831683168316	0.8440803382663847	LiftOn_chaining_algorithm	frameshift;stop_codon_gain	OX291669.1:10892288-10900545
rna-NM_001340763.1	0.8475894245723172	0.8288336933045356	0.8288336933045356	LiftOn_chaining_algorithm	frameshift;start_lost;stop_codon_gain	OX291669.1:10892316-10900531
rna-NM_117704.6	0.4563380281690141	0.4469273743016759	0.4526166902404526	LiftOn_chaining_algorithm	frameshift;stop_codon_gain	OX291669.1:12872998-12876473
rna-NM_121540.1	0.578125	0.4460966542750929	0.4763779527559055	LiftOn_chaining_algorithm	frameshift;stop_codon_gain	OX291670.1:5061735-5063396
rna-NM_123794.2	0.521875	0.4897360703812317	0.4897360703812317	LiftOn_chaining_algorithm	start_lost;inframe_insertion;inframe_deletion;stop_codon_gain	OX291670.1:24108021-24110206
rna-NM_001344664.1	0.9683377308707124	0.9682819383259912	0.9682819383259912	LiftOn_chaining_algorithm	frameshift;stop_missing	OX291670.1:25014378-25018890
rna-NM_102216.1	0.0298507462686567	0.2657342657342657	0.2406015037593984	LiftOn_chaining_algorithm	frameshift;start_lost;stop_codon_gain	OX291666.1:8312765-8313149
rna-NM_103179.2	0.2871287128712871	0.812206572769953	0.7909090909090909	LiftOn_chaining_algorithm	frameshift;stop_codon_gain	OX291666.1:12501120-12501903
rna-NM_001124002.1	0.0	0.7942583732057417	0.6102941176470589	LiftOn_chaining_algorithm	frameshift;start_lost;stop_codon_gain	OX291666.1:25442857-25444578
rna-NM_202347.1	0.0087527352297593	0.6893939393939394	0.643979057591623	LiftOn_chaining_algorithm	frameshift;start_lost;stop_codon_gain	OX291666.1:29229390-29230878
rna-NM_105335.1	0.0721868365180467	0.8799126637554585	0.364376130198915	LiftOn_chaining_algorithm	frameshift	OX291666.1:30549431-30551018
rna-NM_001334393.1	0.1414141414141414	0.5725806451612904	0.1578947368421052	LiftOn_chaining_algorithm	frameshift;stop_codon_gain	OX291666.1:31764226-31764936
rna-NM_105754.1	0.1329113924050632	0.8466666666666667	0.6446700507614214	LiftOn_chaining_algorithm	frameshift;stop_codon_gain	OX291666.1:32549699-32550228
rna-NM_001198458.2	0.367112810707457	0.9263803680981596	0.4405737704918033	LiftOn_chaining_algorithm	frameshift;stop_codon_gain	OX291666.1:33255516-33257558
rna-NM_001334603.1	0.6103896103896104	0.9551724137931036	0.65625	LiftOn_chaining_algorithm	frameshift;stop_codon_gain	OX291666.1:33590913-33593784
rna-NM_106035.4	0.4619164619164619	0.9378378378378378	0.5094850948509485	LiftOn_chaining_algorithm	frameshift;stop_codon_gain	OX291666.1:33590913-33593784
rna-NM_179577.1	0.0	0.9309428950863212	0.8976982097186701	LiftOn_chaining_algorithm	frameshift;stop_codon_gain	OX291666.1:35841933-35844376
rna-NM_127206.2	0.4299065420560747	0.4339622641509434	0.4299065420560747	LiftOn_chaining_algorithm	frameshift;stop_codon_gain	OX291667.1:10348717-10349365
rna-NM_179829.2	0.0212201591511936	0.1540785498489426	0.0836012861736334	LiftOn_chaining_algorithm	frameshift;start_lost;stop_codon_gain	OX291667.1:16544595-16546766
rna-NM_180048.1	0.2170212765957447	0.6015625	0.5654205607476636	LiftOn_chaining_algorithm	frameshift;start_lost;stop_codon_gain	OX291667.1:21130245-21130841
rna-NM_148707.1	0.4770642201834862	0.6120092378752887	0.5023584905660378	LiftOn_chaining_algorithm	frameshift;stop_codon_gain	OX291668.1:3477732-3481300
rna-NM_001203012.1	0.2562189054726368	0.989010989010989	0.6840659340659341	LiftOn_chaining_algorithm	frameshift;stop_codon_gain	OX291668.1:7206482-7208493
rna-NM_113452.1	0.0111111111111111	0.2452830188679245	0.0986547085201793	LiftOn_chaining_algorithm	frameshift;start_lost;stop_codon_gain	OX291668.1:9350685-9350950
rna-NM_113795.2	0.3132969034608379	0.9823529411764704	0.6352941176470588	LiftOn_chaining_algorithm	frameshift;stop_codon_gain	OX291668.1:10885188-10887130
rna-NM_001339183.1	0.0101522842639593	0.4	0.2613636363636363	LiftOn_chaining_algorithm	frameshift;start_lost;stop_codon_gain	OX291668.1:21679520-21680485
rna-NM_001339184.1	0.0101522842639593	0.4	0.2690058479532163	LiftOn_chaining_algorithm	frameshift;start_lost;stop_codon_gain	OX291668.1:21679520-21680485
rna-NM_001339447.1	0.0142348754448398	0.9418604651162792	0.8921389396709324	LiftOn_chaining_algorithm	frameshift;stop_codon_gain	OX291668.1:23730577-23732928
rna-NM_001339448.1	0.0142348754448398	0.9418604651162792	0.8255813953488372	LiftOn_chaining_algorithm	frameshift;stop_codon_gain	OX291668.1:23730577-23732928
rna-NM_115592.5	0.6116504854368932	0.8737864077669902	0.75	LiftOn_chaining_algorithm	frameshift;stop_codon_gain	OX291668.1:26457177-26458499
rna-NM_001343481.1	0.0201005025125628	0.8514851485148515	0.8415841584158416	LiftOn_chaining_algorithm	frameshift;start_lost;stop_codon_gain	OX291669.1:1702369-1702877
rna-NM_001340732.1	0.9281314168377824	0.9774127310061602	0.9301848049281314	LiftOn_chaining_algorithm	frameshift;stop_codon_gain	OX291669.1:10761542-10765303
rna-NM_001340740.1	0.8784530386740331	0.8833333333333333	0.8784530386740331	LiftOn_chaining_algorithm	frameshift;stop_codon_gain	OX291669.1:10832670-10837135
rna-NM_001340741.1	0.8784530386740331	0.8833333333333333	0.8784530386740331	LiftOn_chaining_algorithm	frameshift;stop_codon_gain	OX291669.1:10832670-10837135
rna-NM_117769.3	0.0013192612137203	0.9354375896700144	0.4815905743740795	LiftOn_chaining_algorithm	frameshift	OX291669.1:13153925-13157504
rna-NM_001341608.1	0.4378881987577639	0.5305466237942122	0.4755700325732899	LiftOn_chaining_algorithm	frameshift;stop_codon_gain	OX291669.1:15893825-15895678
rna-NM_118630.4	0.5	0.5808580858085809	0.5239852398523985	LiftOn_chaining_algorithm	frameshift;stop_codon_gain	OX291669.1:16540865-16542439
rna-NM_001341812.1	0.8379888268156425	0.8491620111731844	0.8435754189944135	LiftOn_chaining_algorithm	frameshift;start_lost;stop_codon_gain	OX291669.1:17097178-17099013
rna-NM_001343238.1	0.0193298969072164	0.9882697947214076	0.9457478005865104	LiftOn_chaining_algorithm	frameshift;stop_codon_gain	OX291670.1:4108425-4115273
rna-NM_001343241.1	0.0193298969072164	0.9882697947214076	0.9457478005865104	LiftOn_chaining_algorithm	frameshift;stop_codon_gain	OX291670.1:4108425-4115269
rna-NM_001343243.1	0.0193298969072164	0.9882697947214076	0.9457478005865104	LiftOn_chaining_algorithm	frameshift;stop_codon_gain	OX291670.1:4108425-4115300
rna-NM_001343244.1	0.0193298969072164	0.9882697947214076	0.9457478005865104	LiftOn_chaining_algorithm	frameshift;stop_codon_gain	OX291670.1:4108425-4115356
rna-NM_001343246.1	0.0193298969072164	0.9882697947214076	0.9457478005865104	LiftOn_chaining_algorithm	frameshift;stop_codon_gain	OX291670.1:4108425-4115356
rna-NM_001343654.1	0.985	0.995	0.9851485148514852	LiftOn_chaining_algorithm	frameshift;stop_codon_gain	OX291670.1:6937808-6941065
rna-NM_001344174.1	0.0634920634920634	0.676056338028169	0.5959595959595959	LiftOn_chaining_algorithm	frameshift;start_lost;stop_missing	OX291670.1:20869083-20870779
rna-NM_129799.1	0.515625	0.7150610583446404	0.4707446808510638	LiftOn_chaining_algorithm	frameshift;stop_codon_gain	OX291667.1:20903865-20906070
rna-NM_121802.2	0.7651598676957001	0.9493827160493828	0.5604956268221575	LiftOn_chaining_algorithm	frameshift	OX291670.1:6023538-6026662
