-------------- SCENARIOS ------------
LiftOn best						3101
Liftoff best					16
miniprot best					40
LiftOn worse than Liftoff only	16
LiftOn worse than miniprot only	38
LiftOn worst					2
LiftOn equal to Liftoff only	10678
LiftOn equal to miniprot only	1219
All equal						38994
Total counts					54038

----------------- ALL ---------------
lifton=liftoff=miniprot	38994
lifton>liftoff=miniprot	1624
lifton>liftoff>miniprot	971
lifton>miniprot>liftoff	506
lifton=liftoff>miniprot	10675
lifton=miniprot>liftoff	1212
liftoff>lifton>miniprot	9
miniprot>lifton>liftoff	35
liftoff>lifton=miniprot	7
miniprot>lifton=liftoff	3
liftoff=miniprot>lifton	0
liftoff>miniprot>lifton	0
miniprot>liftoff>lifton	2
all						54038

----------------- RAW ---------------
liftoff_score>miniprot_score	11662
liftoff_score=miniprot_score	40618
liftoff_score>lifton_score	18
liftoff_score=lifton_score	49672
miniprot_score>liftoff_score	1758
miniprot_score=liftoff_score	40618
miniprot_score>lifton_score	40
miniprot_score=lifton_score	40213
lifton_score>liftoff_score	4348
lifton_score=liftoff_score	49672
lifton_score>miniprot_score	13785
lifton_score=miniprot_score	40213
