rna-NM_001256852.1	0.0	0.9717514124293786	0.9836785938480854	0.9717514124293786	miniprot_truncated	nonsynonymous	chr4:9369413-9371005
rna-NM_001256852.1_1	0.0	0.9717514124293786	0.9830508474576272	0.9717514124293786	miniprot_truncated	nonsynonymous	chr4:9359921-9361513
rna-NM_001256852.1_2	0.0	0.9717514124293786	0.9836785938480854	0.9717514124293786	miniprot_truncated	nonsynonymous	chr4:9336191-9337783
rna-NM_001256852.1_3	0.0	0.9717514124293786	0.9836785938480854	0.9717514124293786	miniprot_truncated	nonsynonymous	chr4:9288734-9290326
rna-NM_001256852.1_4	0.0	0.9698681732580038	0.9843063402385436	0.9698681732580038	miniprot_truncated	nonsynonymous	chr4:9279244-9280836
rna-NM_001256852.1_5	0.0	0.9698681732580038	0.9811676082862524	0.9698681732580038	miniprot_truncated	nonsynonymous	chr4:9160554-9162146
rna-NM_001256852.1_6	0.0	0.9698681732580038	0.980539861895794	0.9698681732580038	miniprot_truncated	nonsynonymous	chr4:9155804-9157396
rna-NM_001256852.1_7	0.0	0.9698681732580038	0.9830508474576272	0.9698681732580038	miniprot_truncated	nonsynonymous	chr4:9331445-9333037
rna-NM_001256852.1_8	0.0	0.967984934086629	0.9824231010671688	0.967984934086629	miniprot_truncated	nonsynonymous	chr4:9255524-9257116
rna-NM_001256854.1_1	0.0	0.8813559322033898	0.997489014438167	0.8832391713747646	miniprot_truncated	stop_codon_gain	chr4:9151054-9152646
rna-NM_001256853.1	0.0	0.9868173258003766	0.9943502824858758	0.9868173258003766	miniprot_truncated	nonsynonymous	chr4:9146303-9147895
rna-NM_001256855.1	0.0	0.9811676082862524	0.9905838041431262	0.9811676082862524	miniprot_truncated	nonsynonymous	chr4:9283990-9285582
rna-NM_001242327.1	0.0	0.9887005649717514	0.9943502824858758	0.9887005649717514	miniprot_truncated	nonsynonymous	chr4:9174798-9176390
rna-XM_047419629.1	0.0	0.8983050847457628	0.9388888888888888	0.8983050847457628	miniprot_truncated	frameshift;start_lost	chr6:88277674-88277850
rna-XM_047421166.1	0.0	0.9754601226993864	0.9877300613496932	0.9754601226993864	miniprot_truncated	nonsynonymous	chr7:64950248-64950736
id-TRBJ1-2	0.0	0.8125	1.0	0.8125	miniprot_truncated	identical	chr7:144142735-144142782
rna-NM_001397380.1	0.0	0.9870967741935484	0.9935483870967742	0.9870967741935484	miniprot_truncated	nonsynonymous	chr8:11746670-11749680
rna-NM_001397380.1_1	0.0	0.9827956989247312	0.9899641577060933	0.9827956989247312	miniprot_truncated	nonsynonymous	chr8:7337472-7340482
rna-NM_001397380.1_2	0.0	0.9849462365591398	0.9942652329749104	0.9849462365591398	miniprot_truncated	nonsynonymous	chr8:12417245-12420255
rna-NM_001397380.1_3	0.0	0.9827956989247312	0.9913978494623656	0.9827956989247312	miniprot_truncated	nonsynonymous	chr8:11884338-11887348
rna-NM_001397396.1	0.0	0.9827956989247312	0.9906810035842294	0.9827956989247312	miniprot_truncated	nonsynonymous	chr8:7322170-7325180
rna-NM_001397396.1_1	0.0	0.9806451612903224	0.9906810035842294	0.9806451612903224	miniprot_truncated	nonsynonymous	chr8:7329821-7332831
rna-NM_001397396.1_2	0.0	0.9806451612903224	0.9913978494623656	0.9806451612903224	miniprot_truncated	nonsynonymous	chr8:11876686-11879696
rna-NM_001397396.1_3	0.0	0.9806451612903224	0.9906810035842294	0.9806451612903224	miniprot_truncated	nonsynonymous	chr8:11869043-11872053
rna-NM_001397396.1_4	0.0	0.9806451612903224	0.9906810035842294	0.9806451612903224	miniprot_truncated	nonsynonymous	chr8:11861390-11864400
rna-NM_001397396.1_5	0.0	0.9806451612903224	0.9906810035842294	0.9806451612903224	miniprot_truncated	nonsynonymous	chr8:11853747-11856757
rna-NM_001397396.1_6	0.0	0.9806451612903224	0.9913978494623656	0.9806451612903224	miniprot_truncated	nonsynonymous	chr8:11846099-11849109
rna-NM_001414702.1	0.0	0.3928571428571428	0.4705882352941176	0.3928571428571428	miniprot_truncated	frameshift;start_lost;stop_missing	chr7:141490192-141490245
id-TRAJ24	0.0	0.0476190476190476	0.984126984126984	0.0476190476190476	miniprot_truncated	stop_codon_gain	chr14:16717720-16717782
rna-XM_047433344.1	0.0	0.1594533029612756	0.3122182680901542	0.6902050113895216	miniprot_truncated	frameshift;stop_codon_gain	chr15:57419932-57421248
rna-XM_024452264.2	0.0	0.3929961089494163	0.7128060263653484	0.6877470355731226	miniprot_truncated	frameshift;stop_codon_gain	chr22:19147247-19148642
rna-XM_024452264.2_1	0.0	0.3929961089494163	0.7128060263653484	0.6877470355731226	miniprot_truncated	frameshift;stop_codon_gain	chr22:19026116-19027511
rna-XM_047442804.1_14	0.0	0.1710261569416499	0.3319806109795964	0.7625754527162978	miniprot_truncated	inframe_deletion;stop_codon_gain	chr14:186239-189220
rna-XM_047442804.1_22	0.0	0.0955734406438631	0.3314169766655394	0.864185110663984	miniprot_truncated	inframe_deletion;stop_codon_gain	chr14:22903-25884
rna-XM_047442804.1_25	0.0	0.0955734406438631	0.331304249802728	0.8631790744466801	miniprot_truncated	inframe_deletion;stop_codon_gain	chr14:79429-82410
rna-XM_047442804.1_26	0.0	0.170020120724346	0.3316424303911622	0.761569416498994	miniprot_truncated	inframe_deletion;stop_codon_gain	chr14:211352-214333
rna-XM_047442804.1_27	0.0	0.170020120724346	0.3316424303911622	0.761569416498994	miniprot_truncated	inframe_deletion;stop_codon_gain	chr14:154770-157751
rna-NM_002736.3-2	0.0	0.0964912280701754	0.1330221703617269	0.1403508771929824	miniprot_truncated	inframe_deletion;stop_codon_gain	chr7:108473024-108475625
rna-XM_047442811.1	0.0	0.9919354838709676	0.995967741935484	0.9919354838709676	miniprot_truncated	nonsynonymous	chr17:47106336-47107079
rna-NM_001252338.2-2	0.0	0.0580985915492957	0.3162297824874512	0.176056338028169	miniprot_truncated	inframe_deletion;stop_codon_gain	chr20:63685414-63728007
