-------------- SCENARIOS ------------
LiftOn best						40
Liftoff best					0
miniprot best					700
LiftOn worse than Liftoff only	0
LiftOn worse than miniprot only	700
LiftOn worst					56
LiftOn equal to Liftoff only	0
LiftOn equal to miniprot only	3
All equal						2
Total counts					801

----------------- ALL ---------------
lifton=liftoff=miniprot	2
lifton>liftoff=miniprot	0
lifton>liftoff>miniprot	0
lifton>miniprot>liftoff	40
lifton=liftoff>miniprot	0
lifton=miniprot>liftoff	3
liftoff>lifton>miniprot	0
miniprot>lifton>liftoff	700
liftoff>lifton=miniprot	0
miniprot>lifton=liftoff	0
liftoff=miniprot>lifton	56
liftoff>miniprot>lifton	0
miniprot>liftoff>lifton	0
all						801

----------------- RAW ---------------
liftoff_score>miniprot_score	0
liftoff_score=miniprot_score	58
liftoff_score>lifton_score	56
liftoff_score=lifton_score	2
miniprot_score>liftoff_score	743
miniprot_score=liftoff_score	58
miniprot_score>lifton_score	756
miniprot_score=lifton_score	5
lifton_score>liftoff_score	743
lifton_score=liftoff_score	2
lifton_score>miniprot_score	40
lifton_score=miniprot_score	5
