-------------- SCENARIOS ------------
LiftOn best						3409
Liftoff best					2219
miniprot best					331
LiftOn worse than Liftoff only	2077
LiftOn worse than miniprot only	330
LiftOn worst					11496
LiftOn equal to Liftoff only	366
LiftOn equal to miniprot only	3
All equal						1959
Total counts					19640

----------------- ALL ---------------
lifton=liftoff=miniprot	1959
lifton>liftoff=miniprot	2820
lifton>liftoff>miniprot	525
lifton>miniprot>liftoff	64
lifton=liftoff>miniprot	366
lifton=miniprot>liftoff	3
liftoff>lifton>miniprot	2077
miniprot>lifton>liftoff	330
liftoff>lifton=miniprot	0
miniprot>lifton=liftoff	0
liftoff=miniprot>lifton	11353
liftoff>miniprot>lifton	142
miniprot>liftoff>lifton	1
all						19640

----------------- RAW ---------------
liftoff_score>miniprot_score	3110
liftoff_score=miniprot_score	16132
liftoff_score>lifton_score	13573
liftoff_score=lifton_score	2325
miniprot_score>liftoff_score	398
miniprot_score=liftoff_score	16132
miniprot_score>lifton_score	11826
miniprot_score=lifton_score	1962
lifton_score>liftoff_score	3742
lifton_score=liftoff_score	2325
lifton_score>miniprot_score	5852
lifton_score=miniprot_score	1962
