rna-XM_026022605.1	0.5244215938303342	0.5024875621890548	0.5074626865671642	LiftOn_chaining_algorithm	frameshift;stop_codon_gain	CP101148.1:20357339-20364657
rna-XM_015755952.2	0.916923076923077	0.902439024390244	0.902439024390244	LiftOn_chaining_algorithm	frameshift;stop_codon_gain	CP101152.1:18384355-18387261
rna-XM_015757729.2	0.150997150997151	0.6864864864864865	0.3618233618233618	LiftOn_chaining_algorithm	frameshift;start_lost;stop_codon_gain	CP101141.1:3818798-3820223
rna-XM_015757730.2	0.150997150997151	0.6864864864864865	0.3618233618233618	LiftOn_chaining_algorithm	frameshift;stop_codon_gain	CP101141.1:3818798-3820223
rna-XM_015795215.2	0.2459893048128342	0.943089430894309	0.6452205882352942	LiftOn_chaining_algorithm	frameshift;stop_missing	CP101143.1:17085231-17091944
rna-XM_015761414.1	0.0248091603053435	0.9979423868312756	0.6708160442600276	LiftOn_chaining_algorithm	inframe_insertion;inframe_deletion	CP101146.1:15715306-15718048
rna-XM_015760869.1	0.2942779291553133	0.9277777777777778	0.8527777777777777	LiftOn_chaining_algorithm	frameshift;stop_codon_gain	CP101146.1:25894594-25895625
rna-XM_015766293.2	0.0525252525252525	0.9866369710467706	0.6904231625835189	LiftOn_chaining_algorithm	frameshift;stop_codon_gain	CP101147.1:18636492-18641993
rna-XM_015766294.1	0.0506072874493927	0.9866071428571428	0.6919642857142857	LiftOn_chaining_algorithm	frameshift;stop_codon_gain	CP101147.1:18636507-18641993
rna-XM_026026003.1	0.6	0.6040268456375839	0.6	LiftOn_chaining_algorithm	frameshift;stop_missing	CP101149.1:15980041-15996355
rna-XM_015780179.2	0.2370689655172413	0.981042654028436	0.4112983151635282	LiftOn_chaining_algorithm	frameshift;stop_codon_gain	CP101150.1:16139951-16143568
rna-XM_015780381.1	0.3530864197530864	0.3804573804573805	0.3530864197530864	LiftOn_chaining_algorithm	frameshift;stop_codon_gain	CP101150.1:19827174-19832766
rna-XM_015781326.2	0.1934523809523809	0.9932432432432432	0.9832775919732442	LiftOn_chaining_algorithm	frameshift;stop_codon_gain	CP101150.1:22469195-22472032
rna-XM_026025127.1	0.1418439716312056	0.9586776859504132	0.8347107438016529	LiftOn_chaining_algorithm	frameshift;stop_codon_gain	CP101150.1:27922993-27928554
rna-XM_026025128.1	0.1388888888888889	0.9586776859504132	0.8347107438016529	LiftOn_chaining_algorithm	frameshift;stop_codon_gain	CP101150.1:27922993-27928554
rna-XM_015779450.1	0.1351888667992047	0.9293139293139292	0.8361266294227188	LiftOn_chaining_algorithm	frameshift;stop_codon_gain	CP101150.1:33763784-33765532
rna-XM_015779454.2	0.2574712643678161	0.9901234567901236	0.5247524752475248	LiftOn_chaining_algorithm	frameshift;stop_codon_gain	CP101150.1:34696952-34698524
rna-XM_015755727.2	0.4484159220146222	0.5330739299610895	0.4777227722772277	LiftOn_chaining_algorithm	frameshift;stop_codon_gain	CP101152.1:6492829-6501821
rna-XM_015769612.2	0.3648648648648648	0.4571428571428571	0.3513513513513513	LiftOn_chaining_algorithm	frameshift;stop_codon_gain	CP101148.1:10944885-10945715
rna-XM_015781372.2	0.6767676767676768	0.9932659932659932	0.59	LiftOn_chaining_algorithm	frameshift	CP101150.1:22303989-22307822
