-------------- SCENARIOS ------------
LiftOn best						1334
Liftoff best					2
miniprot best					18
LiftOn worse than Liftoff only	2
LiftOn worse than miniprot only	16
LiftOn worst					2
LiftOn equal to Liftoff only	7876
LiftOn equal to miniprot only	398
All equal						44219
Total counts					53844

----------------- ALL ---------------
lifton=liftoff=miniprot	44219
lifton>liftoff=miniprot	574
lifton>liftoff>miniprot	579
lifton>miniprot>liftoff	181
lifton=liftoff>miniprot	7874
lifton=miniprot>liftoff	397
liftoff>lifton>miniprot	1
miniprot>lifton>liftoff	14
liftoff>lifton=miniprot	1
miniprot>lifton=liftoff	2
liftoff=miniprot>lifton	0
liftoff>miniprot>lifton	0
miniprot>liftoff>lifton	2
all						53844

----------------- RAW ---------------
liftoff_score>miniprot_score	8455
liftoff_score=miniprot_score	44793
liftoff_score>lifton_score	4
liftoff_score=lifton_score	52095
miniprot_score>liftoff_score	596
miniprot_score=liftoff_score	44793
miniprot_score>lifton_score	18
miniprot_score=lifton_score	44617
lifton_score>liftoff_score	1745
lifton_score=liftoff_score	52095
lifton_score>miniprot_score	9209
lifton_score=miniprot_score	44617
