-------------- SCENARIOS ------------
LiftOn best						2982
Liftoff best					5454
miniprot best					221
LiftOn worse than Liftoff only	4736
LiftOn worse than miniprot only	200
LiftOn worst					13211
LiftOn equal to Liftoff only	733
LiftOn equal to miniprot only	1
All equal						6305
Total counts					28167

----------------- ALL ---------------
lifton=liftoff=miniprot	6305
lifton>liftoff=miniprot	1719
lifton>liftoff>miniprot	1161
lifton>miniprot>liftoff	102
lifton=liftoff>miniprot	733
lifton=miniprot>liftoff	0
liftoff>lifton>miniprot	4735
miniprot>lifton>liftoff	200
liftoff>lifton=miniprot	1
miniprot>lifton=liftoff	0
liftoff=miniprot>lifton	12472
liftoff>miniprot>lifton	718
miniprot>liftoff>lifton	21
all						28167

----------------- RAW ---------------
liftoff_score>miniprot_score	7348
liftoff_score=miniprot_score	20496
liftoff_score>lifton_score	17947
liftoff_score=lifton_score	7038
miniprot_score>liftoff_score	323
miniprot_score=liftoff_score	20496
miniprot_score>lifton_score	13411
miniprot_score=lifton_score	6306
lifton_score>liftoff_score	3182
lifton_score=liftoff_score	7038
lifton_score>miniprot_score	8450
lifton_score=miniprot_score	6306
