rna-NM_001009931.3	0.0003161555485298	0.9842160645387584	0.888785046728972	0.9842160645387584	LiftOn_chaining_algorithm	frameshift	chr1:151348107-151359749	0.9842160645387584
rna-NM_001004692.2	0.0026954177897574	0.9750778816199376	0.5093629603082162	0.9750778816199376	LiftOn_chaining_algorithm	frameshift;stop_codon_gain	chr1:247716221-247729507	0.9750778816199376
rna-NM_152709.5	0.0	0.998989898989899	0.9722468260997932	0.998989898989899	LiftOn_chaining_algorithm	inframe_deletion	chr10:69750773-69761874	0.998989898989899
rna-NM_002498.3	0.5454545454545454	1.0	0.9851851851851852	1.0	LiftOn_chaining_algorithm	synonymous	chr13:51347480-51374428	1.0
rna-NM_033032.3	0.7580645161290323	1.0	0.8726190476190476	1.0	LiftOn_chaining_algorithm	synonymous	chr17:41919008-41919845	1.0
rna-NM_006065.5	0.0042735042735042	0.9949874686716792	0.9868005205428518	0.9949874686716792	LiftOn_chaining_algorithm	frameshift	chr20:1610569-1627878	0.9949874686716792
rna-NM_001849.4	0.0316622691292876	0.9980392156862744	0.9976791412822744	0.9980392156862744	LiftOn_chaining_algorithm	frameshift	chr21:44476193-44510935	0.9980392156862744
rna-NM_001141947.3	0.0037174721189591	0.9947312961011592	0.994599745870394	0.9947312961011592	LiftOn_chaining_algorithm	frameshift	chr3:56597698-56662164	0.9947312961011592
rna-NM_015472.6	0.9975124378109452	1.0	0.9982146399523903	1.0	LiftOn_chaining_algorithm	synonymous	chr3:152268462-152409265	1.0
rna-NM_005577.4	0.3971734892787524	0.9872611464968152	0.7248110120726616	0.9872611464968152	LiftOn_chaining_algorithm	frameshift	chr6:161783172-162011762	0.9872611464968152
rna-NM_001378090.1	0.3905579399141631	1.0	0.9871382636655948	1.0	LiftOn_chaining_algorithm	synonymous	chr9:8314-23594	1.0
rna-NM_018159.4	0.0	1.0	0.9937027707808564	1.0	LiftOn_chaining_algorithm	synonymous	chrX:50761304-50767871	1.0
rna-NM_001005484.2_1	0.0	0.981651376146789	0.3722794959908362	0.981651376146789	miniprot_truncated	frameshift;start_lost	chr15:99691439-99692419	0.981651376146789
rna-NM_001005484.2_2	0.0	0.981651376146789	0.3722794959908362	0.981651376146789	miniprot_truncated	frameshift;start_lost	chr11:59468-60448	0.981651376146789
rna-NM_001136218.2_1	0.0	1.0	0.3866057838660578	1.0	miniprot_identical	synonymous	chr1:14659172-14663827	1.0
rna-NM_030812.3_1	0.0	1.0	0.5977198697068404	1.0	miniprot_identical	synonymous	chr1:17638396-17641906	1.0
rna-NM_013410.4_1	0.0	0.9910714285714286	0.0974291557113643	0.9910714285714286	miniprot_truncated	frameshift	chr12:31492306-31492977	0.9910714285714286
rna-NM_001134479.2_1	0.0	1.0	0.6522399392558846	1.0	miniprot_identical	synonymous	chr1:89776287-89778863	1.0
rna-NM_001355407.2_1	0.0	1.0	0.1499176276771004	1.0	miniprot_identical	synonymous	chr1:145415761-145416306	1.0
rna-NM_001123375.3_1	0.0	0.9635036496350364	0.690677966101695	0.9635036496350364	miniprot_truncated	frameshift	chr2:175208606-175209016	0.9635036496350364
rna-NM_001384189.2_1	0.0	1.0	0.1365853658536585	1.0	miniprot_identical	synonymous	chr1:150035986-150036153	1.0
rna-NM_030663.3_1	0.0	1.0	0.4552529182879377	1.0	miniprot_identical	synonymous	chr1:152021070-152021420	1.0
rna-NM_001030.6_1	0.0	0.976470588235294	0.7090395480225988	0.976470588235294	miniprot_truncated	frameshift	chr1:37420998-37421252	0.976470588235294
rna-NM_001030.6_2	0.0	1.0	0.7203389830508474	1.0	miniprot_identical	synonymous	chr3:40776615-40776869	1.0
rna-NM_001826.3_1	0.0	0.9875	0.3051282051282051	0.9875	miniprot_truncated	frameshift	chr10:29728959-29729198	0.9875
rna-NM_001102566.2_1	0.0	0.9565217391304348	0.1471215351812366	0.9565217391304348	miniprot_truncated	frameshift;start_lost	chr1:160421074-160421896	0.9565217391304348
rna-NM_001244753.2_1	0.0	0.9871794871794872	0.3319067998097955	0.9871794871794872	miniprot_truncated	frameshift	chr1:160887072-160893651	0.9871794871794872
rna-NM_173509.3_1	0.0	1.0	0.1812297734627831	1.0	miniprot_identical	synonymous	chr1:179168853-179169944	1.0
rna-NM_153758.5_1	0.0	0.99438202247191	0.3956941351150705	0.99438202247191	miniprot_truncated	frameshift	chr1:206100952-206106905	0.99438202247191
rna-NM_001375978.1_1	0.0	1.0	0.1931372549019608	1.0	miniprot_identical	synonymous	chr1:239320606-239322378	1.0
rna-NM_001004692.2_1	0.0	0.9750778816199376	0.1648274654055	0.9750778816199376	miniprot_truncated	frameshift	chr1:247509682-247510644	0.9750778816199376
rna-NM_002149.4_1	0.0	1.0	0.3327615780445969	1.0	miniprot_identical	synonymous	chr2:10449357-10456422	1.0
rna-NM_002252.5_1	0.0	1.0	0.629534784464362	1.0	miniprot_identical	synonymous	chr2:17962761-17964236	1.0
rna-NM_012326.4_1	0.0	1.0	0.4470899470899471	1.0	miniprot_identical	synonymous	chr2:27063902-27068031	1.0
rna-NM_144949.3_1	0.0	1.0	0.3377386196769457	1.0	miniprot_identical	synonymous	chr2:46763363-46764973	1.0
rna-NM_006577.6_1	0.0	1.0	0.4321389793702497	1.0	miniprot_identical	synonymous	chr2:62228447-62229640	1.0
rna-NM_001134745.3_1	0.0	0.8730964467005076	0.4859287054409005	0.8730964467005076	miniprot_truncated	frameshift;start_lost;stop_missing	chr2:77523326-77524879	0.8730964467005076
rna-NM_001394901.1_1	0.0	1.0	0.5711556829035339	1.0	miniprot_identical	synonymous	chr2:110360373-110386400	1.0
rna-NM_020981.4_1	0.0	1.0	0.1676923076923077	1.0	miniprot_identical	synonymous	chr2:168326882-168327862	1.0
rna-NM_005544.3_1	0.0	1.0	0.381537201924061	1.0	miniprot_identical	synonymous	chr2:227277868-227281596	1.0
rna-NM_001098212.2_1	0.0	1.0	0.3170890188434048	1.0	miniprot_identical	synonymous	chr3:11253965-11255428	1.0
rna-NM_002948.5_1	0.0	0.9951219512195122	0.2837273991655076	0.9951219512195122	miniprot_truncated	frameshift	chr6:12382515-12383129	0.9951219512195122
rna-NM_052953.4_1	0.0	1.0	0.4506065857885615	1.0	miniprot_identical	synonymous	chr3:26712280-26713059	1.0
rna-NM_002295.6_1	0.0	0.9932432432432432	0.775438596491228	0.9932432432432432	miniprot_truncated	inframe_deletion	chr19:23967647-23968534	0.9932432432432432
rna-NM_001393704.1_1	0.0	1.0	0.6501766784452296	1.0	miniprot_identical	synonymous	chr3:39514997-39515807	1.0
rna-NM_001296.5_1	0.0	1.0	0.3861584754262788	1.0	miniprot_identical	synonymous	chr3:42880076-42881230	1.0
rna-NM_178329.3_1	0.0	1.0	0.652014652014652	1.0	miniprot_identical	synonymous	chr3:46281021-46282088	1.0
rna-NM_015933.6_1	0.0	0.9384615384615383	0.3351158645276292	0.9384615384615383	miniprot_truncated	frameshift;stop_missing	chr1:27490730-27490921	0.9384615384615383
rna-NM_001322209.2_1	0.0	1.0	0.325066430469442	1.0	miniprot_identical	synonymous	chr3:88066592-88067692	1.0
rna-NM_020351.4_1	0.0	1.0	0.4051114736269712	1.0	miniprot_identical	synonymous	chr3:102495744-102501197	1.0
rna-NM_032359.4_1	0.0	0.925	0.1806136680613668	0.925	miniprot_truncated	frameshift;start_lost	chr3:102852308-102883724	0.925
rna-NM_025246.3_1	0.0	0.9975786924939468	0.6343589743589744	0.9975786924939468	miniprot_truncated	frameshift	chr3:139595117-139596355	0.9975786924939468
rna-NM_001376113.1_1	0.0	0.9983277591973244	0.4473552894211577	0.9983277591973244	miniprot_truncated	frameshift	chr3:144190031-144193618	0.9983277591973244
rna-NM_000685.5_1	0.0	1.0	0.4645161290322581	1.0	miniprot_identical	synonymous	chr3:151492066-151493145	1.0
rna-NM_001042706.3_1	0.0	0.9734513274336284	0.2306122448979591	0.9734513274336284	miniprot_truncated	frameshift;start_lost	chr3:162020172-162037079	0.9734513274336284
rna-NM_014373.3_1	0.0	1.0	0.518348623853211	1.0	miniprot_identical	synonymous	chr3:172868639-172869655	1.0
rna-NM_001365925.2_1	0.0	0.7215639810426541	0.1124861470262282	0.7215639810426541	miniprot_truncated	frameshift;start_lost	chr3:177062266-177068255	0.7215639810426541
rna-NM_001358418.3_1	0.0	0.9440860215053763	0.5391095066185319	0.9440860215053763	miniprot_truncated	inframe_deletion	chr8:12379015-12382025	0.9440860215053763
rna-NM_001358418.3_2	0.0	0.9440860215053763	0.5403128760529483	0.9440860215053763	miniprot_truncated	inframe_deletion	chr8:7010562-7013572	0.9440860215053763
rna-NM_001358418.3_3	0.0	0.9419354838709676	0.5403128760529483	0.9419354838709676	miniprot_truncated	inframe_deletion	chr8:11899634-11902644	0.9419354838709676
rna-NM_001358418.3_4	0.0	0.9419354838709676	0.5399117529081428	0.9419354838709676	miniprot_truncated	inframe_deletion	chr8:11716078-11719088	0.9419354838709676
rna-NM_001358418.3_5	0.0	0.9419354838709676	0.5403128760529483	0.9419354838709676	miniprot_truncated	inframe_deletion	chr8:11891986-11894996	0.9419354838709676
rna-NM_001358418.3_6	0.0	0.9419354838709676	0.5399117529081428	0.9419354838709676	miniprot_truncated	inframe_deletion	chr8:11708430-11711440	0.9419354838709676
rna-NM_001358418.3_7	0.0	0.9419354838709676	0.5403128760529483	0.9419354838709676	miniprot_truncated	inframe_deletion	chr8:11807854-11810864	0.9419354838709676
rna-NM_001358418.3_8	0.0	0.9419354838709676	0.5403128760529483	0.9419354838709676	miniprot_truncated	inframe_deletion	chr8:11739022-11742032	0.9419354838709676
rna-NM_001358418.3_9	0.0	0.9419354838709676	0.5407139991977538	0.9419354838709676	miniprot_truncated	inframe_deletion	chr8:7023994-7027004	0.9419354838709676
rna-NM_001358418.3_10	0.0	0.9397849462365592	0.5399117529081428	0.9397849462365592	miniprot_truncated	inframe_deletion	chr8:7002916-7005926	0.9397849462365592
rna-NM_001358418.3_11	0.0	0.9397849462365592	0.5399117529081428	0.9397849462365592	miniprot_truncated	inframe_deletion	chr8:11800206-11803216	0.9397849462365592
rna-NM_001358418.3_12	0.0	0.9397849462365592	0.5399117529081428	0.9397849462365592	miniprot_truncated	inframe_deletion	chr8:11792558-11795568	0.9397849462365592
rna-NM_001358418.3_13	0.0	0.9376344086021504	0.5399117529081428	0.9376344086021504	miniprot_truncated	inframe_deletion	chr8:7016372-7019382	0.9376344086021504
rna-NM_001256854.1_1	0.0	0.9943502824858758	0.9943502824858758	0.9943502824858758	miniprot_truncated	nonsynonymous	chr4:9136804-9138396	0.9943502824858758
rna-NM_001104629.2_1	0.0	0.9968253968253968	0.2589849108367626	0.9968253968253968	miniprot_truncated	frameshift	chr4:37558005-37560137	0.9968253968253968
rna-NM_000661.5_1	0.0	1.0	0.7961432506887053	1.0	miniprot_identical	synonymous	chr15:80236431-80237009	1.0
rna-NM_004310.5_1	0.0	1.0	0.1377331420373027	1.0	miniprot_identical	synonymous	chr4:40213464-40214039	1.0
rna-NM_198353.3_1	0.0	0.6772151898734177	0.3710982658959537	0.6772151898734177	miniprot_truncated	frameshift;stop_missing	chr4:44415285-44416247	0.6772151898734177
rna-NM_032693.3_1	0.0	1.0	0.3397341211225997	1.0	miniprot_identical	synonymous	chr4:82660973-82661662	1.0
rna-NM_001968.5_1	0.0	0.9908256880733946	0.2678203543469303	0.9908256880733946	miniprot_truncated	inframe_deletion	chr17:50287279-50287932	0.9908256880733946
rna-NM_001001701.4_1	0.0	0.9850746268656716	0.074074074074074	0.9850746268656716	miniprot_truncated	frameshift;stop_missing	chr4:122605444-122605641	0.9850746268656716
rna-NM_001384332.1_1	0.0	1.0	0.0836601307189542	1.0	miniprot_identical	synonymous	chr4:125068941-125069132	1.0
rna-NM_014269.4_1	0.0	1.0	0.7403065825067628	1.0	miniprot_identical	synonymous	chr4:178313549-178316011	1.0
rna-NM_001306068.3_1	0.0	1.0	0.7450292397660818	1.0	miniprot_identical	synonymous	chr4:193525089-193526363	1.0
rna-NM_001306068.3_2	0.0	1.0	0.7450292397660818	1.0	miniprot_identical	synonymous	chr4:193498712-193499986	1.0
rna-NM_001306068.3_3	0.0	1.0	0.7450292397660818	1.0	miniprot_identical	synonymous	chr4:193449245-193450519	1.0
rna-NM_001306068.3_4	0.0	1.0	0.7456140350877193	1.0	miniprot_identical	synonymous	chr4:193436060-193437334	1.0
rna-NM_001306068.3_5	0.0	1.0	0.7450292397660818	1.0	miniprot_identical	synonymous	chr4:193442653-193443927	1.0
rna-NM_001306068.3_6	0.0	1.0	0.7456140350877193	1.0	miniprot_identical	synonymous	chr4:193445949-193447223	1.0
rna-NM_001306068.3_7	0.0	0.9952941176470588	0.7415204678362574	0.9952941176470588	miniprot_truncated	inframe_deletion	chr10:134654969-134656237	0.9952941176470588
rna-NM_001306068.3_8	0.0	0.9952941176470588	0.7415204678362574	0.9952941176470588	miniprot_truncated	inframe_deletion	chr10:134651659-134652927	0.9952941176470588
rna-NM_001306068.3_9	0.0	0.9952941176470588	0.7415204678362574	0.9952941176470588	miniprot_truncated	inframe_deletion	chr10:134707958-134709226	0.9952941176470588
rna-NM_001306068.3_10	0.0	0.9952941176470588	0.7415204678362574	0.9952941176470588	miniprot_truncated	inframe_deletion	chr10:134704648-134705916	0.9952941176470588
rna-NM_001306068.3_11	0.0	0.9952941176470588	0.7415204678362574	0.9952941176470588	miniprot_truncated	inframe_deletion	chr10:134701338-134702606	0.9952941176470588
rna-NM_001306068.3_12	0.0	0.9952941176470588	0.7415204678362574	0.9952941176470588	miniprot_truncated	inframe_deletion	chr10:134698028-134699296	0.9952941176470588
rna-NM_001306068.3_13	0.0	0.9952941176470588	0.7415204678362574	0.9952941176470588	miniprot_truncated	inframe_deletion	chr10:134694717-134695985	0.9952941176470588
rna-NM_001306068.3_14	0.0	0.9952941176470588	0.7415204678362574	0.9952941176470588	miniprot_truncated	inframe_deletion	chr10:134691406-134692674	0.9952941176470588
rna-NM_001306068.3_15	0.0	0.9952941176470588	0.7415204678362574	0.9952941176470588	miniprot_truncated	inframe_deletion	chr10:134678136-134679404	0.9952941176470588
rna-NM_001306068.3_16	0.0	0.9952941176470588	0.7415204678362574	0.9952941176470588	miniprot_truncated	inframe_deletion	chr10:134668209-134669477	0.9952941176470588
rna-NM_001306068.3_17	0.0	0.9952941176470588	0.7415204678362574	0.9952941176470588	miniprot_truncated	inframe_deletion	chr10:134664899-134666167	0.9952941176470588
rna-NM_001306068.3_18	0.0	0.9952941176470588	0.7415204678362574	0.9952941176470588	miniprot_truncated	inframe_deletion	chr10:134661589-134662857	0.9952941176470588
rna-NM_001306068.3_19	0.0	0.9952941176470588	0.7415204678362574	0.9952941176470588	miniprot_truncated	inframe_deletion	chr10:134658279-134659547	0.9952941176470588
rna-NM_001306068.3_20	0.0	0.9952941176470588	0.7415204678362574	0.9952941176470588	miniprot_truncated	inframe_deletion	chr10:134724508-134725776	0.9952941176470588
rna-NM_001306068.3_21	0.0	0.9952941176470588	0.7415204678362574	0.9952941176470588	miniprot_truncated	inframe_deletion	chr10:134711268-134712536	0.9952941176470588
rna-NM_001306068.3_22	0.0	0.9952941176470588	0.7415204678362574	0.9952941176470588	miniprot_truncated	inframe_deletion	chr10:134648349-134649617	0.9952941176470588
rna-NM_001306068.3_23	0.0	0.9952941176470588	0.7415204678362574	0.9952941176470588	miniprot_truncated	inframe_deletion	chr10:134645039-134646307	0.9952941176470588
rna-NM_001306068.3_24	0.0	0.9952941176470588	0.7415204678362574	0.9952941176470588	miniprot_truncated	inframe_deletion	chr10:134641729-134642997	0.9952941176470588
rna-NM_001306068.3_25	0.0	0.9952941176470588	0.7415204678362574	0.9952941176470588	miniprot_truncated	inframe_deletion	chr10:134638419-134639687	0.9952941176470588
rna-NM_001306068.3_26	0.0	0.9952941176470588	0.7415204678362574	0.9952941176470588	miniprot_truncated	inframe_deletion	chr10:134635109-134636377	0.9952941176470588
rna-NM_001306068.3_27	0.0	0.9952941176470588	0.7415204678362574	0.9952941176470588	miniprot_truncated	inframe_deletion	chr10:134631799-134633067	0.9952941176470588
rna-NM_001306068.3_28	0.0	0.9952941176470588	0.7415204678362574	0.9952941176470588	miniprot_truncated	inframe_deletion	chr10:134628489-134629757	0.9952941176470588
rna-NM_001306068.3_29	0.0	0.9952941176470588	0.7415204678362574	0.9952941176470588	miniprot_truncated	inframe_deletion	chr10:134625179-134626447	0.9952941176470588
rna-NM_001306068.3_30	0.0	0.9952941176470588	0.7415204678362574	0.9952941176470588	miniprot_truncated	inframe_deletion	chr10:134621872-134623140	0.9952941176470588
rna-NM_001306068.3_31	0.0	0.9952941176470588	0.7415204678362574	0.9952941176470588	miniprot_truncated	inframe_deletion	chr10:134618565-134619833	0.9952941176470588
rna-NM_012304.5_1	0.0	0.9146341463414634	0.2946954813359528	0.9146341463414634	miniprot_truncated	frameshift;start_lost	chr5:15867255-15876552	0.9146341463414634
rna-NM_006317.5_1	0.0	1.0	0.3781094527363184	1.0	miniprot_identical	synonymous	chr5:17214598-17215281	1.0
rna-NM_001401700.1_1	0.0	0.9949748743718592	0.9949748743718592	0.9949748743718592	miniprot_truncated	nonsynonymous	chr5:17570708-17571304	0.9949748743718592
rna-NM_001401700.1_2	0.0	0.9949748743718592	0.9949748743718592	0.9949748743718592	miniprot_truncated	nonsynonymous	chr5:17574142-17574738	0.9949748743718592
rna-NM_004772.4_1	0.0	1.0	0.1064814814814814	1.0	miniprot_identical	synonymous	chr5:158529422-158529628	1.0
rna-NM_001300783.2_1	0.0	0.8262295081967214	0.4422964264792032	0.8262295081967214	miniprot_truncated	frameshift;start_lost	chr5:121203946-121204701	0.8262295081967214
rna-NM_207317.3_1	0.0	0.9972602739726028	0.5671332296526698	0.9972602739726028	miniprot_truncated	frameshift	chr5:122668847-122669941	0.9972602739726028
rna-NM_175856.5_1	0.0	0.5889014722536806	0.407983411093831	0.5889014722536806	miniprot_truncated	frameshift;start_lost	chr5:130703058-130704632	0.5889014722536806
rna-NM_016463.9_1	0.0	1.0	0.3725490196078431	1.0	miniprot_identical	synonymous	chr5:140205592-140207986	1.0
rna-NM_032947.5_1	0.0	1.0	0.1203155818540434	1.0	miniprot_identical	synonymous	chr5:151331956-151332138	1.0
rna-NM_014592.4_1	0.0	0.9078341013824884	0.2909896602658788	0.9078341013824884	miniprot_truncated	frameshift;start_lost	chr5:171257497-171274450	0.9078341013824884
rna-NM_016093.4_1	0.0	0.9931506849315068	0.603042876901798	0.9931506849315068	miniprot_truncated	inframe_deletion	chr11:2424667-2425104	0.9931506849315068
rna-NM_030613.4_1	0.0	1.0	0.5746268656716418	1.0	miniprot_identical	synonymous	chr5:179484583-179485968	1.0
rna-NM_001286555.3_1	0.0	1.0	0.200650406504065	1.0	miniprot_identical	synonymous	chr16:34968576-35025049	1.0
rna-NM_152737.4_1	0.0	1.0	0.2049586776859504	1.0	miniprot_identical	synonymous	chr6:13849570-13850313	1.0
rna-NM_024639.5_1	0.0	0.9950372208436724	0.250831255195345	0.9950372208436724	miniprot_truncated	frameshift	chr9:109370073-109371281	0.9950372208436724
rna-NM_001369203.1_1	0.0	1.0	0.4060913705583756	1.0	miniprot_identical	synonymous	chr6:33150388-33150627	1.0
rna-NM_001384994.1_1	0.0	0.9734513274336284	0.5854922279792746	0.9734513274336284	miniprot_truncated	frameshift;start_lost	chr6:41991110-41991448	0.9734513274336284
rna-NM_001402.6_1	0.0	0.9935205183585312	0.3931113008824367	0.9935205183585312	miniprot_truncated	inframe_deletion	chr7:22646498-22647886	0.9935205183585312
rna-NM_000865.3_1	0.0	1.0	0.6009852216748769	1.0	miniprot_identical	synonymous	chr6:88224047-88225144	1.0
rna-NM_006581.4_1	0.0	0.9972222222222222	0.0843298163345056	0.9972222222222222	miniprot_truncated	inframe_deletion	chr6:97375343-97376422	0.9972222222222222
rna-NM_001359084.1_1	0.0	0.9876543209876544	0.1117292535929531	0.9876543209876544	miniprot_truncated	frameshift	chrY:19898971-19899213	0.9876543209876544
rna-NM_138459.5_1	0.0	0.9965986394557824	0.1832395247029393	0.9965986394557824	miniprot_truncated	frameshift	chrX:46922491-46923372	0.9965986394557824
rna-NM_181795.3_1	0.0	1.0	0.1388400702987697	1.0	miniprot_identical	synonymous	chr6:123906098-123913476	1.0
rna-NM_001242850.2_1	0.0	0.9972222222222222	0.5091937765205092	0.9972222222222222	miniprot_truncated	frameshift;start_lost	chr6:128475572-128476651	0.9972222222222222
rna-NM_001258277.2_1	0.0	1.0	0.4564007421150278	1.0	miniprot_identical	synonymous	chr6:131635207-131636682	1.0
rna-NM_001016.4_1	0.0	0.962406015037594	0.7738095238095238	0.962406015037594	miniprot_truncated	frameshift	chr11:74675231-74675629	0.962406015037594
rna-NM_001128636.4_1	0.0	1.0	0.624937154348919	1.0	miniprot_identical	synonymous	chr7:1857157-1859643	1.0
rna-NM_001395995.1_1	0.0	0.9130434782608696	0.0851351351351351	0.9130434782608696	miniprot_truncated	frameshift;stop_missing	chr7:6467962-6468150	0.9130434782608696
rna-NM_152745.3_1	0.0	0.9375	0.2350780532598714	0.9375	miniprot_truncated	frameshift;start_lost	chr7:8871850-8872617	0.9375
rna-NM_001381946.1_1	0.0	1.0	0.2467741935483871	1.0	miniprot_identical	synonymous	chr7:37880883-37881800	1.0
rna-NM_001003799.2_1	0.0	1.0	0.1730580137659783	1.0	miniprot_identical	synonymous	chr7:38406398-38406574	1.0
rna-NM_021130.5_1	0.0	0.9879518072289156	0.2193923145665773	0.9879518072289156	miniprot_truncated	frameshift	chr21:17217418-17217915	0.9879518072289156
rna-NM_030796.5_1	0.0	0.9942196531791908	0.1758503401360544	0.9942196531791908	miniprot_truncated	frameshift	chr1:144357730-144358248	0.9942196531791908
rna-NM_015570.4_1	0.0	0.8174603174603174	0.4140562248995983	0.8174603174603174	miniprot_truncated	frameshift;start_lost	chr7:71922208-72014649	0.8174603174603174
rna-NM_001382525.2_1	0.0	1.0	0.2747328507411237	1.0	miniprot_identical	synonymous	chr7:76484317-76490207	1.0
rna-NM_032549.4_1	0.0	0.4545454545454545	0.1126760563380281	0.4545454545454545	miniprot_truncated	frameshift;stop_missing	chr7:112805547-112839757	0.4545454545454545
rna-NM_014888.3_1	0.0	1.0	0.2766990291262136	1.0	miniprot_identical	synonymous	chrX:22659298-22660310	1.0
rna-NM_001195243.2_1	0.0	0.9848484848484848	0.2043343653250774	0.9848484848484848	miniprot_truncated	start_lost;inframe_deletion	chr7:130825308-130825505	0.9848484848484848
rna-NM_018295.5_1	0.0	0.9946236559139784	0.2787787787787787	0.9946236559139784	miniprot_truncated	frameshift	chr7:136472292-136472849	0.9946236559139784
rna-NM_001130929.2_1	0.0	0.9375	0.0564352415753146	0.9375	miniprot_truncated	frameshift	chr7:56829850-56829993	0.9375
rna-NM_001130929.2_2	0.0	0.9583333333333334	0.0572472594397076	0.9583333333333334	miniprot_truncated	frameshift	chr2:202720606-202720749	0.9583333333333334
rna-NM_001006630.2_1	0.0	1.0	0.2345554997488699	1.0	miniprot_identical	synonymous	chr7:138324551-138325951	1.0
rna-NM_001142928.2_1	0.0	0.9961538461538462	0.4286501377410468	0.9961538461538462	miniprot_truncated	frameshift	chr7:151515114-151515893	0.9961538461538462
rna-NM_001205266.2_1	0.0	1.0	0.5693215339233039	1.0	miniprot_identical	synonymous	chr8:12581288-12583174	1.0
rna-NM_001040703.3_1	0.0	1.0	0.7383177570093458	1.0	miniprot_identical	synonymous	chr8:7216739-7218566	1.0
rna-NM_001040705.2	0.0	1.0	0.6574074074074074	1.0	miniprot_identical	synonymous	chr8:12498295-12502145	1.0
rna-NM_001282479.1_1	0.0	0.9928571428571428	0.5257861635220126	0.9928571428571428	miniprot_truncated	frameshift	chr8:7259369-7261444	0.9928571428571428
rna-NM_001395484.1_1	0.0	0.9850746268656716	0.7246376811594203	0.9850746268656716	miniprot_truncated	inframe_deletion	chr8:11994063-12006842	0.9850746268656716
rna-NM_001039615.3_1	0.0	0.9966777408637874	0.2445711183496199	0.9966777408637874	miniprot_truncated	frameshift	chr8:12093390-12098358	0.9966777408637874
rna-NM_001256869.2_1	0.0	0.9868173258003766	0.9393939393939394	0.9868173258003766	miniprot_truncated	inframe_deletion	chr8:7600474-7602066	0.9868173258003766
rna-NM_001083537.4_1	0.0	0.9966329966329966	0.3687057844361215	0.9966329966329966	miniprot_truncated	inframe_deletion	chr8:7540527-7550956	0.9966329966329966
rna-NM_001377989.1_1	0.0	1.0	0.3321396598030439	1.0	miniprot_identical	synonymous	chr8:58567747-58568859	1.0
rna-NM_000971.4_1	0.0	0.9959839357429718	0.6042173560421735	0.9959839357429718	miniprot_truncated	inframe_deletion	chr5:150630876-150631622	0.9959839357429718
rna-NM_000971.4_2	0.0	0.9959839357429718	0.6042173560421735	0.9959839357429718	miniprot_truncated	inframe_deletion	chr1:96527008-96527754	0.9959839357429718
rna-NM_000971.4_3	0.0	0.9759036144578314	0.5969180859691808	0.9759036144578314	miniprot_truncated	inframe_deletion	chr5:78064953-78065699	0.9759036144578314
rna-NM_006823.4_1	0.0	1.0	0.0582891748675246	1.0	miniprot_identical	synonymous	chr8:79029911-79033347	1.0
rna-NM_001378090.1_1	0.0	0.9935622317596566	0.7454448017148981	0.9935622317596566	miniprot_truncated	inframe_insertion;inframe_deletion	chr19:7286-17477	0.9935622317596566
rna-NM_032250.5_1	0.0	0.9927184466019418	0.6325378496279189	0.9927184466019418	miniprot_truncated	frameshift	chr9:43017164-43059207	0.9927184466019418
rna-NM_032250.5_2	0.0	0.9927184466019418	0.6325378496279189	0.9927184466019418	miniprot_truncated	frameshift	chr9:77880372-77922430	0.9927184466019418
rna-NM_032250.5_3	0.0	0.9866504854368932	0.6315114190402874	0.9866504854368932	miniprot_truncated	frameshift	chr9:79642125-79684162	0.9866504854368932
rna-NM_139286.4_1	0.0	1.0	0.2955326460481099	1.0	miniprot_identical	synonymous	chr7:130723080-130723337	1.0
rna-NM_053049.4_1	0.0	0.9938271604938272	0.3895582329317269	0.9938271604938272	miniprot_truncated	frameshift	chr10:5376992-5377477	0.9938271604938272
rna-NM_001276343.3_1	0.0	0.985443959243086	0.8063116370808678	0.985443959243086	miniprot_truncated	inframe_deletion	chr10:47704601-47726016	0.985443959243086
rna-NM_001385282.1_1	0.0	0.982570806100218	0.146640826873385	0.982570806100218	miniprot_truncated	frameshift	chr10:48682429-48683814	0.982570806100218
rna-NM_001099692.2_1	0.0	0.9870967741935484	0.1184446149910463	0.9870967741935484	miniprot_truncated	inframe_deletion	chr10:81116318-81116782	0.9870967741935484
rna-NM_001010848.4_1	0.0	0.4992826398852223	0.2764227642276423	0.4992826398852223	miniprot_truncated	frameshift;start_lost	chr10:83824835-83858981	0.4992826398852223
rna-NM_001031709.3_1	0.0	0.5072886297376094	0.2175176421751764	0.5072886297376094	miniprot_truncated	frameshift;stop_missing	chr10:89456995-89467264	0.5072886297376094
rna-NM_001413999.1_1	0.0	0.9794871794871794	0.5421348314606742	0.9794871794871794	miniprot_truncated	inframe_deletion	chr11:4343785-4344369	0.9794871794871794
rna-NM_021801.5_1	0.0	1.0	0.5413223140495868	1.0	miniprot_identical	synonymous	chr11:5045150-5049181	1.0
rna-NM_001005174.3_1	0.0	0.9937888198757764	0.7213483146067415	0.9937888198757764	miniprot_truncated	frameshift	chr11:5878135-5879100	0.9937888198757764
rna-NM_001393578.1_1	0.0	1.0	0.669432918395574	1.0	miniprot_identical	synonymous	chr11:19053966-19054934	1.0
rna-NM_001005212.4_1	0.0	1.0	0.3746987951807229	1.0	miniprot_identical	synonymous	chr11:58128866-58129798	1.0
rna-NM_001079807.4_1	0.0	0.9974293059125964	0.7218091697645601	0.9974293059125964	miniprot_truncated	frameshift	chr11:61211390-61220527	0.9974293059125964
rna-NM_001079807.4_2	0.0	0.9974293059125964	0.7218091697645601	0.9974293059125964	miniprot_truncated	frameshift	chr11:61192656-61201796	0.9974293059125964
rna-NM_001277204.2_1	0.0	1.0	0.4185750636132315	1.0	miniprot_identical	synonymous	chr11:73225680-73226666	1.0
rna-NM_018039.3_1	0.0	1.0	0.532520325203252	1.0	miniprot_identical	synonymous	chr11:95004385-95005956	1.0
rna-NM_001102654.2_1	0.0	0.977859778597786	0.5920954511558538	0.977859778597786	miniprot_truncated	frameshift;start_lost	chr12:5500984-5501778	0.977859778597786
rna-NM_004426.3_1	0.0	0.9980099502487564	0.5527379639838295	0.9980099502487564	miniprot_truncated	frameshift	chr12:55378270-55381335	0.9980099502487564
rna-NM_175874.4_1	0.0	1.0	0.4643982356647763	1.0	miniprot_identical	synonymous	chr12:14700301-14701038	1.0
rna-NM_138371.3_1	0.0	1.0	0.5623376623376624	1.0	miniprot_identical	synonymous	chr12:47195840-47197138	1.0
rna-NM_032901.4_1	0.0	1.0	0.3580246913580246	1.0	miniprot_identical	synonymous	chr12:50083134-50083307	1.0
rna-NM_018457.4_1	0.0	0.9932885906040269	0.4019873532068654	0.9932885906040269	miniprot_truncated	frameshift	chr19:42763445-42763891	0.9932885906040269
rna-NM_001029.5_1	0.0	0.9913793103448276	0.3043859649122807	0.9913793103448276	miniprot_truncated	inframe_deletion	chr8:102021484-102021831	0.9913793103448276
rna-NM_001029.5_2	0.0	0.9827586206896552	0.3035087719298245	0.9827586206896552	miniprot_truncated	inframe_deletion	chrX:24013734-24014081	0.9827586206896552
rna-NM_001029.5_3	0.0	0.9827586206896552	0.3026315789473684	0.9827586206896552	miniprot_truncated	inframe_deletion	chr17:46470255-46470602	0.9827586206896552
rna-NM_001035267.2_1	0.0	1.0	0.1150442477876106	1.0	miniprot_identical	synonymous	chr20:21812279-21812356	1.0
rna-NM_001035267.2_2	0.0	1.0	0.1150442477876106	1.0	miniprot_identical	synonymous	chr15:26058457-26058534	1.0
rna-NM_001035267.2_3	0.0	1.0	0.1150442477876106	1.0	miniprot_identical	synonymous	chr12:93064403-93064480	1.0
rna-NM_001278356.2_1	0.0	1.0	0.2256205673758865	1.0	miniprot_identical	synonymous	chr12:69547939-69553863	1.0
rna-NM_001085481.3_1	0.0	1.0	0.4615384615384615	1.0	miniprot_identical	synonymous	chr12:116557139-116557516	1.0
rna-NM_003806.4_1	0.0	1.0	0.0476683937823834	1.0	miniprot_identical	synonymous	chr12:116862100-116862375	1.0
rna-NM_152437.3_1	0.0	1.0	0.1821974965229485	1.0	miniprot_identical	synonymous	chr12:124013661-124014446	1.0
rna-NM_000982.4_1	0.0	0.9937888198757764	0.8500881834215167	0.9937888198757764	miniprot_truncated	frameshift	chr7:20137048-20137533	0.9937888198757764
rna-NM_000982.4_2	0.0	0.9937888198757764	0.8500881834215167	0.9937888198757764	miniprot_truncated	frameshift	chr10:121252769-121253254	0.9937888198757764
rna-NM_000982.4_3	0.0	0.9937888198757764	0.8465608465608465	0.9937888198757764	miniprot_truncated	frameshift	chr16:9189737-9190222	0.9937888198757764
rna-NM_005780.3_1	0.0	0.6417910447761194	0.1809657759024847	0.6417910447761194	miniprot_truncated	frameshift;stop_missing	chr13:38819299-38819685	0.6417910447761194
rna-NM_024058.3_1	0.0	0.9883720930232558	0.2098765432098765	0.9883720930232558	miniprot_truncated	frameshift;stop_missing	chr13:43380367-43380621	0.9883720930232558
rna-NM_001308476.3_1	0.0	1.0	0.2185138539042821	1.0	miniprot_identical	synonymous	chr13:47927078-47928118	1.0
rna-NM_203487.3_1	0.0	0.8190630048465266	0.4890815671162491	0.8190630048465266	miniprot_truncated	frameshift;stop_missing	chr13:66445444-66448491	0.8190630048465266
rna-NM_001080396.3_1	0.0	0.664488017429194	0.0990932642487046	0.664488017429194	miniprot_truncated	inframe_deletion;stop_missing	chr13:107091723-107092640	0.664488017429194
rna-NM_152447.5_1	0.0	1.0	0.4885720751301199	1.0	miniprot_identical	synonymous	chr14:36077394-36094947	1.0
rna-NM_017943.4_1	0.0	1.0	0.6379928315412187	1.0	miniprot_identical	synonymous	chr14:49556142-49558277	1.0
rna-NM_001416131.1_1	0.0	0.9393939393939394	0.0627788400254939	0.9393939393939394	miniprot_truncated	frameshift;start_lost	chr14:90154275-90154472	0.9393939393939394
rna-NM_001001413.3_1	0.0	0.9985052316890882	0.5191511387163561	0.9985052316890882	miniprot_truncated	frameshift	chr15:20812550-20820534	0.9985052316890882
rna-NM_012125.4_1	0.0	1.0	0.2755946225439503	1.0	miniprot_identical	synonymous	chr15:31860908-31862506	1.0
rna-NM_001145643.2_1	0.0	0.9397590361445785	0.541095890410959	0.9397590361445785	miniprot_truncated	frameshift;start_lost	chr15:38162925-38163161	0.9397590361445785
rna-NM_018652.5_1	0.0	0.9956772334293948	0.3861018208844295	0.9956772334293948	miniprot_truncated	frameshift	chr15:71936820-71948415	0.9956772334293948
rna-NM_018652.5_2	0.0	0.989913544668588	0.3848011891490152	0.989913544668588	miniprot_truncated	frameshift	chr15:71888269-71899859	0.989913544668588
rna-NM_014015.4_1	0.0	1.0	0.1835564053537285	1.0	miniprot_identical	synonymous	chr16:10977695-10977982	1.0
rna-NM_001017390.3_1	0.0	1.0	0.6541297935103245	1.0	miniprot_identical	synonymous	chr16:30587252-30590442	1.0
rna-NM_001395931.1_1	0.0	0.9892357373519914	0.7063916475681181	0.9892357373519914	miniprot_truncated	inframe_insertion;inframe_deletion	chr16:30507570-30529793	0.9892357373519914
rna-NM_001025195.2_1	0.0	0.9929701230228472	0.8741653826399589	0.9929701230228472	miniprot_truncated	frameshift	chr16:61558916-61588928	0.9929701230228472
rna-NM_001370523.4_1	0.0	0.9843400447427292	0.7604345340194397	0.9843400447427292	miniprot_truncated	inframe_deletion	chr16:80341359-80353624	0.9843400447427292
rna-NM_001370523.4_2	0.0	0.9843400447427292	0.7610062893081762	0.9843400447427292	miniprot_truncated	inframe_deletion	chr16:80455692-80467945	0.9843400447427292
rna-NM_017990.5_1	0.0	0.9920454545454546	0.3076023391812865	0.9920454545454546	miniprot_truncated	frameshift	chr16:80370980-80407379	0.9920454545454546
rna-NM_001306094.2_1	0.0	1.0	0.5481481481481482	1.0	miniprot_identical	synonymous	chr16:80424484-80438556	1.0
rna-NM_001306094.2_2	0.0	1.0	0.5481481481481482	1.0	miniprot_identical	synonymous	chr16:80310134-80324225	1.0
rna-NM_004483.5_1	0.0	0.9942528735632185	0.3307692307692307	0.9942528735632185	miniprot_truncated	inframe_deletion	chr19:23995344-23995865	0.9942528735632185
rna-NM_001388428.1_1	0.0	0.9875	0.1555989583333333	0.9875	miniprot_truncated	frameshift	chr17:10711632-10711871	0.9875
rna-NM_001040078.3_1	0.0	0.9943977591036416	0.6217948717948718	0.9943977591036416	miniprot_truncated	inframe_deletion	chr17:16724099-16741616	0.9943977591036416
rna-NM_000984.6_1	0.0	0.9936305732484076	0.4825102880658436	0.9936305732484076	miniprot_truncated	inframe_deletion	chr3:164203893-164204363	0.9936305732484076
rna-NM_007026.4_1	0.0	1.0	0.4044715447154471	1.0	miniprot_identical	synonymous	chr17:38498956-38499552	1.0
rna-NM_001395421.2_1	0.0	1.0	0.2052401746724891	1.0	miniprot_identical	synonymous	chr17:56387148-56387429	1.0
rna-NM_170741.4_1	0.0	1.0	0.3152746425884123	1.0	miniprot_identical	synonymous	chr17:71010410-71011666	1.0
rna-NM_006937.4_1	0.0	0.9895833333333334	0.0899621212121212	0.9895833333333334	miniprot_truncated	frameshift	chrX:114127125-114127412	0.9895833333333334
rna-NM_001358689.2_1	0.0	1.0	0.8541266794625719	1.0	miniprot_identical	synonymous	chr18:147254-149421	1.0
rna-NM_001358689.2_2	0.0	1.0	0.853486884197057	1.0	miniprot_identical	synonymous	chr18:39192-41359	1.0
rna-NM_001396408.1_1	0.0	0.9886363636363636	0.0714285714285714	0.9886363636363636	miniprot_truncated	frameshift;stop_missing	chr19:5554346-5554606	0.9886363636363636
rna-NM_001031.5_1	0.0	0.9857142857142858	0.1569069069069069	0.9857142857142858	miniprot_truncated	frameshift;start_lost	chr17:18519583-18519792	0.9857142857142858
rna-NM_001378600.1_1	0.0	0.993103448275862	0.1768541157294213	0.993103448275862	miniprot_truncated	inframe_deletion	chr19:8671906-8672775	0.993103448275862
rna-NM_001393532.1_1	0.0	0.9948717948717948	0.6521252796420581	0.9948717948717948	miniprot_truncated	inframe_deletion	chr19:8953646-8954230	0.9948717948717948
rna-NM_138501.6_1	0.0	0.9870550161812298	0.8122807017543859	0.9870550161812298	miniprot_truncated	frameshift	chr19:14689255-14692612	0.9870550161812298
rna-NM_000980.4_1	0.0	0.9717514124293786	0.8144654088050315	0.9717514124293786	miniprot_truncated	frameshift	chr2:47695713-47696243	0.9717514124293786
rna-NM_007145.3_1	0.0	1.0	0.2625448028673835	1.0	miniprot_identical	synonymous	chr19:38784856-38785734	1.0
rna-NM_001242472.2_1	0.0	0.9979550102249488	0.4951030057413036	0.9979550102249488	miniprot_truncated	frameshift	chr19:39552514-39553980	0.9979550102249488
rna-NM_001135113.2_1	0.0	0.95	0.5671641791044776	0.95	miniprot_truncated	frameshift;start_lost	chr19:48987786-48988460	0.95
rna-NM_012423.4_1	0.0	0.9950980392156864	0.5398936170212766	0.9950980392156864	miniprot_truncated	frameshift	chr10:97631522-97632133	0.9950980392156864
rna-NM_012423.4_2	0.0	0.9754901960784312	0.5310283687943262	0.9754901960784312	miniprot_truncated	frameshift	chr13:53656777-53657388	0.9754901960784312
rna-NM_002030.5_1	0.0	1.0	0.4041095890410959	1.0	miniprot_identical	synonymous	chr19:54910943-54912004	1.0
rna-NM_001351661.2_1	0.0	0.5211581291759465	0.1427699816961562	0.5211581291759465	miniprot_truncated	frameshift;start_lost	chr20:15912319-16099323	0.5211581291759465
rna-NM_199261.4_1	0.0	0.9891304347826086	0.7717086834733894	0.9891304347826086	miniprot_truncated	frameshift;start_lost	chr13:13455733-13520181	0.9891304347826086
rna-NM_058182.5_1	0.0	0.9491525423728814	0.2	0.9491525423728814	miniprot_truncated	inframe_deletion	chr6:86952572-86952748	0.9491525423728814
rna-NM_004965.7_1	0.0	0.9801980198019802	0.2342767295597484	0.9801980198019802	miniprot_truncated	inframe_deletion	chr15:90474097-90474402	0.9801980198019802
rna-NM_003347.4_1	0.0	0.9870967741935484	0.160377358490566	0.9870967741935484	miniprot_truncated	frameshift	chr14:49434448-49434912	0.9870967741935484
rna-NM_018390.4_1	0.0	1.0	0.1825531114871216	1.0	miniprot_identical	synonymous	chrY:111968-126711	1.0
rna-NM_012227.4_1	0.0	0.9941972920696324	0.8250666666666666	0.9941972920696324	miniprot_truncated	inframe_deletion	chrY:132452-148928	0.9941972920696324
rna-NM_013239.5_1	0.0	0.9982638888888888	0.7234131988230349	0.9982638888888888	miniprot_truncated	inframe_deletion	chrX:165473-217956	0.9982638888888888
rna-NM_000451.4_1	0.0	1.0	0.1107750472589792	1.0	miniprot_identical	synonymous	chrX:471065-484646	1.0
rna-NM_022148.4_1	0.0	1.0	0.7225471085120208	1.0	miniprot_identical	synonymous	chrY:1050837-1072662	1.0
rna-NM_172245.4_1	0.0	1.0	0.6622589531680441	1.0	miniprot_identical	synonymous	chrX:1131886-1159198	1.0
rna-NM_002183.4_1	0.0	0.9973614775725592	0.7367055771725033	0.9973614775725592	miniprot_truncated	inframe_deletion	chrY:1206528-1246239	0.9973614775725592
rna-NM_004192.4_1	0.0	0.995176848874598	0.9008224479922592	0.995176848874598	miniprot_truncated	inframe_deletion	chrY:1267094-1315818	0.995176848874598
rna-NM_005088.3_1	0.0	0.9985632183908046	0.6516713527022805	0.9985632183908046	miniprot_truncated	frameshift	chrX:1394881-1402966	0.9985632183908046
rna-NM_001171038.2_1	0.0	1.0	0.8415915915915916	1.0	miniprot_identical	synonymous	chrY:1478964-1502815	1.0
rna-NM_145177.3_1	0.0	0.9969788519637462	0.3844961240310077	0.9969788519637462	miniprot_truncated	inframe_deletion	chrY:1895695-2177672	0.9969788519637462
rna-NM_001171136.2_1	0.0	1.0	0.4631111111111111	1.0	miniprot_identical	synonymous	chrY:2165379-2167463	1.0
rna-NM_004251.5_1	0.0	1.0	0.2979351032448377	1.0	miniprot_identical	synonymous	chrX:13290143-13290748	1.0
rna-NM_001412.4_1	0.0	1.0	0.0982789855072463	1.0	miniprot_identical	synonymous	chr1:16401233-16401667	1.0
rna-NM_001353450.2_1	0.0	1.0	0.5434221840068788	1.0	miniprot_identical	synonymous	chrX:27337683-27339581	1.0
rna-NM_014271.4_1	0.0	0.6284074605451937	0.3634854771784232	0.6284074605451937	miniprot_truncated	frameshift;start_lost	chrX:29509638-29548001	0.6284074605451937
rna-NM_001378477.3_1	0.0	0.9853249475890984	0.5838509316770186	0.9853249475890984	miniprot_truncated	frameshift;start_lost	chrX:40877578-40878987	0.9853249475890984
rna-NM_001098406.4_1	0.0	0.9830508474576272	0.6256684491978609	0.9830508474576272	miniprot_truncated	frameshift	chrX:48811223-48817286	0.9830508474576272
rna-NM_001098406.4_2	0.0	0.9830508474576272	0.6256684491978609	0.9830508474576272	miniprot_truncated	frameshift	chrX:48820731-48826796	0.9830508474576272
rna-NM_001127212.4_1	0.0	0.9914529914529916	0.6272401433691757	0.9914529914529916	miniprot_truncated	frameshift	chrX:48744579-48750656	0.9914529914529916
rna-NM_001127212.4_2	0.0	0.9914529914529916	0.6272401433691757	0.9914529914529916	miniprot_truncated	frameshift	chrX:48858825-48864910	0.9914529914529916
rna-NM_001127212.4_3	0.0	0.9914529914529916	0.6272401433691757	0.9914529914529916	miniprot_truncated	frameshift	chrX:48896969-48903046	0.9914529914529916
rna-NM_001127212.4_4	0.0	0.9914529914529916	0.6272401433691757	0.9914529914529916	miniprot_truncated	frameshift	chrX:48877873-48883973	0.9914529914529916
rna-NM_018159.4_1	0.0	1.0	0.2073887489504618	1.0	miniprot_identical	synonymous	chrX:50767243-50767737	1.0
rna-NM_001397448.1_1	0.0	1.0	0.0543401552575864	1.0	miniprot_identical	synonymous	chrX:52410519-52410749	1.0
rna-NM_001319967.1_1	0.0	1.0	0.0431924882629108	1.0	miniprot_identical	synonymous	chrX:56978908-56979045	1.0
rna-NM_001010888.4_1	0.0	1.0	0.3035908596300326	1.0	miniprot_identical	synonymous	chrX:63915247-63929654	1.0
rna-NM_001013627.3_1	0.0	0.9241435562805872	0.2492115878254492	0.9241435562805872	miniprot_truncated	start_lost;inframe_deletion	chrX:70565681-70577179	0.9241435562805872
rna-NM_001386972.1_1	0.0	1.0	0.3963039014373716	1.0	miniprot_identical	synonymous	chrX:71278627-71281869	1.0
rna-NM_001171109.2_1	0.0	1.0	0.2349056603773585	1.0	miniprot_identical	synonymous	chrX:92154562-92155308	1.0
rna-NM_017416.2_1	0.0	0.6259097525473072	0.4158607350096712	0.6259097525473072	miniprot_truncated	frameshift;start_lost	chrX:104149175-104199474	0.6259097525473072
rna-NM_001171020.2_1	0.0	1.0	0.501078360891445	1.0	miniprot_identical	synonymous	chrX:104637414-104639504	1.0
rna-NM_001348372.2_1	0.0	1.0	0.2553897180762852	1.0	miniprot_identical	synonymous	chrX:106230957-106231418	1.0
rna-NM_001385449.1_1	0.0	1.0	0.7691029900332226	1.0	miniprot_identical	synonymous	chrX:108898528-108903231	1.0
rna-NM_001395362.2_1	0.0	1.0	0.2701998262380539	1.0	miniprot_identical	synonymous	chrX:110904841-110905773	1.0
rna-NM_001000.4_1	0.0	1.0	0.4	1.0	miniprot_identical	synonymous	chr6:74549806-74549961	1.0
rna-NM_001348255.2_1	0.0	1.0	0.0841320553780617	1.0	miniprot_identical	synonymous	chrX:133423765-133424001	1.0
rna-NM_001159702.3_1	0.0	1.0	0.3785046728971962	1.0	miniprot_identical	synonymous	chrX:134514824-134518345	1.0
rna-NM_032882.6_1	0.0	1.0	0.5357462019660411	1.0	miniprot_identical	synonymous	chrX:151340611-151341810	1.0
rna-NM_001395996.1_1	0.0	0.998545101842871	0.7656385482472439	0.998545101842871	miniprot_truncated	inframe_deletion	chrX:151389691-151395876	0.998545101842871
rna-NM_001586.3_1	0.0	0.9902676399026764	0.7796934865900383	0.9902676399026764	miniprot_truncated	start_lost;inframe_deletion	chrX:152433010-152450010	0.9902676399026764
rna-NM_001586.3_2	0.0	0.9902676399026764	0.7796934865900383	0.9902676399026764	miniprot_truncated	start_lost;inframe_deletion	chrX:152470133-152487125	0.9902676399026764
rna-NM_001304990.2_1	0.0	1.0	0.0970775948941887	1.0	miniprot_identical	synonymous	chrY:62196080-62196946	1.0
rna-NM_001304990.2_2	0.0	1.0	0.0969656253499048	1.0	miniprot_identical	synonymous	chrX:153999111-153999977	1.0
rna-NM_005638.6_1	0.0	1.0	0.2554913294797687	1.0	miniprot_identical	synonymous	chrY:62314448-62366942	1.0
rna-NM_022573.4_1	0.0	0.9935275080906149	0.7917737789203085	0.9935275080906149	miniprot_truncated	frameshift	chrY:9146605-9149167	0.9935275080906149
rna-NM_022573.4_2	0.0	0.9935275080906149	0.7917737789203085	0.9935275080906149	miniprot_truncated	frameshift	chrY:9126322-9128884	0.9935275080906149
rna-NM_022573.4_3	0.0	0.9935275080906149	0.7917737789203085	0.9935275080906149	miniprot_truncated	frameshift	chrY:9613251-9615813	0.9935275080906149
rna-NM_022573.4_4	0.0	0.9935275080906149	0.792630676949443	0.9935275080906149	miniprot_truncated	frameshift	chrY:9410317-9412879	0.9935275080906149
rna-NM_022573.4_5	0.0	0.9935275080906149	0.7917737789203085	0.9935275080906149	miniprot_truncated	frameshift	chrY:9329152-9331714	0.9935275080906149
rna-NM_022573.4_6	0.0	0.9935275080906149	0.7917737789203085	0.9935275080906149	miniprot_truncated	frameshift	chrY:9248017-9250579	0.9935275080906149
rna-NM_022573.4_7	0.0	0.9935275080906149	0.7917737789203085	0.9935275080906149	miniprot_truncated	frameshift	chrY:9207457-9210019	0.9935275080906149
rna-NM_022573.4_8	0.0	0.9935275080906149	0.7917737789203085	0.9935275080906149	miniprot_truncated	frameshift	chrY:9106045-9108607	0.9935275080906149
rna-NM_022573.4_9	0.0	0.9935275080906149	0.7917737789203085	0.9935275080906149	miniprot_truncated	frameshift	chrY:9085765-9088327	0.9935275080906149
rna-NM_022573.4_10	0.0	0.9935275080906149	0.792630676949443	0.9935275080906149	miniprot_truncated	frameshift	chrY:9004575-9007137	0.9935275080906149
rna-NM_022573.4_11	0.0	0.9935275080906149	0.7917737789203085	0.9935275080906149	miniprot_truncated	frameshift	chrY:9775652-9778214	0.9935275080906149
rna-NM_022573.4_12	0.0	0.9935275080906149	0.792630676949443	0.9935275080906149	miniprot_truncated	frameshift	chrY:9735065-9737627	0.9935275080906149
rna-NM_022573.4_13	0.0	0.9935275080906149	0.7917737789203085	0.9935275080906149	miniprot_truncated	frameshift	chrY:9349438-9352000	0.9935275080906149
rna-NM_022573.4_14	0.0	0.9935275080906149	0.7917737789203085	0.9935275080906149	miniprot_truncated	frameshift	chrY:9227734-9230296	0.9935275080906149
rna-NM_001164471.2_2	0.0	0.9968253968253968	0.7998303647158609	0.9968253968253968	miniprot_truncated	frameshift	chrY:9653868-9656448	0.9968253968253968
rna-NM_001164471.2_3	0.0	0.9968253968253968	0.8006785411365565	0.9968253968253968	miniprot_truncated	frameshift	chrY:9491492-9494072	0.9968253968253968
rna-NM_001164471.2_4	0.0	0.9968253968253968	0.8006785411365565	0.9968253968253968	miniprot_truncated	frameshift	chrY:9369701-9372281	0.9968253968253968
rna-NM_001164471.2_5	0.0	0.9968253968253968	0.8006785411365565	0.9968253968253968	miniprot_truncated	frameshift	chrY:9268280-9270860	0.9968253968253968
rna-NM_001164471.2_6	0.0	0.9968253968253968	0.8006785411365565	0.9968253968253968	miniprot_truncated	frameshift	chrY:9166866-9169446	0.9968253968253968
rna-NM_001243721.2_1	0.0	0.9967637540453076	0.797588285960379	0.9967637540453076	miniprot_truncated	frameshift	chrY:8943673-8946235	0.9967637540453076
rna-NM_001243721.2_2	0.0	0.9935275080906149	0.7967269595176572	0.9935275080906149	miniprot_truncated	frameshift	chrY:8984308-8986870	0.9935275080906149
rna-NM_001077697.2_3	0.0	0.9967637540453076	0.7950043066322137	0.9967637540453076	miniprot_truncated	frameshift	chrY:9572637-9575199	0.9967637540453076
rna-NM_003308.4_1	0.0	0.9935275080906149	0.7950043066322137	0.9935275080906149	miniprot_truncated	frameshift	chrY:9511774-9514336	0.9935275080906149
rna-NM_001396063.1_4	0.0	0.9936507936507936	0.7998303647158609	0.9936507936507936	miniprot_truncated	frameshift	chrY:9045212-9047792	0.9936507936507936
rna-NM_001002758.1_1	0.0	1.0	0.3583535108958838	1.0	miniprot_identical	synonymous	chrY:25168044-25180565	1.0
rna-NM_001002758.1_2	0.0	1.0	0.3583535108958838	1.0	miniprot_identical	synonymous	chrY:26787995-26800515	1.0
