-------------- SCENARIOS ------------
LiftOn best						3416
Liftoff best					0
miniprot best					2
LiftOn worse than Liftoff only	0
LiftOn worse than miniprot only	2
LiftOn worst					0
LiftOn equal to Liftoff only	2585
LiftOn equal to miniprot only	327
All equal						13310
Total counts					19640

----------------- ALL ---------------
lifton=liftoff=miniprot	13310
lifton>liftoff=miniprot	2822
lifton>liftoff>miniprot	525
lifton>miniprot>liftoff	69
lifton=liftoff>miniprot	2585
lifton=miniprot>liftoff	327
liftoff>lifton>miniprot	0
miniprot>lifton>liftoff	2
liftoff>lifton=miniprot	0
miniprot>lifton=liftoff	0
liftoff=miniprot>lifton	0
liftoff>miniprot>lifton	0
miniprot>liftoff>lifton	0
all						19640

----------------- RAW ---------------
lifton_score>liftoff_score	3745
lifton_score=liftoff_score	15895
lifton_score>miniprot_score	6001
lifton_score=miniprot_score	13637
liftoff_score>lifton_score	0
liftoff_score=lifton_score	15895
liftoff_score>miniprot_score	3110
liftoff_score=miniprot_score	16132
miniprot_score>lifton_score	2
miniprot_score=lifton_score	13637
miniprot_score>liftoff_score	398
miniprot_score=liftoff_score	16132
