-------------- SCENARIOS ------------
LiftOn best						548
Liftoff best					3
miniprot best					0
LiftOn worse than Liftoff only	2
LiftOn worse than miniprot only	0
LiftOn worst					1
LiftOn equal to Liftoff only	7490
LiftOn equal to miniprot only	256
All equal						19679
Total counts					27974

----------------- ALL ---------------
lifton=liftoff=miniprot	19679
lifton>liftoff=miniprot	241
lifton>liftoff>miniprot	238
lifton>miniprot>liftoff	69
lifton=liftoff>miniprot	7490
lifton=miniprot>liftoff	254
liftoff>lifton>miniprot	0
miniprot>lifton>liftoff	0
liftoff>lifton=miniprot	2
miniprot>lifton=liftoff	0
liftoff=miniprot>lifton	0
liftoff>miniprot>lifton	1
miniprot>liftoff>lifton	0
all						27974

----------------- RAW ---------------
liftoff_score>miniprot_score	7731
liftoff_score=miniprot_score	19920
liftoff_score>lifton_score	3
liftoff_score=lifton_score	27169
miniprot_score>liftoff_score	323
miniprot_score=liftoff_score	19920
miniprot_score>lifton_score	1
miniprot_score=lifton_score	19935
lifton_score>liftoff_score	802
lifton_score=liftoff_score	27169
lifton_score>miniprot_score	8038
lifton_score=miniprot_score	19935
