rna-NM_001407205.1	0.5882352941176471	0.9739130434782608	0.8518602029312289	0.9739130434782608	LiftOn_chaining_algorithm	frameshift	NC_051336.1:2110279-2144461
rna-NM_001407220.1	0.0264550264550264	0.936046511627907	0.8523168226432322	0.936046511627907	LiftOn_chaining_algorithm	frameshift;stop_missing	NC_051336.1:2110279-2144461
rna-NM_001407221.1	0.0264550264550264	0.936046511627907	0.8525714285714285	0.936046511627907	LiftOn_chaining_algorithm	frameshift;stop_missing	NC_051336.1:2110279-2144461
rna-NM_001407227.1	0.026595744680851	0.95906432748538	0.8540344514959202	0.95906432748538	LiftOn_chaining_algorithm	frameshift	NC_051336.1:2110279-2144461
rna-NM_001407228.1	0.026595744680851	0.95906432748538	0.8536861148801448	0.95906432748538	LiftOn_chaining_algorithm	frameshift	NC_051336.1:2110279-2144461
rna-NM_001407249.1	0.2368421052631578	0.9559471365638766	0.8531611148878314	0.9559471365638766	LiftOn_chaining_algorithm	frameshift	NC_051336.1:2110279-2144461
rna-NM_001346750.1	0.0942857142857142	0.8814589665653495	0.8832391713747646	0.8814589665653495	LiftOn_chaining_algorithm	frameshift	NC_051336.1:2246397-2262250
rna-NM_145418.4	0.0964912280701754	0.8810975609756098	0.8830188679245283	0.8810975609756098	LiftOn_chaining_algorithm	frameshift	NC_051336.1:2246397-2262250
rna-XM_011243203.4	0.7305555555555555	0.9597222222222224	0.9046408137317228	0.9597222222222224	LiftOn_chaining_algorithm	frameshift	NC_051336.1:2375026-2425092
rna-XM_011243204.4	0.7305555555555555	0.9597222222222224	0.9034916504012144	0.9597222222222224	LiftOn_chaining_algorithm	frameshift	NC_051336.1:2375026-2425127
rna-XM_030245247.2	0.7305555555555555	0.9597222222222224	0.8623454273678489	0.9597222222222224	LiftOn_chaining_algorithm	frameshift	NC_051336.1:2375026-2424388
rna-XM_036155973.1	0.7305555555555555	0.9597222222222224	0.8988541207580432	0.9597222222222224	LiftOn_chaining_algorithm	frameshift	NC_051336.1:2375026-2401618
rna-NM_001081344.3	0.0676328502415458	0.9829901521933752	0.8634697937388756	0.9829901521933752	LiftOn_chaining_algorithm	frameshift	NC_051336.1:4180182-4335291
rna-NM_001408063.1	0.0648648648648648	0.9826539462272332	0.8646857852779791	0.9826539462272332	LiftOn_chaining_algorithm	frameshift	NC_051336.1:4180182-4335291
rna-NM_001408064.1	0.0665083135391924	0.983406113537118	0.8644525168655942	0.983406113537118	LiftOn_chaining_algorithm	frameshift	NC_051336.1:4180182-4335291
rna-NM_001408065.1	0.067524115755627	0.9827272727272728	0.8628421052631579	0.9827272727272728	LiftOn_chaining_algorithm	frameshift	NC_051336.1:4180182-4335291
rna-XM_006512927.5	0.0666666666666666	0.9832893579595426	0.896279905960448	0.9832893579595426	LiftOn_chaining_algorithm	frameshift	NC_051336.1:4182487-4335312
rna-XM_036156108.1	0.0627333831217326	0.983065198983912	0.8977319027570284	0.983065198983912	LiftOn_chaining_algorithm	frameshift	NC_051336.1:4182487-4335312
rna-XM_036156109.1	0.0635400907715582	0.9836909871244636	0.8971975393028024	0.9836909871244636	LiftOn_chaining_algorithm	frameshift	NC_051336.1:4182487-4335312
rna-XM_036156111.1	0.0659858601728201	0.9831560283687945	0.8960299833425874	0.9831560283687945	LiftOn_chaining_algorithm	frameshift	NC_051336.1:4182487-4335312
rna-XM_036156112.1	0.0958904109589041	0.9859154929577464	0.9221841202848852	0.9859154929577464	LiftOn_chaining_algorithm	frameshift	NC_051336.1:4202791-4335312
rna-XM_036156113.1	0.0995260663507109	0.985545335085414	0.9214687751273116	0.985545335085414	LiftOn_chaining_algorithm	frameshift	NC_051336.1:4202791-4335312
rna-XM_011243160.3	0.0027979854504756	0.7661290322580645	0.8679519825391051	0.7661290322580645	LiftOn_chaining_algorithm	frameshift;start_lost;stop_codon_gain	NC_051336.1:4753610-4898830
rna-XM_011243163.3	0.0028785261945883	0.7618203309692672	0.864668652271035	0.7618203309692672	LiftOn_chaining_algorithm	frameshift;start_lost;stop_codon_gain	NC_051336.1:4753610-4898830
rna-XM_017313875.2	0.0027964205816554	0.7662636729994243	0.8670782640276012	0.7662636729994243	LiftOn_chaining_algorithm	frameshift;start_lost;stop_codon_gain	NC_051336.1:4753610-4898830
rna-XM_017313876.2	0.0029171528588098	0.7671711292200233	0.8678899082568807	0.7671711292200233	LiftOn_chaining_algorithm	frameshift;start_lost;stop_codon_gain	NC_051336.1:4753610-4898830
rna-XM_017313877.2	0.002925687536571	0.8792999396499698	0.867390897171755	0.8792999396499698	LiftOn_chaining_algorithm	frameshift;start_lost	NC_051336.1:4753610-4898830
rna-XM_017313878.2	0.0050761421319796	0.8759048603929679	0.8557133634602969	0.8759048603929679	LiftOn_chaining_algorithm	frameshift;start_lost;stop_missing	NC_051336.1:4803748-4898830
rna-XM_030244999.1	0.0028620492272467	0.8792270531400966	0.8682926829268293	0.8792270531400966	LiftOn_chaining_algorithm	frameshift;start_lost	NC_051336.1:4753610-4898830
rna-NM_001077707.1	0.4140798226164079	0.928955223880597	0.887875765778601	0.928955223880597	LiftOn_chaining_algorithm	frameshift	NC_051336.1:5528888-5602537
rna-NM_001284354.1	0.4239500567536889	0.9222829386763812	0.7813906227318914	0.9222829386763812	LiftOn_chaining_algorithm	frameshift;stop_missing	NC_051336.1:5528888-5598021
rna-NM_172937.3	0.428080229226361	0.9282622139764996	0.8038659793814433	0.9282622139764996	LiftOn_chaining_algorithm	frameshift	NC_051336.1:5528888-5598021
rna-XM_006512740.5	0.4140798226164079	0.928955223880597	0.8442354865085855	0.928955223880597	LiftOn_chaining_algorithm	frameshift	NC_051336.1:5528479-5604683
rna-XM_006512776.4	0.0329341317365269	0.9057239057239056	0.8456686291000841	0.9057239057239056	LiftOn_chaining_algorithm	frameshift	NC_051336.1:7565667-7578367
rna-NM_001164195.1	0.2	0.925	0.755939524838013	0.925	LiftOn_chaining_algorithm	frameshift;stop_missing	NC_051336.1:7912236-7926982
rna-NM_001347361.1	0.2052117263843648	0.9609120521172638	0.7473875511131304	0.9609120521172638	LiftOn_chaining_algorithm	frameshift;start_lost	NC_051336.1:7912334-7926982
rna-NM_019961.3	0.1689008042895442	0.967828418230563	0.7908777969018933	0.967828418230563	LiftOn_chaining_algorithm	frameshift	NC_051336.1:7912334-7926982
rna-NM_025748.4	0.359375	0.9791666666666666	0.8382252559726963	0.9791666666666666	LiftOn_chaining_algorithm	frameshift	NC_051336.1:7954274-7973047
rna-NM_001405828.1	0.025	0.8940092165898618	0.7962368058742543	0.8940092165898618	LiftOn_chaining_algorithm	frameshift	NC_051336.1:9085789-9088204
rna-XM_017312445.3	0.8	0.8035714285714286	0.461100569259962	0.8035714285714286	LiftOn_chaining_algorithm	frameshift;stop_missing	NC_051336.1:12399030-12401135
rna-XM_036155707.1	0.0199252801992528	0.9119241192411924	0.8207857557576931	0.9119241192411924	LiftOn_chaining_algorithm	frameshift;start_lost	NC_051336.1:12738557-12775562
rna-NM_001346751.1	0.5284974093264249	0.9533678756476685	0.7811965811965812	0.9533678756476685	LiftOn_chaining_algorithm	frameshift	NC_051336.1:12861096-12872740
rna-NM_144820.4	0.5621621621621622	0.9513513513513514	0.8457831325301205	0.9513513513513514	LiftOn_chaining_algorithm	frameshift	NC_051336.1:12857667-12872740
rna-XM_030245002.2	0.4122137404580153	0.9618320610687024	0.8293612964728313	0.9618320610687024	LiftOn_chaining_algorithm	frameshift	NC_051336.1:12857667-12872744
rna-NM_010511.3	0.3828920570264765	0.7343096234309623	0.791234684260132	0.7343096234309623	LiftOn_chaining_algorithm	frameshift	NC_051336.1:14333177-14351799
rna-NM_001161825.1	0.8020477815699659	0.9761092150170648	0.8336008560727662	0.9761092150170648	LiftOn_chaining_algorithm	frameshift	NC_051336.1:14582282-14646741
rna-NM_008822.2	0.8150470219435737	0.974921630094044	0.8376990241397021	0.974921630094044	LiftOn_chaining_algorithm	frameshift	NC_051336.1:14582282-14646741
rna-XM_006512580.3	0.0149812734082397	0.8812154696132597	0.8475929728496464	0.8812154696132597	LiftOn_chaining_algorithm	frameshift;start_lost;stop_missing	NC_051336.1:14966557-15037510
rna-XM_006512581.3	0.0153452685421994	0.88268156424581	0.8472126634549209	0.88268156424581	LiftOn_chaining_algorithm	frameshift;start_lost;stop_missing	NC_051336.1:14966557-15037510
rna-NM_027930.3	0.0188172043010752	0.7900552486187845	0.7588383838383839	0.7900552486187845	LiftOn_chaining_algorithm	frameshift;start_lost;stop_missing	NC_051336.1:15124097-15138992
rna-NM_178713.4	0.8524590163934426	0.9528688524590164	0.7659492697924674	0.9528688524590164	LiftOn_chaining_algorithm	frameshift	NC_051336.1:16183933-16204223
rna-XM_006512566.5	0.0	0.9165818921668362	0.7784679089026915	0.9165818921668362	LiftOn_chaining_algorithm	frameshift;start_lost;stop_missing	NC_051336.1:17826716-18190890
rna-NM_176837.2	0.8524096385542169	0.927710843373494	0.5306291390728477	0.927710843373494	LiftOn_chaining_algorithm	inframe_insertion;inframe_deletion	NC_051336.1:18414857-18551899
rna-XM_006512885.5	0.8959044368600683	0.9215017064846416	0.5043883708173341	0.9215017064846416	LiftOn_chaining_algorithm	frameshift	NC_051336.1:18435416-18552048
rna-NM_001195596.1	0.5970149253731343	0.8507462686567164	0.4785714285714286	0.8507462686567164	LiftOn_chaining_algorithm	frameshift;stop_missing	NC_051336.1:19837253-19837586
rna-NM_018747.5	0.4764890282131661	0.9428571428571428	0.8072139303482587	0.9428571428571428	LiftOn_chaining_algorithm	frameshift;start_lost	NC_051336.1:20096535-20217800
rna-XM_006512788.4	0.470404984423676	0.9308176100628932	0.8137168141592921	0.9308176100628932	LiftOn_chaining_algorithm	frameshift;start_lost	NC_051336.1:20096535-20217800
rna-XM_006512789.2	0.470404984423676	0.9308176100628932	0.8236616264814058	0.9308176100628932	LiftOn_chaining_algorithm	frameshift	NC_051336.1:20087366-20217800
rna-XM_006512790.3	0.470404984423676	0.9308176100628932	0.8451536643026005	0.9308176100628932	LiftOn_chaining_algorithm	frameshift	NC_051336.1:20087351-20217800
rna-XM_006512791.5	0.470404984423676	0.9308176100628932	0.8352076124567474	0.9308176100628932	LiftOn_chaining_algorithm	frameshift;start_lost	NC_051336.1:20092205-20217800
rna-XM_006512793.5	0.326271186440678	0.9527896995708156	0.843238184370613	0.9527896995708156	LiftOn_chaining_algorithm	frameshift	NC_051336.1:20110323-20217800
rna-XM_006512794.5	0.326271186440678	0.9527896995708156	0.8451443569553806	0.9527896995708156	LiftOn_chaining_algorithm	frameshift	NC_051336.1:20113540-20217800
rna-XM_030245156.1	0.470404984423676	0.9308176100628932	0.8395934600088378	0.9308176100628932	LiftOn_chaining_algorithm	frameshift	NC_051336.1:20085826-20217800
rna-XM_030245157.2	0.4764890282131661	0.9428571428571428	0.8483397190293742	0.9428571428571428	LiftOn_chaining_algorithm	frameshift;start_lost	NC_051336.1:20085822-20217800
rna-XM_036155887.1	0.470404984423676	0.9308176100628932	0.8465058236272879	0.9308176100628932	LiftOn_chaining_algorithm	frameshift	NC_051336.1:20087356-20217800
rna-NM_134005.2	0.9131428571428571	0.9142857142857144	0.9043570669500532	0.9142857142857144	LiftOn_chaining_algorithm	frameshift	NC_051336.1:20563654-20635034
rna-NM_001010831.1	0.0024875621890547	0.9455587392550144	0.9188156638013372	0.9455587392550144	LiftOn_chaining_algorithm	frameshift;start_lost	NC_051336.1:21274952-21275988
rna-NM_001408213.1	0.1166180758017492	0.9480122324159022	0.7273936170212766	0.9480122324159022	LiftOn_chaining_algorithm	frameshift	NC_051336.1:21628235-21670702
rna-NM_183116.3	0.6986899563318777	0.945414847161572	0.7500862961684501	0.945414847161572	LiftOn_chaining_algorithm	frameshift	NC_051336.1:21628235-21670702
rna-XM_030245355.1	0.1166180758017492	0.9480122324159022	0.7209302325581395	0.9480122324159022	LiftOn_chaining_algorithm	frameshift	NC_051336.1:21628234-21658602
rna-NM_001407441.1	0.9925373134328358	1.0	0.7391975308641975	1.0	LiftOn_chaining_algorithm	synonymous	NC_051336.1:21679757-21683057
rna-NM_001407442.1	0.9925373134328358	1.0	0.9222222222222224	1.0	LiftOn_chaining_algorithm	synonymous	NC_051336.1:21681022-21683057
rna-NM_001407443.1	0.991869918699187	1.0	0.9270216962524654	1.0	LiftOn_chaining_algorithm	synonymous	NC_051336.1:21680889-21683057
rna-NM_011295.7	0.9925373134328358	1.0	0.9301075268817204	1.0	LiftOn_chaining_algorithm	synonymous	NC_051336.1:21680889-21683057
rna-NM_001417061.1	0.8545454545454545	0.9447236180904522	0.8320355951056729	0.9447236180904522	LiftOn_chaining_algorithm	frameshift	NC_051336.1:26294067-26313886
rna-NM_027168.2	0.8552036199095022	0.945	0.8445859872611465	0.945	LiftOn_chaining_algorithm	frameshift	NC_051336.1:26294167-26313886
rna-XM_036155987.1	0.0078125	0.8461538461538461	0.7961165048543689	0.8461538461538461	LiftOn_chaining_algorithm	frameshift;start_lost;stop_missing	NC_051336.1:26309018-26313982
rna-XM_011243153.4	0.5595238095238095	0.90146750524109	0.779451010293557	0.90146750524109	LiftOn_chaining_algorithm	frameshift	NC_051336.1:26851443-27016957
rna-XM_011243154.4	0.555667001003009	0.9013785790031812	0.7785645933014355	0.9013785790031812	LiftOn_chaining_algorithm	frameshift	NC_051336.1:26851443-27016946
rna-XM_011243155.4	0.5955649419218585	0.8937360178970917	0.7779270633397313	0.8937360178970917	LiftOn_chaining_algorithm	frameshift	NC_051336.1:26851443-27016957
rna-NM_001109747.1	0.4827586206896552	0.8160919540229885	0.722027972027972	0.8160919540229885	LiftOn_chaining_algorithm	frameshift	NC_051336.1:27527849-27530579
rna-XM_006512814.4	0.3333333333333333	0.7727272727272727	0.5514018691588785	0.7727272727272727	LiftOn_chaining_algorithm	inframe_deletion	NC_051336.1:27527889-27527966
rna-NM_001110196.1	0.0049751243781094	0.9333333333333332	0.8535387363250726	0.9333333333333332	LiftOn_chaining_algorithm	frameshift	NC_051336.1:28458541-28477777
rna-NM_001110197.1	0.0049751243781094	0.9333333333333332	0.8545935228023793	0.9333333333333332	LiftOn_chaining_algorithm	frameshift	NC_051336.1:28458541-28477777
rna-NM_001110198.1	0.0049751243781094	0.9333333333333332	0.8542357885423579	0.9333333333333332	LiftOn_chaining_algorithm	frameshift	NC_051336.1:28458541-28477777
rna-NM_001284279.1	0.0049751243781094	0.9333333333333332	0.8571076011846002	0.9333333333333332	LiftOn_chaining_algorithm	frameshift	NC_051336.1:28465155-28477777
rna-NM_026518.4	0.0049751243781094	0.9333333333333332	0.8537460744728578	0.9333333333333332	LiftOn_chaining_algorithm	frameshift	NC_051336.1:28458541-28477777
rna-NM_001110195.1	0.247557003257329	0.94	0.8432520325203252	0.94	LiftOn_chaining_algorithm	frameshift	NC_051336.1:28475243-28507164
rna-NM_026336.3	0.7307692307692307	0.8076923076923077	0.8328571428571429	0.8076923076923077	LiftOn_chaining_algorithm	frameshift	NC_051336.1:28799888-28816361
rna-NM_001081680.2	0.8600917431192661	0.8669724770642202	0.6222281592305637	0.8669724770642202	LiftOn_chaining_algorithm	frameshift	NC_051336.1:28904579-28909797
rna-XM_006517250.3	0.8600917431192661	0.8669724770642202	0.646068766530416	0.8669724770642202	LiftOn_chaining_algorithm	frameshift	NC_051336.1:28884370-28909797
rna-NM_023281.1	0.029449423815621	0.9639097744360904	0.8874444064317482	0.9639097744360904	LiftOn_chaining_algorithm	frameshift	NC_051336.1:28935974-28961532
rna-NM_001317351.1	0.1025236593059936	0.945993031358885	0.8730056058645969	0.945993031358885	LiftOn_chaining_algorithm	frameshift	NC_051336.1:28993604-29088673
rna-NM_009644.3	0.2493438320209973	0.9515669515669516	0.8757519186890687	0.9515669515669516	LiftOn_chaining_algorithm	frameshift	NC_051336.1:28993604-29088673
rna-XM_006517048.3	0.1025236593059936	0.945993031358885	0.8839884947267498	0.945993031358885	LiftOn_chaining_algorithm	frameshift	NC_051336.1:29032327-29087402
rna-XM_006517049.5	0.1025236593059936	0.945993031358885	0.8986627043090639	0.945993031358885	LiftOn_chaining_algorithm	frameshift	NC_051336.1:29032327-29087402
rna-XM_006517050.4	0.1025236593059936	0.945993031358885	0.9013732833957552	0.945993031358885	LiftOn_chaining_algorithm	frameshift	NC_051336.1:29032029-29087402
rna-NM_001360694.1	0.3884156729131175	0.9871441689623508	0.9001530221882172	0.9871441689623508	LiftOn_chaining_algorithm	frameshift	NC_051336.1:29472692-29526130
rna-NM_011390.2	0.3880851063829787	0.9870848708487084	0.8993223620522749	0.9870848708487084	LiftOn_chaining_algorithm	frameshift	NC_051336.1:29472703-29526094
rna-XM_006517170.4	0.4014962593516209	0.9856887298747764	0.8990929705215419	0.9856887298747764	LiftOn_chaining_algorithm	frameshift	NC_051336.1:29472692-29554281
rna-XM_006517171.4	0.4011627906976744	0.9856244384546272	0.8981233243967829	0.9856244384546272	LiftOn_chaining_algorithm	frameshift	NC_051336.1:29472699-29554233
rna-XM_006517173.3	0.371627502175805	0.986842105263158	0.8914835164835165	0.986842105263158	LiftOn_chaining_algorithm	frameshift	NC_051336.1:29472692-29519297
rna-XM_006517174.3	0.009068425391591	0.9829545454545454	0.8982107355864811	0.9829545454545454	LiftOn_chaining_algorithm	frameshift	NC_051336.1:29472692-29516707
rna-XM_006517175.2	0.3553345388788427	0.991185112634672	0.898391674550615	0.991185112634672	LiftOn_chaining_algorithm	frameshift	NC_051336.1:29472692-29525638
rna-NM_010020.3	0.5387045813586098	0.9919354838709676	0.9115723628092124	0.9919354838709676	LiftOn_chaining_algorithm	frameshift	NC_051336.1:29708010-29750482
rna-XM_006517083.5	0.5042444821731749	0.9913194444444444	0.9026526526526526	0.9913194444444444	LiftOn_chaining_algorithm	frameshift	NC_051336.1:29708010-29751088
rna-XM_006517084.5	0.8459657701711492	0.9877750611246944	0.956	0.9877750611246944	LiftOn_chaining_algorithm	frameshift	NC_051336.1:29716196-29750485
rna-NM_175283.3	0.0743494423791821	0.90625	0.7608299963596651	0.90625	LiftOn_chaining_algorithm	frameshift	NC_051336.1:33695649-33720465
rna-XM_006517474.5	0.0952380952380952	0.8047619047619048	0.6112789526686808	0.8047619047619048	LiftOn_chaining_algorithm	frameshift;stop_missing	NC_051336.1:33695649-33709318
rna-NM_001308475.2	0.4978479196556671	0.902439024390244	0.6623779946761313	0.902439024390244	LiftOn_chaining_algorithm	frameshift	NC_051336.1:34868038-34899424
rna-NM_172480.4	0.4978479196556671	0.902439024390244	0.7990366604227991	0.902439024390244	LiftOn_chaining_algorithm	frameshift	NC_051336.1:34868038-34899424
rna-XM_006517179.4	0.4978479196556671	0.902439024390244	0.7217150760719225	0.902439024390244	LiftOn_chaining_algorithm	frameshift	NC_051336.1:34868038-34898956
rna-XM_006517181.4	0.4978479196556671	0.902439024390244	0.7445776255707762	0.902439024390244	LiftOn_chaining_algorithm	frameshift	NC_051336.1:34868038-34898956
rna-XM_006517182.1	0.4978479196556671	0.902439024390244	0.8045020043169905	0.902439024390244	LiftOn_chaining_algorithm	frameshift	NC_051336.1:34868038-34898956
rna-XM_036157959.1	0.4978479196556671	0.902439024390244	0.7956694114059164	0.902439024390244	LiftOn_chaining_algorithm	frameshift	NC_051336.1:34868038-34898956
rna-XM_006512489.4	0.8633879781420765	0.8907103825136612	0.8588843738455855	0.8907103825136612	LiftOn_chaining_algorithm	frameshift	NC_051336.1:39773398-39886737
rna-NM_027391.4	0.0136054421768707	0.9370629370629372	0.8882466281310212	0.9370629370629372	LiftOn_chaining_algorithm	frameshift	NC_051336.1:40009958-40019483
rna-NM_001033466.3	0.0696428571428571	0.9902912621359224	0.8991071428571429	0.9902912621359224	LiftOn_chaining_algorithm	frameshift	NC_051336.1:40827456-40846851
rna-NM_001359811.1	0.0696428571428571	0.9902912621359224	0.8971730351040695	0.9902912621359224	LiftOn_chaining_algorithm	frameshift	NC_051336.1:40827456-40846214
rna-NM_001358796.1	0.6164079822616408	0.9401330376940134	0.8875255623721882	0.9401330376940134	LiftOn_chaining_algorithm	frameshift	NC_051336.1:40860182-40894359
rna-NM_025343.6	0.6164079822616408	0.9401330376940134	0.8967877830437072	0.9401330376940134	LiftOn_chaining_algorithm	frameshift	NC_051336.1:40860182-40894359
rna-XM_006512477.5	0.6164079822616408	0.9401330376940134	0.8882575757575758	0.9401330376940134	LiftOn_chaining_algorithm	frameshift	NC_051336.1:40860182-40894371
rna-XM_006512478.5	0.6164079822616408	0.9401330376940134	0.8975206611570248	0.9401330376940134	LiftOn_chaining_algorithm	frameshift	NC_051336.1:40860182-40894371
rna-XM_017314053.3	0.6164079822616408	0.9401330376940134	0.8709516691579472	0.9401330376940134	LiftOn_chaining_algorithm	frameshift	NC_051336.1:40860182-40894371
rna-XM_017314054.3	0.6164079822616408	0.9401330376940134	0.8934599156118144	0.9401330376940134	LiftOn_chaining_algorithm	frameshift	NC_051336.1:40860182-40894320
rna-XM_036155943.1	0.6164079822616408	0.9401330376940134	0.8615900383141762	0.9401330376940134	LiftOn_chaining_algorithm	frameshift	NC_051336.1:40860182-40894248
rna-XM_036155944.1	0.6164079822616408	0.9401330376940134	0.880129091747349	0.9401330376940134	LiftOn_chaining_algorithm	frameshift	NC_051336.1:40860182-40894371
rna-XM_036155945.1	0.6164079822616408	0.9401330376940134	0.8668624571708272	0.9401330376940134	LiftOn_chaining_algorithm	frameshift	NC_051336.1:40860182-40894371
rna-XM_036155946.1	0.3643122676579926	0.9070631970260224	0.9154929577464788	0.9070631970260224	LiftOn_chaining_algorithm	frameshift	NC_051336.1:40873280-40894365
rna-XM_036155445.1	0.0358620689655172	0.8533541341653667	0.5215833781121261	0.8533541341653667	LiftOn_chaining_algorithm	frameshift;start_lost;stop_missing	NC_051336.1:40945872-41040745
rna-NM_001347711.1	0.9187471629596006	0.924307762142533	0.8654617061678036	0.924307762142533	LiftOn_chaining_algorithm	frameshift	NC_051336.1:41512948-41918175
rna-NM_001347732.1	0.9190909090909092	0.9246590909090908	0.8656648769262952	0.9246590909090908	LiftOn_chaining_algorithm	frameshift	NC_051336.1:41512948-41983322
rna-XM_011243086.3	0.9186825667234526	0.9242475865985236	0.8654110191867629	0.9242475865985236	LiftOn_chaining_algorithm	frameshift	NC_051336.1:41512948-41918162
rna-XM_017314044.3	0.9188267394270124	0.9243974533879036	0.8654450446633478	0.9243974533879036	LiftOn_chaining_algorithm	frameshift	NC_051336.1:41512948-41918110
rna-XM_030245204.2	0.9187620889748548	0.9243372397314824	0.8653452775622487	0.9243372397314824	LiftOn_chaining_algorithm	frameshift	NC_051336.1:41512948-41918161
rna-XM_036155912.1	0.9189434304500624	0.9244983561954428	0.866283669888885	0.9244983561954428	LiftOn_chaining_algorithm	frameshift	NC_051336.1:41512948-41983635
rna-XM_036155913.1	0.9189342403628118	0.9244897959183672	0.8662698685749673	0.9244897959183672	LiftOn_chaining_algorithm	frameshift	NC_051336.1:41512948-41983635
rna-XM_036155914.1	0.9190200748553928	0.9245775206986504	0.8662628626492755	0.9245775206986504	LiftOn_chaining_algorithm	frameshift	NC_051336.1:41512948-41983635
rna-XM_036155915.1	0.919010889292196	0.9245689655172412	0.8662490534866112	0.9245689655172412	LiftOn_chaining_algorithm	frameshift	NC_051336.1:41512948-41983635
rna-XM_036155916.1	0.9188790560471976	0.9244383934649422	0.8661870008262187	0.9244383934649422	LiftOn_chaining_algorithm	frameshift	NC_051336.1:41512948-41983635
rna-XM_036155917.1	0.919023282226008	0.9245883021010788	0.8662209662967814	0.9245883021010788	LiftOn_chaining_algorithm	frameshift	NC_051336.1:41512948-41983635
rna-XM_036155918.1	0.9187315298931577	0.9243009774948852	0.8660689655172413	0.9243009774948852	LiftOn_chaining_algorithm	frameshift	NC_051336.1:41512948-41983635
rna-XM_036155919.1	0.9189588542850649	0.9245283018867924	0.8661240818015656	0.9245283018867924	LiftOn_chaining_algorithm	frameshift	NC_051336.1:41512948-41983635
rna-XM_036155920.1	0.9187990446946436	0.9243716592744228	0.866034155597723	0.9243716592744228	LiftOn_chaining_algorithm	frameshift	NC_051336.1:41512948-41983635
rna-XM_036155921.1	0.918623204923638	0.9242078869386824	0.8659430309734514	0.9242078869386824	LiftOn_chaining_algorithm	frameshift	NC_051336.1:41512948-41983635
rna-XM_036155922.1	0.9188419012880428	0.9244272198791748	0.8658945548833189	0.9244272198791748	LiftOn_chaining_algorithm	frameshift	NC_051336.1:41512948-41983635
rna-XM_036155923.1	0.9187001140250856	0.9242873432155074	0.8659219809102228	0.9242873432155074	LiftOn_chaining_algorithm	frameshift	NC_051336.1:41512948-41983635
rna-XM_036155924.1	0.9184627665640324	0.9240506329113924	0.8656313768892886	0.9240506329113924	LiftOn_chaining_algorithm	frameshift	NC_051336.1:41512948-41983635
rna-XM_036155925.1	0.9186285714285716	0.9242285714285714	0.8656778486276684	0.9242285714285714	LiftOn_chaining_algorithm	frameshift	NC_051336.1:41512948-41983635
rna-XM_036155926.1	0.9197297606778884	0.9253406618573228	0.8659520198538536	0.9253406618573228	LiftOn_chaining_algorithm	frameshift	NC_051336.1:41512948-41983635
rna-XM_036155927.1	0.9195177956371986	0.9251435132032148	0.8657361019935735	0.9251435132032148	LiftOn_chaining_algorithm	frameshift	NC_051336.1:41512948-41983635
rna-XM_036155928.1	0.9178271377603868	0.9234664518356542	0.8662402765773553	0.9234664518356542	LiftOn_chaining_algorithm	frameshift	NC_051336.1:41512948-41983455
rna-XM_036155929.1	0.917906145509051	0.9235558630231754	0.8659041129228523	0.9235558630231754	LiftOn_chaining_algorithm	frameshift	NC_051336.1:41512948-41983346
rna-XM_036155930.1	0.917906145509051	0.9235558630231754	0.8655734243586586	0.9235558630231754	LiftOn_chaining_algorithm	frameshift	NC_051336.1:41512948-41918161
rna-XM_036155931.1	0.9194181482336644	0.9250750404063728	0.8653425466162019	0.9250750404063728	LiftOn_chaining_algorithm	frameshift	NC_051336.1:41512948-41983635
rna-XM_036155932.1	0.9194088442443136	0.9250663895624062	0.8653285178497013	0.9250663895624062	LiftOn_chaining_algorithm	frameshift	NC_051336.1:41512948-41983635
rna-XM_036155933.1	0.9162969180956948	0.9221729224127592	0.8140643944496834	0.9221729224127592	LiftOn_chaining_algorithm	frameshift	NC_051336.1:41512948-41843047
rna-XM_036155934.1	0.916055321707757	0.9219482862297054	0.8619694334455834	0.9219482862297054	LiftOn_chaining_algorithm	frameshift	NC_051336.1:41512948-41833319
rna-XM_036155935.1	0.911517077045274	0.9197138314785374	0.9203970022280736	0.9197138314785374	LiftOn_chaining_algorithm	frameshift;stop_missing	NC_051336.1:41632262-41983635
rna-XM_036155936.1	0.9090264231246676	0.9177159070757226	0.8950805856947224	0.9177159070757226	LiftOn_chaining_algorithm	frameshift	NC_051336.1:41677195-41983635
rna-XM_036155938.1	0.9187343501024356	0.9243114045071704	0.8659370252727524	0.9243114045071704	LiftOn_chaining_algorithm	frameshift	NC_051336.1:41512948-41983635
rna-NM_001161822.1	0.0035587188612099	0.9134199134199136	0.8417136685467419	0.9134199134199136	LiftOn_chaining_algorithm	frameshift	NC_051336.1:42222121-42324624
rna-XM_030245185.2	0.0035587188612099	0.9134199134199136	0.8408766079085279	0.9134199134199136	LiftOn_chaining_algorithm	frameshift;start_lost	NC_051336.1:42222244-42324413
rna-NM_001302794.1	0.1197604790419161	0.9546827794561934	0.8708053691275168	0.9546827794561934	LiftOn_chaining_algorithm	frameshift;start_lost	NC_051336.1:43212129-43233304
rna-NM_001302795.1	0.1055408970976253	0.8867924528301887	0.8346957311534968	0.8867924528301887	LiftOn_chaining_algorithm	frameshift;start_lost;stop_codon_gain	NC_051336.1:43212129-43414317
rna-NM_001302796.1	0.121580547112462	0.9294478527607362	0.8307254623044097	0.9294478527607362	LiftOn_chaining_algorithm	frameshift;start_lost;stop_missing	NC_051336.1:43212129-43414317
rna-NM_001122998.1	0.9242865463016888	0.9248251748251748	0.8902399481193255	0.9248251748251748	LiftOn_chaining_algorithm	frameshift	NC_051336.1:43918219-44119523
rna-NM_001286757.1	0.9581320450885668	0.9596774193548387	0.8408239700374532	0.9596774193548387	LiftOn_chaining_algorithm	frameshift	NC_051336.1:44085746-44119523
rna-NM_001286758.1	0.9569120287253142	0.95863309352518	0.85864896524795	0.95863309352518	LiftOn_chaining_algorithm	frameshift	NC_051336.1:44084566-44119523
rna-NM_011878.2	0.9242865463016888	0.9248251748251748	0.8901348935478628	0.9248251748251748	LiftOn_chaining_algorithm	frameshift	NC_051336.1:43996213-44119523
rna-XM_006523225.5	0.9242865463016888	0.9248251748251748	0.8716780561883067	0.9248251748251748	LiftOn_chaining_algorithm	frameshift	NC_051336.1:43918122-44119523
rna-XM_006523226.1	0.9242865463016888	0.9248251748251748	0.8871582435791218	0.9248251748251748	LiftOn_chaining_algorithm	frameshift	NC_051336.1:44012810-44119523
rna-XM_006523233.3	0.9581320450885668	0.9596774193548387	0.8428473177441541	0.9596774193548387	LiftOn_chaining_algorithm	frameshift	NC_051336.1:44092434-44119523
rna-XM_030249767.2	0.9242865463016888	0.9248251748251748	0.8350788995950287	0.9248251748251748	LiftOn_chaining_algorithm	frameshift	NC_051336.1:43989699-44119523
rna-XM_036160586.1	0.9581320450885668	0.9596774193548387	0.8593861527480371	0.9596774193548387	LiftOn_chaining_algorithm	frameshift	NC_051336.1:44084407-44119523
rna-NM_009338.3	0.9597989949748744	0.9623115577889448	0.8858098423315814	0.9623115577889448	LiftOn_chaining_algorithm	frameshift	NC_051336.1:47695797-47713875
rna-NM_010515.2	0.6510297482837528	0.9319645732689212	0.9266465391926648	0.9319645732689212	LiftOn_chaining_algorithm	frameshift	NC_051336.1:47979031-48067503
rna-NM_009202.5	0.9156193895870736	0.9533213644524235	0.8676691729323308	0.9533213644524235	LiftOn_chaining_algorithm	frameshift	NC_051336.1:48076524-48101461
rna-NM_025851.3	0.7550607287449392	0.7834008097165992	0.8250528541226215	0.7834008097165992	LiftOn_chaining_algorithm	frameshift	NC_051336.1:51740245-51764016
rna-XM_006523316.3	0.0078563411896745	0.9415730337078652	0.8435061955025241	0.9415730337078652	LiftOn_chaining_algorithm	frameshift	NC_051336.1:51765740-52097026
rna-XM_006523318.5	0.0397489539748954	0.9158653846153846	0.860756911149648	0.9158653846153846	LiftOn_chaining_algorithm	frameshift	NC_051336.1:51765740-52219442
rna-XM_006523320.5	0.0210643015521064	0.9761904761904762	0.7514822848879248	0.9761904761904762	LiftOn_chaining_algorithm	frameshift	NC_051336.1:51765740-51864490
rna-XM_017317460.3	0.093503937007874	0.922645739910314	0.8469904167115323	0.922645739910314	LiftOn_chaining_algorithm	frameshift;start_lost	NC_051336.1:51765740-52217533
rna-NM_001161832.1	0.1231155778894472	0.7817258883248731	0.7440408626560726	0.7817258883248731	LiftOn_chaining_algorithm	frameshift	NC_051336.1:52318451-52373525
rna-NM_001190333.1	0.0368663594470046	0.8722826086956522	0.5165274246276789	0.8722826086956522	LiftOn_chaining_algorithm	frameshift;stop_codon_gain	NC_051336.1:52476105-52498571
rna-NM_001190334.1	0.0368663594470046	0.8722826086956522	0.3508679642293529	0.8722826086956522	LiftOn_chaining_algorithm	frameshift;stop_codon_gain	NC_051336.1:52476105-52490570
rna-NM_001190335.1	0.0368663594470046	0.8722826086956522	0.4948657187993681	0.8722826086956522	LiftOn_chaining_algorithm	frameshift;stop_codon_gain	NC_051336.1:52476105-52490570
rna-NM_001190336.1	0.0368663594470046	0.8722826086956522	0.4892344497607656	0.8722826086956522	LiftOn_chaining_algorithm	frameshift;stop_codon_gain	NC_051336.1:52476105-52490570
rna-NM_001190337.1	0.0368663594470046	0.8722826086956522	0.9016129032258065	0.8722826086956522	LiftOn_chaining_algorithm	frameshift	NC_051336.1:52476105-52490570
rna-NM_009835.4	0.0368663594470046	0.8722826086956522	0.2493462544223965	0.8722826086956522	LiftOn_chaining_algorithm	frameshift;stop_codon_gain	NC_051336.1:52476105-52491842
rna-XM_006523286.5	0.0368663594470046	0.8722826086956522	0.2672967516975592	0.8722826086956522	LiftOn_chaining_algorithm	frameshift;stop_codon_gain	NC_051336.1:52474732-52498571
rna-XM_006523288.5	0.0368663594470046	0.8722826086956522	0.3445184736523319	0.8722826086956522	LiftOn_chaining_algorithm	frameshift;stop_codon_gain	NC_051336.1:52474732-52498571
rna-XM_006523291.3	0.0368663594470046	0.8722826086956522	0.4489147697194283	0.8722826086956522	LiftOn_chaining_algorithm	frameshift;stop_codon_gain	NC_051336.1:52474732-52480883
rna-XM_006523292.5	0.0368663594470046	0.8722826086956522	0.8029840623940319	0.8722826086956522	LiftOn_chaining_algorithm	frameshift	NC_051336.1:52474732-52498571
rna-XM_011246186.4	0.0368663594470046	0.8722826086956522	0.3703614747207878	0.8722826086956522	LiftOn_chaining_algorithm	frameshift;stop_codon_gain	NC_051336.1:52474732-52481345
rna-XM_011246188.3	0.0368663594470046	0.8722826086956522	0.332043530834341	0.8722826086956522	LiftOn_chaining_algorithm	frameshift;stop_codon_gain	NC_051336.1:52474732-52480883
rna-XM_017317220.3	0.0368663594470046	0.8722826086956522	0.3215870199011281	0.8722826086956522	LiftOn_chaining_algorithm	frameshift;stop_codon_gain	NC_051336.1:52474732-52489191
rna-XM_036160286.1	0.0368663594470046	0.8722826086956522	0.3358309789952094	0.8722826086956522	LiftOn_chaining_algorithm	frameshift;stop_codon_gain	NC_051336.1:52474732-52498571
rna-XM_036160287.1	0.0368663594470046	0.8722826086956522	0.4342372256041321	0.8722826086956522	LiftOn_chaining_algorithm	frameshift;stop_codon_gain	NC_051336.1:52474732-52498415
rna-NM_001369232.1	0.0	0.8498253783469151	0.9037640667442765	0.8498253783469151	LiftOn_chaining_algorithm	frameshift	NC_051336.1:54700026-54725985
rna-XM_006524929.5	0.0054406964091403	0.8777506112469438	0.8375634517766497	0.8777506112469438	LiftOn_chaining_algorithm	frameshift;start_lost;stop_missing	NC_051336.1:55792554-55943118
rna-XM_006524931.4	0.007132667617689	0.862015503875969	0.8249063670411985	0.862015503875969	LiftOn_chaining_algorithm	frameshift;start_lost;stop_missing	NC_051336.1:55910594-55943118
rna-XM_006523371.5	0.0	0.8584474885844748	0.847953216374269	0.8584474885844748	LiftOn_chaining_algorithm	frameshift;start_lost;stop_missing	NC_051336.1:55983641-55993504
rna-NM_001412858.1	0.4908256880733945	0.9207920792079208	0.8793388429752066	0.9207920792079208	LiftOn_chaining_algorithm	frameshift	NC_051336.1:56484969-56490413
rna-NM_001412859.1	0.6583333333333333	0.9186046511627908	0.8931777378815081	0.9186046511627908	LiftOn_chaining_algorithm	frameshift	NC_051336.1:56484969-56490413
rna-NM_001104569.1	0.409297052154195	0.8445475638051044	0.8942084942084942	0.8445475638051044	LiftOn_chaining_algorithm	frameshift;stop_codon_gain	NC_051336.1:59027799-59075355
rna-NM_001166735.1	0.8193979933110368	0.8294314381270903	0.8940914158305463	0.8294314381270903	LiftOn_chaining_algorithm	nonsynonymous	NC_051336.1:59363865-59364755
rna-NM_001379359.1	0.0029239766081871	0.854632587859425	0.9038368139873724	0.854632587859425	LiftOn_chaining_algorithm	frameshift	NC_051336.1:61191385-61203999
rna-NM_001308323.1	0.0011441647597254	0.8542199488491049	0.8692129629629629	0.8542199488491049	LiftOn_chaining_algorithm	frameshift;start_lost;stop_codon_gain	NC_051336.1:61226391-61235543
rna-NM_009558.4	0.0011441647597254	0.8542199488491049	0.8642117376294591	0.8542199488491049	LiftOn_chaining_algorithm	frameshift;start_lost;stop_codon_gain	NC_051336.1:61226391-61235543
rna-XM_030249754.1	0.0011441647597254	0.8542199488491049	0.7937013446567587	0.8542199488491049	LiftOn_chaining_algorithm	frameshift;start_lost;stop_codon_gain	NC_051336.1:61226391-61235532
rna-NM_001331195.1	0.0060882800608828	0.6721611721611722	0.6591126715608043	0.6721611721611722	LiftOn_chaining_algorithm	frameshift;start_lost;stop_missing	NC_051336.1:62550241-62560013
rna-NM_001331196.1	0.0060882800608828	0.6721611721611722	0.6590690208667737	0.6721611721611722	LiftOn_chaining_algorithm	frameshift;start_lost;stop_missing	NC_051336.1:62550241-62560013
rna-XM_030250109.2	0.0060882800608828	0.6721611721611722	0.6687296416938111	0.6721611721611722	LiftOn_chaining_algorithm	frameshift;start_lost;stop_missing	NC_051336.1:62550241-62560013
rna-XM_030250110.2	0.0060882800608828	0.6721611721611722	0.6603409456416854	0.6721611721611722	LiftOn_chaining_algorithm	frameshift;start_lost;stop_missing	NC_051336.1:62550241-62560013
rna-XM_036160815.1	0.0060882800608828	0.6721611721611722	0.6465071151358344	0.6721611721611722	LiftOn_chaining_algorithm	frameshift;start_lost;stop_missing	NC_051336.1:62550241-62556165
rna-NM_001110254.1	0.0	0.8276729559748428	0.4974666052510363	0.8276729559748428	LiftOn_chaining_algorithm	frameshift;start_lost;stop_missing	NC_051336.1:62632209-62651910
rna-NM_001404089.1	0.0268691588785046	0.8377693282636248	0.5060223266745005	0.8377693282636248	LiftOn_chaining_algorithm	frameshift;start_lost;stop_missing	NC_051336.1:62632209-62652193
rna-XM_030249778.2	0.0268691588785046	0.8377693282636248	0.5342778793418648	0.8377693282636248	LiftOn_chaining_algorithm	frameshift;start_lost;stop_missing	NC_051336.1:62632209-62652305
rna-XM_036160594.1	0.0268691588785046	0.8377693282636248	0.5324074074074074	0.8377693282636248	LiftOn_chaining_algorithm	frameshift;start_lost;stop_missing	NC_051336.1:62632209-62652305
rna-NM_001414257.1	0.9384422110552764	0.9396984924623116	0.891515008272276	0.9396984924623116	LiftOn_chaining_algorithm	frameshift	NC_051336.1:62961795-62984988
rna-NM_001414261.1	0.9384422110552764	0.9396984924623116	0.8913200288530897	0.9396984924623116	LiftOn_chaining_algorithm	frameshift	NC_051336.1:62961795-62984988
rna-XM_036153334.1	0.7746478873239436	0.8422535211267606	0.8913857677902621	0.8422535211267606	LiftOn_chaining_algorithm	frameshift;stop_codon_gain	NC_051336.1:65517322-65524083
rna-NM_001033431.1	0.8511848341232228	0.9004739336492891	0.77336718209093	0.9004739336492891	LiftOn_chaining_algorithm	frameshift	NC_051336.1:65932614-65960991
rna-XM_006540131.5	0.8540856031128404	0.9046692607003892	0.6981450252951096	0.9046692607003892	LiftOn_chaining_algorithm	frameshift	NC_051336.1:65932584-65960991
rna-XM_017322321.3	0.851528384279476	0.9082969432314412	0.6764871458059674	0.9082969432314412	LiftOn_chaining_algorithm	frameshift	NC_051336.1:65936061-65960991
rna-NM_001004153.2	0.0365699873896595	0.9138686131386862	0.8398884239888424	0.9138686131386862	LiftOn_chaining_algorithm	frameshift	NC_051336.1:66053201-66067854
rna-XM_006539984.3	0.0366161616161616	0.9137426900584796	0.8485885372112917	0.9137426900584796	LiftOn_chaining_algorithm	frameshift	NC_051336.1:66053234-66067854
rna-NM_001362156.2	0.0	0.8331637843336724	0.8316160520607375	0.8331637843336724	LiftOn_chaining_algorithm	frameshift	NC_051336.1:66171037-66219107
rna-NM_172896.4	0.0	0.8331637843336724	0.8073177151882074	0.8331637843336724	LiftOn_chaining_algorithm	frameshift	NC_051336.1:66171037-66219107
rna-XM_011250567.1	0.0	0.837620578778135	0.7481981981981982	0.837620578778135	LiftOn_chaining_algorithm	frameshift;stop_missing	NC_051336.1:66217535-66219107
rna-XM_017321892.1	0.0047449584816132	0.7845579078455791	0.8698175787728026	0.7845579078455791	LiftOn_chaining_algorithm	frameshift	NC_051336.1:66466839-66489749
rna-XM_036152491.1	0.0066115702479338	0.7022375215146299	0.8092783505154639	0.7022375215146299	LiftOn_chaining_algorithm	frameshift;stop_missing	NC_051336.1:66466839-66472231
rna-NM_001105072.1	0.2947131608548931	0.7702227432590856	0.8679392286716011	0.7702227432590856	LiftOn_chaining_algorithm	frameshift	NC_051336.1:66544706-66556896
rna-NM_146385.1	0.95625	0.959375	0.9333333333333332	0.959375	LiftOn_chaining_algorithm	frameshift	NC_051336.1:67363959-67364917
rna-NM_001402539.1	0.0019920318725099	0.1763602251407129	0.5967202141900937	0.1763602251407129	LiftOn_chaining_algorithm	frameshift;start_lost;stop_codon_gain	NC_051336.1:67534165-67535974
rna-NM_001039143.2	0.0017123287671232	0.7901459854014599	0.8509601605044426	0.7901459854014599	LiftOn_chaining_algorithm	frameshift;start_lost	NC_051336.1:67777946-67803382
rna-NM_001305857.1	0.0017079419299743	0.7808471454880295	0.8542154566744731	0.7808471454880295	LiftOn_chaining_algorithm	frameshift;start_lost	NC_051336.1:67777946-67807040
rna-NM_011860.3	0.0016820857863751	0.7796762589928058	0.8426238738738738	0.7796762589928058	LiftOn_chaining_algorithm	frameshift;start_lost	NC_051336.1:67777946-67807040
rna-XM_011250758.1	0.7582781456953642	0.7715231788079471	0.8267419962335216	0.7715231788079471	LiftOn_chaining_algorithm	frameshift;stop_missing	NC_051336.1:68151597-68152591
rna-NM_194058.2	0.0009505703422053	0.796812749003984	0.8611028315946349	0.796812749003984	LiftOn_chaining_algorithm	frameshift	NC_051336.1:68290984-68346392
rna-XM_006539938.2	0.0009505703422053	0.796812749003984	0.7924424972617744	0.796812749003984	LiftOn_chaining_algorithm	frameshift	NC_051336.1:68290982-68346391
rna-XM_006539939.2	0.0009505703422053	0.796812749003984	0.798344827586207	0.796812749003984	LiftOn_chaining_algorithm	frameshift	NC_051336.1:68290982-68346391
rna-XM_011250563.1	0.0010111223458038	0.804004214963119	0.79786003470214	0.804004214963119	LiftOn_chaining_algorithm	frameshift	NC_051336.1:68290982-68346391
rna-XM_011250564.1	0.0010141987829614	0.7911392405063291	0.7917269308649117	0.7911392405063291	LiftOn_chaining_algorithm	frameshift	NC_051336.1:68290982-68346391
rna-NM_001362150.1	0.5636942675159236	0.5700636942675159	0.53003003003003	0.5700636942675159	LiftOn_chaining_algorithm	frameshift;stop_missing	NC_051336.1:68673095-68673969
rna-NM_030735.1	0.5636942675159236	0.5700636942675159	0.5473684210526316	0.5700636942675159	LiftOn_chaining_algorithm	frameshift;stop_missing	NC_051336.1:68673095-68673969
rna-XM_030242961.2	0.1217391304347826	0.7926829268292683	0.8665141113653699	0.7926829268292683	LiftOn_chaining_algorithm	frameshift;start_lost;stop_codon_gain	NC_051336.1:68787118-68789359
rna-XM_030242962.2	0.0	0.7859327217125383	0.8340220385674931	0.7859327217125383	LiftOn_chaining_algorithm	frameshift;start_lost;stop_codon_gain	NC_051336.1:68787118-68790040
rna-XM_036153412.1	0.0	0.7859327217125383	0.902246508803886	0.7859327217125383	LiftOn_chaining_algorithm	frameshift;start_lost;stop_codon_gain	NC_051336.1:68787118-68790476
rna-NM_001200041.1	0.924198250728863	0.9300291545189504	0.8008766437069506	0.9300291545189504	LiftOn_chaining_algorithm	frameshift	NC_051336.1:68868433-68873240
rna-XM_006540133.5	0.925414364640884	0.930939226519337	0.8096710711273545	0.930939226519337	LiftOn_chaining_algorithm	frameshift	NC_051336.1:68867902-68873253
rna-XM_006540135.3	0.924198250728863	0.9300291545189504	0.7974326862867878	0.9300291545189504	LiftOn_chaining_algorithm	frameshift	NC_051336.1:68866056-68873253
rna-XM_030242715.1	0.924198250728863	0.9300291545189504	0.7964105440269209	0.9300291545189504	LiftOn_chaining_algorithm	frameshift;start_lost	NC_051336.1:68859657-68873253
rna-XM_036153195.1	0.924198250728863	0.9300291545189504	0.7603839763706849	0.9300291545189504	LiftOn_chaining_algorithm	frameshift	NC_051336.1:68850844-68873253
rna-XM_036153196.1	0.924198250728863	0.9300291545189504	0.7593462333270712	0.9300291545189504	LiftOn_chaining_algorithm	frameshift	NC_051336.1:68850844-68873253
rna-XM_006540434.4	0.0330578512396694	0.4469026548672566	0.7572944297082228	0.4469026548672566	LiftOn_chaining_algorithm	frameshift;start_lost;stop_codon_gain	NC_051336.1:69063304-69065198
rna-NM_172895.3	0.7748344370860927	0.7735099337748345	0.8685651697699891	0.7735099337748345	LiftOn_chaining_algorithm	frameshift	NC_051336.1:69077210-69093877
rna-NM_001417402.1	0.8778625954198473	1.0	0.7311608961303462	1.0	LiftOn_chaining_algorithm	synonymous	NC_051336.1:69312483-69314939
rna-NM_001163014.1	0.2929936305732484	0.8598726114649682	0.7894736842105263	0.8598726114649682	LiftOn_chaining_algorithm	frameshift	NC_051336.1:69465827-69471025
rna-XM_006539909.4	0.3097643097643097	0.8585858585858586	0.3923357664233576	0.8585858585858586	LiftOn_chaining_algorithm	frameshift	NC_051336.1:69465739-69516213
rna-XM_006539910.4	0.0462962962962962	0.8703703703703703	0.3748908932208321	0.8703703703703703	LiftOn_chaining_algorithm	frameshift	NC_051336.1:69465739-69516213
rna-NM_177690.3	0.7516714422158548	0.8080229226361032	0.8669965075669382	0.8080229226361032	LiftOn_chaining_algorithm	frameshift	NC_051336.1:69515292-69554495
rna-NM_001368364.1	0.643312101910828	0.8949044585987261	0.623972602739726	0.8949044585987261	LiftOn_chaining_algorithm	frameshift	NC_051336.1:69619088-69622594
rna-NM_010746.3	0.6533742331288344	0.8957055214723927	0.6389078498293516	0.8957055214723927	LiftOn_chaining_algorithm	frameshift	NC_051336.1:69619088-69622584
rna-NM_001113474.1	0.6742424242424242	0.7159090909090909	0.6138834680791748	0.7159090909090909	LiftOn_chaining_algorithm	frameshift	NC_051336.1:70157610-70187505
rna-NM_001302675.1	0.64	0.6888888888888889	0.6040345821325649	0.6888888888888889	LiftOn_chaining_algorithm	frameshift	NC_051336.1:70157610-70187505
rna-NM_001302677.1	0.6869565217391305	0.782608695652174	0.5875399361022364	0.782608695652174	LiftOn_chaining_algorithm	frameshift	NC_051336.1:70157610-70187505
rna-NM_178611.6	0.7337662337662337	0.8051948051948052	0.5990144748999076	0.8051948051948052	LiftOn_chaining_algorithm	frameshift	NC_051336.1:70157610-70187505
rna-XM_006540175.4	0.6742424242424242	0.7159090909090909	0.5736633201027317	0.7159090909090909	LiftOn_chaining_algorithm	frameshift	NC_051336.1:70155454-70187505
rna-XM_006540176.4	0.6742424242424242	0.7159090909090909	0.5649649165255263	0.7159090909090909	LiftOn_chaining_algorithm	frameshift	NC_051336.1:70157452-70187505
rna-XM_006540183.5	0.0071428571428571	0.7794117647058824	0.5717916137229987	0.7794117647058824	LiftOn_chaining_algorithm	frameshift;start_lost	NC_051336.1:70184331-70187505
rna-NM_001355151.1	0.6747685185185185	0.7638888888888888	0.8269520651190835	0.7638888888888888	LiftOn_chaining_algorithm	frameshift	NC_051336.1:70425690-70475506
rna-NM_172481.2	0.6747685185185185	0.7638888888888888	0.8290391027584116	0.7638888888888888	LiftOn_chaining_algorithm	frameshift	NC_051336.1:70425690-70475534
rna-NM_001310620.1	0.9525101763907734	0.9538670284938942	0.7681455735023512	0.9538670284938942	LiftOn_chaining_algorithm	frameshift;start_lost	NC_051336.1:73001092-73008734
rna-NM_026112.4	0.8830188679245283	0.9358490566037736	0.8067522783761392	0.9358490566037736	LiftOn_chaining_algorithm	frameshift	NC_051336.1:73001092-73008734
rna-XM_006540320.4	0.9285714285714286	0.9417989417989416	0.7656033287101248	0.9417989417989416	LiftOn_chaining_algorithm	frameshift;start_lost	NC_051336.1:73001092-73008156
rna-XM_017312332.2	0.7010869565217391	0.7663043478260869	0.8558823529411764	0.7663043478260869	LiftOn_chaining_algorithm	frameshift;stop_missing	NC_051336.1:73026044-73048164
rna-NM_001104645.1	0.46	0.8542199488491049	0.8847945785684033	0.8542199488491049	LiftOn_chaining_algorithm	frameshift;stop_missing	NC_051336.1:73137576-73152521
rna-NM_001374650.2	0.4756637168141593	0.8794326241134752	0.9020070838252656	0.8794326241134752	LiftOn_chaining_algorithm	frameshift;stop_missing	NC_051336.1:73137576-73156082
rna-XM_036152486.1	0.4786418400876232	0.8783625730994152	0.8945628214548126	0.8783625730994152	LiftOn_chaining_algorithm	frameshift;stop_missing	NC_051336.1:73137576-73156234
rna-NM_145847.1	0.7119741100323624	0.7378640776699029	0.8211206896551724	0.7378640776699029	LiftOn_chaining_algorithm	frameshift	NC_051336.1:74108003-74108892
rna-XM_017322297.1	0.961783439490446	0.9681528662420382	0.6467532467532467	0.9681528662420382	LiftOn_chaining_algorithm	frameshift;start_lost	NC_051336.1:74355430-74363829
rna-XM_017322298.2	0.961783439490446	0.9681528662420382	0.5100368701351905	0.9681528662420382	LiftOn_chaining_algorithm	frameshift;start_lost	NC_051336.1:74355430-74363829
rna-NM_001101586.3	0.4195804195804196	0.7867132867132867	0.835511982570806	0.7867132867132867	LiftOn_chaining_algorithm	frameshift;start_lost	NC_051336.1:75465082-75508115
rna-NM_001113330.1	0.0	0.9629629629629628	0.7316569066482949	0.9629629629629628	LiftOn_chaining_algorithm	frameshift	NC_051336.1:76538793-76545850
rna-XM_036162784.1	0.9776119402985076	0.9849624060150376	0.9359223300970874	0.9849624060150376	LiftOn_chaining_algorithm	frameshift	NC_051336.1:76616554-76617066
rna-XM_036159030.1	0.0186915887850467	0.6394230769230769	0.6027397260273972	0.6394230769230769	LiftOn_chaining_algorithm	frameshift;start_lost	NC_051336.1:76622576-76623053
rna-NM_001347561.1	0.2030456852791878	0.972707423580786	0.9302325581395348	0.972707423580786	LiftOn_chaining_algorithm	frameshift	NC_051336.1:76818509-76848189
rna-NM_148946.3	0.201816347124117	0.972885032537961	0.930497051390059	0.972885032537961	LiftOn_chaining_algorithm	frameshift	NC_051336.1:76818509-76848189
rna-XM_006539471.5	0.2254791431792559	0.9734620024125452	0.8585138469975322	0.9734620024125452	LiftOn_chaining_algorithm	frameshift	NC_051336.1:76816514-76848599
rna-XM_006540057.5	0.7879581151832461	0.8089005235602095	0.6860779020439646	0.8089005235602095	LiftOn_chaining_algorithm	frameshift;start_lost	NC_051336.1:76931225-76933198
rna-NM_001285891.1	0.6780626780626781	0.9544159544159544	0.615343057806591	0.9544159544159544	LiftOn_chaining_algorithm	frameshift	NC_051336.1:77031752-77087043
rna-NM_001285892.1	0.7264437689969605	0.9270516717325228	0.5947488584474886	0.9270516717325228	LiftOn_chaining_algorithm	frameshift;stop_missing	NC_051336.1:77034586-77087043
rna-NM_019748.3	0.6780626780626781	0.9544159544159544	0.8478366553232863	0.9544159544159544	LiftOn_chaining_algorithm	frameshift	NC_051336.1:77030964-77087043
rna-NM_001418927.1	0.1567164179104477	0.9699248120300752	0.9221789883268484	0.9699248120300752	LiftOn_chaining_algorithm	frameshift	NC_051336.1:77165357-77167149
rna-NM_172739.4	0.8643282594308405	0.994	0.924879312374897	0.994	LiftOn_chaining_algorithm	frameshift	NC_051336.1:77202436-77319298
rna-XM_006539809.5	0.8643282594308405	0.994	0.9256188416246096	0.994	LiftOn_chaining_algorithm	frameshift	NC_051336.1:77202962-77319687
rna-XM_011250512.4	0.8643282594308405	0.994	0.9259126700071582	0.994	LiftOn_chaining_algorithm	frameshift	NC_051336.1:77202962-77319687
rna-XM_036152945.1	0.8643282594308405	0.994	0.925766797947249	0.994	LiftOn_chaining_algorithm	frameshift	NC_051336.1:77202962-77319687
rna-NM_175315.1	0.0117647058823529	0.8382978723404255	0.8588738417676408	0.8382978723404255	LiftOn_chaining_algorithm	frameshift	NC_051336.1:77368376-77372754
rna-NM_011927.4	0.0	0.9063829787234042	0.694578313253012	0.9063829787234042	LiftOn_chaining_algorithm	frameshift;start_lost	NC_051336.1:77408013-77410757
rna-NM_001417155.1	0.659877800407332	0.9937238493723848	0.9640141915864168	0.9937238493723848	LiftOn_chaining_algorithm	frameshift	NC_051336.1:77690208-77714481
rna-NM_011155.3	0.6744639376218323	0.994	0.9637076998528692	0.994	LiftOn_chaining_algorithm	frameshift	NC_051336.1:77690208-77714481
rna-XM_006539663.5	0.597051597051597	1.0	0.9399903984637542	1.0	LiftOn_chaining_algorithm	synonymous	NC_051336.1:77690206-77711347
rna-XM_017322043.2	0.597051597051597	1.0	0.9557086614173228	1.0	LiftOn_chaining_algorithm	synonymous	NC_051336.1:77690206-77714203
rna-XM_030242236.2	0.597051597051597	1.0	0.96044895777659	1.0	LiftOn_chaining_algorithm	synonymous	NC_051336.1:77690206-77711905
rna-NM_001162950.1	0.912781954887218	0.9443609022556392	0.844179270154017	0.9443609022556392	LiftOn_chaining_algorithm	frameshift	NC_051336.1:77717590-77749765
rna-NM_016868.3	0.9125188536953244	0.9441930618401206	0.8444106674036203	0.9441930618401206	LiftOn_chaining_algorithm	frameshift	NC_051336.1:77717590-77744103
rna-XM_011250628.3	0.9064039408866996	0.9408866995073892	0.8416644150229667	0.9408866995073892	LiftOn_chaining_algorithm	frameshift	NC_051336.1:77717669-77748505
rna-NM_001310628.1	0.7575757575757576	0.76010101010101	0.257123473541384	0.76010101010101	LiftOn_chaining_algorithm	frameshift;start_lost;stop_missing	NC_051336.1:77778346-77788691
rna-XM_006540007.4	0.0056818181818181	0.7017045454545454	0.6996644295302014	0.7017045454545454	LiftOn_chaining_algorithm	frameshift;start_lost	NC_051336.1:78421770-78431485
rna-NM_009402.2	0.0255102040816326	0.8579234972677595	0.8333333333333334	0.8579234972677595	LiftOn_chaining_algorithm	frameshift	NC_051336.1:78535861-78537027
rna-NM_001159671.2	0.6365638766519823	0.8766519823788547	0.8932757557063541	0.8766519823788547	LiftOn_chaining_algorithm	frameshift	NC_051336.1:78700804-78720468
rna-NM_001415787.1	0.7719298245614035	0.8621553884711779	0.8905380333951762	0.8621553884711779	LiftOn_chaining_algorithm	frameshift	NC_051336.1:78700804-78720468
rna-NM_031255.3	0.7602256699576869	0.913963328631876	0.9124056999161776	0.913963328631876	LiftOn_chaining_algorithm	frameshift	NC_051336.1:78700804-78720468
rna-XM_006540443.3	0.8365817091454273	0.9085457271364318	0.9111389236545682	0.9085457271364318	LiftOn_chaining_algorithm	frameshift	NC_051336.1:78700784-78720419
rna-XM_006540444.2	0.8532110091743119	0.908256880733945	0.9096692111959288	0.908256880733945	LiftOn_chaining_algorithm	frameshift	NC_051336.1:78700784-78720419
rna-NM_026943.2	0.9296875	0.9915966386554622	0.8911439114391144	0.9915966386554622	LiftOn_chaining_algorithm	frameshift	NC_051336.1:78798377-78801227
rna-XM_030241969.1	0.9296875	0.9915966386554622	0.8908857509627728	0.9915966386554622	LiftOn_chaining_algorithm	frameshift	NC_051336.1:78798012-78801231
rna-NM_028153.2	0.096945551128818	0.9611360239162928	0.9456568249893024	0.9611360239162928	LiftOn_chaining_algorithm	frameshift	NC_051336.1:78832890-78859342
rna-NM_001370800.1	0.5	0.9784810126582278	0.9177262528047868	0.9784810126582278	LiftOn_chaining_algorithm	frameshift	NC_051336.1:79113867-79145359
rna-NM_001110009.2	0.6741573033707865	0.8426966292134831	0.6805555555555556	0.8426966292134831	LiftOn_chaining_algorithm	inframe_deletion	NC_051336.1:79349624-79350361
rna-NM_007469.5	0.6741573033707865	0.8426966292134831	0.7171171171171171	0.8426966292134831	LiftOn_chaining_algorithm	frameshift	NC_051336.1:79349624-79350361
rna-NM_008990.3	0.6704331450094162	0.9642184557438794	0.923523015585357	0.9642184557438794	LiftOn_chaining_algorithm	frameshift	NC_051336.1:79372102-79407408
rna-NM_001364024.1	0.0697674418604651	0.6008064516129032	0.7835348301669545	0.6008064516129032	LiftOn_chaining_algorithm	frameshift;start_lost;stop_missing	NC_051336.1:79591522-79599480
rna-NM_027839.2	0.7058823529411765	0.8096885813148789	0.8062706270627062	0.8096885813148789	LiftOn_chaining_algorithm	frameshift	NC_051336.1:79622035-79644866
rna-XM_006540360.2	0.7034482758620689	0.8103448275862069	0.8603839441535777	0.8103448275862069	LiftOn_chaining_algorithm	frameshift	NC_051336.1:79621974-79644157
rna-XM_036153283.1	0.8156108597285068	0.8167420814479638	0.8133159268929504	0.8167420814479638	LiftOn_chaining_algorithm	frameshift	NC_051336.1:79676542-79691858
rna-XM_036153285.1	0.8135011441647597	0.8146453089244852	0.8143929588402796	0.8146453089244852	LiftOn_chaining_algorithm	frameshift	NC_051336.1:79676542-79691858
rna-XM_036153286.1	0.8126436781609195	0.8137931034482758	0.8140742664243054	0.8137931034482758	LiftOn_chaining_algorithm	frameshift	NC_051336.1:79676542-79691858
rna-XM_036153287.1	0.8126436781609195	0.8137931034482758	0.8274647887323944	0.8137931034482758	LiftOn_chaining_algorithm	frameshift	NC_051336.1:79683793-79691858
rna-NM_019940.2	0.8017118402282454	0.8031383737517832	0.6860479718698983	0.8031383737517832	LiftOn_chaining_algorithm	frameshift;start_lost;stop_codon_gain	NC_051336.1:79758239-79769557
rna-NM_001360168.1	0.7162576687116564	0.9524564183835182	0.9214256784123128	0.9524564183835182	LiftOn_chaining_algorithm	frameshift	NC_051336.1:80140727-80168703
rna-NM_001360169.1	0.6720430107526881	0.947858472998138	0.8006769462203837	0.947858472998138	LiftOn_chaining_algorithm	frameshift	NC_051336.1:80145560-80168703
rna-NM_009532.5	0.7166921898928025	0.9525316455696202	0.9215210355987056	0.9525316455696202	LiftOn_chaining_algorithm	frameshift	NC_051336.1:80140727-80168703
rna-NM_001102613.1	0.9106317411402156	0.9137134052388288	0.911353711790393	0.9137134052388288	LiftOn_chaining_algorithm	frameshift	NC_051336.1:80201567-80219540
rna-XM_017322157.3	0.9106317411402156	0.9137134052388288	0.9081168831168832	0.9137134052388288	LiftOn_chaining_algorithm	frameshift	NC_051336.1:80200526-80219539
rna-NM_026862.4	0.6894865525672371	0.7591687041564792	0.8410404624277457	0.7591687041564792	LiftOn_chaining_algorithm	frameshift	NC_051336.1:80340034-80360553
rna-NM_007675.4	0.3609022556390977	0.5037593984962406	0.5947712418300654	0.5037593984962406	LiftOn_chaining_algorithm	frameshift;stop_missing	NC_051336.1:80376656-80382945
rna-NM_001039243.4	0.4963503649635036	0.8686131386861314	0.8138766519823789	0.8686131386861314	LiftOn_chaining_algorithm	frameshift	NC_051336.1:81123551-81124263
rna-NM_001403510.1	0.9504310344827588	0.9525862068965516	0.9165237278444824	0.9525862068965516	LiftOn_chaining_algorithm	frameshift	NC_051336.1:81138946-81167728
rna-NM_010000.2	0.4735772357723577	0.806910569105691	0.8275316455696202	0.806910569105691	LiftOn_chaining_algorithm	frameshift	NC_051336.1:81601695-81608566
rna-NM_013809.1	0.9474747474747476	0.9494949494949496	0.9064516129032258	0.9494949494949496	LiftOn_chaining_algorithm	frameshift	NC_051336.1:82145641-82156819
rna-NM_133657.1	0.0078585461689587	0.8843813387423936	0.8058717795086878	0.8843813387423936	LiftOn_chaining_algorithm	frameshift	NC_051336.1:82234702-82241251
rna-NM_019394.3	0.8854961832061069	0.9389312977099236	0.8063380281690141	0.9389312977099236	LiftOn_chaining_algorithm	frameshift	NC_051336.1:82474342-82475462
rna-NM_001113549.1	0.9519050593379138	0.9550281074328544	0.9278490859587708	0.9550281074328544	LiftOn_chaining_algorithm	frameshift	NC_051336.1:82600141-82628123
rna-NM_175641.2	0.943011397720456	0.946010797840432	0.924574209245742	0.946010797840432	LiftOn_chaining_algorithm	frameshift	NC_051336.1:82600141-82632223
rna-XM_006539457.5	0.9425216316440048	0.945611866501854	0.9241286347005584	0.945611866501854	LiftOn_chaining_algorithm	frameshift	NC_051336.1:82600141-82632218
rna-XM_006539458.4	0.951948051948052	0.9551948051948052	0.9254759011745646	0.9551948051948052	LiftOn_chaining_algorithm	frameshift	NC_051336.1:82600141-82634197
rna-XM_030241972.2	0.9498305084745764	0.9532203389830508	0.9267973856209152	0.9532203389830508	LiftOn_chaining_algorithm	frameshift	NC_051336.1:82600141-82634156
rna-XM_036152563.1	0.0080042689434365	0.9468215158924206	0.9205260148656376	0.9468215158924206	LiftOn_chaining_algorithm	frameshift	NC_051336.1:82600141-82630563
rna-NM_138676.2	0.7813822284908322	0.9730496453900708	0.9316928298684768	0.9730496453900708	LiftOn_chaining_algorithm	frameshift	NC_051336.1:82636801-82650377
rna-XM_006539667.2	0.7824858757062146	0.9730113636363636	0.9315300084530854	0.9730113636363636	LiftOn_chaining_algorithm	frameshift	NC_051336.1:82636797-82650384
rna-XM_006539668.2	0.7048543689320388	0.9686888454011742	0.9315746084089036	0.9686888454011742	LiftOn_chaining_algorithm	frameshift	NC_051336.1:82636797-82650384
rna-XM_017322044.1	0.7622699386503068	0.970679012345679	0.9303912647861692	0.970679012345679	LiftOn_chaining_algorithm	frameshift	NC_051336.1:82636797-82650384
rna-XM_036152797.1	0.7634408602150538	0.9706336939721792	0.9302961275626423	0.9706336939721792	LiftOn_chaining_algorithm	frameshift	NC_051336.1:82636797-82650384
rna-NM_007991.4	0.2969187675070028	0.9847560975609756	0.8888888888888888	0.9847560975609756	LiftOn_chaining_algorithm	frameshift	NC_051336.1:83468967-83478939
rna-NM_175319.5	0.8496583143507973	0.9498861047835992	0.9003260363297625	0.9498861047835992	LiftOn_chaining_algorithm	frameshift	NC_051336.1:83897846-83921087
rna-XM_006539450.3	0.8496583143507973	0.9498861047835992	0.8428259575312562	0.9498861047835992	LiftOn_chaining_algorithm	frameshift	NC_051336.1:83895271-83920836
rna-NM_001360250.1	0.0	0.9714285714285714	0.6300940438871473	0.9714285714285714	LiftOn_chaining_algorithm	frameshift	NC_051336.1:84025896-84026514
rna-NM_001360252.1	0.0	0.9714285714285714	0.8567375886524823	0.9714285714285714	LiftOn_chaining_algorithm	frameshift	NC_051336.1:84025896-84026514
rna-NM_001360254.1	0.0	0.9097744360902256	0.7626886145404664	0.9097744360902256	LiftOn_chaining_algorithm	frameshift;start_lost	NC_051336.1:84025896-84026514
rna-NM_011885.5	0.0	0.9714285714285714	0.8072289156626506	0.9714285714285714	LiftOn_chaining_algorithm	frameshift	NC_051336.1:84025896-84026514
rna-XM_055019553.1	0.6963042313872523	0.7129084092126406	0.7937425607889814	0.7129084092126406	LiftOn_chaining_algorithm	frameshift;stop_missing	NC_051336.1:84871242-84891985
rna-XM_030242389.2	0.047087980173482	0.8185483870967742	0.8254437869822485	0.8185483870967742	LiftOn_chaining_algorithm	frameshift	NC_051336.1:85117523-85121841
rna-NM_178384.4	0.0097222222222222	0.913235294117647	0.8372788437577872	0.913235294117647	LiftOn_chaining_algorithm	frameshift	NC_051336.1:85158274-85183410
rna-XM_006540385.5	0.0097222222222222	0.913235294117647	0.8399604840701408	0.913235294117647	LiftOn_chaining_algorithm	frameshift	NC_051336.1:85158148-85183499
rna-XM_011250720.4	0.0097222222222222	0.913235294117647	0.8369616658778988	0.913235294117647	LiftOn_chaining_algorithm	frameshift	NC_051336.1:85158148-85183499
rna-NM_001358860.1	0.9402390438247012	0.9422310756972112	0.7624132407901761	0.9422310756972112	LiftOn_chaining_algorithm	frameshift	NC_051336.1:85267985-85285811
rna-NM_011748.2	0.9402390438247012	0.9422310756972112	0.7436028659160696	0.9422310756972112	LiftOn_chaining_algorithm	frameshift	NC_051336.1:85267987-85285811
rna-NM_178733.5	0.9402390438247012	0.9422310756972112	0.7427828348504552	0.9422310756972112	LiftOn_chaining_algorithm	frameshift	NC_051336.1:85267987-85285811
rna-XM_030242567.2	0.9402390438247012	0.9422310756972112	0.7496406324868232	0.9422310756972112	LiftOn_chaining_algorithm	frameshift;start_lost	NC_051336.1:85267985-85285838
rna-XM_036153085.1	0.9402390438247012	0.9422310756972112	0.7503331112591606	0.9422310756972112	LiftOn_chaining_algorithm	frameshift	NC_051336.1:85267985-85286750
rna-XM_036153086.1	0.9402390438247012	0.9422310756972112	0.5783412818425032	0.9422310756972112	LiftOn_chaining_algorithm	frameshift	NC_051336.1:85267985-85286750
rna-XM_036153088.1	0.9402390438247012	0.9422310756972112	0.5348668981481481	0.9422310756972112	LiftOn_chaining_algorithm	frameshift;start_lost	NC_051336.1:85267985-85285838
rna-XM_036153089.1	0.9402390438247012	0.9422310756972112	0.5329845975007266	0.9422310756972112	LiftOn_chaining_algorithm	frameshift	NC_051336.1:85267985-85285811
rna-XM_036153090.1	0.9402390438247012	0.9422310756972112	0.7481927710843373	0.9422310756972112	LiftOn_chaining_algorithm	frameshift	NC_051336.1:85267985-85285816
rna-XM_036153091.1	0.9402390438247012	0.9422310756972112	0.743208610968734	0.9422310756972112	LiftOn_chaining_algorithm	frameshift;start_lost	NC_051336.1:85267985-85285805
rna-XM_036153092.1	0.9402390438247012	0.9422310756972112	0.7603247440875397	0.9422310756972112	LiftOn_chaining_algorithm	frameshift	NC_051336.1:85267985-85286750
rna-XM_036153093.1	0.9402390438247012	0.9422310756972112	0.7643378519290928	0.9422310756972112	LiftOn_chaining_algorithm	frameshift;start_lost	NC_051336.1:85267985-85285838
rna-XM_036153094.1	0.9402390438247012	0.9422310756972112	0.7629299028616435	0.9422310756972112	LiftOn_chaining_algorithm	frameshift	NC_051336.1:85267985-85285814
rna-NM_001360648.1	0.654639175257732	0.9742268041237112	0.8274044795783926	0.9742268041237112	LiftOn_chaining_algorithm	frameshift	NC_051336.1:85479119-85482949
rna-NM_001360649.1	0.8702702702702703	0.9675675675675676	0.7422524565381708	0.9675675675675676	LiftOn_chaining_algorithm	frameshift	NC_051336.1:85479168-85483768
rna-NM_025548.4	0.7142857142857143	0.9673469387755104	0.8395331874544129	0.9673469387755104	LiftOn_chaining_algorithm	frameshift	NC_051336.1:85479119-85483768
rna-NM_001408660.1	0.2801672640382318	0.9235255994815296	0.9317710493571132	0.9235255994815296	LiftOn_chaining_algorithm	frameshift	NC_051336.1:85491531-85530637
rna-NM_001408661.1	0.2806702573309395	0.9233766233766234	0.9316434656139622	0.9233766233766234	LiftOn_chaining_algorithm	frameshift	NC_051336.1:85491531-85530637
rna-NM_001408662.1	0.2803347280334728	0.92442996742671	0.9320550229262192	0.92442996742671	LiftOn_chaining_algorithm	frameshift	NC_051336.1:85491531-85530637
rna-NM_001408663.1	0.2825301204819277	0.924738219895288	0.93217500523341	0.924738219895288	LiftOn_chaining_algorithm	frameshift	NC_051336.1:85491531-85530637
rna-NM_001408664.1	0.2837265577737447	0.9250493096646942	0.932296047098402	0.9250493096646942	LiftOn_chaining_algorithm	frameshift	NC_051336.1:85491531-85530637
rna-NM_001408665.1	0.2845873786407767	0.9255599472990778	0.9332209816726352	0.9255599472990778	LiftOn_chaining_algorithm	frameshift	NC_051336.1:85491531-85530637
rna-NM_001408666.1	0.2880835380835381	0.9261477045908184	0.9336452573373032	0.9261477045908184	LiftOn_chaining_algorithm	frameshift	NC_051336.1:85491531-85530637
rna-NM_001408667.1	0.2828709288299155	0.9254823685961412	0.932581880051042	0.9254823685961412	LiftOn_chaining_algorithm	frameshift	NC_051336.1:85491531-85530637
rna-NM_001408668.1	0.2877300613496932	0.9272848565710472	0.9339019189765458	0.9272848565710472	LiftOn_chaining_algorithm	frameshift	NC_051336.1:85491531-85530637
rna-NM_146186.4	0.2832125603864734	0.9251968503937008	0.932423924449108	0.9251968503937008	LiftOn_chaining_algorithm	frameshift	NC_051336.1:85491531-85530637
rna-XM_006539877.5	0.2802623732856291	0.9246263807667316	0.924459743736852	0.9246263807667316	LiftOn_chaining_algorithm	frameshift	NC_051336.1:85491531-85531056
rna-XM_011250540.4	0.2794292508917955	0.9232753062540296	0.9240265906932572	0.9232753062540296	LiftOn_chaining_algorithm	frameshift	NC_051336.1:85491531-85531056
rna-XM_011250541.4	0.2799285288862418	0.9231266149870802	0.923896499238965	0.9231266149870802	LiftOn_chaining_algorithm	frameshift	NC_051336.1:85491531-85531056
rna-XM_011250542.4	0.2790973871733966	0.9243208279430788	0.9243809523809524	0.9243208279430788	LiftOn_chaining_algorithm	frameshift	NC_051336.1:85491531-85531056
rna-XM_011250543.4	0.275175644028103	0.923679060665362	0.9241988102091728	0.923679060665362	LiftOn_chaining_algorithm	frameshift	NC_051336.1:85491531-85531056
rna-XM_011250544.4	0.2824519230769231	0.924934725848564	0.9245391705069124	0.924934725848564	LiftOn_chaining_algorithm	frameshift	NC_051336.1:85491531-85531056
rna-XM_011250545.4	0.2833031946955998	0.9254414650098104	0.925370263512214	0.9254414650098104	LiftOn_chaining_algorithm	frameshift	NC_051336.1:85491531-85531056
rna-XM_030242457.1	0.0016611295681063	0.89924670433145	0.9268191268191268	0.89924670433145	LiftOn_chaining_algorithm	frameshift	NC_051336.1:85491531-85530578
rna-NM_001364179.1	0.0263157894736842	0.8846153846153846	0.8664281454979129	0.8846153846153846	LiftOn_chaining_algorithm	frameshift	NC_051336.1:85806145-85809072
rna-XM_011250734.4	0.1560283687943262	0.9612403100775194	0.9205974842767296	0.9612403100775194	LiftOn_chaining_algorithm	frameshift	NC_051336.1:85809074-85813225
rna-XM_017312369.3	0.1185185185185185	0.959349593495935	0.9209621993127148	0.959349593495935	LiftOn_chaining_algorithm	frameshift	NC_051336.1:85809074-85812989
rna-XM_011250663.3	0.0176991150442477	0.9289099526066352	0.8893709327548807	0.9289099526066352	LiftOn_chaining_algorithm	frameshift;start_lost	NC_051336.1:85841930-85843128
rna-NM_001290631.1	0.0	0.9002267573696145	0.8151950718685832	0.9002267573696145	LiftOn_chaining_algorithm	frameshift	NC_051336.1:85979385-85986844
rna-NM_008085.2	0.8428246013667426	0.89749430523918	0.8343475321162948	0.89749430523918	LiftOn_chaining_algorithm	frameshift	NC_051336.1:85979385-85989191
rna-XM_006540028.3	0.2621502209131075	0.8068350668647846	0.7899523122989908	0.8068350668647846	LiftOn_chaining_algorithm	frameshift	NC_051336.1:85981797-86006034
rna-NM_001287217.2	0.7944444444444444	0.8	0.8682352941176471	0.8	LiftOn_chaining_algorithm	frameshift	NC_051336.1:86267932-86277339
rna-NM_001417006.1	0.7944444444444444	0.8	0.8677494199535963	0.8	LiftOn_chaining_algorithm	frameshift	NC_051336.1:86267932-86277339
rna-NM_001417008.1	0.7976190476190477	0.8035714285714286	0.8673218673218673	0.8035714285714286	LiftOn_chaining_algorithm	frameshift	NC_051336.1:86267932-86277339
rna-NM_001276269.1	0.0093632958801498	0.9484304932735426	0.9175199089874858	0.9484304932735426	LiftOn_chaining_algorithm	frameshift	NC_051336.1:86337081-86348931
rna-XM_006540184.3	0.9616336633663366	0.9678217821782178	0.9391570360299116	0.9678217821782178	LiftOn_chaining_algorithm	frameshift	NC_051336.1:86367001-86393306
rna-XM_006540185.5	0.9614427860696516	0.9676616915422884	0.9391868807652888	0.9676616915422884	LiftOn_chaining_algorithm	frameshift	NC_051336.1:86367001-86393304
rna-XM_006540188.3	0.9737609329446064	0.9810495626822158	0.9277238403451996	0.9810495626822158	LiftOn_chaining_algorithm	frameshift	NC_051336.1:86367001-86389535
rna-NM_001360710.1	0.7797202797202797	0.8146853146853147	0.6643717728055077	0.8146853146853147	LiftOn_chaining_algorithm	frameshift	NC_051336.1:86816178-86822551
rna-NM_026549.4	0.736986301369863	0.8493150684931506	0.7614329268292683	0.8493150684931506	LiftOn_chaining_algorithm	frameshift	NC_051336.1:86812910-86822551
rna-NM_008155.4	0.3494363929146538	0.9373881932021468	0.8523178807947019	0.9373881932021468	LiftOn_chaining_algorithm	frameshift	NC_051336.1:86827327-86856132
rna-NM_028120.3	0.0231749710312862	0.8952020202020202	0.826570173171362	0.8952020202020202	LiftOn_chaining_algorithm	frameshift	NC_051336.1:88058230-88101185
rna-NM_001368387.1	0.9342723004694836	0.9366197183098592	0.848592115848753	0.9366197183098592	LiftOn_chaining_algorithm	frameshift;start_lost	NC_051336.1:88133371-88200741
rna-NM_028034.2	0.9044117647058824	0.9117647058823528	0.8121546961325967	0.9117647058823528	LiftOn_chaining_algorithm	frameshift;start_lost	NC_051336.1:88163022-88200741
rna-XM_011250707.4	0.9352112676056338	0.9394366197183098	0.8596059113300493	0.9394366197183098	LiftOn_chaining_algorithm	frameshift;start_lost	NC_051336.1:88153507-88200741
rna-XM_030242998.2	0.9338709677419356	0.9362903225806452	0.8381709096805579	0.9362903225806452	LiftOn_chaining_algorithm	frameshift;start_lost	NC_051336.1:88133371-88200741
rna-XM_030243001.2	0.9332784184514004	0.9357495881383856	0.8362621120052554	0.9357495881383856	LiftOn_chaining_algorithm	frameshift;start_lost	NC_051336.1:88133371-88200741
rna-XM_036153270.1	0.0375	0.3448275862068966	0.8471337579617835	0.3448275862068966	LiftOn_chaining_algorithm	frameshift;start_lost;stop_codon_gain	NC_051336.1:88305901-88311002
rna-XM_036162767.1	0.906040268456376	0.912751677852349	0.4736842105263157	0.912751677852349	LiftOn_chaining_algorithm	frameshift	NC_051336.1:89563046-89563552
rna-XM_006539677.4	0.00177304964539	0.9074074074074074	0.8720968269545306	0.9074074074074074	LiftOn_chaining_algorithm	frameshift	NC_051336.1:90646392-90708986
rna-NM_001085385.1	0.9090909090909092	0.9154929577464788	0.8105688709211666	0.9154929577464788	LiftOn_chaining_algorithm	frameshift	NC_051336.1:90873014-90887206
rna-NM_028166.3	0.9090909090909092	0.9154929577464788	0.8124425375421391	0.9154929577464788	LiftOn_chaining_algorithm	frameshift	NC_051336.1:90873582-90887206
rna-XM_017322169.3	0.8936651583710408	0.8959276018099548	0.8467299051422865	0.8959276018099548	LiftOn_chaining_algorithm	frameshift;stop_missing	NC_051336.1:91087409-91109588
rna-NM_207248.3	0.0100286532951289	0.8262243285939969	0.842807711319822	0.8262243285939969	LiftOn_chaining_algorithm	frameshift;start_lost	NC_051336.1:92676044-92677943
rna-NM_183167.4	0.0024570024570024	0.0	0.0127627627627627	0.0	Liftoff_truncated	frameshift;stop_missing	NC_051336.1:93019406-93019439
rna-XM_036152965.1	0.00920245398773	0.7677966101694915	0.8695826645264848	0.7677966101694915	LiftOn_chaining_algorithm	frameshift;start_lost	NC_051336.1:93767951-93776700
rna-XM_036152966.1	0.0092449922958397	0.767402376910017	0.8694254720771394	0.767402376910017	LiftOn_chaining_algorithm	frameshift;start_lost	NC_051336.1:93767951-93776700
rna-XM_017322170.3	0.9060052219321147	0.95822454308094	0.8336038961038961	0.95822454308094	LiftOn_chaining_algorithm	frameshift	NC_051336.1:94115390-94121215
rna-XM_006540956.4	0.0032786885245901	0.8714859437751004	0.7016393442622951	0.8714859437751004	LiftOn_chaining_algorithm	frameshift;start_lost	NC_051336.1:94122969-94137210
rna-NM_174865.2	0.7607843137254902	0.9372549019607844	0.5970496894409938	0.9372549019607844	LiftOn_chaining_algorithm	frameshift	NC_051336.1:94697671-94704810
rna-XM_006540953.2	0.7607843137254902	0.9372549019607844	0.6927927927927928	0.9372549019607844	LiftOn_chaining_algorithm	frameshift	NC_051336.1:94695379-94704810
rna-NM_025880.4	0.9929824561403509	0.9964912280701754	0.9214105793450882	0.9964912280701754	LiftOn_chaining_algorithm	frameshift	NC_051336.1:94730847-94736800
rna-XM_006541090.4	0.9929824561403509	0.9964912280701754	0.9280074314909428	0.9964912280701754	LiftOn_chaining_algorithm	frameshift	NC_051336.1:94730856-94736798
rna-XM_006541091.2	0.9929824561403509	0.9964912280701754	0.9202427394885132	0.9964912280701754	LiftOn_chaining_algorithm	frameshift	NC_051336.1:94730861-94736798
rna-XM_006541093.4	0.9929824561403509	0.9964912280701754	0.9272388059701492	0.9964912280701754	LiftOn_chaining_algorithm	frameshift	NC_051336.1:94730852-94736798
rna-XM_006541094.2	0.9929824561403509	0.9964912280701754	0.9193899782135077	0.9964912280701754	LiftOn_chaining_algorithm	frameshift	NC_051336.1:94730861-94736798
rna-XM_006541095.3	0.9929824561403509	0.9964912280701754	0.9285380663241476	0.9964912280701754	LiftOn_chaining_algorithm	frameshift	NC_051336.1:94730852-94736798
rna-XM_006541097.4	0.9929824561403509	0.9964912280701754	0.921677614957049	0.9964912280701754	LiftOn_chaining_algorithm	frameshift	NC_051336.1:94730836-94736798
rna-XM_011250894.4	0.9929824561403509	0.9964912280701754	0.9252483010977522	0.9964912280701754	LiftOn_chaining_algorithm	frameshift	NC_051336.1:94730860-94736798
rna-XM_017312237.2	0.9929824561403509	0.9964912280701754	0.9250131095962244	0.9964912280701754	LiftOn_chaining_algorithm	frameshift	NC_051336.1:94730851-94736798
rna-XM_030242905.2	0.9929824561403509	0.9964912280701754	0.9202614379084968	0.9964912280701754	LiftOn_chaining_algorithm	frameshift	NC_051336.1:94730858-94736798
rna-XM_030242906.2	0.9929824561403509	0.9964912280701754	0.9278688524590164	0.9964912280701754	LiftOn_chaining_algorithm	frameshift	NC_051336.1:94730845-94736798
rna-XM_030242907.1	0.9929824561403509	0.9964912280701754	0.9152462121212122	0.9964912280701754	LiftOn_chaining_algorithm	frameshift	NC_051336.1:94730877-94736798
rna-XM_030242908.1	0.9929824561403509	0.9964912280701754	0.9218197879858656	0.9964912280701754	LiftOn_chaining_algorithm	frameshift	NC_051336.1:94731441-94736798
rna-XM_030242909.1	0.9929824561403509	0.9964912280701754	0.9302213666987488	0.9964912280701754	LiftOn_chaining_algorithm	frameshift	NC_051336.1:94730861-94736798
rna-XM_036153367.1	0.9929824561403509	0.9964912280701754	0.9193899782135077	0.9964912280701754	LiftOn_chaining_algorithm	frameshift	NC_051336.1:94730845-94736798
rna-XM_006540875.5	0.0045766590389016	0.9816933638443937	0.9068168519602108	0.9816933638443937	LiftOn_chaining_algorithm	frameshift	NC_051336.1:94847931-94857356
rna-NM_027049.1	0.215	0.8984771573604061	0.9092896174863389	0.8984771573604061	LiftOn_chaining_algorithm	frameshift	NC_051336.1:94857305-94871829
rna-XM_006541171.2	0.490566037735849	0.7886792452830189	0.8781163434903048	0.7886792452830189	LiftOn_chaining_algorithm	frameshift	NC_051336.1:94857657-94871783
rna-XM_006541172.5	0.1242603550295858	0.933734939759036	0.7975778546712803	0.933734939759036	LiftOn_chaining_algorithm	frameshift	NC_051336.1:94857305-94871090
rna-XM_011250899.4	0.1242603550295858	0.933734939759036	0.9162234042553192	0.933734939759036	LiftOn_chaining_algorithm	frameshift	NC_051336.1:94857305-94882483
rna-XM_017312286.1	0.4066265060240964	0.817629179331307	0.8984962406015038	0.817629179331307	LiftOn_chaining_algorithm	frameshift	NC_051336.1:94857305-94871783
rna-NM_001285517.2	0.7181208053691275	0.9843400447427292	0.7711144427786107	0.9843400447427292	LiftOn_chaining_algorithm	frameshift	NC_051336.1:95044145-95047345
rna-NM_001285518.2	0.7162162162162162	0.9842342342342344	0.7704260651629072	0.9842342342342344	LiftOn_chaining_algorithm	frameshift	NC_051336.1:95044145-95047345
rna-NM_001285519.2	0.7162162162162162	0.9842342342342344	0.7700803212851406	0.9842342342342344	LiftOn_chaining_algorithm	frameshift	NC_051336.1:95044145-95047345
rna-NM_001416185.1	0.7181208053691275	0.9843400447427292	0.7714570858283433	0.9843400447427292	LiftOn_chaining_algorithm	frameshift	NC_051336.1:95044145-95047345
rna-NM_009473.4	0.7181208053691275	0.9843400447427292	0.7722969606377678	0.9843400447427292	LiftOn_chaining_algorithm	frameshift	NC_051336.1:95044145-95047345
rna-XM_017322126.2	0.6702127659574468	0.9867021276595744	0.7507402422611036	0.9867021276595744	LiftOn_chaining_algorithm	frameshift	NC_051336.1:95044145-95048745
rna-XM_030242378.2	0.6702127659574468	0.9867021276595744	0.7505387931034483	0.9867021276595744	LiftOn_chaining_algorithm	frameshift	NC_051336.1:95044145-95048745
rna-XM_036152709.1	0.9008849557522124	0.904424778761062	0.9001227370359006	0.904424778761062	LiftOn_chaining_algorithm	frameshift;start_lost;stop_missing	NC_051336.1:95077221-95095161
rna-XM_036152710.1	0.9009009009009008	0.9045045045045044	0.8970980653769179	0.9045045045045044	LiftOn_chaining_algorithm	frameshift;stop_missing	NC_051336.1:95084054-95095161
rna-XM_036152711.1	0.90072202166065	0.9043321299638988	0.8970465543133656	0.9043321299638988	LiftOn_chaining_algorithm	frameshift;stop_missing	NC_051336.1:95084054-95095161
rna-NM_001419153.1	0.8305084745762712	0.8837772397094431	0.7380952380952381	0.8837772397094431	LiftOn_chaining_algorithm	frameshift	NC_051336.1:95243453-95264752
rna-NM_001419157.1	0.7626373626373626	0.8920704845814978	0.74831013916501	0.8920704845814978	LiftOn_chaining_algorithm	frameshift	NC_051336.1:95243487-95269183
rna-NM_001419158.1	0.7626373626373626	0.8920704845814978	0.7693215339233038	0.8920704845814978	LiftOn_chaining_algorithm	inframe_deletion	NC_051336.1:95243453-95269183
rna-NM_001419159.1	0.7626373626373626	0.8920704845814978	0.7016129032258065	0.8920704845814978	LiftOn_chaining_algorithm	frameshift	NC_051336.1:95243453-95269183
rna-NM_133945.2	0.7626373626373626	0.8920704845814978	0.742320819112628	0.8920704845814978	LiftOn_chaining_algorithm	frameshift	NC_051336.1:95243453-95269183
rna-NM_001403451.1	0.6984126984126984	0.967391304347826	0.8493303571428571	0.967391304347826	LiftOn_chaining_algorithm	frameshift	NC_051336.1:95379590-95386575
rna-NM_001403453.1	0.5543175487465181	0.9628571428571427	0.9072096128170896	0.9628571428571427	LiftOn_chaining_algorithm	frameshift	NC_051336.1:95379590-95384553
rna-NM_001403454.1	0.5533707865168539	0.9654178674351584	0.9053055742108798	0.9654178674351584	LiftOn_chaining_algorithm	frameshift	NC_051336.1:95379590-95384553
rna-NM_027376.4	0.6211764705882353	0.966346153846154	0.910377358490566	0.966346153846154	LiftOn_chaining_algorithm	frameshift	NC_051336.1:95379590-95384553
rna-NM_001252470.1	0.5478468899521531	0.92991239048811	0.9236532286835534	0.92991239048811	LiftOn_chaining_algorithm	frameshift	NC_051336.1:95442814-95457353
rna-NM_001357670.1	0.5483870967741935	0.93	0.9234603061587754	0.93	LiftOn_chaining_algorithm	frameshift	NC_051336.1:95442814-95457353
rna-NM_153679.2	0.5478468899521531	0.92991239048811	0.9233784746970776	0.92991239048811	LiftOn_chaining_algorithm	frameshift	NC_051336.1:95442814-95457353
rna-XM_036153566.1	0.2093541202672605	0.9199029126213591	0.9223334483948912	0.9199029126213591	LiftOn_chaining_algorithm	frameshift	NC_051336.1:95442814-95457342
rna-XM_036153567.1	0.2093541202672605	0.9199029126213591	0.923201950426656	0.9199029126213591	LiftOn_chaining_algorithm	frameshift	NC_051336.1:95442814-95453077
rna-NM_001360133.2	0.952755905511811	0.9606299212598424	0.8913934426229508	0.9606299212598424	LiftOn_chaining_algorithm	frameshift	NC_051336.1:95502277-95504354
rna-NM_009101.4	0.9726027397260274	0.9771689497716894	0.9341438703140832	0.9771689497716894	LiftOn_chaining_algorithm	frameshift	NC_051336.1:95500549-95504354
rna-XM_036152813.1	0.9726027397260274	0.9771689497716894	0.9340866290018832	0.9771689497716894	LiftOn_chaining_algorithm	frameshift	NC_051336.1:95498703-95504354
