-------------- SCENARIOS ------------
LiftOn best						990
Liftoff best					11
miniprot best					32
LiftOn worse than Liftoff only	10
LiftOn worse than miniprot only	32
LiftOn worst					26
LiftOn equal to Liftoff only	847
LiftOn equal to miniprot only	488
All equal						3483
Total counts					5869

----------------- ALL ---------------
lifton=liftoff=miniprot	3483
lifton>liftoff=miniprot	347
lifton>liftoff>miniprot	406
lifton>miniprot>liftoff	237
lifton=liftoff>miniprot	842
lifton=miniprot>liftoff	486
liftoff>lifton>miniprot	8
miniprot>lifton>liftoff	27
liftoff>lifton=miniprot	2
miniprot>lifton=liftoff	5
liftoff=miniprot>lifton	25
liftoff>miniprot>lifton	1
miniprot>liftoff>lifton	0
all						5869

----------------- RAW ---------------
lifton_score>liftoff_score	1503
lifton_score=liftoff_score	4330
lifton_score>miniprot_score	1840
lifton_score=miniprot_score	3971
liftoff_score>lifton_score	36
liftoff_score=lifton_score	4330
liftoff_score>miniprot_score	1259
liftoff_score=miniprot_score	3855
miniprot_score>lifton_score	58
miniprot_score=lifton_score	3971
miniprot_score>liftoff_score	755
miniprot_score=liftoff_score	3855
