rna-NM_001170245.1	0.9723018147086916	0.2296157450796626	0.9346172135045172	0.97134670487106	LiftOn_chaining_algorithm	frameshift	NW_020825194.1:7499456-7504313	0.97134670487106
rna-NM_170184.2	0.9715242881072028	0.2018121911037891	0.9360955056179776	0.9706867671691792	LiftOn_chaining_algorithm	frameshift	NW_020825194.1:7499456-7504313	0.9706867671691792
rna-NM_001275888.1	0.9217830109335576	0.9142136248948696	0.904225123672046	0.92094196804037	LiftOn_chaining_algorithm	frameshift;stop_codon_gain	NW_020825194.1:10508706-10550928	0.92094196804037
rna-NM_142568.3	0.9487534626038782	0.0481283422459893	0.904891304347826	0.9445983379501384	LiftOn_chaining_algorithm	frameshift	NW_020825194.1:22397570-22403620	0.9445983379501384
rna-NM_001275841.1	0.9476584022038568	0.7145438121047877	0.9072398190045248	0.9467401285583104	LiftOn_chaining_algorithm	frameshift;start_lost	NW_020825194.1:23337513-23343475	0.9467401285583104
rna-NM_142645.3	0.9476584022038568	0.7145438121047877	0.9134550371872888	0.9467401285583104	LiftOn_chaining_algorithm	frameshift;start_lost	NW_020825194.1:23337513-23343475	0.9467401285583104
rna-NM_169910.2	0.9476584022038568	0.7145438121047877	0.914488766620816	0.9467401285583104	LiftOn_chaining_algorithm	frameshift;start_lost	NW_020825194.1:23337513-23343475	0.9467401285583104
rna-NM_079533.4	0.948943661971831	0.5886402753872634	0.8719371243643088	0.9454225352112676	LiftOn_chaining_algorithm	frameshift	NW_020825194.1:24986336-24991018	0.9454225352112676
rna-NM_169148.5	0.9040247678018576	0.8885448916408669	0.8616398243045388	0.9009287925696594	LiftOn_chaining_algorithm	frameshift;start_lost	NW_020825194.1:25914745-25916195	0.9009287925696594
rna-NM_001043116.3	0.9980392156862744	0.9941176470588236	0.9252232142857144	0.996078431372549	LiftOn_chaining_algorithm	frameshift	NW_020825198.1:6392423-6489167	0.996078431372549
rna-NM_001202113.2	0.9980392156862744	0.9941176470588236	0.9491422805247224	0.996078431372549	LiftOn_chaining_algorithm	frameshift	NW_020825198.1:6392423-6491160	0.996078431372549
rna-NM_001274444.1	0.9684601113172542	0.9647495361781075	0.9260281534639802	0.9666048237476808	LiftOn_chaining_algorithm	frameshift;stop_codon_gain	NW_020825198.1:6392423-6489167	0.9666048237476808
rna-NM_079180.4	0.9980879541108988	0.994263862332696	0.9260281534639802	0.9961759082217974	LiftOn_chaining_algorithm	frameshift	NW_020825198.1:6392423-6489167	0.9961759082217974
rna-NM_168033.3	0.9980879541108988	0.994263862332696	0.9528112449799196	0.9961759082217974	LiftOn_chaining_algorithm	frameshift	NW_020825198.1:6392423-6489167	0.9961759082217974
rna-NM_139711.3	0.9613259668508288	0.3296703296703296	0.8873949579831932	0.9594843462246776	LiftOn_chaining_algorithm	frameshift	NW_020825198.1:8410361-8426711	0.9594843462246776
rna-NM_001272922.1	0.952994692949204	0.4944154877140729	0.9079121850596727	0.9484457922668688	LiftOn_chaining_algorithm	frameshift	NW_020825200.1:1141295-1163181	0.9484457922668688
rna-NM_001273001.1	0.9264705882352942	0.9260355029585798	0.85125303152789	0.9260355029585798	LiftOn_chaining_algorithm	frameshift	NW_020825200.1:2535847-2537161	0.9260355029585798
rna-NM_080008.2	0.8099688473520249	0.8037383177570093	0.7427350427350428	0.8068535825545171	LiftOn_chaining_algorithm	frameshift;start_lost	NW_020825200.1:4343197-4344334	0.8068535825545171
rna-NM_001103693.3	0.9111816019032514	0.0	0.7743158588855918	0.9095955590800952	Liftoff_truncated	frameshift;start_lost	NW_020825200.1:7610264-7617174	0.9095955590800952
rna-NM_001103694.3	0.9111816019032514	0.0	0.8674053554939981	0.9095955590800952	Liftoff_truncated	frameshift;start_lost	NW_020825200.1:7610264-7617174	0.9095955590800952
rna-NM_001299033.1	0.9119496855345912	0.0	0.785583790068095	0.910377358490566	Liftoff_truncated	frameshift;start_lost	NW_020825200.1:7610264-7617174	0.910377358490566
rna-NM_001299034.1	0.9111816019032514	0.0	0.8188591669720289	0.9095955590800952	Liftoff_truncated	frameshift;start_lost	NW_020825200.1:7608087-7617174	0.9095955590800952
rna-NM_001201804.1	0.9414141414141414	0.5868263473053892	0.9205216535433072	0.9343434343434344	LiftOn_chaining_algorithm	frameshift	NW_020825200.1:9543426-9566283	0.9343434343434344
rna-NM_001298831.1	0.9414141414141414	0.5868263473053892	0.9189004997728304	0.9343434343434344	LiftOn_chaining_algorithm	frameshift	NW_020825200.1:9543426-9561482	0.9343434343434344
rna-NM_164836.3	0.9414141414141414	0.5868263473053892	0.925311203319502	0.9343434343434344	LiftOn_chaining_algorithm	frameshift	NW_020825200.1:9543426-9561482	0.9343434343434344
rna-NM_135432.2	0.9188034188034188	0.905982905982906	0.8654750705550329	0.9102564102564102	LiftOn_chaining_algorithm	frameshift;stop_missing	NW_020825200.1:10020069-10021179	0.9102564102564102
rna-NM_135603.3	0.9175257731958762	0.9123711340206184	0.7885402455661664	0.9123711340206184	LiftOn_chaining_algorithm	frameshift;start_lost	NW_020825200.1:15004372-15005041	0.9123711340206184
rna-NM_001014512.2	0.9860724233983288	0.6322751322751323	0.9401906963305404	0.9763231197771588	LiftOn_chaining_algorithm	frameshift	NW_020825200.1:18381158-18397693	0.9763231197771588
rna-NM_136526.2	0.915	0.449074074074074	0.8984932593180016	0.9125	LiftOn_chaining_algorithm	frameshift	NW_020825200.1:18788545-18790154	0.9125
rna-NM_138056.3	0.9489795918367347	0.7570247933884298	0.9009797060881736	0.9438775510204082	LiftOn_chaining_algorithm	frameshift	NW_020825207.1:1152114-1163816	0.9438775510204082
rna-NM_057831.5	0.9346938775510204	0.2391304347826087	0.9069855732725892	0.9326530612244898	LiftOn_chaining_algorithm	frameshift	NW_020825207.1:1825692-1860612	0.9326530612244898
rna-NM_136826.3	0.9615384615384616	0.1319444444444444	0.8815914114303758	0.9523809523809524	LiftOn_chaining_algorithm	frameshift	NW_020825207.1:4117502-4121095	0.9523809523809524
rna-NM_165873.3	0.6715542521994134	0.6642228739002932	0.6279597794356147	0.6686217008797654	LiftOn_chaining_algorithm	frameshift	NW_020825207.1:5137278-5140299	0.6686217008797654
rna-NM_165874.2	0.6406779661016949	0.6305084745762712	0.6155160628844839	0.6372881355932203	LiftOn_chaining_algorithm	frameshift	NW_020825207.1:5137278-5140299	0.6372881355932203
rna-NM_176152.2	0.6406779661016949	0.6305084745762712	0.6231931668856767	0.6372881355932203	LiftOn_chaining_algorithm	frameshift	NW_020825207.1:5137278-5140299	0.6372881355932203
rna-NM_166148.2	0.8926940639269406	0.178021978021978	0.8718100890207715	0.8881278538812786	LiftOn_chaining_algorithm	frameshift;start_lost	NW_020825207.1:8977093-8980199	0.8881278538812786
rna-NM_001043094.2	0.9790575916230366	0.4541709577754891	0.933728981206726	0.9738219895287958	LiftOn_chaining_algorithm	frameshift	NW_020825207.1:14019255-14026853	0.9738219895287958
rna-NM_167558.2	0.8271334792122538	0.8264040846097739	0.8119140625	0.8264040846097739	LiftOn_chaining_algorithm	frameshift;stop_codon_gain	NW_020825209.1:4863939-4868832	0.8264040846097739
rna-NM_132642.3	0.9738598442714128	0.9727474972191325	0.9136370852516272	0.9733036707452726	LiftOn_chaining_algorithm	frameshift	NW_020825209.1:11238051-11244446	0.9733036707452726
rna-NM_001015405.4	0.9089770354906054	0.3254560530679933	0.8886486486486487	0.908141962421712	LiftOn_chaining_algorithm	frameshift	NW_020825220.1:237988-245902	0.908141962421712
rna-NM_136274.3	0.9226441631504922	0.8110344827586207	0.7743526510480888	0.918424753867792	LiftOn_chaining_algorithm	frameshift	NW_020825285.1:406696-413981	0.918424753867792
rna-NM_001104521.2	0.0144329896907216	0.8198198198198198	0.7153374233128834	0.8108108108108109	LiftOn_chaining_algorithm	frameshift;start_lost	NW_020825194.1:553940-555438	0.8108108108108109
rna-NM_143389.3	0.0	0.8742937853107344	0.8222413052812366	0.8714689265536724	LiftOn_chaining_algorithm	frameshift;start_lost	NW_020825194.1:3438713-3440865	0.8714689265536724
rna-NM_206516.2	0.0020060180541624	0.9609644087256028	0.9344827586206896	0.9529276693455798	LiftOn_chaining_algorithm	frameshift	NW_020825194.1:21157837-21238111	0.9529276693455798
rna-NM_001043256.2	0.7798110979929161	0.9892215568862276	0.9476933630595096	0.7940119760479042	LiftOn_chaining_algorithm	frameshift;stop_codon_gain	NW_020825194.1:22236730-22330428	0.9476933630595096
rna-NM_001043257.2	0.8419895575707612	0.9680466796332314	0.9333055786844296	0.8532925812725757	LiftOn_chaining_algorithm	frameshift;stop_codon_gain	NW_020825194.1:22196702-22330428	0.9333055786844296
rna-NM_001043258.2	0.8699602498580352	0.9685534591194968	0.9353954245565932	0.8773584905660378	LiftOn_chaining_algorithm	frameshift;stop_codon_gain	NW_020825194.1:22196702-22330428	0.9353954245565932
rna-NM_001043259.2	0.8613578680203046	0.9715473145780052	0.9357728944638308	0.8695652173913043	LiftOn_chaining_algorithm	frameshift;stop_codon_gain	NW_020825194.1:22196702-22330428	0.9357728944638308
rna-NM_001043260.2	0.7817988291644492	0.9703504043126684	0.926048898279505	0.7946091644204851	LiftOn_chaining_algorithm	frameshift;stop_codon_gain	NW_020825194.1:22242088-22330428	0.926048898279505
rna-NM_001043261.2	0.8702181921224142	0.9706134094151212	0.935907538744418	0.8776034236804565	LiftOn_chaining_algorithm	frameshift;stop_codon_gain	NW_020825194.1:22210088-22330428	0.935907538744418
rna-NM_001043262.2	0.6440520446096655	0.973384030418251	0.9084536082474228	0.6634980988593155	LiftOn_chaining_algorithm	frameshift;stop_codon_gain	NW_020825194.1:22305336-22330428	0.9084536082474228
rna-NM_001043263.2	0.8705683736634777	0.970254957507082	0.9313247673903412	0.8779036827195468	LiftOn_chaining_algorithm	frameshift;stop_codon_gain	NW_020825194.1:22194317-22332316	0.9313247673903412
rna-NM_001275801.1	0.8456827924066136	0.971817900278724	0.9298163709928416	0.8569216475689068	LiftOn_chaining_algorithm	frameshift;stop_codon_gain	NW_020825194.1:22194317-22332316	0.9298163709928416
rna-NM_001275802.1	0.5808885163453479	0.971379011274935	0.9071518193224593	0.6071118820468343	LiftOn_chaining_algorithm	frameshift;stop_codon_gain	NW_020825194.1:22305336-22330428	0.9071518193224593
rna-NM_001275803.1	0.862101609340486	0.9717011128775834	0.9360803454101746	0.8702702702702703	LiftOn_chaining_algorithm	frameshift;stop_codon_gain	NW_020825194.1:22196702-22330428	0.9360803454101746
rna-NM_001275804.1	0.7292284866468842	0.9924471299093656	0.952802928144866	0.7462235649546828	LiftOn_chaining_algorithm	frameshift;stop_codon_gain	NW_020825194.1:22220612-22330428	0.952802928144866
rna-NM_141488.3	0.0058309037900874	0.8789915966386554	0.8732754215636178	0.8722689075630252	LiftOn_chaining_algorithm	frameshift;start_lost	NW_020825194.1:24602031-24604289	0.8732754215636178
rna-NM_001014608.2	0.0546075085324232	0.8953068592057761	0.8914529914529915	0.8808664259927798	LiftOn_chaining_algorithm	frameshift;stop_codon_gain	NW_020825194.1:27096048-27097246	0.8914529914529915
rna-NM_001015359.3	0.0	0.8853333333333333	0.853726362625139	0.8773333333333333	LiftOn_chaining_algorithm	frameshift;start_lost	NW_020825194.1:28416449-28424733	0.8773333333333333
rna-NM_001110981.2	0.0	0.8869100623330365	0.7166123778501629	0.8797862867319679	LiftOn_chaining_algorithm	frameshift;start_lost	NW_020825194.1:28416449-28424733	0.8797862867319679
rna-NM_001202126.1	0.0	0.91156462585034	0.8164739884393064	0.8503401360544217	LiftOn_chaining_algorithm	frameshift;stop_codon_gain	NW_020825198.1:4090291-4091690	0.8503401360544217
rna-NM_168070.2	0.0066225165562913	0.9776119402985076	0.9441117764471058	0.9738805970149254	LiftOn_chaining_algorithm	frameshift	NW_020825198.1:7139816-7141026	0.9738805970149254
rna-NM_140133.2	0.0	0.951530612244898	0.9056924384027188	0.9464285714285714	LiftOn_chaining_algorithm	frameshift;start_lost	NW_020825198.1:10504860-10506240	0.9464285714285714
rna-NM_134680.3	0.023961661341853	0.9709090909090908	0.9034090909090908	0.9672727272727272	LiftOn_chaining_algorithm	frameshift	NW_020825200.1:507923-510335	0.9672727272727272
rna-NM_001259304.2	0.0	0.9426020408163264	0.903676851372346	0.9413265306122448	LiftOn_chaining_algorithm	frameshift;start_lost	NW_020825200.1:8626740-8637909	0.9413265306122448
rna-NM_136709.3	0.0	0.9431818181818182	0.9110654534781332	0.9417613636363636	LiftOn_chaining_algorithm	frameshift	NW_020825200.1:8626740-8635494	0.9417613636363636
rna-NM_165737.2	0.0	0.9426020408163264	0.9144356955380576	0.9413265306122448	LiftOn_chaining_algorithm	frameshift	NW_020825200.1:8626740-8635494	0.9413265306122448
rna-NM_165738.2	0.0	0.9431818181818182	0.9126050420168068	0.9417613636363636	LiftOn_chaining_algorithm	frameshift	NW_020825200.1:8626740-8635494	0.9417613636363636
rna-NM_135154.3	0.8206686930091185	0.8282674772036475	0.4911645731317862	0.8237082066869301	LiftOn_chaining_algorithm	frameshift;stop_codon_gain	NW_020825200.1:15362104-15364804	0.8237082066869301
rna-NM_001382131.1	0.9258373205741628	0.9282296650717704	0.8994413407821229	0.9258373205741628	LiftOn_chaining_algorithm	frameshift;start_lost	NW_020825200.1:16990930-16997291	0.9258373205741628
rna-NM_001259294.2	0.0	0.8794520547945206	0.8592777085927771	0.8767123287671232	LiftOn_chaining_algorithm	frameshift;start_lost	NW_020825200.1:17674857-17686100	0.8767123287671232
rna-NM_165674.3	0.0	0.881578947368421	0.842054728756601	0.8789473684210526	LiftOn_chaining_algorithm	frameshift;start_lost	NW_020825200.1:17674857-17687709	0.8789473684210526
rna-NM_165658.2	0.0119047619047619	0.9596412556053812	0.8997995991983968	0.9506726457399104	LiftOn_chaining_algorithm	frameshift;start_lost	NW_020825200.1:17892597-17900854	0.9506726457399104
rna-NM_001299379.1	0.0220588235294117	0.9191176470588236	0.8931920097839381	0.9025735294117648	LiftOn_chaining_algorithm	frameshift;stop_codon_gain	NW_020825207.1:4036287-4039334	0.9025735294117648
rna-NM_001273961.1	0.003584229390681	0.9385245901639344	0.870527000650618	0.9344262295081968	LiftOn_chaining_algorithm	frameshift	NW_020825207.1:4226806-4238755	0.9344262295081968
rna-NM_001273962.1	0.0	0.9423868312757202	0.8931818181818182	0.9382716049382716	LiftOn_chaining_algorithm	frameshift	NW_020825207.1:4226806-4235889	0.9382716049382716
rna-NM_078988.4	0.0121580547112462	0.9817073170731708	0.9530017152658662	0.9801829268292684	LiftOn_chaining_algorithm	frameshift	NW_020825207.1:5276741-5292473	0.9801829268292684
rna-NM_001103848.2	0.0	0.9552238805970148	0.9124368048533872	0.9544776119402985	LiftOn_chaining_algorithm	frameshift	NW_020825207.1:7712737-7728050	0.9544776119402985
rna-NM_057410.4	0.0056962025316455	0.9760522496371552	0.9213365819700662	0.9738751814223512	LiftOn_chaining_algorithm	frameshift	NW_020825207.1:11255247-11294110	0.9738751814223512
rna-NM_001259515.1	0.0373831775700934	0.7156862745098039	0.5378323108384458	0.7058823529411765	LiftOn_chaining_algorithm	frameshift;start_lost;stop_missing	NW_020825207.1:12261769-12262074	0.7058823529411765
rna-NM_001273634.1	0.0208333333333333	0.7142857142857143	0.6124634858812074	0.1578947368421052	LiftOn_chaining_algorithm	frameshift;stop_codon_gain	NW_020825207.1:17735433-17737556	0.6124634858812074
rna-NM_001273718.1	0.0284090909090909	0.9205298013245032	0.8271186440677966	0.913907284768212	LiftOn_chaining_algorithm	frameshift	NW_020825207.1:19326270-19327825	0.913907284768212
rna-NM_136228.3	0.03125	0.9319727891156464	0.8358445678033307	0.9251700680272108	LiftOn_chaining_algorithm	frameshift	NW_020825207.1:19326270-19327916	0.9251700680272108
rna-NM_001298262.1	0.0017391304347826	0.8481262327416174	0.8469716494845361	0.8461538461538461	LiftOn_chaining_algorithm	frameshift	NW_020825209.1:11369252-11372400	0.8469716494845361
rna-NM_132634.4	0.0017391304347826	0.8481262327416174	0.8111322549952427	0.8461538461538461	LiftOn_chaining_algorithm	frameshift;start_lost	NW_020825209.1:11370445-11372501	0.8461538461538461
rna-NM_001298217.1	0.0068649885583524	0.9753191489361702	0.9022038567493113	0.9736170212765958	LiftOn_chaining_algorithm	frameshift	NW_020825209.1:12486600-12495642	0.9736170212765958
rna-NM_078581.3	0.0068649885583524	0.9753191489361702	0.9020640269587196	0.9736170212765958	LiftOn_chaining_algorithm	frameshift	NW_020825209.1:12485078-12495642	0.9736170212765958
rna-NM_001014697.2	0.8315539739027283	0.8932384341637011	0.7042376583660988	0.8908659549228944	LiftOn_chaining_algorithm	frameshift	NW_020825218.1:222465-247486	0.8908659549228944
rna-NM_001014698.3	0.821939586645469	0.904610492845787	0.8652783680407989	0.9014308426073132	LiftOn_chaining_algorithm	frameshift	NW_020825218.1:224205-247486	0.9014308426073132
rna-NM_001014699.3	0.8234552332912989	0.8890290037831021	0.8721910112359551	0.8865069356872636	LiftOn_chaining_algorithm	frameshift	NW_020825218.1:224205-247486	0.8865069356872636
rna-NM_001014701.2	0.8296622613803231	0.9060205580029368	0.6816592868795153	0.9030837004405288	LiftOn_chaining_algorithm	frameshift	NW_020825218.1:222465-247486	0.9030837004405288
rna-NM_079894.4	0.829585798816568	0.8911242603550296	0.7047638946928542	0.8887573964497042	LiftOn_chaining_algorithm	frameshift	NW_020825218.1:222465-247486	0.8887573964497042
rna-NM_166822.4	0.8271604938271605	0.9074074074074074	0.6758110687022901	0.904320987654321	LiftOn_chaining_algorithm	frameshift	NW_020825218.1:222465-247486	0.904320987654321
rna-NM_001144134.2	0.0493827160493827	0.978343949044586	0.9153536093807256	0.975796178343949	LiftOn_chaining_algorithm	frameshift	NW_020825221.1:79453-122422	0.975796178343949
rna-NM_001273780.1	0.0491400491400491	0.9719745222929936	0.6703026997545678	0.9707006369426752	LiftOn_chaining_algorithm	frameshift;stop_missing	NW_020825221.1:78673-122422	0.9707006369426752
rna-NM_136326.3	0.048661800486618	0.973248407643312	0.6700299972729752	0.9719745222929936	LiftOn_chaining_algorithm	frameshift;stop_missing	NW_020825221.1:78673-122422	0.9719745222929936
rna-NM_165431.3	0.05625	0.9821656050955414	0.6645269327379291	0.9796178343949044	LiftOn_chaining_algorithm	frameshift	NW_020825221.1:101105-122422	0.9796178343949044
rna-NM_001272901.1_1	0.0	0.9370748299319728	0.7718926553672316	0.9319727891156464	miniprot_truncated	start_lost;inframe_insertion;inframe_deletion	NW_020825200.1:633722-637606	0.9319727891156464
rna-NM_143307.2	0.8622448979591837	0.8622448979591837	0.8315245478036176	0.8596938775510204	LiftOn_chaining_algorithm	frameshift	NW_020825194.1:4869598-4871528	0.8596938775510204
rna-NM_143215.2	0.9032258064516128	0.9032258064516128	0.8819561551433389	0.8978494623655914	LiftOn_chaining_algorithm	frameshift	NW_020825194.1:6060550-6061704	0.8978494623655914
rna-NM_001276027.1	0.9641379310344828	0.9641379310344828	0.8709677419354839	0.9613793103448276	LiftOn_chaining_algorithm	frameshift	NW_020825194.1:6942437-6947367	0.9613793103448276
rna-NM_169275.2	0.9957983193277312	0.9957983193277312	0.929436181252162	0.9936974789915968	LiftOn_chaining_algorithm	frameshift;start_lost	NW_020825194.1:12086675-12093908	0.9936974789915968
rna-NM_001300346.1	0.970967741935484	0.970967741935484	0.9501811594202898	0.9693548387096774	LiftOn_chaining_algorithm	frameshift;stop_codon_gain	NW_020825194.1:13505838-13515165	0.9693548387096774
rna-NM_141758.5	0.970967741935484	0.970967741935484	0.9602746444335458	0.9693548387096774	LiftOn_chaining_algorithm	frameshift;stop_codon_gain	NW_020825194.1:13506004-13515165	0.9693548387096774
rna-NM_001170122.1	0.8333333333333334	0.8333333333333334	0.2534399724802201	0.2156862745098039	LiftOn_chaining_algorithm	frameshift;stop_codon_gain	NW_020825194.1:14747685-14751379	0.2534399724802201
rna-NM_079621.3	0.9701789264413518	0.9701789264413518	0.9198520345252774	0.9681908548707754	LiftOn_chaining_algorithm	frameshift	NW_020825194.1:16425496-16427893	0.9681908548707754
rna-NM_001275671.1	0.9621212121212122	0.9621212121212122	0.5118238651807556	0.9507575757575758	LiftOn_chaining_algorithm	frameshift;stop_codon_gain	NW_020825194.1:17808349-17810518	0.9507575757575758
rna-NM_001275733.1	0.888425925925926	0.888425925925926	0.8406962943426085	0.8824074074074074	LiftOn_chaining_algorithm	frameshift	NW_020825194.1:19891846-19940630	0.8824074074074074
rna-NM_142354.2	0.88837424733673	0.88837424733673	0.8406332453825858	0.8823529411764706	LiftOn_chaining_algorithm	frameshift	NW_020825194.1:19891846-19940630	0.8823529411764706
rna-NM_142689.4	0.8905109489051095	0.8905109489051095	0.8658247829518547	0.8846715328467153	LiftOn_chaining_algorithm	frameshift	NW_020825194.1:23853981-23856495	0.8846715328467153
rna-NM_001300520.2	0.9270833333333334	0.9270833333333334	0.504278823712463	0.8020833333333334	LiftOn_chaining_algorithm	frameshift;stop_codon_gain	NW_020825194.1:24067398-24071999	0.8020833333333334
rna-NM_001316584.1	0.9270833333333334	0.9270833333333334	0.5080680977054034	0.8020833333333334	LiftOn_chaining_algorithm	frameshift;stop_codon_gain	NW_020825194.1:24066617-24071999	0.8020833333333334
rna-NM_001316585.1	0.9270833333333334	0.9270833333333334	0.6424685216850614	0.40625	LiftOn_chaining_algorithm	frameshift;stop_codon_gain	NW_020825194.1:24066617-24071999	0.6424685216850614
rna-NM_001300519.1	0.9577464788732394	0.9577464788732394	0.6534216335540839	0.4084507042253521	LiftOn_chaining_algorithm	frameshift;stop_codon_gain	NW_020825194.1:24067930-24071999	0.6534216335540839
rna-NM_001300521.1	0.9230769230769232	0.9230769230769232	0.4937195590874135	0.6730769230769231	LiftOn_chaining_algorithm	frameshift;stop_codon_gain	NW_020825194.1:24075291-24077667	0.6730769230769231
rna-NM_001300522.1	0.9203980099502488	0.9203980099502488	0.533909754120508	0.9054726368159204	LiftOn_chaining_algorithm	frameshift;stop_codon_gain	NW_020825194.1:24075291-24077667	0.9054726368159204
rna-NM_001202331.2	0.8441558441558441	0.8441558441558441	0.6257991726212861	0.2987012987012987	LiftOn_chaining_algorithm	frameshift;stop_codon_gain	NW_020825194.1:24078004-24080767	0.6257991726212861
rna-NM_001316607.1	0.8953488372093024	0.8953488372093024	0.5798436627582356	0.2674418604651162	LiftOn_chaining_algorithm	frameshift;stop_codon_gain	NW_020825194.1:24083501-24086199	0.5798436627582356
rna-NM_169160.1	0.9415204678362572	0.9385964912280702	0.9094874591057798	0.935672514619883	LiftOn_chaining_algorithm	frameshift	NW_020825194.1:25732152-25734822	0.935672514619883
rna-NM_001144542.2	0.9227941176470588	0.9227941176470588	0.855862874951305	0.9172794117647058	LiftOn_chaining_algorithm	frameshift	NW_020825194.1:26114440-26117274	0.9172794117647058
rna-NM_001275386.1	0.9227941176470588	0.9227941176470588	0.8543726235741445	0.9172794117647058	LiftOn_chaining_algorithm	frameshift	NW_020825194.1:26114440-26117274	0.9172794117647058
rna-NM_140199.4	0.9466192170818504	0.9466192170818504	0.9380090497737557	0.9430604982206404	LiftOn_chaining_algorithm	frameshift;start_lost	NW_020825198.1:11511048-11514043	0.9430604982206404
rna-NM_206321.2	0.9466192170818504	0.9466192170818504	0.9344005021971123	0.9430604982206404	LiftOn_chaining_algorithm	frameshift;start_lost	NW_020825198.1:11511048-11515008	0.9430604982206404
rna-NM_140207.3	0.8089887640449438	0.8089887640449438	0.7406042741341193	0.8061797752808989	LiftOn_chaining_algorithm	frameshift;start_lost;stop_missing	NW_020825198.1:11701941-11703169	0.8061797752808989
rna-NM_168456.2	0.8160237388724035	0.8160237388724035	0.7384615384615385	0.8130563798219584	LiftOn_chaining_algorithm	frameshift;start_lost;stop_missing	NW_020825198.1:11701941-11703169	0.8130563798219584
rna-NM_168508.2	0.970183486238532	0.970183486238532	0.8210933186085035	0.963302752293578	LiftOn_chaining_algorithm	frameshift	NW_020825198.1:13004212-13007262	0.963302752293578
rna-NM_001274886.1	0.9162303664921466	0.9178321678321678	0.904786680541103	0.9090909090909092	LiftOn_chaining_algorithm	frameshift	NW_020825198.1:14218724-14220773	0.9090909090909092
rna-NM_079338.3	0.917948717948718	0.9195205479452054	0.906026557711951	0.910958904109589	LiftOn_chaining_algorithm	frameshift	NW_020825198.1:14218724-14220773	0.910958904109589
rna-NM_001275179.1	0.9891745602165088	0.9891745602165088	0.9496306245802552	0.986468200270636	LiftOn_chaining_algorithm	frameshift	NW_020825198.1:20360549-20365150	0.986468200270636
rna-NM_140959.2	0.9892761394101875	0.9892761394101875	0.9481436023320036	0.9865951742627346	LiftOn_chaining_algorithm	frameshift	NW_020825198.1:20359111-20365150	0.9865951742627346
rna-NM_001169381.2	0.8409090909090909	0.8409090909090909	0.832378223495702	0.8352272727272727	LiftOn_chaining_algorithm	frameshift;start_lost	NW_020825200.1:1501798-1502637	0.8352272727272727
rna-NM_001273049.1	0.8794326241134752	0.8794326241134752	0.8322773015281402	0.8765957446808511	LiftOn_chaining_algorithm	frameshift;start_lost	NW_020825200.1:3207560-3210152	0.8765957446808511
rna-NM_134892.3	0.8794326241134752	0.8794326241134752	0.8145985401459854	0.8765957446808511	LiftOn_chaining_algorithm	frameshift;start_lost	NW_020825200.1:3207560-3210152	0.8765957446808511
rna-NM_001273100.1	0.8635097493036211	0.8635097493036211	0.7736602052451539	0.8551532033426184	LiftOn_chaining_algorithm	frameshift;start_lost	NW_020825200.1:4716818-4718427	0.8551532033426184
rna-NM_165774.3	0.973621103117506	0.9759615384615384	0.9192399049881236	0.96875	LiftOn_chaining_algorithm	frameshift;start_lost	NW_020825200.1:8275086-8278174	0.96875
rna-NM_136699.4	0.9279835390946504	0.9279835390946504	0.9016906700062616	0.9238683127572016	LiftOn_chaining_algorithm	frameshift;start_lost	NW_020825200.1:8694408-8696049	0.9238683127572016
rna-NM_135509.3	0.9511201629327902	0.9511201629327902	0.9075249320036264	0.9429735234215886	LiftOn_chaining_algorithm	frameshift;start_lost	NW_020825200.1:11080390-11082547	0.9429735234215886
rna-NM_001201861.2	0.9659090909090908	0.9659090909090908	0.9230125523012552	0.9602272727272728	LiftOn_chaining_algorithm	frameshift	NW_020825200.1:15012893-15017688	0.9602272727272728
rna-NM_001259285.2	0.986247544204322	0.986247544204322	0.9148514851485148	0.9842829076620824	LiftOn_chaining_algorithm	frameshift	NW_020825200.1:18012308-18027674	0.9842829076620824
rna-NM_001299295.1	0.9768339768339768	0.9768339768339768	0.9044410413476264	0.972972972972973	LiftOn_chaining_algorithm	frameshift;start_lost	NW_020825200.1:18012656-18027674	0.972972972972973
rna-NM_136600.2	0.9867674858223062	0.9867674858223062	0.9162726008344924	0.9848771266540642	LiftOn_chaining_algorithm	frameshift	NW_020825200.1:18012308-18027674	0.9848771266540642
rna-NM_165563.2	0.8470588235294118	0.8470588235294118	0.6987577639751553	0.8431372549019608	LiftOn_chaining_algorithm	start_lost;inframe_deletion	NW_020825200.1:19215250-19216153	0.8431372549019608
rna-NM_001103964.2	0.8884120171673819	0.8884120171673819	0.8608349900596421	0.8841201716738197	LiftOn_chaining_algorithm	frameshift	NW_020825207.1:1999127-2003493	0.8841201716738197
rna-NM_206012.2	0.8827160493827161	0.8827160493827161	0.8772585669781932	0.8744855967078189	LiftOn_chaining_algorithm	frameshift	NW_020825207.1:19247239-19249117	0.8772585669781932
rna-NM_130602.4	0.8318135764944276	0.8318135764944276	0.8105929763960852	0.8257345491388045	LiftOn_chaining_algorithm	frameshift;start_lost	NW_020825209.1:304669-316482	0.8257345491388045
rna-NM_130672.3	0.7709163346613546	0.7709163346613546	0.7672012415933782	0.7669322709163346	LiftOn_chaining_algorithm	frameshift;start_lost	NW_020825209.1:1127446-1129445	0.7672012415933782
rna-NM_001272565.1	0.9273255813953488	0.9273255813953488	0.6889307837328306	0.9244186046511628	LiftOn_chaining_algorithm	frameshift;start_lost	NW_020825209.1:11734639-11740636	0.9244186046511628
rna-NM_132600.2	0.9273255813953488	0.9273255813953488	0.8160206718346253	0.9244186046511628	LiftOn_chaining_algorithm	frameshift;start_lost	NW_020825209.1:11735906-11741903	0.9244186046511628
rna-NM_167337.2	0.9273255813953488	0.9273255813953488	0.7013184584178499	0.9244186046511628	LiftOn_chaining_algorithm	frameshift;start_lost	NW_020825209.1:11734639-11741903	0.9244186046511628
rna-NM_132550.3	0.9337474120082816	0.9337474120082816	0.8939580764488286	0.9316770186335404	LiftOn_chaining_algorithm	frameshift;start_lost	NW_020825209.1:12466536-12468166	0.9316770186335404
rna-NM_166886.2	0.9157894736842104	0.9157894736842104	0.8985915492957747	0.9087719298245616	LiftOn_chaining_algorithm	frameshift;start_lost	NW_020825217.1:1449051-1450160	0.9087719298245616
rna-NM_001015100.2	0.5807291666666666	0.5807291666666666	0.5476718403547672	0.578125	LiftOn_chaining_algorithm	frameshift;start_lost	NW_020825238.1:302382-304078	0.578125
rna-NM_001015101.2	0.5807291666666666	0.5807291666666666	0.5501618122977346	0.578125	LiftOn_chaining_algorithm	frameshift;start_lost	NW_020825238.1:302320-304078	0.578125
