rna-NM_001019.5	0.1221374045801526	0.0	0.054875283446712	0.1221374045801526	Liftoff_truncated	frameshift;start_lost;stop_codon_gain	NC_000067.7:7206386-7206511	0.1221374045801526
rna-NM_013348.4	0.2562929061784897	0.0	0.1546044098573281	0.2562929061784897	Liftoff_truncated	frameshift;start_lost;stop_codon_gain	NC_000067.7:10876153-10876792	0.2562929061784897
rna-NM_007332.3	0.1303571428571428	0.1032028469750889	0.0768341998844598	0.1303571428571428	LiftOn_chaining_algorithm	frameshift;start_lost;stop_missing	NC_000067.7:14966716-14968649	0.1303571428571428
rna-NM_001367493.1	0.0953649440596696	0.0	0.0745360059391239	0.0953649440596696	Liftoff_truncated	frameshift;start_lost;stop_missing	NC_000067.7:34843995-34846852	0.0953649440596696
rna-NM_004807.3	0.9733009708737864	0.970873786407767	0.3047484053862508	0.9733009708737864	LiftOn_chaining_algorithm	frameshift	NC_000067.7:36107550-36143303	0.9733009708737864
rna-NM_021198.3	0.9885496183206108	0.9847328244274808	0.7812379853902345	0.9885496183206108	LiftOn_chaining_algorithm	frameshift	NC_000067.7:74430835-74436147	0.9885496183206108
rna-NM_001079866.2	0.9357142857142856	0.2286995515695067	0.7892156862745098	0.9357142857142856	LiftOn_chaining_algorithm	frameshift;stop_missing	NC_000067.7:74628711-74631227	0.9357142857142856
rna-NM_006000.3	1.0	0.9977728285077953	0.8569377990430622	1.0	Liftoff_synonymous	synonymous	NC_000067.7:75191619-75195899	1.0
rna-NM_015311.3	0.7596204533473906	0.2027310924369748	0.7370225269343781	0.7596204533473906	LiftOn_chaining_algorithm	frameshift	NC_000067.7:75462475-75483121	0.7596204533473906
rna-NM_001395406.1	0.7209302325581395	0.0	0.576	0.7209302325581395	Liftoff_truncated	frameshift;stop_missing	NC_000067.7:82920672-82921043	0.7209302325581395
rna-NM_001395403.1	0.7520661157024794	0.0	0.7460732984293194	0.7520661157024794	Liftoff_truncated	frameshift	NC_000067.7:82933312-82933668	0.7520661157024794
rna-NM_138402.6	0.1721170395869191	0.0	0.1418359668924003	0.1721170395869191	Liftoff_truncated	frameshift;start_lost;stop_missing	NC_000067.7:85569454-85571053	0.1721170395869191
rna-NM_031313.3	0.7185741088180112	0.0	0.4744	0.7185741088180112	Liftoff_truncated	frameshift;stop_missing	NC_000067.7:87052724-87055443	0.7185741088180112
rna-NM_001282431.2	0.9653465346534652	0.9504950495049505	0.7281820455113779	0.9653465346534652	LiftOn_chaining_algorithm	frameshift;stop_missing	NC_000067.7:88625947-88629635	0.9653465346534652
rna-NM_173351.2	0.7771084337349398	0.0	0.469964664310954	0.7771084337349398	Liftoff_truncated	frameshift;stop_missing	NC_000067.7:92407443-92408349	0.7771084337349398
rna-NM_005024.3	0.2613065326633166	0.0427135678391959	0.1653543307086614	0.2613065326633166	LiftOn_chaining_algorithm	frameshift;start_lost	NC_000067.7:107474398-107474816	0.2613065326633166
rna-NM_014930.3	0.195906432748538	0.0	0.1164899339173198	0.195906432748538	Liftoff_truncated	frameshift;start_lost;stop_codon_gain	NC_000067.7:117729053-117729839	0.195906432748538
rna-NM_001193552.2	0.149404216315307	0.0	0.1396343835083625	0.149404216315307	Liftoff_truncated	frameshift;start_lost;stop_codon_gain	NC_000067.7:118056622-118057760	0.149404216315307
rna-NM_212502.3	0.6	0.0721247563352826	0.2777777777777778	0.6	LiftOn_chaining_algorithm	frameshift;start_lost;stop_missing	NC_000067.7:132043600-132047762	0.6
rna-NM_001039152.3	0.8758169934640523	0.8496732026143791	0.2661111111111111	0.8758169934640523	LiftOn_chaining_algorithm	frameshift	NC_000067.7:144395418-144421120	0.8758169934640523
rna-NM_001256686.2	0.971938775510204	0.9693877551020408	0.9336384439359268	0.971938775510204	LiftOn_chaining_algorithm	frameshift	NC_000067.7:156351671-156352978	0.971938775510204
rna-NM_014656.3	0.72	0.71	0.4462899050905953	0.72	LiftOn_chaining_algorithm	frameshift	NC_000067.7:159902601-159905277	0.72
rna-NM_003326.5	0.1630434782608695	0.0	0.0856242840778923	0.1630434782608695	Liftoff_truncated	frameshift;stop_missing	NC_000067.7:161223007-161223314	0.1630434782608695
rna-NM_139240.4	0.1358695652173913	0.0	0.0808080808080808	0.1358695652173913	Liftoff_truncated	frameshift;start_lost;stop_missing	NC_000067.7:161795480-161795565	0.1358695652173913
rna-NM_199351.3	0.9109375	0.909375	0.3618288778017723	0.9109375	LiftOn_chaining_algorithm	frameshift	NC_000067.7:166081714-166141634	0.9109375
rna-NM_005122.5	0.4040114613180516	0.0	0.3682678311499272	0.4040114613180516	Liftoff_truncated	frameshift;stop_missing	NC_000067.7:171041912-171044454	0.4040114613180516
rna-NM_001014443.3	0.9646643109540636	0.96113074204947	0.8741949334478317	0.9646643109540636	LiftOn_chaining_algorithm	frameshift	NC_000067.7:171109523-171115513	0.9646643109540636
rna-NM_005600.3	0.8445121951219512	0.8414634146341463	0.8215712383488681	0.8445121951219512	LiftOn_chaining_algorithm	frameshift	NC_000067.7:171169689-171173209	0.8445121951219512
rna-NM_144699.4	0.4009708737864078	0.0041631973355537	0.3651376146788991	0.4009708737864078	LiftOn_chaining_algorithm	frameshift;start_lost;stop_codon_gain	NC_000067.7:172054650-172081733	0.4009708737864078
rna-NM_052868.6	0.8876221498371335	0.0	0.8413186813186814	0.8876221498371335	Liftoff_truncated	frameshift	NC_000067.7:172139955-172147404	0.8876221498371335
rna-NM_205768.3	0.9943609022556392	0.9887218045112782	0.925897435897436	0.9943609022556392	LiftOn_chaining_algorithm	frameshift	NC_000067.7:177272227-177278330	0.9943609022556392
rna-NM_001270616.2	0.983739837398374	0.7567204301075269	0.7521693856299896	0.983739837398374	LiftOn_chaining_algorithm	frameshift	NC_000067.7:189850228-189902878	0.983739837398374
rna-NM_021029.6	0.4299065420560747	0.0	0.2598425196850393	0.4299065420560747	Liftoff_truncated	frameshift;start_lost	NC_000068.8:4947162-4947548	0.4299065420560747
rna-NM_001010908.2	0.99609375	0.9921875	0.869600987248046	0.99609375	LiftOn_chaining_algorithm	frameshift	NC_000068.8:13008273-13016491	0.99609375
rna-NM_001004354.3	1.0	0.991304347826087	0.7467936973250274	1.0	Liftoff_synonymous	synonymous	NC_000068.8:25070890-25073350	1.0
rna-NM_001807.6	0.1896551724137931	0.0	0.1735849056603773	0.1896551724137931	Liftoff_truncated	frameshift;start_lost;stop_missing	NC_000068.8:28450486-28451289	0.1896551724137931
rna-NM_001366244.2	0.3533980582524272	0.0856327307326355	0.2785910338517841	0.3533980582524272	LiftOn_chaining_algorithm	frameshift;start_lost;stop_missing	NC_000068.8:32183327-32196621	0.3533980582524272
rna-NM_001004454.2	0.8483870967741935	0.8451612903225807	0.4346324617661569	0.8483870967741935	LiftOn_chaining_algorithm	frameshift	NC_000068.8:36817171-36818208	0.8483870967741935
rna-NM_004508.4	0.3052631578947368	0.0	0.1087988316903979	0.3052631578947368	Liftoff_truncated	frameshift;start_lost	NC_000068.8:53586109-53586438	0.3052631578947368
rna-NM_018086.4	0.9789473684210528	0.9671052631578948	0.8367141996384816	0.9789473684210528	LiftOn_chaining_algorithm	frameshift	NC_000068.8:63801845-63928356	0.9789473684210528
rna-NM_005161.6	0.9186351706036744	0.9133858267716536	0.6258286926544683	0.9186351706036744	LiftOn_chaining_algorithm	frameshift	NC_000068.8:84966841-84969950	0.9186351706036744
rna-NM_001005213.2	0.7516339869281046	0.0	0.211224771910423	0.7516339869281046	Liftoff_truncated	frameshift	NC_000068.8:85600129-85601079	0.7516339869281046
rna-NM_001004740.2	0.7974683544303798	0.0	0.1828956541947478	0.7974683544303798	Liftoff_truncated	frameshift;start_lost;stop_codon_gain	NC_000068.8:85717182-85718104	0.7974683544303798
rna-NM_001004064.2	0.7848101265822784	0.0	0.2140231092436974	0.7848101265822784	Liftoff_truncated	frameshift;start_lost;stop_missing	NC_000068.8:86204829-86205730	0.7848101265822784
rna-NM_001004746.4	0.7178683385579937	0.0	0.3831640058055152	0.7178683385579937	Liftoff_truncated	frameshift;stop_missing	NC_000068.8:86506760-86507727	0.7178683385579937
rna-NM_001004745.2	0.72782874617737	0.0	0.5538983050847458	0.72782874617737	Liftoff_truncated	frameshift;start_lost;stop_codon_gain	NC_000068.8:86832360-86833315	0.72782874617737
rna-NM_001004738.2	0.7339743589743589	0.0	0.6498649864986499	0.7339743589743589	Liftoff_truncated	frameshift;stop_missing	NC_000068.8:87779651-87780579	0.7339743589743589
rna-NM_031909.3	0.9424242424242424	0.9393939393939394	0.6997885835095138	0.9424242424242424	LiftOn_chaining_algorithm	frameshift	NC_000068.8:90719724-90720833	0.9424242424242424
rna-NM_001145033.2	0.967479674796748	0.959349593495935	0.8210023866348448	0.967479674796748	LiftOn_chaining_algorithm	frameshift	NC_000068.8:93786162-93787373	0.967479674796748
rna-NM_005574.4	0.9473684210526316	0.9429824561403508	0.684433962264151	0.9473684210526316	LiftOn_chaining_algorithm	frameshift	NC_000068.8:103800456-103812219	0.9473684210526316
rna-NM_001368894.2	0.9977116704805492	0.988558352402746	0.8982142857142857	0.9977116704805492	LiftOn_chaining_algorithm	frameshift	NC_000068.8:105505787-105527587	0.9977116704805492
rna-NM_170675.5	0.99581589958159	0.98744769874477	0.8494029584744253	0.99581589958159	LiftOn_chaining_algorithm	frameshift	NC_000068.8:115691740-115896329	0.99581589958159
rna-NM_003134.6	0.218978102189781	0.0	0.1204281891168599	0.218978102189781	Liftoff_truncated	frameshift;stop_missing	NC_000068.8:118309859-118310160	0.218978102189781
rna-NM_207380.3	0.6619144602851323	0.6558044806517311	0.2612595776490375	0.6619144602851323	LiftOn_chaining_algorithm	frameshift	NC_000068.8:118587671-118593121	0.6619144602851323
rna-NM_018163.3	0.2721311475409836	0.0	0.2284563758389261	0.2721311475409836	Liftoff_truncated	frameshift;start_lost	NC_000068.8:119002407-119011045	0.2721311475409836
rna-NM_019074.4	0.8644314868804664	0.8629737609329446	0.8045285182000573	0.8644314868804664	LiftOn_chaining_algorithm	frameshift	NC_000068.8:119156297-119166140	0.8644314868804664
rna-NM_001018108.4	1.0	0.95	0.7981616238988893	1.0	Liftoff_synonymous	synonymous	NC_000068.8:121279858-121283507	1.0
rna-NM_001145668.2	0.951219512195122	0.9390243902439024	0.2082565425727976	0.951219512195122	LiftOn_chaining_algorithm	frameshift	NC_000068.8:124978442-124989772	0.951219512195122
rna-NM_003091.4	0.9913793103448276	0.978448275862069	0.7954337899543379	0.9913793103448276	LiftOn_chaining_algorithm	frameshift;start_lost	NC_000068.8:130013574-130019086	0.9913793103448276
rna-NM_033176.2	0.943661971830986	0.9408450704225352	0.8363028953229399	0.943661971830986	LiftOn_chaining_algorithm	frameshift	NC_000068.8:146925251-146927397	0.943661971830986
rna-NM_198535.3	0.2317262830482115	0.0	0.1019381565320313	0.2317262830482115	Liftoff_truncated	frameshift;start_lost;stop_missing	NC_000068.8:150250148-150250868	0.2317262830482115
rna-NM_001384317.1	0.8537095088819227	0.8505747126436781	0.6593364566402141	0.8537095088819227	LiftOn_chaining_algorithm	frameshift	NC_000068.8:160607719-160714933	0.8537095088819227
rna-NM_001032288.3	0.6891891891891891	0.0	0.619962511715089	0.6891891891891891	Liftoff_truncated	frameshift	NC_000068.8:167449770-167473903	0.6891891891891891
rna-NM_173485.6	0.9043478260869564	0.8927536231884058	0.6839317703871018	0.9043478260869564	LiftOn_chaining_algorithm	frameshift	NC_000068.8:169474628-169919269	0.9043478260869564
rna-NM_182633.3	0.1148648648648648	0.0	0.0488644184445973	0.1148648648648648	Liftoff_truncated	frameshift;start_lost;stop_missing	NC_000068.8:175010680-175010896	0.1148648648648648
rna-NM_001142572.2	0.2664907651715039	0.0	0.2451726155646577	0.2664907651715039	Liftoff_truncated	frameshift;start_lost;stop_missing	NC_000068.8:176413058-176413535	0.2664907651715039
rna-NM_003415.3	0.3586497890295358	0.0	0.1260454002389486	0.3586497890295358	Liftoff_truncated	frameshift;stop_missing	NC_000068.8:176500869-176502611	0.3586497890295358
rna-NM_182647.4	0.9380053908355797	0.4854111405835544	0.3552747575668528	0.9380053908355797	LiftOn_chaining_algorithm	frameshift	NC_000068.8:181357483-181361355	0.9380053908355797
rna-NM_000987.5	0.3287671232876712	0.0	0.2859848484848485	0.3287671232876712	Liftoff_truncated	inframe_deletion;stop_missing	NC_000069.7:7258103-7258273	0.3287671232876712
rna-NM_199129.4	0.1845018450184501	0.0	0.1326239294056579	0.1845018450184501	Liftoff_truncated	frameshift;start_lost;stop_codon_gain	NC_000069.7:8526462-8527764	0.1845018450184501
rna-NM_001365925.2	0.8969194312796208	0.7132701421800948	0.2589345920431558	0.8969194312796208	LiftOn_chaining_algorithm	frameshift	NC_000069.7:25485950-26385833	0.8969194312796208
rna-NM_001172779.2	0.1913978494623656	0.0	0.1215932914046121	0.1913978494623656	Liftoff_truncated	frameshift;start_lost;stop_missing	NC_000069.7:30685431-30686096	0.1913978494623656
rna-NM_001286769.2	0.1648148148148148	0.0	0.1303418803418803	0.1648148148148148	Liftoff_truncated	frameshift;start_lost;stop_missing	NC_000069.7:36219386-36219780	0.1648148148148148
rna-NM_021803.4	0.1717791411042944	0.0	0.0381315538608198	0.1717791411042944	Liftoff_truncated	frameshift;start_lost;stop_codon_gain	NC_000069.7:37279455-37279675	0.1717791411042944
rna-NM_032961.3	0.9740634005763688	0.967339097022094	0.8054560166454745	0.9740634005763688	LiftOn_chaining_algorithm	frameshift	NC_000069.7:45332841-45378233	0.9740634005763688
rna-NM_207365.4	0.2288557213930348	0.0	0.0713297767239675	0.2288557213930348	Liftoff_truncated	frameshift;start_lost;stop_missing	NC_000069.7:59784345-59784716	0.2288557213930348
rna-NM_001352129.2	0.7777777777777778	0.6666666666666666	0.2295918367346938	0.7777777777777778	LiftOn_chaining_algorithm	frameshift	NC_000069.7:63388542-63391277	0.7777777777777778
rna-NM_001764.3	0.1946107784431137	0.0	0.1687006460875807	0.1946107784431137	Liftoff_truncated	frameshift;start_lost;stop_missing	NC_000069.7:86895586-86895862	0.1946107784431137
rna-NM_004494.3	0.8838174273858921	0.8713692946058091	0.7624633431085044	0.8838174273858921	LiftOn_chaining_algorithm	frameshift	NC_000069.7:87813692-87823433	0.8838174273858921
rna-NM_207197.3	0.8032407407407407	0.8020833333333334	0.7542372881355932	0.8032407407407407	LiftOn_chaining_algorithm	frameshift	NC_000069.7:89247195-89257256	0.8032407407407407
rna-NM_001024209.4	0.5068493150684932	0.0	0.1864904552129221	0.5068493150684932	Liftoff_truncated	frameshift;stop_missing	NC_000069.7:92224737-92224872	0.5068493150684932
rna-NM_001014291.4	0.7972972972972973	0.0	0.3434856175972927	0.7972972972972973	Liftoff_truncated	frameshift;stop_missing	NC_000069.7:92273203-92273431	0.7972972972972973
rna-NM_001387222.1	0.56	0.0	0.3723577235772358	0.56	Liftoff_truncated	frameshift;stop_missing	NC_000069.7:92576305-92576562	0.56
rna-NM_178354.3	0.6386554621848739	0.0	0.3457300275482093	0.6386554621848739	Liftoff_truncated	frameshift;stop_missing	NC_000069.7:92587553-92587824	0.6386554621848739
rna-NM_178352.3	0.6695652173913044	0.0	0.5390946502057613	0.6695652173913044	Liftoff_truncated	frameshift;stop_missing	NC_000069.7:92684872-92685196	0.6695652173913044
rna-NM_178438.5	0.7226890756302521	0.0	0.4023121387283237	0.7226890756302521	Liftoff_truncated	frameshift	NC_000069.7:92696345-92696779	0.7226890756302521
rna-NM_178434.3	0.7894736842105263	0.0	0.68	0.7894736842105263	Liftoff_truncated	frameshift	NC_000069.7:92852530-92852903	0.7894736842105263
rna-NM_014357.5	0.6126126126126126	0.0	0.4245901639344262	0.6126126126126126	Liftoff_truncated	frameshift	NC_000069.7:92865379-92865688	0.6126126126126126
rna-NM_178430.4	0.6036036036036037	0.0	0.4260731319554849	0.6036036036036037	Liftoff_truncated	frameshift	NC_000069.7:92875036-92875347	0.6036036036036037
rna-NM_001083965.2	0.9145907473309608	0.9110320284697508	0.7974413646055437	0.9145907473309608	LiftOn_chaining_algorithm	frameshift	NC_000069.7:94330109-94338803	0.9145907473309608
rna-NM_013353.3	0.9393063583815028	0.0	0.772911597729116	0.9393063583815028	Liftoff_truncated	frameshift;stop_missing	NC_000069.7:95032826-95036055	0.9393063583815028
rna-NM_017445.3	0.952755905511811	0.0	0.7222222222222222	0.952755905511811	Liftoff_truncated	frameshift;stop_missing	NC_000069.7:96177068-96177446	0.952755905511811
rna-NM_005105.5	1.0	0.9942857142857144	0.1417226634086744	1.0	Liftoff_synonymous	synonymous	NC_000069.7:96537224-96539234	1.0
rna-NM_020683.7	0.25	0.0	0.1654632972322503	0.25	Liftoff_truncated	frameshift;start_lost;stop_missing	NC_000069.7:105812158-105812468	0.25
rna-NM_022768.5	0.9366053169734152	0.9274028629856852	0.8940064954236788	0.9366053169734152	LiftOn_chaining_algorithm	frameshift;stop_codon_gain	NC_000069.7:107233257-107240405	0.9366053169734152
rna-NM_006621.7	1.0	0.9962335216572504	0.8455753321634495	1.0	Liftoff_synonymous	synonymous	NC_000069.7:107570433-107603883	1.0
rna-NM_000561.4	0.4200913242009132	0.0	0.2491408934707903	0.4200913242009132	Liftoff_truncated	frameshift;start_lost;stop_missing	NC_000069.7:107837590-107838706	0.4200913242009132
rna-NM_020141.4	0.9866666666666668	0.9466666666666668	0.2031643293779216	0.9866666666666668	LiftOn_chaining_algorithm	frameshift	NC_000069.7:108465897-108469703	0.9866666666666668
rna-NM_004120.5	0.0844594594594594	0.0	0.0464661286378087	0.0844594594594594	Liftoff_truncated	frameshift;stop_missing	NC_000069.7:142206315-142206507	0.0844594594594594
rna-NM_006769.4	1.0	0.9879518072289156	0.7595575392974966	1.0	Liftoff_synonymous	synonymous	NC_000069.7:143891134-143910949	1.0
rna-NM_030784.4	0.923809523809524	0.9166666666666666	0.3206412825651302	0.923809523809524	LiftOn_chaining_algorithm	frameshift	NC_000070.7:25007130-25009291	0.923809523809524
rna-NM_018064.4	0.9362745098039216	0.9166666666666666	0.6644085461177697	0.9362745098039216	LiftOn_chaining_algorithm	frameshift	NC_000070.7:34550997-34566970	0.9362745098039216
rna-NM_147164.3	0.9517426273458444	0.9490616621983914	0.8449951409135082	0.9517426273458444	LiftOn_chaining_algorithm	frameshift	NC_000070.7:41657500-41695475	0.9517426273458444
rna-NM_004235.6	0.9145833333333332	0.9125	0.8482578964506675	0.9145833333333332	LiftOn_chaining_algorithm	frameshift	NC_000070.7:55527143-55532478	0.9145833333333332
rna-NM_012210.4	0.963302752293578	0.9617737003058104	0.7378000527565286	0.963302752293578	LiftOn_chaining_algorithm	frameshift	NC_000070.7:65523236-65534666	0.963302752293578
rna-NM_203403.2	0.8820960698689956	0.8777292576419214	0.3410104011887073	0.8820960698689956	LiftOn_chaining_algorithm	frameshift	NC_000070.7:80829588-80872532	0.8820960698689956
rna-NM_001134673.4	0.992156862745098	0.9803921568627452	0.8069220499127041	0.992156862745098	LiftOn_chaining_algorithm	frameshift	NC_000070.7:97665998-98007108	0.992156862745098
rna-NM_012183.3	0.906054279749478	0.9039665970772442	0.8415614236509759	0.906054279749478	LiftOn_chaining_algorithm	frameshift	NC_000070.7:99544375-99546910	0.906054279749478
rna-NM_001277406.2	0.3197026022304832	0.0	0.1470456245325355	0.3197026022304832	Liftoff_truncated	frameshift	NC_000070.7:103420599-103421733	0.3197026022304832
rna-NM_000778.4	0.3557692307692308	0.0	0.2333201737070667	0.3557692307692308	Liftoff_truncated	frameshift;start_lost;stop_missing	NC_000070.7:115426906-115428575	0.3557692307692308
rna-NM_001377534.1	0.7027027027027027	0.6981981981981982	0.6899313501144165	0.7027027027027027	LiftOn_chaining_algorithm	frameshift	NC_000070.7:116985168-116985950	0.7027027027027027
rna-NM_001255.3	0.758	0.5287128712871287	0.6436363636363637	0.758	LiftOn_chaining_algorithm	frameshift;stop_missing	NC_000070.7:118290678-118294320	0.758
rna-NM_024700.4	0.6498740554156172	0.1209068010075566	0.3867572900679675	0.6498740554156172	LiftOn_chaining_algorithm	frameshift;start_lost	NC_000070.7:124964900-124967899	0.6498740554156172
rna-NM_031280.4	0.251937984496124	0.0	0.2316561844863731	0.251937984496124	Liftoff_truncated	frameshift;start_lost;stop_missing	NC_000070.7:125948754-125949243	0.251937984496124
rna-NM_001388490.1	0.8763376932223543	0.8680142687277052	0.8474329054842473	0.8763376932223543	LiftOn_chaining_algorithm	frameshift	NC_000070.7:126125961-126150117	0.8763376932223543
rna-NM_152374.2	0.8304347826086956	0.8217391304347826	0.2875618105743628	0.8304347826086956	LiftOn_chaining_algorithm	frameshift	NC_000070.7:126505469-126506338	0.8304347826086956
rna-NM_024772.5	0.4111986001749781	0.0695102685624012	0.3877159309021113	0.4111986001749781	LiftOn_chaining_algorithm	frameshift;start_lost;stop_missing	NC_000070.7:126941442-126943438	0.4111986001749781
rna-NM_052841.4	0.9776951672862454	0.9739776951672864	0.9220272904483432	0.9776951672862454	LiftOn_chaining_algorithm	nonsynonymous	NC_000070.7:129382808-129384562	0.9776951672862454
rna-NM_001167676.2	0.8359375	0.8203125	0.554968287526427	0.8359375	LiftOn_chaining_algorithm	frameshift	NC_000070.7:129384947-129385749	0.8359375
rna-NM_005356.5	0.9686274509803922	0.9666666666666668	0.7345767575322812	0.9686274509803922	LiftOn_chaining_algorithm	frameshift	NC_000070.7:129442383-129451983	0.9686274509803922
rna-NM_005517.4	0.967032967032967	0.0	0.5806945863125639	0.967032967032967	Liftoff_truncated	frameshift	NC_000070.7:133691998-133695283	0.967032967032967
rna-NM_001395468.1	0.859375	0.84375	0.5937721160651097	0.859375	LiftOn_chaining_algorithm	frameshift	NC_000070.7:133971132-133973020	0.859375
rna-NM_007352.4	0.1476014760147601	0.0	0.1401766004415011	0.1476014760147601	Liftoff_truncated	start_lost;inframe_deletion;stop_missing	NC_000070.7:137129786-137129938	0.1476014760147601
rna-NM_001031721.4	0.2475728155339805	0.0	0.2139020537124802	0.2475728155339805	Liftoff_truncated	frameshift;start_lost;stop_missing	NC_000070.7:145263862-145264590	0.2475728155339805
rna-NM_019591.4	0.2921348314606741	0.0	0.0546985364751087	0.2921348314606741	Liftoff_truncated	frameshift;start_lost;stop_codon_gain	NC_000070.7:145428335-145429308	0.2921348314606741
rna-NM_183238.4	0.3769470404984423	0.0	0.1151787625776065	0.3769470404984423	Liftoff_truncated	frameshift;start_lost;stop_missing	NC_000070.7:146061341-146062459	0.3769470404984423
rna-NM_001289971.2	0.3491204330175913	0.0	0.1650286049581927	0.3491204330175913	Liftoff_truncated	frameshift;start_lost;stop_missing	NC_000070.7:147073998-147075204	0.3491204330175913
rna-NM_178523.5	0.3273657289002558	0.0	0.2625659857700252	0.3273657289002558	Liftoff_truncated	frameshift;start_lost;stop_missing	NC_000070.7:147758684-147759950	0.3273657289002558
rna-NM_003790.3	0.3995215311004784	0.1731958762886598	0.3351898734177215	0.3995215311004784	LiftOn_chaining_algorithm	frameshift;start_lost;stop_missing	NC_000070.7:152202738-152204418	0.3995215311004784
rna-NM_001130045.2	0.0504451038575667	0.0242656449553001	0.0476190476190476	0.0504451038575667	LiftOn_chaining_algorithm	start_lost;inframe_deletion;stop_missing	NC_000070.7:156120594-156120710	0.0504451038575667
rna-NM_199000.3	0.978902953586498	0.0	0.7889797154102332	0.978902953586498	Liftoff_truncated	frameshift	NC_000071.7:22951019-23480590	0.978902953586498
rna-NM_000238.4	0.9629310344827586	0.9620689655172414	0.8755205923183711	0.9629310344827586	LiftOn_chaining_algorithm	frameshift	NC_000071.7:24524610-24556693	0.9629310344827586
rna-NM_022823.3	0.9446808510638298	0.9361702127659576	0.8284343131373725	0.9446808510638298	LiftOn_chaining_algorithm	frameshift	NC_000071.7:31450228-31453215	0.9446808510638298
rna-NM_015476.4	0.1694352159468438	0.0	0.0401355225436539	0.1694352159468438	Liftoff_truncated	frameshift;start_lost;stop_missing	NC_000071.7:42010716-42010883	0.1694352159468438
rna-NM_001394446.1	0.7094017094017094	0.7067307692307693	0.5135239567233385	0.7094017094017094	LiftOn_chaining_algorithm	frameshift	NC_000071.7:45858572-46014843	0.7094017094017094
rna-NM_001173523.2	0.9785031847133758	0.8781847133757962	0.8410032471167842	0.9785031847133758	LiftOn_chaining_algorithm	frameshift	NC_000071.7:57875404-58290577	0.9785031847133758
rna-NM_198353.3	0.9535864978902954	0.6497890295358649	0.8104550582925912	0.9535864978902954	LiftOn_chaining_algorithm	frameshift	NC_000071.7:69266774-69498841	0.9535864978902954
rna-NM_001099692.2	0.896774193548387	0.0	0.249363219561895	0.896774193548387	Liftoff_truncated	frameshift	NC_000071.7:90280059-90281155	0.896774193548387
rna-NM_033214.3	0.8429602888086642	0.0	0.7434666666666667	0.8429602888086642	Liftoff_truncated	frameshift;stop_missing	NC_000071.7:97603188-97604838	0.8429602888086642
rna-NM_198460.3	0.1372239747634069	0.0	0.1036910603797738	0.1372239747634069	Liftoff_truncated	frameshift;start_lost;stop_codon_gain	NC_000071.7:105368692-105372629	0.1372239747634069
rna-NM_207398.3	0.1236306729264475	0.0	0.1210873146622734	0.1236306729264475	Liftoff_truncated	frameshift;start_lost;stop_missing	NC_000071.7:105427941-105428430	0.1236306729264475
rna-NM_020063.2	0.9304123711340206	0.9252577319587628	0.8109107720758206	0.9304123711340206	LiftOn_chaining_algorithm	frameshift	NC_000071.7:106600389-106605814	0.9304123711340206
rna-NM_001258280.2	0.3786764705882353	0.0	0.1502683363148479	0.3786764705882353	Liftoff_truncated	frameshift;start_lost;stop_missing	NC_000071.7:110030068-110030593	0.3786764705882353
rna-NM_001170905.3	0.2009345794392523	0.0	0.0505523937060595	0.2009345794392523	Liftoff_truncated	frameshift;start_lost;stop_missing	NC_000071.7:110226634-110227089	0.2009345794392523
rna-NM_001371333.1	0.175	0.0	0.0807875084860828	0.175	Liftoff_truncated	frameshift;start_lost;stop_missing	NC_000071.7:123658104-123658235	0.175
rna-NM_177551.4	0.8159340659340659	0.8131868131868132	0.5349061145883486	0.8159340659340659	LiftOn_chaining_algorithm	frameshift	NC_000071.7:124002271-124003575	0.8159340659340659
rna-NM_021009.7	0.9912536443148688	0.9183673469387756	0.8399452804377565	0.9912536443148688	LiftOn_chaining_algorithm	frameshift;stop_missing	NC_000071.7:125463286-125465328	0.9912536443148688
rna-NM_023948.5	0.8898305084745762	0.885593220338983	0.7472340425531915	0.8898305084745762	LiftOn_chaining_algorithm	frameshift	NC_000071.7:137595215-137598997	0.8898305084745762
rna-NM_006833.5	0.9786585365853658	0.975609756097561	0.7556980056980057	0.9786585365853658	LiftOn_chaining_algorithm	frameshift	NC_000071.7:138159353-138162299	0.9786585365853658
rna-NM_001395995.1	0.8840579710144928	0.0	0.1521642124051762	0.8840579710144928	Liftoff_truncated	frameshift;stop_missing	NC_000071.7:143534475-143534889	0.8840579710144928
rna-NM_002523.3	0.9629629629629628	0.960648148148148	0.7306715063520871	0.9629629629629628	LiftOn_chaining_algorithm	frameshift	NC_000071.7:144482811-144494287	0.9629629629629628
rna-NM_003910.4	0.496551724137931	0.0	0.2184235517568851	0.496551724137931	Liftoff_truncated	frameshift;stop_missing	NC_000071.7:145079258-145081831	0.496551724137931
rna-NM_000089.4	0.8902706656912948	0.0160233066278222	0.856113707165109	0.8902706656912948	LiftOn_chaining_algorithm	frameshift	NC_000072.7:4505702-4541533	0.8902706656912948
rna-NM_152745.3	0.9963235294117648	0.9338235294117648	0.8468740561763818	0.9963235294117648	LiftOn_chaining_algorithm	frameshift	NC_000072.7:8948170-9249030	0.9963235294117648
rna-NM_012281.3	0.8938193343898574	0.0	0.7956536388140162	0.8938193343898574	Liftoff_truncated	frameshift	NC_000072.7:21214847-21729809	0.8938193343898574
rna-NM_024523.6	0.9381443298969072	0.9368556701030928	0.6091566265060241	0.9381443298969072	LiftOn_chaining_algorithm	frameshift	NC_000072.7:28417461-28421325	0.9381443298969072
rna-NM_001098629.3	0.8543689320388349	0.8524271844660194	0.4622543950361944	0.8543689320388349	LiftOn_chaining_algorithm	frameshift	NC_000072.7:29531125-29536821	0.8543689320388349
rna-NM_014149.4	0.5	0.2213333333333333	0.2523466492032307	0.5	LiftOn_chaining_algorithm	frameshift	NC_000072.7:34857737-34887762	0.5
rna-NM_001195278.2	0.864406779661017	0.559322033898305	0.6901607489842784	0.864406779661017	LiftOn_chaining_algorithm	frameshift	NC_000072.7:39849759-40232083	0.864406779661017
rna-NM_001004685.1	0.8490566037735849	0.8459119496855346	0.8282722513089005	0.8490566037735849	LiftOn_chaining_algorithm	frameshift	NC_000072.7:42766975-42767928	0.8490566037735849
rna-NM_001001802.3	0.7781350482315113	0.0	0.1547162189456675	0.7781350482315113	Liftoff_truncated	frameshift;stop_missing	NC_000072.7:43212540-43213472	0.7781350482315113
rna-NM_022150.3	0.182741116751269	0.0	0.1175482787573467	0.182741116751269	Liftoff_truncated	frameshift;start_lost;stop_missing	NC_000072.7:50629700-50629850	0.182741116751269
rna-NM_153631.3	0.9369369369369368	0.9346846846846848	0.8493995456020772	0.9369369369369368	LiftOn_chaining_algorithm	frameshift	NC_000072.7:52146041-52190316	0.9369369369369368
rna-NM_018951.4	0.9197080291970804	0.9172749391727494	0.8544061302681992	0.9197080291970804	LiftOn_chaining_algorithm	frameshift	NC_000072.7:52208177-52211928	0.9197080291970804
rna-NM_022728.4	0.9822485207100592	0.9792899408284024	0.8777943368107303	0.9822485207100592	LiftOn_chaining_algorithm	frameshift	NC_000072.7:55654809-55658082	0.9822485207100592
rna-NM_198179.3	0.5	0.0	0.352112676056338	0.5	Liftoff_truncated	frameshift;start_lost;stop_codon_gain	NC_000072.7:65358293-65433535	0.5
rna-NM_153682.3	0.2	0.0	0.1398305084745762	0.2	Liftoff_truncated	frameshift;stop_missing	NC_000072.7:75759658-75759761	0.2
rna-NM_001134745.3	0.94585448392555	0.8358714043993232	0.8305606900800986	0.94585448392555	LiftOn_chaining_algorithm	frameshift	NC_000072.7:79995901-80787155	0.94585448392555
rna-NM_032118.4	0.8865671641791045	0.7660818713450293	0.7810599478714162	0.8865671641791045	LiftOn_chaining_algorithm	frameshift	NC_000072.7:83129705-83132853	0.8865671641791045
rna-NM_003960.4	0.4649122807017544	0.0	0.3752293577981651	0.4649122807017544	Liftoff_truncated	frameshift;stop_missing	NC_000072.7:85794443-85794981	0.4649122807017544
rna-NM_014041.5	0.3398058252427184	0.0	0.0931152730150356	0.3398058252427184	Liftoff_truncated	frameshift;start_lost	NC_000072.7:87070790-87071166	0.3398058252427184
rna-NM_198560.3	0.9838709677419356	0.9798387096774194	0.3820133684423739	0.9838709677419356	LiftOn_chaining_algorithm	frameshift	NC_000072.7:113147667-113172312	0.9838709677419356
rna-NM_007021.4	0.5868544600938967	0.0	0.2659123055162659	0.5868544600938967	Liftoff_truncated	frameshift	NC_000072.7:116628659-116629292	0.5868544600938967
rna-NM_172364.5	0.0738137082601054	0.0	0.0476730987514188	0.0738137082601054	Liftoff_truncated	frameshift;start_lost;stop_missing	NC_000072.7:119248177-119248912	0.0738137082601054
rna-NM_002831.6	0.9446308724832216	0.9412751677852348	0.797328420082911	0.9446308724832216	LiftOn_chaining_algorithm	frameshift	NC_000072.7:124698043-124710073	0.9446308724832216
rna-NM_014262.5	0.6268656716417911	0.4713541666666667	0.5276096822995462	0.6268656716417911	LiftOn_chaining_algorithm	frameshift;stop_missing	NC_000072.7:124821979-124834688	0.6268656716417911
rna-NM_001102654.2	0.959409594095941	0.948339483394834	0.9	0.959409594095941	LiftOn_chaining_algorithm	frameshift	NC_000072.7:126078377-126141923	0.959409594095941
rna-NM_182609.4	0.188034188034188	0.0	0.1636777682892115	0.188034188034188	Liftoff_truncated	frameshift;start_lost;stop_codon_gain	NC_000072.7:130606133-130606759	0.188034188034188
rna-NM_001040185.3	0.1984732824427481	0.0	0.0966754155730533	0.1984732824427481	Liftoff_truncated	frameshift;start_lost;stop_missing	NC_000072.7:131143590-131144040	0.1984732824427481
rna-NM_001366544.2	0.092	0.062	0.0533980582524271	0.092	LiftOn_chaining_algorithm	frameshift;start_lost;stop_missing	NC_000072.7:145106603-145106743	0.092
rna-NM_001001660.3	0.8791208791208791	0.8681318681318682	0.3397745571658615	0.8791208791208791	LiftOn_chaining_algorithm	frameshift;start_lost;stop_codon_gain	NC_000072.7:145160910-145161450	0.8791208791208791
rna-NM_001081637.3	0.3124042879019908	0.0	0.2990033222591362	0.3124042879019908	Liftoff_truncated	frameshift;start_lost;stop_missing	NC_000073.7:3914409-3916170	0.3124042879019908
rna-NM_014501.3	0.9327354260089686	0.9282511210762332	0.3320327740928599	0.9327354260089686	LiftOn_chaining_algorithm	frameshift	NC_000073.7:4811007-4815312	0.9327354260089686
rna-NM_001144989.2	0.0665887850467289	0.0	0.0592379122638488	0.0665887850467289	Liftoff_truncated	frameshift;start_lost;stop_missing	NC_000073.7:7135430-7135808	0.0665887850467289
rna-NM_005762.3	0.9389952153110048	0.9354066985645934	0.766481101670085	0.9389952153110048	LiftOn_chaining_algorithm	frameshift	NC_000073.7:12758247-12764962	0.9389952153110048
rna-NM_024301.5	0.939516129032258	0.935483870967742	0.4048666080328349	0.939516129032258	LiftOn_chaining_algorithm	frameshift	NC_000073.7:16544369-16550658	0.939516129032258
rna-NM_001012643.4	0.86	0.855	0.8107692307692308	0.86	LiftOn_chaining_algorithm	frameshift	NC_000073.7:18725230-18735687	0.86
rna-NM_005282.3	0.9228650137741048	0.9173553719008264	0.3516339869281046	0.9228650137741048	LiftOn_chaining_algorithm	frameshift	NC_000073.7:18955965-18957182	0.9228650137741048
rna-NM_198089.3	0.0630797773654916	0.0	0.0432453119020283	0.0630797773654916	Liftoff_truncated	frameshift;start_lost;stop_missing	NC_000073.7:23821665-23821785	0.0630797773654916
rna-NM_013380.4	0.4284140969162995	0.0	0.3482655012291724	0.4284140969162995	Liftoff_truncated	frameshift;start_lost;stop_missing	NC_000073.7:23825153-23826597	0.4284140969162995
rna-NM_013361.6	0.0766045548654244	0.0	0.0479166666666666	0.0766045548654244	Liftoff_truncated	frameshift;start_lost;stop_missing	NC_000073.7:23877175-23877301	0.0766045548654244
rna-NM_001297588.2	0.0598705501618122	0.0	0.0491183879093199	0.0598705501618122	Liftoff_truncated	frameshift;start_lost;stop_missing	NC_000073.7:23902795-23902921	0.0598705501618122
rna-NM_001129996.2	0.073170731707317	0.0	0.0718711276332094	0.073170731707317	Liftoff_truncated	frameshift;start_lost;stop_missing	NC_000073.7:23933776-23933902	0.073170731707317
rna-NM_182490.3	0.22625	0.0	0.2244429882044561	0.22625	Liftoff_truncated	frameshift;start_lost;stop_missing	NC_000073.7:23960401-23961179	0.22625
rna-NM_014518.4	0.2384987893462469	0.0	0.1795440790800887	0.2384987893462469	Liftoff_truncated	frameshift;start_lost;stop_codon_gain	NC_000073.7:23975019-23976008	0.2384987893462469
rna-NM_003425.4	0.3777452415812591	0.0	0.2113034623217922	0.3777452415812591	Liftoff_truncated	frameshift;start_lost	NC_000073.7:24001973-24002903	0.3777452415812591
rna-NM_006494.4	0.9690346083788708	0.9599271402550092	0.8604227405247813	0.9690346083788708	LiftOn_chaining_algorithm	frameshift	NC_000073.7:24942750-24950154	0.9690346083788708
rna-NM_000767.5	0.3089430894308943	0.0	0.1681847755367599	0.3089430894308943	Liftoff_truncated	frameshift;start_lost;stop_missing	NC_000073.7:25780023-25788167	0.3089430894308943
rna-NM_000766.5	0.1131313131313131	0.0	0.0931289040318001	0.1131313131313131	Liftoff_truncated	frameshift;start_lost;stop_missing	NC_000073.7:26647377-26647553	0.1131313131313131
rna-NM_170604.3	0.327893175074184	0.1203966005665722	0.2043422733077905	0.327893175074184	LiftOn_chaining_algorithm	frameshift;start_lost;stop_missing	NC_000073.7:28845233-28848556	0.327893175074184
rna-NM_001145344.1	0.7350835322195705	0.0833333333333333	0.1845362788040373	0.7350835322195705	LiftOn_chaining_algorithm	frameshift;start_lost	NC_000073.7:29777015-29780642	0.7350835322195705
rna-NM_001366178.1	0.9184782608695652	0.4588414634146341	0.84185303514377	0.9184782608695652	LiftOn_chaining_algorithm	frameshift	NC_000073.7:30221651-30234455	0.9184782608695652
rna-NM_014383.3	0.6926229508196722	0.6885245901639344	0.6382252559726962	0.6926229508196722	LiftOn_chaining_algorithm	frameshift	NC_000073.7:30289336-30292827	0.6926229508196722
rna-NM_014717.3	0.8877786318216756	0.8870099923136049	0.8113921529575782	0.8877786318216756	LiftOn_chaining_algorithm	frameshift	NC_000073.7:37171558-37269416	0.8877786318216756
rna-NM_145287.4	0.2902033271719039	0.0	0.1200650598846665	0.2902033271719039	Liftoff_truncated	frameshift;start_lost;stop_missing	NC_000073.7:41275712-41276567	0.2902033271719039
rna-NM_032788.3	0.1970074812967581	0.0	0.0622071417030214	0.1970074812967581	Liftoff_truncated	frameshift;start_lost;stop_missing	NC_000073.7:42747095-42747480	0.1970074812967581
rna-NM_001080457.2	0.96218487394958	0.9607843137254902	0.5798745894296805	0.96218487394958	LiftOn_chaining_algorithm	frameshift;stop_missing	NC_000073.7:44094299-44112257	0.96218487394958
rna-NM_054030.4	0.4712990936555891	0.0	0.3029144768275203	0.4712990936555891	Liftoff_truncated	frameshift;start_lost;stop_missing	NC_000073.7:46884715-46885512	0.4712990936555891
rna-NM_020211.3	0.9223946784922394	0.9135254988913526	0.2893441181642342	0.9223946784922394	LiftOn_chaining_algorithm	frameshift	NC_000073.7:73025340-73069701	0.9223946784922394
rna-NM_016073.4	0.9705882352941176	0.9607843137254902	0.4034167659912594	0.9705882352941176	LiftOn_chaining_algorithm	frameshift	NC_000073.7:81530954-81584149	0.9705882352941176
rna-NM_001355292.3	0.707936507936508	0.0	0.4241071428571428	0.707936507936508	Liftoff_truncated	frameshift;start_lost	NC_000073.7:85984657-85985578	0.707936507936508
rna-NM_001143831.3	0.9546578730420444	0.7765869744435284	0.8009708737864077	0.9546578730420444	LiftOn_chaining_algorithm	frameshift	NC_000073.7:87233543-87784045	0.9546578730420444
rna-NM_006189.1	0.8963414634146342	0.8902439024390244	0.8861788617886179	0.8963414634146342	LiftOn_chaining_algorithm	nonsynonymous	NC_000073.7:97794134-97794625	0.8963414634146342
rna-NM_015516.4	0.8502824858757062	0.844632768361582	0.4652777777777778	0.8502824858757062	LiftOn_chaining_algorithm	frameshift	NC_000073.7:98000948-98010496	0.8502824858757062
rna-NM_001004757.2	0.8113207547169812	0.0	0.7076502732240437	0.8113207547169812	Liftoff_truncated	frameshift;stop_missing	NC_000073.7:103652476-103653387	0.8113207547169812
rna-NM_021616.6	0.1676891615541922	0.0	0.1577342047930283	0.1676891615541922	Liftoff_truncated	frameshift;stop_missing	NC_000073.7:103874763-103875168	0.1676891615541922
rna-NM_001001913.2	0.8260869565217391	0.8235294117647058	0.3406593406593406	0.8260869565217391	LiftOn_chaining_algorithm	frameshift;start_lost;stop_codon_gain	NC_000073.7:104382592-104383587	0.8260869565217391
rna-NM_001388488.1	0.6126984126984127	0.0	0.0767045454545454	0.6126984126984127	Liftoff_truncated	frameshift;start_lost;stop_missing	NC_000073.7:104770744-104771448	0.6126984126984127
rna-NM_001004052.1	0.8796296296296297	0.8765432098765432	0.8446502057613169	0.8796296296296297	LiftOn_chaining_algorithm	inframe_deletion	NC_000073.7:104985953-104986921	0.8796296296296297
rna-NM_001004460.2	0.8914473684210527	0.0	0.1576701910591726	0.8914473684210527	Liftoff_truncated	frameshift;stop_missing	NC_000073.7:106673040-106673985	0.8914473684210527
rna-NM_001004461.2	0.7777777777777778	0.0	0.13110964332893	0.7777777777777778	Liftoff_truncated	frameshift;start_lost	NC_000073.7:108467406-108468341	0.7777777777777778
rna-NM_173615.5	0.0658227848101265	0.0050872093023255	0.0647826086956521	0.0658227848101265	LiftOn_chaining_algorithm	frameshift;start_lost;stop_missing	NC_000073.7:120358075-120379467	0.0658227848101265
rna-NM_021130.5	0.3674698795180723	0.0	0.1987494417150513	0.3674698795180723	Liftoff_truncated	frameshift;start_lost;stop_missing	NC_000073.7:120614163-120614667	0.3674698795180723
rna-NM_006040.3	0.8862144420131292	0.4638949671772429	0.7408050970170866	0.8862144420131292	LiftOn_chaining_algorithm	frameshift	NC_000073.7:123582029-123998212	0.8862144420131292
rna-NM_145239.3	0.7947214076246334	0.782991202346041	0.7612293144208038	0.7947214076246334	LiftOn_chaining_algorithm	frameshift	NC_000073.7:126616712-126620330	0.7947214076246334
rna-NM_001365977.2	0.3780160857908847	0.3684210526315789	0.2700069589422408	0.3780160857908847	LiftOn_chaining_algorithm	frameshift;start_lost;stop_missing	NC_000073.7:126813940-126814927	0.3780160857908847
rna-NM_003041.4	0.4442793462109955	0.0	0.3702071397091229	0.4442793462109955	Liftoff_truncated	frameshift;start_lost;stop_missing	NC_000073.7:127865517-127870422	0.4442793462109955
rna-NM_006435.3	0.3834586466165413	0.0	0.1557539682539682	0.3834586466165413	Liftoff_truncated	frameshift;start_lost;stop_missing	NC_000073.7:140548253-140549476	0.3834586466165413
rna-NM_001005405.3	0.7452229299363057	0.0	0.5463137996219282	0.7452229299363057	Liftoff_truncated	frameshift	NC_000073.7:141673778-141674508	0.7452229299363057
rna-NM_001001480.3	0.6848739495798319	0.0	0.5754475703324808	0.6848739495798319	Liftoff_truncated	frameshift	NC_000073.7:141689072-141689843	0.6848739495798319
rna-NM_001005922.1	0.7168458781362007	0.0	0.6530612244897959	0.7168458781362007	Liftoff_truncated	frameshift;start_lost	NC_000073.7:141718572-141719414	0.7168458781362007
rna-NM_001012708.2	0.7698744769874477	0.0	0.7239130434782609	0.7698744769874477	Liftoff_truncated	frameshift	NC_000073.7:141765514-141766329	0.7698744769874477
rna-NM_001012416.1	0.7615384615384615	0.0	0.6706281833616299	0.7615384615384615	Liftoff_truncated	frameshift;stop_missing	NC_000073.7:141783218-141783704	0.7615384615384615
rna-NM_001012503.2	0.7168674698795181	0.0	0.3757102272727273	0.7168674698795181	Liftoff_truncated	frameshift;stop_missing	NC_000073.7:141804674-141805262	0.7168674698795181
rna-NM_005553.4	0.8	0.7764705882352941	0.5016556291390728	0.8	LiftOn_chaining_algorithm	frameshift;stop_missing	NC_000073.7:141834060-141834774	0.8
rna-NM_001004325.2	0.6797752808988764	0.0	0.4208185053380783	0.6797752808988764	Liftoff_truncated	frameshift;stop_missing	NC_000073.7:141850329-141850855	0.6797752808988764
rna-NM_021046.3	0.7712765957446809	0.0	0.4432296047098402	0.7712765957446809	Liftoff_truncated	frameshift;stop_missing	NC_000073.7:141857297-141857882	0.7712765957446809
rna-NM_006757.4	0.6293436293436293	0.0	0.4356807511737089	0.6293436293436293	Liftoff_truncated	frameshift;start_lost;stop_missing	NC_000073.7:142059253-142066359	0.6293436293436293
rna-NM_001122630.2	0.6503267973856209	0.6437908496732027	0.6217882836587872	0.6503267973856209	LiftOn_chaining_algorithm	frameshift	NC_000073.7:143012320-143014737	0.6503267973856209
rna-NM_004093.4	0.9670658682634732	0.9610778443113772	0.7983949892346839	0.9670658682634732	LiftOn_chaining_algorithm	frameshift	NC_000074.7:8667434-8711242	0.9670658682634732
rna-NM_001080396.3	0.8932461873638344	0.6100217864923747	0.3687387482791486	0.8932461873638344	LiftOn_chaining_algorithm	frameshift	NC_000074.7:9255839-9821831	0.8932461873638344
rna-NM_198219.3	0.9035714285714286	0.9	0.4053537284894837	0.9035714285714286	LiftOn_chaining_algorithm	frameshift	NC_000074.7:11606484-11613026	0.9035714285714286
rna-NM_024607.4	0.8951048951048951	0.8916083916083916	0.1464344039194338	0.8951048951048951	LiftOn_chaining_algorithm	frameshift;start_lost	NC_000074.7:35851146-35852041	0.8951048951048951
rna-NM_001564.4	0.9679715302491104	0.9644128113879004	0.7880434782608695	0.9679715302491104	LiftOn_chaining_algorithm	frameshift	NC_000074.7:48120218-48127894	0.9679715302491104
rna-NM_001034845.3	0.7209302325581395	0.0	0.6514032496307238	0.7209302325581395	Liftoff_truncated	frameshift	NC_000074.7:58229161-59365543	0.7209302325581395
rna-NM_000662.8	0.7491408934707904	0.0	0.4017758046614872	0.7491408934707904	Liftoff_truncated	frameshift	NC_000074.7:67943620-67944512	0.7491408934707904
rna-NM_003095.5	0.2988505747126437	0.0	0.249448123620309	0.2988505747126437	Liftoff_truncated	frameshift;start_lost;stop_codon_gain	NC_000074.7:69678317-69678441	0.2988505747126437
rna-NM_021187.4	0.1466666666666666	0.0	0.0780072107505735	0.1466666666666666	Liftoff_truncated	frameshift;start_lost;stop_missing	NC_000074.7:72743705-72752139	0.1466666666666666
rna-NM_001004699.3	0.6761904761904762	0.0	0.3881616391576551	0.6761904761904762	Liftoff_truncated	frameshift;start_lost;stop_missing	NC_000074.7:72853633-72854477	0.6761904761904762
rna-NM_001028.3	0.4841269841269841	0.0	0.3409090909090909	0.4841269841269841	Liftoff_truncated	frameshift;start_lost;stop_missing	NC_000074.7:79212758-79212941	0.4841269841269841
rna-NM_025147.5	0.3556485355648535	0.0	0.2816768723504474	0.3556485355648535	Liftoff_truncated	frameshift;start_lost	NC_000074.7:81923806-81924525	0.3556485355648535
rna-NM_001099737.3	0.7974683544303798	0.5709779179810726	0.570446735395189	0.7974683544303798	LiftOn_chaining_algorithm	frameshift;stop_missing	NC_000074.7:85802452-85808508	0.7974683544303798
rna-NM_024335.3	0.7539149888143176	0.7472035794183445	0.7086876155268023	0.7539149888143176	LiftOn_chaining_algorithm	frameshift	NC_000074.7:93400779-93406442	0.7539149888143176
rna-NM_001304376.3	0.2495274102079395	0.0201096892138939	0.144953578915843	0.2495274102079395	LiftOn_chaining_algorithm	frameshift;start_lost;stop_missing	NC_000074.7:95662988-95664469	0.2495274102079395
rna-NM_001365405.1	0.1892857142857142	0.0	0.109717868338558	0.1892857142857142	Liftoff_truncated	frameshift;start_lost;stop_missing	NC_000074.7:105486834-105487271	0.1892857142857142
rna-NM_001276309.3	0.8516746411483254	0.8373205741626795	0.5357406042741342	0.8516746411483254	LiftOn_chaining_algorithm	frameshift	NC_000074.7:106005607-106006742	0.8516746411483254
rna-NM_001950.4	0.92512077294686	0.3132250580046403	0.795880149812734	0.92512077294686	LiftOn_chaining_algorithm	frameshift	NC_000074.7:106024300-106032002	0.92512077294686
rna-NM_024712.5	0.9084604715672676	0.28475935828877	0.7620578778135049	0.9084604715672676	LiftOn_chaining_algorithm	frameshift	NC_000074.7:106032356-106036510	0.9084604715672676
rna-NM_014062.3	0.3777239709443099	0.3717647058823529	0.3012820512820512	0.3777239709443099	LiftOn_chaining_algorithm	frameshift	NC_000074.7:108139546-108151668	0.3777239709443099
rna-NM_001451.3	0.936842105263158	0.9342105263157896	0.5771284068558584	0.936842105263158	LiftOn_chaining_algorithm	frameshift	NC_000074.7:121811098-121814897	0.936842105263158
rna-NM_175876.5	0.931129476584022	0.9325068870523416	0.3616228929831439	0.931129476584022	LiftOn_chaining_algorithm	frameshift;start_lost	NC_000074.7:125622192-125624365	0.931129476584022
rna-NM_001191016.3	0.175438596491228	0.1156812339331619	0.0577709611451942	0.175438596491228	LiftOn_chaining_algorithm	frameshift;start_lost;stop_missing	NC_000075.7:5353634-5353868	0.175438596491228
rna-NM_001201407.2	0.287598944591029	0.0	0.089877602072724	0.287598944591029	Liftoff_truncated	frameshift;start_lost;stop_missing	NC_000075.7:20348071-20349116	0.287598944591029
rna-NM_024106.3	0.5927927927927928	0.0	0.1649325084364454	0.5927927927927928	Liftoff_truncated	frameshift;start_lost	NC_000075.7:20381188-20382526	0.5927927927927928
rna-NM_001012393.5	0.8584070796460177	0.8407079646017699	0.721568042927411	0.8584070796460177	LiftOn_chaining_algorithm	frameshift	NC_000075.7:27702498-28836702	0.8584070796460177
rna-NM_001005196.1	0.8612903225806452	0.8580645161290322	0.8412017167381974	0.8612903225806452	LiftOn_chaining_algorithm	frameshift	NC_000075.7:37829955-37830884	0.8612903225806452
rna-NM_001005198.2	0.7532051282051282	0.0	0.4808673469387755	0.7532051282051282	Liftoff_truncated	frameshift;start_lost;stop_missing	NC_000075.7:39395629-39396514	0.7532051282051282
rna-NM_001004464.2	0.8237179487179487	0.0	0.72262118491921	0.8237179487179487	Liftoff_truncated	frameshift;stop_missing	NC_000075.7:39911592-39912547	0.8237179487179487
rna-NM_003455.4	0.7873651771956857	0.785824345146379	0.4839361941136823	0.7873651771956857	LiftOn_chaining_algorithm	frameshift	NC_000075.7:40118545-40123820	0.7873651771956857
rna-NM_001301043.2	0.9872881355932204	0.9046610169491526	0.7575625204761385	0.9872881355932204	LiftOn_chaining_algorithm	frameshift	NC_000075.7:47441650-47768928	0.9872881355932204
rna-NM_032808.7	0.9919484702093396	0.9903381642512076	0.8680045223289994	0.9919484702093396	LiftOn_chaining_algorithm	frameshift	NC_000075.7:56525757-56542963	0.9919484702093396
rna-NM_006137.7	0.0954356846473029	0.0	0.0825545171339563	0.0954356846473029	Liftoff_truncated	frameshift;start_lost;stop_missing	NC_000075.7:67347748-67347854	0.0954356846473029
rna-NM_001010862.3	0.198501872659176	0.0	0.1483812949640287	0.198501872659176	Liftoff_truncated	frameshift;start_lost;stop_codon_gain	NC_000075.7:67655276-67656008	0.198501872659176
rna-NM_001402.6	0.9978401727861772	0.1023454157782516	0.4498151833949388	0.9978401727861772	LiftOn_chaining_algorithm	frameshift	NC_000075.7:78385728-78387970	0.9978401727861772
rna-NM_032153.6	0.8746268656716418	0.8716417910447761	0.7950385356454721	0.8746268656716418	LiftOn_chaining_algorithm	frameshift	NC_000075.7:91251100-91271404	0.8746268656716418
rna-NM_001376113.1	0.8152173913043478	0.8135451505016722	0.4683674974192597	0.8152173913043478	LiftOn_chaining_algorithm	frameshift;stop_codon_gain	NC_000075.7:96564744-96634738	0.8152173913043478
rna-NM_001033031.2	0.2574257425742574	0.0	0.1942909760589318	0.2574257425742574	Liftoff_truncated	frameshift;start_lost;stop_missing	NC_000075.7:99116352-99116580	0.2574257425742574
rna-NM_001291999.2	0.9894179894179894	0.9867724867724867	0.3879793675712043	0.9894179894179894	LiftOn_chaining_algorithm	frameshift	NC_000075.7:100376937-100428183	0.9894179894179894
rna-NM_153215.3	0.793939393939394	0.7878787878787878	0.716931216931217	0.793939393939394	LiftOn_chaining_algorithm	frameshift	NC_000075.7:107469831-107474272	0.793939393939394
rna-NM_002292.4	0.8838243468593663	0.7802988378527946	0.8316084897386423	0.8838243468593663	LiftOn_chaining_algorithm	frameshift	NC_000075.7:108357250-108367730	0.8838243468593663
rna-NM_015933.6	1.0	0.9230769230769232	0.5213523131672598	1.0	Liftoff_synonymous	synonymous	NC_000075.7:108907351-108911439	1.0
rna-NM_014805.4	0.8898026315789473	0.8881578947368421	0.3301630434782608	0.8898026315789473	LiftOn_chaining_algorithm	frameshift	NC_000075.7:111101010-111103953	0.8898026315789473
rna-NM_020208.4	0.1428571428571428	0.0	0.1013077914901455	0.1428571428571428	Liftoff_truncated	frameshift;start_lost;stop_codon_gain	NC_000075.7:123426292-123434014	0.1428571428571428
rna-NM_001317162.2	0.7112068965517241	0.709051724137931	0.514741420976317	0.7112068965517241	LiftOn_chaining_algorithm	frameshift	NC_000076.7:12992454-13005971	0.7112068965517241
rna-NM_001139444.3	0.2032967032967033	0.0	0.0831469052945563	0.2032967032967033	Liftoff_truncated	frameshift;start_lost	NC_000076.7:33978624-33978858	0.2032967032967033
rna-NM_001002862.3	0.4322033898305085	0.0	0.0969932104752667	0.4322033898305085	Liftoff_truncated	frameshift;stop_missing	NC_000076.7:75729255-75729894	0.4322033898305085
rna-NM_198693.4	0.4609375	0.0	0.4091695501730104	0.4609375	Liftoff_truncated	frameshift;stop_missing	NC_000076.7:77532587-77533112	0.4609375
rna-NM_181686.2	0.4948453608247423	0.0	0.3752122241086587	0.4948453608247423	Liftoff_truncated	frameshift;stop_missing	NC_000076.7:77562315-77562558	0.4948453608247423
rna-NM_181688.3	0.5992063492063492	0.0	0.5668161434977579	0.5992063492063492	Liftoff_truncated	frameshift	NC_000076.7:77606467-77607223	0.5992063492063492
rna-NM_198692.3	0.5518394648829431	0.0	0.4795180722891566	0.5518394648829431	Liftoff_truncated	frameshift	NC_000076.7:77617683-77618377	0.5518394648829431
rna-NM_198690.3	0.5324232081911263	0.0	0.4674922600619195	0.5324232081911263	Liftoff_truncated	frameshift	NC_000076.7:77671781-77672497	0.5324232081911263
rna-NM_001370485.4	0.514018691588785	0.0	0.2837150127226463	0.514018691588785	Liftoff_truncated	frameshift;start_lost;stop_missing	NC_000076.7:78715098-78715891	0.514018691588785
rna-NM_017506.2	0.65625	0.0	0.3419324577861163	0.65625	Liftoff_truncated	frameshift;stop_missing	NC_000076.7:78853150-78854063	0.65625
rna-NM_001005190.2	0.7096774193548387	0.0	0.413290113452188	0.7096774193548387	Liftoff_truncated	frameshift;stop_missing	NC_000076.7:78870619-78871541	0.7096774193548387
rna-NM_012292.5	0.3825857519788918	0.1871192341166231	0.3039307440336921	0.3825857519788918	LiftOn_chaining_algorithm	frameshift;start_lost;stop_missing	NC_000076.7:79853614-79865017	0.3825857519788918
rna-NM_003775.4	0.8207792207792208	0.8181818181818182	0.6074825618262524	0.8207792207792208	LiftOn_chaining_algorithm	frameshift;stop_missing	NC_000076.7:81334317-81335496	0.8207792207792208
rna-NM_001042416.3	0.3287128712871287	0.0	0.2544547398431931	0.3287128712871287	Liftoff_truncated	frameshift;start_lost;stop_missing	NC_000076.7:81986982-81987785	0.3287128712871287
rna-NM_178502.4	0.985632183908046	0.9827586206896552	0.810889645114244	0.985632183908046	LiftOn_chaining_algorithm	frameshift	NC_000076.7:127026247-127031597	0.985632183908046
rna-NM_021019.5	1.0	0.993421052631579	0.8942172073342737	1.0	Liftoff_synonymous	synonymous	NC_000076.7:128326730-128329723	1.0
rna-NM_031446.5	0.2443438914027149	0.0	0.1783181357649442	0.2443438914027149	Liftoff_truncated	frameshift;start_lost;stop_missing	NC_000076.7:128451372-128451565	0.2443438914027149
rna-NM_001487.4	0.6103896103896104	0.0955414012738853	0.4982269503546099	0.6103896103896104	LiftOn_chaining_algorithm	frameshift;start_lost;stop_missing	NC_000076.7:128756428-128759340	0.6103896103896104
rna-NM_001005494.2	0.7	0.0	0.1335796227882559	0.7	Liftoff_truncated	frameshift;start_lost;stop_missing	NC_000076.7:128898928-128899748	0.7
rna-NM_001005493.2	0.8476190476190476	0.0	0.5486202365308804	0.8476190476190476	Liftoff_truncated	frameshift;stop_missing	NC_000076.7:129540725-129541681	0.8476190476190476
rna-NM_001284285.2	0.8222442899702085	0.8212512413108243	0.8134041925007381	0.8222442899702085	LiftOn_chaining_algorithm	frameshift	NC_000077.7:3444382-3454805	0.8222442899702085
rna-NM_002309.5	0.8029556650246306	0.7783251231527094	0.5230084116773874	0.8029556650246306	LiftOn_chaining_algorithm	frameshift	NC_000077.7:4216535-4221512	0.8029556650246306
rna-NM_015983.4	0.2432432432432432	0.0	0.0978915662650602	0.2432432432432432	Liftoff_truncated	frameshift;start_lost;stop_codon_gain	NC_000077.7:5730206-5734196	0.2432432432432432
rna-NM_001287492.4	0.7807407407407407	0.7762962962962963	0.4437119675456389	0.7807407407407407	LiftOn_chaining_algorithm	frameshift;stop_missing	NC_000077.7:11751004-11753063	0.7807407407407407
rna-NM_052969.3	0.6346153846153846	0.0	0.2112482853223594	0.6346153846153846	Liftoff_truncated	frameshift;stop_missing	NC_000077.7:17045487-17045662	0.6346153846153846
rna-NM_002398.3	0.9974424552429668	0.9872122762148338	0.8531243289671462	0.9974424552429668	LiftOn_chaining_algorithm	frameshift	NC_000077.7:18829502-18968966	0.9974424552429668
rna-NM_152516.4	0.4450261780104712	0.0	0.3606321839080459	0.4450261780104712	Liftoff_truncated	frameshift;start_lost;stop_missing	NC_000077.7:22906411-22906692	0.4450261780104712
rna-NM_017504.2	0.1666666666666666	0.0	0.0414560161779575	0.1666666666666666	Liftoff_truncated	frameshift;start_lost;stop_missing	NC_000077.7:58346362-58346608	0.1666666666666666
rna-NM_001004694.3	0.7626582278481012	0.0	0.3040362127499057	0.7626582278481012	Liftoff_truncated	frameshift;stop_missing	NC_000077.7:58392452-58393407	0.7626582278481012
rna-NM_000986.4	0.2848101265822785	0.0	0.2210338680926916	0.2848101265822785	Liftoff_truncated	frameshift;start_lost;stop_missing	NC_000077.7:58399762-58399898	0.2848101265822785
rna-NM_001024599.5	0.889763779527559	0.0	0.741869918699187	0.889763779527559	Liftoff_truncated	frameshift;start_lost;stop_missing	NC_000077.7:58839784-58840192	0.889763779527559
rna-NM_001289401.2	0.1745068285280728	0.0	0.1333932853717026	0.1745068285280728	Liftoff_truncated	frameshift;start_lost;stop_missing	NC_000077.7:59354434-59354901	0.1745068285280728
rna-NM_001303281.2	0.6327272727272727	0.3981818181818182	0.4745762711864407	0.6327272727272727	LiftOn_chaining_algorithm	frameshift	NC_000077.7:65705287-65719655	0.6327272727272727
rna-NM_001388428.1	0.7125	0.0	0.255859375	0.7125	Liftoff_truncated	frameshift	NC_000077.7:66847348-66847804	0.7125
rna-NM_016492.5	0.8823529411764706	0.7037037037037037	0.7362110311750599	0.8823529411764706	LiftOn_chaining_algorithm	frameshift	NC_000077.7:68863321-68864587	0.8823529411764706
rna-NM_014232.3	0.9914529914529916	0.9829059829059827	0.8372407574391344	0.9914529914529916	LiftOn_chaining_algorithm	frameshift	NC_000077.7:68979374-68983210	0.9914529914529916
rna-NM_002616.3	0.9225406661502712	0.5981524249422633	0.8473784759074506	0.9225406661502712	LiftOn_chaining_algorithm	frameshift	NC_000077.7:68991335-69000772	0.9225406661502712
rna-NM_001321075.3	0.9958620689655172	0.9944827586206896	0.5273197542838668	0.9958620689655172	LiftOn_chaining_algorithm	frameshift	NC_000077.7:69909269-69936384	0.9958620689655172
rna-NM_174893.4	0.9479768786127168	0.9364161849710982	0.8660508083140878	0.9479768786127168	LiftOn_chaining_algorithm	frameshift	NC_000077.7:70126033-70128701	0.9479768786127168
rna-NM_000173.7	0.6339969372128637	0.6186830015313936	0.5988461538461538	0.6339969372128637	LiftOn_chaining_algorithm	frameshift	NC_000077.7:70530230-70532440	0.6339969372128637
rna-NM_015099.4	0.9251870324189526	0.8252267106347898	0.8789346246973365	0.9251870324189526	LiftOn_chaining_algorithm	frameshift	NC_000077.7:70560292-70578793	0.9251870324189526
rna-NM_002551.5	0.75	0.0	0.2807866868381241	0.75	Liftoff_truncated	frameshift;stop_missing	NC_000077.7:73875068-74046896	0.75
rna-NM_178568.4	0.8868778280542986	0.8778280542986425	0.6610491981516716	0.8868778280542986	LiftOn_chaining_algorithm	frameshift	NC_000077.7:75084650-75158003	0.8868778280542986
rna-NM_032854.4	0.9661733615221988	0.2911646586345381	0.6098470719880642	0.9661733615221988	LiftOn_chaining_algorithm	frameshift	NC_000077.7:77354678-77360713	0.9661733615221988
rna-NM_005165.3	0.9753424657534246	0.9726027397260274	0.7326302729528535	0.9753424657534246	LiftOn_chaining_algorithm	frameshift	NC_000077.7:78215216-78217407	0.9753424657534246
rna-NM_001346754.2	0.7564356435643564	0.7544554455445545	0.4831500532103583	0.7564356435643564	LiftOn_chaining_algorithm	frameshift	NC_000077.7:84767694-84769338	0.7564356435643564
rna-NM_025248.3	0.9619932432432432	0.9569256756756755	0.8114198811005116	0.9619932432432432	LiftOn_chaining_algorithm	frameshift	NC_000077.7:97400173-97466067	0.9619932432432432
rna-NM_007144.3	0.8782608695652174	0.396011396011396	0.4915126367408525	0.8782608695652174	LiftOn_chaining_algorithm	frameshift	NC_000077.7:97580565-97590502	0.8782608695652174
rna-NM_001414697.1	0.9615384615384616	0.0	0.0511871723712611	0.9615384615384616	Liftoff_truncated	frameshift	NC_000077.7:97732222-97732402	0.9615384615384616
rna-NM_005310.5	0.3564727954971857	0.0651408450704225	0.2536912751677852	0.3564727954971857	LiftOn_chaining_algorithm	frameshift;stop_missing	NC_000077.7:98341594-98342745	0.3564727954971857
rna-NM_000421.5	0.8376068376068376	0.8341880341880342	0.8051888939462903	0.8376068376068376	LiftOn_chaining_algorithm	frameshift	NC_000077.7:99276086-99280187	0.8376068376068376
rna-NM_030966.2	0.625	0.0	0.364551863041289	0.625	Liftoff_truncated	frameshift;start_lost;stop_missing	NC_000077.7:99473913-99474316	0.625
rna-NM_001257305.2	0.6721311475409836	0.0	0.3333333333333333	0.6721311475409836	Liftoff_truncated	frameshift;start_lost;stop_missing	NC_000077.7:99481670-99481992	0.6721311475409836
rna-NM_001123387.1	0.875968992248062	0.0	0.4671717171717172	0.875968992248062	Liftoff_truncated	frameshift;stop_missing	NC_000077.7:99510791-99511221	0.875968992248062
rna-NM_031960.3	0.6935483870967742	0.0	0.4355670103092783	0.6935483870967742	Liftoff_truncated	frameshift	NC_000077.7:99518498-99519065	0.6935483870967742
rna-NM_033061.4	0.7564102564102564	0.0	0.4669338677354709	0.7564102564102564	Liftoff_truncated	frameshift;stop_missing	NC_000077.7:99525349-99525887	0.7564102564102564
rna-NM_033188.4	0.6703296703296703	0.0	0.5271317829457365	0.6703296703296703	Liftoff_truncated	frameshift;stop_missing	NC_000077.7:99534357-99534894	0.6703296703296703
rna-NM_031854.3	0.6633663366336634	0.0	0.4382433668801463	0.6633663366336634	Liftoff_truncated	frameshift;stop_missing	NC_000077.7:99540485-99541018	0.6633663366336634
rna-NM_030976.2	0.7281553398058253	0.0	0.4453405017921147	0.7281553398058253	Liftoff_truncated	frameshift	NC_000077.7:99549245-99549799	0.7281553398058253
rna-NM_033187.2	0.6581632653061225	0.0	0.4496981891348088	0.6581632653061225	Liftoff_truncated	frameshift;stop_missing	NC_000077.7:99556249-99556755	0.6581632653061225
rna-NM_001146041.1	0.6066350710900474	0.0	0.3832879200726612	0.6066350710900474	Liftoff_truncated	frameshift;stop_missing	NC_000077.7:99683639-99684118	0.6066350710900474
rna-NM_033059.4	0.6224489795918368	0.0	0.3581589958158996	0.6224489795918368	Liftoff_truncated	frameshift;stop_missing	NC_000077.7:99705994-99706459	0.6224489795918368
rna-NM_033191.3	0.4193548387096774	0.0	0.2592592592592592	0.4193548387096774	Liftoff_truncated	frameshift;stop_missing	NC_000077.7:99748763-99749047	0.4193548387096774
rna-NM_002278.3	0.1959910913140311	0.0	0.1305430991529646	0.1959910913140311	Liftoff_truncated	frameshift;start_lost;stop_missing	NC_000077.7:99975543-99975912	0.1959910913140311
rna-NM_003770.5	0.1022222222222222	0.0	0.1015490533562822	0.1022222222222222	Liftoff_truncated	frameshift;start_lost;stop_missing	NC_000077.7:99978570-99978761	0.1022222222222222
rna-NM_005557.4	0.8417721518987342	0.8396624472573839	0.8079904591532499	0.8417721518987342	LiftOn_chaining_algorithm	frameshift;stop_missing	NC_000077.7:100136917-100139750	0.8417721518987342
rna-NM_003632.3	0.9335740072202168	0.4830028328611898	0.8461126961483595	0.9335740072202168	LiftOn_chaining_algorithm	frameshift	NC_000077.7:101066812-101081551	0.9335740072202168
rna-NM_032387.5	0.8287781350482315	0.5653206650831354	0.8062070599384032	0.8287781350482315	LiftOn_chaining_algorithm	frameshift	NC_000077.7:101151412-101168224	0.8287781350482315
rna-NM_002722.5	0.5	0.0	0.344017094017094	0.5	Liftoff_truncated	frameshift;stop_missing	NC_000077.7:101991347-101991537	0.5
rna-NM_001466.4	0.9964664310954064	0.9929328621908128	0.7147977470558116	0.9964664310954064	LiftOn_chaining_algorithm	frameshift	NC_000077.7:102495352-102498632	0.9964664310954064
rna-NM_002390.6	0.951948051948052	0.9376623376623376	0.7890576242978989	0.951948051948052	LiftOn_chaining_algorithm	frameshift	NC_000077.7:102652234-102671088	0.951948051948052
rna-NM_213607.3	0.7860082304526749	0.7818930041152263	0.6821081830790569	0.7860082304526749	LiftOn_chaining_algorithm	frameshift	NC_000077.7:102773371-102777638	0.7860082304526749
rna-NM_030753.5	0.9887640449438202	0.9859550561797752	0.7886056971514243	0.9887640449438202	LiftOn_chaining_algorithm	frameshift	NC_000077.7:103665000-103708844	0.9887640449438202
rna-NM_002805.6	0.7371007371007371	0.0	0.6148648648648649	0.7371007371007371	Liftoff_truncated	frameshift;start_lost	NC_000077.7:106152306-106153889	0.7371007371007371
rna-NM_023036.6	0.198019801980198	0.0	0.1522687609075043	0.198019801980198	Liftoff_truncated	frameshift;start_lost;stop_missing	NC_000077.7:114625354-114641387	0.198019801980198
rna-NM_001319193.2	0.1618798955613577	0.0224137931034482	0.1305060438434747	0.1618798955613577	LiftOn_chaining_algorithm	frameshift;start_lost;stop_missing	NC_000077.7:116036251-116037652	0.1618798955613577
rna-NM_018414.5	0.1381031613976705	0.0	0.1034897713598074	0.1381031613976705	Liftoff_truncated	frameshift;start_lost;stop_missing	NC_000077.7:116656899-116657467	0.1381031613976705
rna-NM_001172225.3	0.0937972768532526	0.0	0.0883458646616541	0.0937972768532526	Liftoff_truncated	frameshift;start_lost;stop_missing	NC_000078.7:20025621-20025911	0.0937972768532526
rna-NM_001372076.1	0.9853801169590644	0.9824561403508772	0.680678123548537	0.9853801169590644	LiftOn_chaining_algorithm	frameshift	NC_000078.7:56742419-56759054	0.9853801169590644
rna-NM_058246.4	0.1162079510703364	0.0	0.0702811244979919	0.1162079510703364	Liftoff_truncated	frameshift;start_lost;stop_missing	NC_000078.7:64833318-64833773	0.1162079510703364
rna-NM_001663.4	1.0	0.9943181818181818	0.8227593152064451	1.0	Liftoff_synonymous	synonymous	NC_000078.7:69418916-69422754	1.0
rna-NM_001017970.3	0.90625	0.9005681818181818	0.255854948375724	0.90625	LiftOn_chaining_algorithm	frameshift	NC_000078.7:73592014-73593118	0.90625
rna-NM_001099293.3	0.7619433198380566	0.0	0.7133121308496138	0.7619433198380566	Liftoff_truncated	frameshift	NC_000078.7:101111844-101115623	0.7619433198380566
rna-NM_001416131.1	0.9545454545454546	0.9090909090909092	0.4078655248969235	0.9545454545454546	LiftOn_chaining_algorithm	frameshift	NC_000078.7:105303471-105348809	0.9545454545454546
rna-NM_003739.6	0.1203703703703703	0.0	0.0951178451178451	0.1203703703703703	Liftoff_truncated	frameshift;start_lost;stop_missing	NC_000079.7:4497007-4497129	0.1203703703703703
rna-NM_001818.5	0.0895061728395061	0.0	0.083752093802345	0.0895061728395061	Liftoff_truncated	frameshift;start_lost;stop_missing	NC_000079.7:4498984-4499093	0.0895061728395061
rna-NM_021066.3	0.9767441860465116	0.9689922480620154	0.7870182555780934	0.9767441860465116	LiftOn_chaining_algorithm	frameshift	NC_000079.7:22017194-22017647	0.9767441860465116
rna-NM_021063.4	0.984251968503937	0.0	0.7967145790554415	0.984251968503937	Liftoff_truncated	frameshift	NC_000079.7:23727096-23727522	0.984251968503937
rna-NM_004568.6	0.2705570291777188	0.0	0.255479969765684	0.2705570291777188	Liftoff_truncated	frameshift;start_lost	NC_000079.7:33161938-33162337	0.2705570291777188
rna-NM_004155.6	0.2679045092838196	0.0	0.0895486362539222	0.2679045092838196	Liftoff_truncated	frameshift;start_lost	NC_000079.7:33199430-33199833	0.2679045092838196
rna-NM_001170692.2	0.2202380952380952	0.0126582278481012	0.2166108913903255	0.2202380952380952	LiftOn_chaining_algorithm	frameshift;start_lost;stop_missing	NC_000079.7:38206588-38207444	0.2202380952380952
rna-NM_003177.7	0.4276729559748428	0.384012539184953	0.1773220747889023	0.4276729559748428	LiftOn_chaining_algorithm	frameshift;start_lost;stop_missing	NC_000079.7:52764893-52796041	0.4276729559748428
rna-NM_000794.5	0.912751677852349	0.9105145413870246	0.5865894838398457	0.912751677852349	LiftOn_chaining_algorithm	frameshift	NC_000079.7:54205213-54208241	0.912751677852349
rna-NM_001363541.2	0.8979885057471264	0.896551724137931	0.8526727509778357	0.8979885057471264	LiftOn_chaining_algorithm	frameshift	NC_000079.7:55621239-55635872	0.8979885057471264
rna-NM_002048.3	0.8439306358381503	0.838150289017341	0.6140724946695096	0.8439306358381503	LiftOn_chaining_algorithm	frameshift	NC_000079.7:60322222-60324761	0.8439306358381503
rna-NM_001912.5	0.3383233532934132	0.0	0.241711874623267	0.3383233532934132	Liftoff_truncated	frameshift;start_lost;stop_missing	NC_000079.7:60948055-60948827	0.3383233532934132
rna-NM_021269.3	0.375886524822695	0.0	0.2899201596806387	0.375886524822695	Liftoff_truncated	frameshift;start_lost;stop_missing	NC_000079.7:62007777-62009096	0.375886524822695
rna-NM_007138.2	0.1196013289036544	0.0	0.0996260683760683	0.1196013289036544	Liftoff_truncated	frameshift;start_lost;stop_missing	NC_000079.7:62422474-62422856	0.1196013289036544
rna-NM_001355404.2	0.2387096774193548	0.0	0.2357984994640943	0.2387096774193548	Liftoff_truncated	frameshift;start_lost;stop_missing	NC_000079.7:62665386-62666105	0.2387096774193548
rna-NM_001367909.1	0.279467680608365	0.0	0.1005383895131086	0.279467680608365	Liftoff_truncated	frameshift;start_lost;stop_codon_gain	NC_000079.7:62847808-62848683	0.279467680608365
rna-NM_005274.3	0.5942028985507246	0.0	0.370049504950495	0.5942028985507246	Liftoff_truncated	frameshift;start_lost	NC_000079.7:65273771-65274111	0.5942028985507246
rna-NM_001242472.2	0.4805725971370143	0.0	0.3272788429196098	0.4805725971370143	Liftoff_truncated	frameshift;start_lost;stop_missing	NC_000079.7:65485995-65487127	0.4805725971370143
rna-NM_003440.4	0.2314410480349345	0.0	0.2120051085568327	0.2314410480349345	Liftoff_truncated	frameshift;start_lost;stop_missing	NC_000079.7:65545536-65546074	0.2314410480349345
rna-NM_006954.2	0.2706027060270602	0.0	0.2061131088591042	0.2706027060270602	Liftoff_truncated	frameshift;start_lost;stop_codon_gain	NC_000079.7:65659817-65661182	0.2706027060270602
rna-NM_001037232.4	0.1570438799076212	0.0	0.1048867699642431	0.1570438799076212	Liftoff_truncated	frameshift;start_lost;stop_codon_gain	NC_000079.7:65951887-65952436	0.1570438799076212
rna-NM_001370449.1	0.1707818930041152	0.0	0.0461890979257115	0.1707818930041152	Liftoff_truncated	frameshift;start_lost;stop_missing	NC_000079.7:65952476-65952865	0.1707818930041152
rna-NM_001393938.1	0.3226703755215577	0.0	0.3163216177178623	0.3226703755215577	Liftoff_truncated	frameshift;start_lost;stop_missing	NC_000079.7:66054288-66055819	0.3226703755215577
rna-NM_020714.3	0.3471698113207547	0.0	0.1407989521938441	0.3471698113207547	Liftoff_truncated	frameshift;start_lost;stop_missing	NC_000079.7:66579141-66580037	0.3471698113207547
rna-NM_001076781.3	0.2479108635097493	0.0	0.0932245301681503	0.2479108635097493	Liftoff_truncated	frameshift;start_lost;stop_missing	NC_000079.7:66722934-66723324	0.2479108635097493
rna-NM_001076678.3	0.4103225806451613	0.0	0.3494741020043659	0.4103225806451613	Liftoff_truncated	frameshift;start_lost;stop_missing	NC_000079.7:67404075-67406143	0.4103225806451613
rna-NM_001130520.3	0.192063492063492	0.0	0.156475384132957	0.192063492063492	Liftoff_truncated	frameshift;start_lost;stop_missing	NC_000079.7:67856168-67856710	0.192063492063492
rna-NM_152626.4	0.4293015332197615	0.0	0.3271352032776552	0.4293015332197615	Liftoff_truncated	frameshift;start_lost;stop_missing	NC_000079.7:67973117-67974331	0.4293015332197615
rna-NM_001365341.2	0.7410358565737052	0.7370517928286853	0.5798319327731093	0.7410358565737052	LiftOn_chaining_algorithm	frameshift	NC_000079.7:104310543-104314697	0.7410358565737052
rna-NM_000524.4	0.8817966903073287	0.8794326241134752	0.3578101238322833	0.8817966903073287	LiftOn_chaining_algorithm	frameshift	NC_000079.7:105580041-105582030	0.8817966903073287
rna-NM_052953.4	0.9961538461538462	0.9923076923076924	0.8325688073394495	0.9961538461538462	LiftOn_chaining_algorithm	frameshift	NC_000080.7:7030742-7112248	0.9961538461538462
rna-NM_001348712.2	0.7514792899408284	0.7455621301775148	0.1957284029327382	0.7514792899408284	LiftOn_chaining_algorithm	frameshift	NC_000080.7:14379215-14385856	0.7514792899408284
rna-NM_003392.7	0.9868766404199476	0.9816272965879264	0.7274760383386581	0.9868766404199476	LiftOn_chaining_algorithm	frameshift	NC_000080.7:28227745-28249405	0.9868766404199476
rna-NM_001097577.3	0.7297297297297297	0.722972972972973	0.6063829787234043	0.7297297297297297	LiftOn_chaining_algorithm	frameshift	NC_000080.7:51338843-51339390	0.7297297297297297
rna-NM_016423.3	0.8879668049792531	0.8852005532503457	0.8346813329019734	0.8879668049792531	LiftOn_chaining_algorithm	frameshift	NC_000080.7:52243538-52252253	0.8879668049792531
rna-NM_001001912.3	0.8471337579617835	0.8439490445859873	0.2881652661064425	0.8471337579617835	LiftOn_chaining_algorithm	frameshift;stop_codon_gain	NC_000080.7:52687864-52688804	0.8471337579617835
rna-NM_001317107.2	0.8670886075949367	0.8607594936708861	0.2361769352290679	0.8670886075949367	LiftOn_chaining_algorithm	frameshift	NC_000080.7:52700487-52701476	0.8670886075949367
rna-NM_001354640.2	0.3244613434727503	0.1815889029003783	0.313651748777736	0.3244613434727503	LiftOn_chaining_algorithm	frameshift;start_lost;stop_missing	NC_000080.7:54932155-54934001	0.3244613434727503
rna-NM_003917.5	0.7519083969465649	0.5723114956736712	0.6840891621829363	0.7519083969465649	LiftOn_chaining_algorithm	frameshift;stop_missing	NC_000080.7:55337876-55343589	0.7519083969465649
rna-NM_001039771.3	0.8932038834951457	0.883495145631068	0.5578989255869479	0.8932038834951457	LiftOn_chaining_algorithm	frameshift;start_lost	NC_000080.7:56119588-56121906	0.8932038834951457
rna-NM_031905.5	0.1860465116279069	0.0	0.1061946902654867	0.1860465116279069	Liftoff_truncated	frameshift;start_lost	NC_000080.7:76167953-76168233	0.1860465116279069
rna-NM_004128.3	0.1	0.0	0.0924181247196052	0.1	Liftoff_truncated	frameshift;start_lost;stop_codon_gain	NC_000080.7:76232861-76245218	0.1
rna-NM_203487.3	0.9604200323101776	0.8117932148626817	0.8895607893061744	0.9604200323101776	LiftOn_chaining_algorithm	frameshift	NC_000080.7:93251137-94128106	0.9604200323101776
rna-NM_153456.4	0.923728813559322	0.0	0.2578719419407702	0.923728813559322	Liftoff_truncated	frameshift	NC_000080.7:119375131-120107389	0.923728813559322
rna-NM_000958.3	0.8834355828220859	0.8813905930470347	0.7757089659123461	0.8834355828220859	LiftOn_chaining_algorithm	frameshift	NC_000081.7:5262885-5273668	0.8834355828220859
rna-NM_015668.5	0.0980237154150197	0.0	0.093144208037825	0.0980237154150197	Liftoff_truncated	frameshift;start_lost;stop_missing	NC_000081.7:36040699-36081064	0.0980237154150197
rna-NM_014112.5	0.9297297297297298	0.9250965250965252	0.8408375933936296	0.9297297297297298	LiftOn_chaining_algorithm	frameshift	NC_000081.7:50518590-50753446	0.9297297297297298
rna-NM_002546.4	0.8383084577114428	0.0099502487562189	0.5210727969348659	0.8383084577114428	LiftOn_chaining_algorithm	frameshift;start_lost	NC_000081.7:54115285-54123566	0.8383084577114428
rna-NM_001135655.2	0.8950617283950617	0.8888888888888888	0.7665615141955836	0.8950617283950617	LiftOn_chaining_algorithm	frameshift	NC_000081.7:75436714-75438734	0.8950617283950617
rna-NM_032272.5	0.9455252918287936	0.9416342412451362	0.8125	0.9455252918287936	LiftOn_chaining_algorithm	frameshift	NC_000081.7:76235494-76238573	0.9455252918287936
rna-NM_015201.5	0.7429718875502008	0.0	0.6476151315789473	0.7429718875502008	Liftoff_truncated	frameshift;start_lost;stop_missing	NC_000081.7:76337426-76340226	0.7429718875502008
rna-NM_138431.3	0.6755447941888619	0.5090497737556561	0.5363344051446945	0.6755447941888619	LiftOn_chaining_algorithm	frameshift;stop_missing	NC_000081.7:76585866-76587383	0.6755447941888619
rna-NM_182810.3	0.8636363636363636	0.8607954545454546	0.8334499650104968	0.8636363636363636	LiftOn_chaining_algorithm	frameshift	NC_000081.7:80139751-80141739	0.8636363636363636
rna-NM_006337.5	0.9827213822894167	0.976241900647948	0.8302658486707567	0.9827213822894167	LiftOn_chaining_algorithm	frameshift	NC_000081.7:99140698-99148463	0.9827213822894167
rna-NM_002281.4	0.8260869565217391	0.0	0.6632124352331606	0.8260869565217391	Liftoff_truncated	frameshift;stop_missing	NC_000081.7:101357319-101361645	0.8260869565217391
rna-NM_005555.4	0.2106194690265486	0.0	0.1731019522776572	0.2106194690265486	Liftoff_truncated	frameshift;start_lost	NC_000081.7:101532463-101533255	0.2106194690265486
rna-NM_005554.4	0.6088495575221239	0.0	0.4457414613056636	0.6088495575221239	Liftoff_truncated	frameshift;start_lost;stop_missing	NC_000081.7:101584966-101587585	0.6088495575221239
rna-NM_173086.5	0.6176991150442478	0.0	0.5919931856899489	0.6176991150442478	Liftoff_truncated	frameshift;start_lost	NC_000081.7:101598363-101601612	0.6176991150442478
rna-NM_080747.3	0.130859375	0.0	0.1020092735703245	0.130859375	Liftoff_truncated	frameshift;start_lost;stop_missing	NC_000081.7:101644982-101645190	0.130859375
rna-NM_031157.4	0.9973190348525468	0.4923857868020304	0.7652287581699346	0.9973190348525468	LiftOn_chaining_algorithm	frameshift	NC_000081.7:103148863-103154786	0.9973190348525468
rna-NM_001000.4	0.6153846153846154	0.0	0.2512820512820513	0.6153846153846154	Liftoff_truncated	frameshift;start_lost;stop_missing	NC_000082.7:9992177-9992280	0.6153846153846154
rna-NM_001080538.3	0.1217391304347826	0.0	0.0883607556368068	0.1217391304347826	Liftoff_truncated	frameshift;start_lost;stop_missing	NC_000082.7:13829338-13829497	0.1217391304347826
rna-NM_003347.4	1.0	0.9419354838709676	0.7223545423613474	1.0	Liftoff_synonymous	synonymous	NC_000082.7:16969882-17019356	1.0
rna-NM_023004.6	0.8945147679324894	0.8818565400843882	0.8250639386189258	0.8945147679324894	LiftOn_chaining_algorithm	frameshift	NC_000082.7:17945546-17970272	0.8945147679324894
rna-NM_032047.5	0.7941952506596306	0.7915567282321899	0.5725480883400618	0.7941952506596306	LiftOn_chaining_algorithm	frameshift	NC_000082.7:19587783-19590918	0.7941952506596306
rna-NM_004068.4	1.0	0.9954128440366972	0.8871134020618556	1.0	Liftoff_synonymous	synonymous	NC_000082.7:20354249-20362657	1.0
rna-NM_004366.6	0.9443826473859844	0.9410456062291436	0.8329260843005498	0.9443826473859844	LiftOn_chaining_algorithm	frameshift	NC_000082.7:20521716-20534864	0.9443826473859844
rna-NM_003741.4	0.8650627615062761	0.2883435582822086	0.8339421185726328	0.8650627615062761	LiftOn_chaining_algorithm	frameshift	NC_000082.7:20551684-20561132	0.8650627615062761
rna-NM_001102416.3	0.1705426356589147	0.0	0.1371428571428571	0.1705426356589147	Liftoff_truncated	frameshift;start_lost	NC_000082.7:22806259-22806874	0.1705426356589147
rna-NM_001308313.2	0.4788732394366197	0.0	0.28125	0.4788732394366197	Liftoff_truncated	frameshift;start_lost;stop_missing	NC_000082.7:34491471-34497681	0.4788732394366197
rna-NM_002338.5	0.8643067846607669	0.8348082595870207	0.6909015800888154	0.8643067846607669	LiftOn_chaining_algorithm	frameshift	NC_000082.7:41353353-42002050	0.8643067846607669
rna-NM_001348800.3	0.977088948787062	0.973045822102426	0.7180511182108626	0.977088948787062	LiftOn_chaining_algorithm	frameshift	NC_000082.7:42696218-43462988	0.977088948787062
rna-NM_001040181.2	0.7795275590551181	0.5582191780821918	0.7015281757402101	0.7795275590551181	LiftOn_chaining_algorithm	frameshift	NC_000082.7:58549801-58554595	0.7795275590551181
rna-NM_001004736.4	0.8220064724919094	0.0	0.2531718569780853	0.8220064724919094	Liftoff_truncated	frameshift	NC_000082.7:58580522-58581547	0.8220064724919094
rna-NM_001005479.2	0.7258064516129032	0.0	0.7045658012533572	0.7258064516129032	Liftoff_truncated	frameshift	NC_000082.7:58820026-58821023	0.7258064516129032
rna-NM_001005338.2	0.7165605095541401	0.0	0.1349775037493751	0.7165605095541401	Liftoff_truncated	frameshift;stop_missing	NC_000082.7:58930082-58930979	0.7165605095541401
rna-NM_001105580.3	0.5192307692307693	0.0	0.2256821829855537	0.5192307692307693	Liftoff_truncated	frameshift;start_lost;stop_missing	NC_000082.7:59250300-59268483	0.5192307692307693
rna-NM_001350134.2	0.8795394154118689	0.8777679362267493	0.8166363084395871	0.8795394154118689	LiftOn_chaining_algorithm	frameshift	NC_000082.7:64600710-64672067	0.8795394154118689
rna-NM_181609.4	0.7073170731707317	0.0	0.4666666666666667	0.7073170731707317	Liftoff_truncated	frameshift;stop_missing	NC_000082.7:88674620-88674926	0.7073170731707317
rna-NM_181607.3	0.7362637362637363	0.0	0.3725490196078431	0.7362637362637363	Liftoff_truncated	frameshift	NC_000082.7:88759439-88759722	0.7362637362637363
rna-NM_181602.2	0.8333333333333334	0.0	0.5129740518962076	0.8333333333333334	Liftoff_truncated	frameshift	NC_000082.7:88844472-88844757	0.8333333333333334
rna-NM_001099219.1	0.40625	0.0	0.2578616352201258	0.40625	Liftoff_truncated	frameshift;start_lost;stop_missing	NC_000082.7:88926208-88926293	0.40625
rna-NM_181612.3	0.6779661016949152	0.0	0.509090909090909	0.6779661016949152	Liftoff_truncated	frameshift;stop_missing	NC_000082.7:88980194-88980386	0.6779661016949152
rna-NM_181616.3	0.7727272727272727	0.0	0.4963855421686747	0.7727272727272727	Liftoff_truncated	frameshift	NC_000082.7:89002745-89002984	0.7727272727272727
rna-NM_001370368.2	0.4454545454545454	0.0	0.2698412698412698	0.4454545454545454	Liftoff_truncated	frameshift;stop_missing	NC_000082.7:89085267-89085461	0.4454545454545454
rna-NM_181617.3	0.7857142857142857	0.0	0.6673640167364017	0.7857142857142857	Liftoff_truncated	frameshift;stop_missing	NC_000082.7:89200255-89200696	0.7857142857142857
rna-NM_181606.3	0.7954545454545454	0.7840909090909091	0.4718019257221458	0.7954545454545454	LiftOn_chaining_algorithm	frameshift	NC_000082.7:89304797-89305211	0.7954545454545454
rna-NM_002240.5	0.9929245283018868	0.9787735849056604	0.3734020514375221	0.9929245283018868	LiftOn_chaining_algorithm	frameshift	NC_000082.7:94556368-94798613	0.9929245283018868
rna-NM_005618.4	0.8853591160220995	0.8839779005524862	0.8088923556942278	0.8853591160220995	LiftOn_chaining_algorithm	frameshift	NC_000083.7:15587616-15596388	0.8853591160220995
rna-NM_033213.5	0.2974358974358974	0.0	0.1293781272337383	0.2974358974358974	Liftoff_truncated	frameshift;start_lost;stop_missing	NC_000083.7:17307912-17308481	0.2974358974358974
rna-NM_002030.5	0.5790960451977402	0.0	0.3071075636640061	0.5790960451977402	Liftoff_truncated	frameshift;stop_missing	NC_000083.7:18190720-18191712	0.5790960451977402
rna-NM_001001415.4	0.317037037037037	0.0	0.2146290491118077	0.317037037037037	Liftoff_truncated	frameshift;start_lost;stop_missing	NC_000083.7:21728701-21729838	0.317037037037037
rna-NM_032423.3	0.3497615262321145	0.0	0.26925	0.3497615262321145	Liftoff_truncated	frameshift;start_lost;stop_missing	NC_000083.7:21909918-21911096	0.3497615262321145
rna-NM_024733.5	0.3593519882179676	0.0	0.2597402597402597	0.3593519882179676	Liftoff_truncated	frameshift;start_lost;stop_missing	NC_000083.7:21941508-21942709	0.3593519882179676
rna-NM_001008801.2	0.2925430210325048	0.0	0.2044010889292196	0.2925430210325048	Liftoff_truncated	frameshift;start_lost;stop_missing	NC_000083.7:22594206-22595171	0.2925430210325048
rna-NM_020787.4	0.2655889145496535	0.0	0.2463460631777463	0.2655889145496535	Liftoff_truncated	frameshift;start_lost;stop_missing	NC_000083.7:22933171-22934304	0.2655889145496535
rna-NM_001308068.2	0.0460251046025104	0.0	0.0458060678167757	0.0460251046025104	Liftoff_truncated	frameshift;start_lost;stop_codon_gain	NC_000083.7:23974680-23974918	0.0460251046025104
rna-NM_001257370.2	0.0	0.6736842105263158	0.0	0.0	Liftoff_no_protein	no_protein	NC_000083.7:25109239-25114451	0.0
rna-NM_145295.4	0.2835497835497835	0.0	0.2119700748129676	0.2835497835497835	Liftoff_truncated	frameshift;start_lost;stop_missing	NC_000083.7:33038819-33039460	0.2835497835497835
rna-NM_023944.4	0.1847619047619047	0.0	0.1700640652300524	0.1847619047619047	Liftoff_truncated	frameshift;start_lost;stop_missing	NC_000083.7:33125410-33127010	0.1847619047619047
rna-NM_001082.5	0.3358925143953934	0.0	0.2300211416490486	0.3358925143953934	Liftoff_truncated	frameshift;start_lost;stop_missing	NC_000083.7:33143766-33148510	0.3358925143953934
rna-NM_152356.4	0.4246575342465753	0.0	0.2742047026279391	0.4246575342465753	Liftoff_truncated	frameshift;start_lost;stop_missing	NC_000083.7:33237439-33238327	0.4246575342465753
rna-NM_005453.5	0.8677165354330708	0.8661417322834646	0.7992592592592592	0.8677165354330708	LiftOn_chaining_algorithm	frameshift	NC_000083.7:34135160-34138298	0.8677165354330708
rna-NM_005104.4	0.9638403990024936	0.9538653366583542	0.7921818907060232	0.9638403990024936	LiftOn_chaining_algorithm	frameshift	NC_000083.7:34330993-34341585	0.9638403990024936
rna-NM_002341.2	0.763265306122449	0.746938775510204	0.6785714285714286	0.763265306122449	LiftOn_chaining_algorithm	frameshift	NC_000083.7:35413491-35415122	0.763265306122449
rna-NM_013936.4	0.801948051948052	0.7954545454545454	0.5463642428285523	0.801948051948052	LiftOn_chaining_algorithm	frameshift	NC_000083.7:37624299-37625275	0.801948051948052
rna-NM_001384253.1	0.9691943127962084	0.9680094786729858	0.5966778432959494	0.9691943127962084	LiftOn_chaining_algorithm	frameshift	NC_000083.7:42626498-42832344	0.9691943127962084
rna-NM_015950.5	0.5686274509803921	0.2917933130699088	0.42997542997543	0.5686274509803921	LiftOn_chaining_algorithm	frameshift;start_lost;stop_missing	NC_000083.7:46958316-46960034	0.5686274509803921
rna-NM_014623.4	0.913978494623656	0.8978494623655914	0.8034849951597289	0.913978494623656	LiftOn_chaining_algorithm	frameshift;start_lost	NC_000083.7:46992029-46995055	0.913978494623656
rna-NM_033281.6	0.5096153846153846	0.0	0.123006833712984	0.5096153846153846	Liftoff_truncated	frameshift;start_lost;stop_missing	NC_000083.7:54173759-54173943	0.5096153846153846
rna-NM_001367868.2	0.4620991253644315	0.028735632183908	0.354179471419791	0.4620991253644315	LiftOn_chaining_algorithm	frameshift;start_lost;stop_missing	NC_000083.7:56411338-56414068	0.4620991253644315
rna-NM_173637.4	0.1239892183288409	0.0509708737864077	0.08984375	0.1239892183288409	LiftOn_chaining_algorithm	frameshift;start_lost;stop_missing	NC_000083.7:57346818-57346973	0.1239892183288409
rna-NM_001962.3	0.9912663755458516	0.8296943231441049	0.8041273794698452	0.9912663755458516	LiftOn_chaining_algorithm	frameshift	NC_000083.7:62909954-63188435	0.9912663755458516
rna-NM_003244.4	0.8974358974358975	0.8827838827838828	0.447228311932352	0.8974358974358975	LiftOn_chaining_algorithm	frameshift	NC_000083.7:71151178-71158204	0.8974358974358975
rna-NM_005413.4	0.975975975975976	0.972972972972973	0.8701754385964913	0.975975975975976	LiftOn_chaining_algorithm	frameshift	NC_000083.7:85928210-85932650	0.975975975975976
rna-NM_024422.6	0.1651884700665188	0.0033222591362126	0.0934814334360304	0.1651884700665188	LiftOn_chaining_algorithm	frameshift;start_lost	NC_000084.7:20164614-20181451	0.1651884700665188
rna-NM_001389320.1	0.9626168224299064	0.0	0.8128732581287326	0.9626168224299064	Liftoff_truncated	frameshift	NC_000084.7:27731639-27733133	0.9626168224299064
rna-NM_004661.4	0.3555926544240401	0.0624	0.2837105514823079	0.3555926544240401	LiftOn_chaining_algorithm	frameshift;start_lost;stop_codon_gain	NC_000084.7:34767446-34774703	0.3555926544240401
rna-NM_015564.3	0.9806576402321084	0.9787234042553192	0.7749431264218395	0.9806576402321084	LiftOn_chaining_algorithm	frameshift	NC_000084.7:35342059-35348071	0.9806576402321084
rna-NM_133173.3	0.915811088295688	0.9137577002053388	0.7690866510538642	0.915811088295688	LiftOn_chaining_algorithm	frameshift	NC_000084.7:36804207-36812227	0.915811088295688
rna-NM_018936.4	0.7634543178973717	0.0	0.5330729802294362	0.7634543178973717	Liftoff_truncated	frameshift	NC_000084.7:37428015-37430671	0.7634543178973717
rna-NM_015669.5	0.7675879396984925	0.0	0.5526623756582797	0.7675879396984925	Liftoff_truncated	frameshift;stop_missing	NC_000084.7:37488316-37490640	0.7675879396984925
rna-NM_018940.4	0.7770780856423174	0.7758186397984886	0.5290836653386454	0.7770780856423174	LiftOn_chaining_algorithm	frameshift	NC_000084.7:37606660-37609132	0.7770780856423174
rna-NM_018930.4	0.7540574282147315	0.0	0.5734181047532546	0.7540574282147315	Liftoff_truncated	frameshift;start_lost;stop_missing	NC_000084.7:37622699-37624984	0.7540574282147315
rna-NM_001035006.5	0.3405405405405405	0.0	0.2829268292682926	0.3405405405405405	Liftoff_truncated	start_lost;inframe_deletion;stop_missing	NC_000084.7:38378196-38378387	0.3405405405405405
rna-NM_020768.4	0.9627039627039627	0.6223776223776224	0.6520194081869747	0.9627039627039627	LiftOn_chaining_algorithm	frameshift	NC_000084.7:40391083-40676075	0.9627039627039627
rna-NM_018696.3	0.5384615384615384	0.1456043956043956	0.2618724559023066	0.5384615384615384	LiftOn_chaining_algorithm	frameshift	NC_000084.7:73871885-73880402	0.5384615384615384
rna-NM_152791.5	0.3116057233704292	0.0	0.1175778953556731	0.3116057233704292	Liftoff_truncated	frameshift;start_lost;stop_missing	NC_000084.7:90609223-90610259	0.3116057233704292
rna-NM_000852.4	0.4123222748815165	0.0	0.3468286099865047	0.4123222748815165	Liftoff_truncated	frameshift;start_lost;stop_missing	NC_000085.7:4090353-4090815	0.4123222748815165
rna-NM_013246.3	0.9690265486725664	0.9513274336283186	0.8091428571428572	0.9690265486725664	LiftOn_chaining_algorithm	frameshift	NC_000085.7:4264479-4273548	0.9690265486725664
rna-NM_001135635.2	0.9455782312925172	0.9387755102040816	0.8157894736842105	0.9455782312925172	LiftOn_chaining_algorithm	frameshift	NC_000085.7:5475166-5477344	0.9455782312925172
rna-NM_005507.3	0.9880239520958084	0.9820359281437124	0.8043130990415336	0.9880239520958084	LiftOn_chaining_algorithm	frameshift	NC_000085.7:5540549-5544056	0.9880239520958084
rna-NM_172230.3	0.953074433656958	0.9514563106796116	0.8441769681197138	0.953074433656958	LiftOn_chaining_algorithm	frameshift	NC_000085.7:6097095-6103739	0.953074433656958
rna-NM_001098671.2	0.8721311475409836	0.0912052117263843	0.8014059753954306	0.8721311475409836	LiftOn_chaining_algorithm	frameshift	NC_000085.7:6450542-6465246	0.8721311475409836
rna-NM_001136506.2	0.1374321880650994	0.0	0.1160247265810746	0.1374321880650994	Liftoff_truncated	frameshift;start_lost;stop_missing	NC_000085.7:7688161-7688450	0.1374321880650994
rna-NM_080866.3	0.1624548736462094	0.0	0.1518987341772152	0.1624548736462094	Liftoff_truncated	frameshift;stop_missing	NC_000085.7:7779413-7779824	0.1624548736462094
rna-NM_001404.5	0.9817351598173516	0.9726027397260274	0.9136740331491712	0.9817351598173516	LiftOn_chaining_algorithm	frameshift	NC_000085.7:8944529-8955549	0.9817351598173516
rna-NM_001324144.2	0.1948717948717948	0.0	0.1359456217512994	0.1948717948717948	Liftoff_truncated	frameshift;start_lost;stop_missing	NC_000085.7:9584971-9585671	0.1948717948717948
rna-NM_001005566.3	0.7290322580645161	0.0	0.3443289652056032	0.7290322580645161	Liftoff_truncated	frameshift;stop_missing	NC_000085.7:12976326-12977280	0.7290322580645161
rna-NM_207374.3	0.7777777777777778	0.0	0.5149456521739131	0.7777777777777778	Liftoff_truncated	frameshift;stop_missing	NC_000085.7:13703624-13704546	0.7777777777777778
rna-NM_000689.5	0.1912350597609561	0.0	0.1359084406294706	0.1912350597609561	Liftoff_truncated	frameshift;start_lost;stop_missing	NC_000085.7:20677262-20679739	0.1912350597609561
rna-NM_001353486.2	0.1424936386768447	0.0	0.0496671786994367	0.1424936386768447	Liftoff_truncated	frameshift;start_lost;stop_missing	NC_000085.7:28923151-28941073	0.1424936386768447
rna-NM_206858.3	0.7961165048543689	0.0	0.5413899955732625	0.7961165048543689	Liftoff_truncated	frameshift	NC_000085.7:30515756-30517205	0.7961165048543689
rna-NM_000783.4	0.9397590361445785	0.9377510040160644	0.7367924528301887	0.9397590361445785	LiftOn_chaining_algorithm	frameshift	NC_000085.7:37686316-37690013	0.9397590361445785
rna-NM_000772.3	0.2696177062374245	0.0	0.2542153047989623	0.2696177062374245	Liftoff_truncated	frameshift;start_lost;stop_codon_gain	NC_000085.7:39501617-39556632	0.2696177062374245
rna-NM_001010917.3	0.988095238095238	0.9642857142857144	0.1377751858871555	0.988095238095238	LiftOn_chaining_algorithm	frameshift	NC_000085.7:42244154-42257037	0.988095238095238
rna-NM_001272013.2	0.7846715328467153	0.781021897810219	0.2150977717144156	0.7846715328467153	LiftOn_chaining_algorithm	frameshift;stop_missing	NC_000085.7:47884951-47886629	0.7846715328467153
rna-NM_006201.5	0.9758551307847082	0.9738430583501008	0.8644014962593516	0.9758551307847082	LiftOn_chaining_algorithm	frameshift	NC_000086.8:20554617-20566119	0.9758551307847082
rna-NM_006978.3	0.877906976744186	0.0	0.7440570522979397	0.877906976744186	Liftoff_truncated	frameshift	NC_000086.8:36455039-36456113	0.877906976744186
rna-NM_178470.5	0.7176724137931034	0.0	0.5463400236127509	0.7176724137931034	Liftoff_truncated	frameshift	NC_000086.8:43876228-43878721	0.7176724137931034
rna-NM_018990.4	0.9501312335958004	0.94750656167979	0.5612130288281543	0.9501312335958004	LiftOn_chaining_algorithm	frameshift	NC_000086.8:47235385-47249555	0.9501312335958004
rna-NM_001394073.1	0.9164086687306502	0.4659442724458204	0.8317452939809435	0.9164086687306502	LiftOn_chaining_algorithm	frameshift	NC_000086.8:50476089-50770506	0.9164086687306502
rna-NM_203306.3	0.1772151898734177	0.0	0.0357415902140672	0.1772151898734177	Liftoff_truncated	frameshift;start_lost	NC_000086.8:52718502-52718710	0.1772151898734177
rna-NM_031462.4	0.1977186311787072	0.1444444444444444	0.0624824880919024	0.1977186311787072	LiftOn_chaining_algorithm	frameshift;stop_missing	NC_000086.8:70472653-70536272	0.1977186311787072
rna-NM_015922.3	0.374331550802139	0.0427807486631016	0.2280414620840152	0.374331550802139	LiftOn_chaining_algorithm	frameshift;start_lost	NC_000086.8:71992771-72001220	0.374331550802139
rna-NM_000116.5	0.8737201365187713	0.3969230769230769	0.3930817610062893	0.8737201365187713	LiftOn_chaining_algorithm	frameshift	NC_000086.8:73326597-73333017	0.8737201365187713
rna-NM_001370158.1	0.2892307692307692	0.0	0.2167344567112144	0.2892307692307692	Liftoff_truncated	frameshift;start_lost;stop_missing	NC_000086.8:90375928-90376364	0.2892307692307692
rna-NM_001271752.1	0.3985507246376811	0.0	0.3885245901639344	0.3985507246376811	Liftoff_truncated	frameshift;start_lost;stop_missing	NC_000086.8:91123449-91124016	0.3985507246376811
rna-NM_030624.3	0.993388429752066	0.9917355371900828	0.8073084600030708	0.993388429752066	LiftOn_chaining_algorithm	frameshift	NC_000086.8:93278827-93321330	0.993388429752066
rna-NM_005938.4	0.8853754940711462	0.8794466403162056	0.8322020092316047	0.8853754940711462	LiftOn_chaining_algorithm	frameshift	NC_000086.8:100297768-100304477	0.8853754940711462
rna-NM_001330574.2	0.8910891089108911	0.3948339483394834	0.8428384849804093	0.8910891089108911	LiftOn_chaining_algorithm	frameshift	NC_000086.8:111510429-111544760	0.8910891089108911
rna-NM_080832.3	0.9503916449086162	0.9477806788511748	0.4404096834264432	0.9503916449086162	LiftOn_chaining_algorithm	frameshift	NC_000086.8:118836940-118839080	0.9503916449086162
rna-NM_001395587.1	0.811048839071257	0.644515612489992	0.7707317073170732	0.811048839071257	LiftOn_chaining_algorithm	frameshift	NC_000086.8:119200024-119820319	0.811048839071257
rna-NM_152278.5	0.7425742574257426	0.7326732673267327	0.3033509700176366	0.7425742574257426	LiftOn_chaining_algorithm	frameshift	NC_000086.8:135125997-135126392	0.7425742574257426
rna-NM_000533.5	1.0	0.9964028776978416	0.7905343511450381	1.0	Liftoff_synonymous	synonymous	NC_000086.8:135723507-135739085	1.0
rna-NM_001143978.3	0.6658415841584159	0.0	0.4768502872592092	0.6658415841584159	Liftoff_truncated	frameshift	NC_000086.8:135895294-135897068	0.6658415841584159
rna-NM_001011.4	0.2358974358974359	0.0	0.1871584699453552	0.2358974358974359	Liftoff_truncated	frameshift;start_lost;stop_missing	NC_000086.8:136000413-136000556	0.2358974358974359
rna-NM_001348129.2	0.927536231884058	0.9130434782608696	0.1308052833404346	0.927536231884058	LiftOn_chaining_algorithm	frameshift	NC_000086.8:152506589-152506933	0.927536231884058
rna-NM_173495.3	0.9808773903262092	0.9797525309336332	0.4998462484624846	0.9808773903262092	LiftOn_chaining_algorithm	frameshift	NC_000086.8:154351689-154406333	0.9808773903262092
rna-NM_021109.4	1.0	0.9777777777777776	0.7874015748031497	1.0	Liftoff_synonymous	synonymous	NC_000086.8:165990094-165991047	1.0
rna-NM_016562.4	0.8085714285714286	0.8076190476190476	0.5476665337056242	0.8085714285714286	LiftOn_chaining_algorithm	frameshift	NC_000086.8:166088331-166113478	0.8085714285714286
rna-NM_001142.2	0.8697916666666666	0.859375	0.8063725490196079	0.8697916666666666	LiftOn_chaining_algorithm	frameshift	NC_000086.8:167963017-167968872	0.8697916666666666
rna-NM_181332.3	0.1909424724602203	0.0	0.1210104113329919	0.1909424724602203	Liftoff_truncated	frameshift;start_lost;stop_missing	NC_000086.8:169070193-169070947	0.1909424724602203
rna-NM_004653.5	0.2798701298701299	0.0	0.1784615384615384	0.2798701298701299	Liftoff_truncated	frameshift;start_lost;stop_missing	NC_000087.8:916641-928370	0.2798701298701299
rna-NM_001415.4	0.3636363636363636	0.0	0.1749060422087308	0.3636363636363636	Liftoff_truncated	frameshift;start_lost;stop_codon_gain	NC_000087.8:1011260-1020154	0.3636363636363636
rna-NM_004660.5	0.4069591527987897	0.0	0.1763772387213783	0.4069591527987897	Liftoff_truncated	frameshift;start_lost;stop_missing	NC_000087.8:1264841-1266693	0.4069591527987897
rna-NM_002954.6	0.2802547770700637	0.0	0.2659033078880407	0.2802547770700637	Liftoff_truncated	frameshift;start_lost;stop_codon_gain	NT_166466.1:14220-14522	0.2802547770700637
