-------------- SCENARIOS ------------
LiftOn best						2323
Liftoff best					37
miniprot best					298
LiftOn worse than Liftoff only	36
LiftOn worse than miniprot only	296
LiftOn worst					10
LiftOn equal to Liftoff only	722
LiftOn equal to miniprot only	13219
All equal						1946
Total counts					18539

----------------- ALL ---------------
lifton=liftoff=miniprot	1946
lifton>liftoff=miniprot	149
lifton>liftoff>miniprot	391
lifton>miniprot>liftoff	1783
lifton=liftoff>miniprot	716
lifton=miniprot>liftoff	13212
liftoff>lifton>miniprot	29
miniprot>lifton>liftoff	290
liftoff>lifton=miniprot	7
miniprot>lifton=liftoff	6
liftoff=miniprot>lifton	7
liftoff>miniprot>lifton	1
miniprot>liftoff>lifton	2
all						18539

----------------- RAW ---------------
lifton_score>liftoff_score	15825
lifton_score=liftoff_score	2668
lifton_score>miniprot_score	3068
lifton_score=miniprot_score	15165
liftoff_score>lifton_score	46
liftoff_score=lifton_score	2668
liftoff_score>miniprot_score	1144
liftoff_score=miniprot_score	2102
miniprot_score>lifton_score	306
miniprot_score=lifton_score	15165
miniprot_score>liftoff_score	15293
miniprot_score=liftoff_score	2102
